running egg_info
writing ../../build/webots_hospital_youbot/webots_hospital_youbot.egg-info/PKG-INFO
writing dependency_links to ../../build/webots_hospital_youbot/webots_hospital_youbot.egg-info/dependency_links.txt
writing entry points to ../../build/webots_hospital_youbot/webots_hospital_youbot.egg-info/entry_points.txt
writing requirements to ../../build/webots_hospital_youbot/webots_hospital_youbot.egg-info/requires.txt
writing top-level names to ../../build/webots_hospital_youbot/webots_hospital_youbot.egg-info/top_level.txt
reading manifest file '../../build/webots_hospital_youbot/webots_hospital_youbot.egg-info/SOURCES.txt'
writing manifest file '../../build/webots_hospital_youbot/webots_hospital_youbot.egg-info/SOURCES.txt'
running build
running build_py
running install
running install_lib
running install_data
running install_egg_info
removing '/home/giorgio/Webots/install/webots_hospital_youbot/lib/python3.12/site-packages/webots_hospital_youbot-0.0.0-py3.12.egg-info' (and everything under it)
Copying ../../build/webots_hospital_youbot/webots_hospital_youbot.egg-info to /home/giorgio/Webots/install/webots_hospital_youbot/lib/python3.12/site-packages/webots_hospital_youbot-0.0.0-py3.12.egg-info
running install_scripts
Installing driver script to /home/giorgio/Webots/install/webots_hospital_youbot/lib/webots_hospital_Youbot
Installing human_driver script to /home/giorgio/Webots/install/webots_hospital_youbot/lib/webots_hospital_Youbot
Installing youbot_move script to /home/giorgio/Webots/install/webots_hospital_youbot/lib/webots_hospital_Youbot
writing list of installed files to '/home/giorgio/Webots/build/webots_hospital_youbot/install.log'
