/home/giorgio/Webots/install/webots/lib/python3.12/site-packages/webots/my_robot_driver.py
/home/giorgio/Webots/install/webots/lib/python3.12/site-packages/webots/__init__.py
/home/giorgio/Webots/install/webots/lib/python3.12/site-packages/webots/__pycache__/my_robot_driver.cpython-312.pyc
/home/giorgio/Webots/install/webots/lib/python3.12/site-packages/webots/__pycache__/__init__.cpython-312.pyc
/home/giorgio/Webots/install/webots/share/ament_index/resource_index/packages/webots
/home/giorgio/Webots/install/webots/share/webots/launch/robot_launch_open.py
/home/giorgio/Webots/install/webots/share/webots/launch/robot_launch.py
/home/giorgio/Webots/install/webots/share/webots/launch/robot_launch_obstacle.py
/home/giorgio/Webots/install/webots/share/webots/worlds/progetto.wbt
/home/giorgio/Webots/install/webots/share/webots/worlds/progetto_monza.wbt
/home/giorgio/Webots/install/webots/share/webots/worlds/progetto_canada.wbt
/home/giorgio/Webots/install/webots/share/webots/worlds/progetto_silverstone.wbt
/home/giorgio/Webots/install/webots/share/webots/worlds/progetto_spa.wbt
/home/giorgio/Webots/install/webots/share/webots/worlds/progetto_final_path.wbt
/home/giorgio/Webots/install/webots/share/webots/worlds/progetto_level3.wbt
/home/giorgio/Webots/install/webots/share/webots/worlds/progetto_level3_obstacle.wbt
/home/giorgio/Webots/install/webots/share/webots/resource/Pioneer2.urdf
/home/giorgio/Webots/install/webots/share/webots/resource/tinker.obj
/home/giorgio/Webots/install/webots/share/webots/resource/canada.obj
/home/giorgio/Webots/install/webots/share/webots/resource/monza.obj
/home/giorgio/Webots/install/webots/share/webots/resource/silverstone.obj
/home/giorgio/Webots/install/webots/share/webots/resource/spa.obj
/home/giorgio/Webots/install/webots/share/webots/resource/final_path.obj
/home/giorgio/Webots/install/webots/share/webots/resource/level1.obj
/home/giorgio/Webots/install/webots/share/webots/resource/level2.obj
/home/giorgio/Webots/install/webots/share/webots/package.xml
/home/giorgio/Webots/install/webots/lib/python3.12/site-packages/webots-0.0.0-py3.12.egg-info/PKG-INFO
/home/giorgio/Webots/install/webots/lib/python3.12/site-packages/webots-0.0.0-py3.12.egg-info/dependency_links.txt
/home/giorgio/Webots/install/webots/lib/python3.12/site-packages/webots-0.0.0-py3.12.egg-info/SOURCES.txt
/home/giorgio/Webots/install/webots/lib/python3.12/site-packages/webots-0.0.0-py3.12.egg-info/zip-safe
/home/giorgio/Webots/install/webots/lib/python3.12/site-packages/webots-0.0.0-py3.12.egg-info/requires.txt
/home/giorgio/Webots/install/webots/lib/python3.12/site-packages/webots-0.0.0-py3.12.egg-info/top_level.txt
