[0.228s] DEBUG:colcon:Command line arguments: ['/usr/bin/colcon', 'build']
[0.228s] DEBUG:colcon:Parsed command line arguments: Namespace(log_base=None, log_level=None, verb_name='build', build_base='build', install_base='install', merge_install=False, symlink_install=False, test_result_base=None, continue_on_error=False, executor='parallel', parallel_workers=2, event_handlers=None, ignore_user_meta=False, metas=['./colcon.meta'], base_paths=['.'], packages_ignore=None, packages_ignore_regex=None, paths=None, packages_up_to=None, packages_up_to_regex=None, packages_above=None, packages_above_and_dependencies=None, packages_above_depth=None, packages_select_by_dep=None, packages_skip_by_dep=None, packages_skip_up_to=None, packages_select_build_failed=False, packages_skip_build_finished=False, packages_select_test_failures=False, packages_skip_test_passed=False, packages_select=None, packages_skip=None, packages_select_regex=None, packages_skip_regex=None, packages_start=None, packages_end=None, cmake_args=None, cmake_target=None, cmake_target_skip_unavailable=False, cmake_clean_cache=False, cmake_clean_first=False, cmake_force_configure=False, ament_cmake_args=None, catkin_cmake_args=None, catkin_skip_building_tests=False, verb_parser=<colcon_defaults.argument_parser.defaults.DefaultArgumentsDecorator object at 0x78a406cfc9e0>, verb_extension=<colcon_core.verb.build.BuildVerb object at 0x78a406cfc950>, main=<bound method BuildVerb.main of <colcon_core.verb.build.BuildVerb object at 0x78a406cfc950>>)
[0.284s] Level 1:colcon.colcon_core.package_discovery:discover_packages(colcon_meta) check parameters
[0.285s] Level 1:colcon.colcon_core.package_discovery:discover_packages(recursive) check parameters
[0.285s] Level 1:colcon.colcon_core.package_discovery:discover_packages(ignore) check parameters
[0.285s] Level 1:colcon.colcon_core.package_discovery:discover_packages(path) check parameters
[0.285s] Level 1:colcon.colcon_core.package_discovery:discover_packages(colcon_meta) discover
[0.285s] Level 1:colcon.colcon_core.package_discovery:discover_packages(recursive) discover
[0.285s] INFO:colcon.colcon_core.package_discovery:Crawling recursively for packages in '/home/giorgio/Webots'
[0.285s] Level 1:colcon.colcon_core.package_identification:_identify(.) by extensions ['ignore', 'ignore_ament_install']
[0.285s] Level 1:colcon.colcon_core.package_identification:_identify(.) by extension 'ignore'
[0.285s] Level 1:colcon.colcon_core.package_identification:_identify(.) by extension 'ignore_ament_install'
[0.285s] Level 1:colcon.colcon_core.package_identification:_identify(.) by extensions ['colcon_pkg']
[0.285s] Level 1:colcon.colcon_core.package_identification:_identify(.) by extension 'colcon_pkg'
[0.285s] Level 1:colcon.colcon_core.package_identification:_identify(.) by extensions ['colcon_meta']
[0.285s] Level 1:colcon.colcon_core.package_identification:_identify(.) by extension 'colcon_meta'
[0.285s] Level 1:colcon.colcon_core.package_identification:_identify(.) by extensions ['ros']
[0.285s] Level 1:colcon.colcon_core.package_identification:_identify(.) by extension 'ros'
[0.308s] Level 1:colcon.colcon_core.package_identification:_identify(.) by extensions ['cmake', 'python']
[0.308s] Level 1:colcon.colcon_core.package_identification:_identify(.) by extension 'cmake'
[0.308s] Level 1:colcon.colcon_core.package_identification:_identify(.) by extension 'python'
[0.308s] Level 1:colcon.colcon_core.package_identification:_identify(.) by extensions ['python_setup_py']
[0.308s] Level 1:colcon.colcon_core.package_identification:_identify(.) by extension 'python_setup_py'
[0.308s] Level 1:colcon.colcon_core.package_identification:_identify(build) by extensions ['ignore', 'ignore_ament_install']
[0.308s] Level 1:colcon.colcon_core.package_identification:_identify(build) by extension 'ignore'
[0.308s] Level 1:colcon.colcon_core.package_identification:_identify(build) ignored
[0.308s] Level 1:colcon.colcon_core.package_identification:_identify(install) by extensions ['ignore', 'ignore_ament_install']
[0.308s] Level 1:colcon.colcon_core.package_identification:_identify(install) by extension 'ignore'
[0.308s] Level 1:colcon.colcon_core.package_identification:_identify(install) ignored
[0.308s] Level 1:colcon.colcon_core.package_identification:_identify(log) by extensions ['ignore', 'ignore_ament_install']
[0.309s] Level 1:colcon.colcon_core.package_identification:_identify(log) by extension 'ignore'
[0.309s] Level 1:colcon.colcon_core.package_identification:_identify(log) ignored
[0.309s] Level 1:colcon.colcon_core.package_identification:_identify(src) by extensions ['ignore', 'ignore_ament_install']
[0.309s] Level 1:colcon.colcon_core.package_identification:_identify(src) by extension 'ignore'
[0.309s] Level 1:colcon.colcon_core.package_identification:_identify(src) by extension 'ignore_ament_install'
[0.309s] Level 1:colcon.colcon_core.package_identification:_identify(src) by extensions ['colcon_pkg']
[0.309s] Level 1:colcon.colcon_core.package_identification:_identify(src) by extension 'colcon_pkg'
[0.309s] Level 1:colcon.colcon_core.package_identification:_identify(src) by extensions ['colcon_meta']
[0.309s] Level 1:colcon.colcon_core.package_identification:_identify(src) by extension 'colcon_meta'
[0.309s] Level 1:colcon.colcon_core.package_identification:_identify(src) by extensions ['ros']
[0.309s] Level 1:colcon.colcon_core.package_identification:_identify(src) by extension 'ros'
[0.309s] Level 1:colcon.colcon_core.package_identification:_identify(src) by extensions ['cmake', 'python']
[0.309s] Level 1:colcon.colcon_core.package_identification:_identify(src) by extension 'cmake'
[0.309s] Level 1:colcon.colcon_core.package_identification:_identify(src) by extension 'python'
[0.309s] Level 1:colcon.colcon_core.package_identification:_identify(src) by extensions ['python_setup_py']
[0.309s] Level 1:colcon.colcon_core.package_identification:_identify(src) by extension 'python_setup_py'
[0.310s] Level 1:colcon.colcon_core.package_identification:_identify(src/aruco_msgs) by extensions ['ignore', 'ignore_ament_install']
[0.310s] Level 1:colcon.colcon_core.package_identification:_identify(src/aruco_msgs) by extension 'ignore'
[0.310s] Level 1:colcon.colcon_core.package_identification:_identify(src/aruco_msgs) by extension 'ignore_ament_install'
[0.310s] Level 1:colcon.colcon_core.package_identification:_identify(src/aruco_msgs) by extensions ['colcon_pkg']
[0.310s] Level 1:colcon.colcon_core.package_identification:_identify(src/aruco_msgs) by extension 'colcon_pkg'
[0.310s] Level 1:colcon.colcon_core.package_identification:_identify(src/aruco_msgs) by extensions ['colcon_meta']
[0.310s] Level 1:colcon.colcon_core.package_identification:_identify(src/aruco_msgs) by extension 'colcon_meta'
[0.310s] Level 1:colcon.colcon_core.package_identification:_identify(src/aruco_msgs) by extensions ['ros']
[0.310s] Level 1:colcon.colcon_core.package_identification:_identify(src/aruco_msgs) by extension 'ros'
[0.313s] DEBUG:colcon.colcon_core.package_identification:Package 'src/aruco_msgs' with type 'ros.ament_cmake' and name 'aruco_msgs'
[0.313s] Level 1:colcon.colcon_core.package_identification:_identify(src/aurora_msgs) by extensions ['ignore', 'ignore_ament_install']
[0.313s] Level 1:colcon.colcon_core.package_identification:_identify(src/aurora_msgs) by extension 'ignore'
[0.314s] Level 1:colcon.colcon_core.package_identification:_identify(src/aurora_msgs) by extension 'ignore_ament_install'
[0.314s] Level 1:colcon.colcon_core.package_identification:_identify(src/aurora_msgs) by extensions ['colcon_pkg']
[0.314s] Level 1:colcon.colcon_core.package_identification:_identify(src/aurora_msgs) by extension 'colcon_pkg'
[0.314s] Level 1:colcon.colcon_core.package_identification:_identify(src/aurora_msgs) by extensions ['colcon_meta']
[0.314s] Level 1:colcon.colcon_core.package_identification:_identify(src/aurora_msgs) by extension 'colcon_meta'
[0.314s] Level 1:colcon.colcon_core.package_identification:_identify(src/aurora_msgs) by extensions ['ros']
[0.314s] Level 1:colcon.colcon_core.package_identification:_identify(src/aurora_msgs) by extension 'ros'
[0.314s] DEBUG:colcon.colcon_core.package_identification:Package 'src/aurora_msgs' with type 'ros.ament_cmake' and name 'aurora_msgs'
[0.315s] Level 1:colcon.colcon_core.package_identification:_identify(src/cpp_pubsub) by extensions ['ignore', 'ignore_ament_install']
[0.315s] Level 1:colcon.colcon_core.package_identification:_identify(src/cpp_pubsub) by extension 'ignore'
[0.315s] Level 1:colcon.colcon_core.package_identification:_identify(src/cpp_pubsub) by extension 'ignore_ament_install'
[0.315s] Level 1:colcon.colcon_core.package_identification:_identify(src/cpp_pubsub) by extensions ['colcon_pkg']
[0.315s] Level 1:colcon.colcon_core.package_identification:_identify(src/cpp_pubsub) by extension 'colcon_pkg'
[0.315s] Level 1:colcon.colcon_core.package_identification:_identify(src/cpp_pubsub) by extensions ['colcon_meta']
[0.315s] Level 1:colcon.colcon_core.package_identification:_identify(src/cpp_pubsub) by extension 'colcon_meta'
[0.315s] Level 1:colcon.colcon_core.package_identification:_identify(src/cpp_pubsub) by extensions ['ros']
[0.315s] Level 1:colcon.colcon_core.package_identification:_identify(src/cpp_pubsub) by extension 'ros'
[0.316s] DEBUG:colcon.colcon_core.package_identification:Package 'src/cpp_pubsub' with type 'ros.ament_cmake' and name 'cpp_pubsub'
[0.316s] Level 1:colcon.colcon_core.package_identification:_identify(src/rover_msgs) by extensions ['ignore', 'ignore_ament_install']
[0.316s] Level 1:colcon.colcon_core.package_identification:_identify(src/rover_msgs) by extension 'ignore'
[0.316s] Level 1:colcon.colcon_core.package_identification:_identify(src/rover_msgs) by extension 'ignore_ament_install'
[0.316s] Level 1:colcon.colcon_core.package_identification:_identify(src/rover_msgs) by extensions ['colcon_pkg']
[0.316s] Level 1:colcon.colcon_core.package_identification:_identify(src/rover_msgs) by extension 'colcon_pkg'
[0.316s] Level 1:colcon.colcon_core.package_identification:_identify(src/rover_msgs) by extensions ['colcon_meta']
[0.316s] Level 1:colcon.colcon_core.package_identification:_identify(src/rover_msgs) by extension 'colcon_meta'
[0.316s] Level 1:colcon.colcon_core.package_identification:_identify(src/rover_msgs) by extensions ['ros']
[0.317s] Level 1:colcon.colcon_core.package_identification:_identify(src/rover_msgs) by extension 'ros'
[0.318s] DEBUG:colcon.colcon_core.package_identification:Package 'src/rover_msgs' with type 'ros.ament_cmake' and name 'rover_msgs'
[0.318s] Level 1:colcon.colcon_core.package_identification:_identify(src/util) by extensions ['ignore', 'ignore_ament_install']
[0.318s] Level 1:colcon.colcon_core.package_identification:_identify(src/util) by extension 'ignore'
[0.318s] Level 1:colcon.colcon_core.package_identification:_identify(src/util) by extension 'ignore_ament_install'
[0.318s] Level 1:colcon.colcon_core.package_identification:_identify(src/util) by extensions ['colcon_pkg']
[0.318s] Level 1:colcon.colcon_core.package_identification:_identify(src/util) by extension 'colcon_pkg'
[0.318s] Level 1:colcon.colcon_core.package_identification:_identify(src/util) by extensions ['colcon_meta']
[0.318s] Level 1:colcon.colcon_core.package_identification:_identify(src/util) by extension 'colcon_meta'
[0.318s] Level 1:colcon.colcon_core.package_identification:_identify(src/util) by extensions ['ros']
[0.318s] Level 1:colcon.colcon_core.package_identification:_identify(src/util) by extension 'ros'
[0.319s] DEBUG:colcon.colcon_core.package_identification:Package 'src/util' with type 'ros.ament_python' and name 'util'
[0.319s] Level 1:colcon.colcon_core.package_identification:_identify(src/webots_hospital_youbot) by extensions ['ignore', 'ignore_ament_install']
[0.319s] Level 1:colcon.colcon_core.package_identification:_identify(src/webots_hospital_youbot) by extension 'ignore'
[0.319s] Level 1:colcon.colcon_core.package_identification:_identify(src/webots_hospital_youbot) by extension 'ignore_ament_install'
[0.319s] Level 1:colcon.colcon_core.package_identification:_identify(src/webots_hospital_youbot) by extensions ['colcon_pkg']
[0.319s] Level 1:colcon.colcon_core.package_identification:_identify(src/webots_hospital_youbot) by extension 'colcon_pkg'
[0.319s] Level 1:colcon.colcon_core.package_identification:_identify(src/webots_hospital_youbot) by extensions ['colcon_meta']
[0.319s] Level 1:colcon.colcon_core.package_identification:_identify(src/webots_hospital_youbot) by extension 'colcon_meta'
[0.319s] Level 1:colcon.colcon_core.package_identification:_identify(src/webots_hospital_youbot) by extensions ['ros']
[0.319s] Level 1:colcon.colcon_core.package_identification:_identify(src/webots_hospital_youbot) by extension 'ros'
[0.320s] DEBUG:colcon.colcon_core.package_identification:Package 'src/webots_hospital_youbot' with type 'ros.ament_python' and name 'webots_hospital_youbot'
[0.320s] Level 1:colcon.colcon_core.package_identification:_identify(src/webots_tutorial) by extensions ['ignore', 'ignore_ament_install']
[0.320s] Level 1:colcon.colcon_core.package_identification:_identify(src/webots_tutorial) by extension 'ignore'
[0.320s] Level 1:colcon.colcon_core.package_identification:_identify(src/webots_tutorial) by extension 'ignore_ament_install'
[0.320s] Level 1:colcon.colcon_core.package_identification:_identify(src/webots_tutorial) by extensions ['colcon_pkg']
[0.320s] Level 1:colcon.colcon_core.package_identification:_identify(src/webots_tutorial) by extension 'colcon_pkg'
[0.320s] Level 1:colcon.colcon_core.package_identification:_identify(src/webots_tutorial) by extensions ['colcon_meta']
[0.320s] Level 1:colcon.colcon_core.package_identification:_identify(src/webots_tutorial) by extension 'colcon_meta'
[0.320s] Level 1:colcon.colcon_core.package_identification:_identify(src/webots_tutorial) by extensions ['ros']
[0.320s] Level 1:colcon.colcon_core.package_identification:_identify(src/webots_tutorial) by extension 'ros'
[0.321s] DEBUG:colcon.colcon_core.package_identification:Package 'src/webots_tutorial' with type 'ros.ament_python' and name 'webots'
[0.321s] Level 1:colcon.colcon_core.package_discovery:discover_packages(recursive) using defaults
[0.321s] Level 1:colcon.colcon_core.package_discovery:discover_packages(ignore) discover
[0.321s] Level 1:colcon.colcon_core.package_discovery:discover_packages(ignore) using defaults
[0.321s] Level 1:colcon.colcon_core.package_discovery:discover_packages(path) discover
[0.321s] Level 1:colcon.colcon_core.package_discovery:discover_packages(path) using defaults
[0.342s] Level 5:colcon.colcon_core.verb:set package 'aruco_msgs' build argument 'cmake_args' from command line to 'None'
[0.342s] Level 5:colcon.colcon_core.verb:set package 'aruco_msgs' build argument 'cmake_target' from command line to 'None'
[0.342s] Level 5:colcon.colcon_core.verb:set package 'aruco_msgs' build argument 'cmake_target_skip_unavailable' from command line to 'False'
[0.342s] Level 5:colcon.colcon_core.verb:set package 'aruco_msgs' build argument 'cmake_clean_cache' from command line to 'False'
[0.342s] Level 5:colcon.colcon_core.verb:set package 'aruco_msgs' build argument 'cmake_clean_first' from command line to 'False'
[0.342s] Level 5:colcon.colcon_core.verb:set package 'aruco_msgs' build argument 'cmake_force_configure' from command line to 'False'
[0.342s] Level 5:colcon.colcon_core.verb:set package 'aruco_msgs' build argument 'ament_cmake_args' from command line to 'None'
[0.342s] Level 5:colcon.colcon_core.verb:set package 'aruco_msgs' build argument 'catkin_cmake_args' from command line to 'None'
[0.342s] Level 5:colcon.colcon_core.verb:set package 'aruco_msgs' build argument 'catkin_skip_building_tests' from command line to 'False'
[0.342s] DEBUG:colcon.colcon_core.verb:Building package 'aruco_msgs' with the following arguments: {'ament_cmake_args': None, 'build_base': '/home/giorgio/Webots/build/aruco_msgs', 'catkin_cmake_args': None, 'catkin_skip_building_tests': False, 'cmake_args': None, 'cmake_clean_cache': False, 'cmake_clean_first': False, 'cmake_force_configure': False, 'cmake_target': None, 'cmake_target_skip_unavailable': False, 'install_base': '/home/giorgio/Webots/install/aruco_msgs', 'merge_install': False, 'path': '/home/giorgio/Webots/src/aruco_msgs', 'symlink_install': False, 'test_result_base': None}
[0.342s] Level 5:colcon.colcon_core.verb:set package 'aurora_msgs' build argument 'cmake_args' from command line to 'None'
[0.342s] Level 5:colcon.colcon_core.verb:set package 'aurora_msgs' build argument 'cmake_target' from command line to 'None'
[0.342s] Level 5:colcon.colcon_core.verb:set package 'aurora_msgs' build argument 'cmake_target_skip_unavailable' from command line to 'False'
[0.342s] Level 5:colcon.colcon_core.verb:set package 'aurora_msgs' build argument 'cmake_clean_cache' from command line to 'False'
[0.342s] Level 5:colcon.colcon_core.verb:set package 'aurora_msgs' build argument 'cmake_clean_first' from command line to 'False'
[0.342s] Level 5:colcon.colcon_core.verb:set package 'aurora_msgs' build argument 'cmake_force_configure' from command line to 'False'
[0.342s] Level 5:colcon.colcon_core.verb:set package 'aurora_msgs' build argument 'ament_cmake_args' from command line to 'None'
[0.342s] Level 5:colcon.colcon_core.verb:set package 'aurora_msgs' build argument 'catkin_cmake_args' from command line to 'None'
[0.342s] Level 5:colcon.colcon_core.verb:set package 'aurora_msgs' build argument 'catkin_skip_building_tests' from command line to 'False'
[0.342s] DEBUG:colcon.colcon_core.verb:Building package 'aurora_msgs' with the following arguments: {'ament_cmake_args': None, 'build_base': '/home/giorgio/Webots/build/aurora_msgs', 'catkin_cmake_args': None, 'catkin_skip_building_tests': False, 'cmake_args': None, 'cmake_clean_cache': False, 'cmake_clean_first': False, 'cmake_force_configure': False, 'cmake_target': None, 'cmake_target_skip_unavailable': False, 'install_base': '/home/giorgio/Webots/install/aurora_msgs', 'merge_install': False, 'path': '/home/giorgio/Webots/src/aurora_msgs', 'symlink_install': False, 'test_result_base': None}
[0.343s] Level 5:colcon.colcon_core.verb:set package 'cpp_pubsub' build argument 'cmake_args' from command line to 'None'
[0.343s] Level 5:colcon.colcon_core.verb:set package 'cpp_pubsub' build argument 'cmake_target' from command line to 'None'
[0.343s] Level 5:colcon.colcon_core.verb:set package 'cpp_pubsub' build argument 'cmake_target_skip_unavailable' from command line to 'False'
[0.343s] Level 5:colcon.colcon_core.verb:set package 'cpp_pubsub' build argument 'cmake_clean_cache' from command line to 'False'
[0.343s] Level 5:colcon.colcon_core.verb:set package 'cpp_pubsub' build argument 'cmake_clean_first' from command line to 'False'
[0.343s] Level 5:colcon.colcon_core.verb:set package 'cpp_pubsub' build argument 'cmake_force_configure' from command line to 'False'
[0.343s] Level 5:colcon.colcon_core.verb:set package 'cpp_pubsub' build argument 'ament_cmake_args' from command line to 'None'
[0.343s] Level 5:colcon.colcon_core.verb:set package 'cpp_pubsub' build argument 'catkin_cmake_args' from command line to 'None'
[0.343s] Level 5:colcon.colcon_core.verb:set package 'cpp_pubsub' build argument 'catkin_skip_building_tests' from command line to 'False'
[0.343s] DEBUG:colcon.colcon_core.verb:Building package 'cpp_pubsub' with the following arguments: {'ament_cmake_args': None, 'build_base': '/home/giorgio/Webots/build/cpp_pubsub', 'catkin_cmake_args': None, 'catkin_skip_building_tests': False, 'cmake_args': None, 'cmake_clean_cache': False, 'cmake_clean_first': False, 'cmake_force_configure': False, 'cmake_target': None, 'cmake_target_skip_unavailable': False, 'install_base': '/home/giorgio/Webots/install/cpp_pubsub', 'merge_install': False, 'path': '/home/giorgio/Webots/src/cpp_pubsub', 'symlink_install': False, 'test_result_base': None}
[0.343s] Level 5:colcon.colcon_core.verb:set package 'rover_msgs' build argument 'cmake_args' from command line to 'None'
[0.343s] Level 5:colcon.colcon_core.verb:set package 'rover_msgs' build argument 'cmake_target' from command line to 'None'
[0.343s] Level 5:colcon.colcon_core.verb:set package 'rover_msgs' build argument 'cmake_target_skip_unavailable' from command line to 'False'
[0.343s] Level 5:colcon.colcon_core.verb:set package 'rover_msgs' build argument 'cmake_clean_cache' from command line to 'False'
[0.343s] Level 5:colcon.colcon_core.verb:set package 'rover_msgs' build argument 'cmake_clean_first' from command line to 'False'
[0.343s] Level 5:colcon.colcon_core.verb:set package 'rover_msgs' build argument 'cmake_force_configure' from command line to 'False'
[0.343s] Level 5:colcon.colcon_core.verb:set package 'rover_msgs' build argument 'ament_cmake_args' from command line to 'None'
[0.343s] Level 5:colcon.colcon_core.verb:set package 'rover_msgs' build argument 'catkin_cmake_args' from command line to 'None'
[0.343s] Level 5:colcon.colcon_core.verb:set package 'rover_msgs' build argument 'catkin_skip_building_tests' from command line to 'False'
[0.343s] DEBUG:colcon.colcon_core.verb:Building package 'rover_msgs' with the following arguments: {'ament_cmake_args': None, 'build_base': '/home/giorgio/Webots/build/rover_msgs', 'catkin_cmake_args': None, 'catkin_skip_building_tests': False, 'cmake_args': None, 'cmake_clean_cache': False, 'cmake_clean_first': False, 'cmake_force_configure': False, 'cmake_target': None, 'cmake_target_skip_unavailable': False, 'install_base': '/home/giorgio/Webots/install/rover_msgs', 'merge_install': False, 'path': '/home/giorgio/Webots/src/rover_msgs', 'symlink_install': False, 'test_result_base': None}
[0.343s] Level 5:colcon.colcon_core.verb:set package 'util' build argument 'cmake_args' from command line to 'None'
[0.343s] Level 5:colcon.colcon_core.verb:set package 'util' build argument 'cmake_target' from command line to 'None'
[0.343s] Level 5:colcon.colcon_core.verb:set package 'util' build argument 'cmake_target_skip_unavailable' from command line to 'False'
[0.343s] Level 5:colcon.colcon_core.verb:set package 'util' build argument 'cmake_clean_cache' from command line to 'False'
[0.343s] Level 5:colcon.colcon_core.verb:set package 'util' build argument 'cmake_clean_first' from command line to 'False'
[0.343s] Level 5:colcon.colcon_core.verb:set package 'util' build argument 'cmake_force_configure' from command line to 'False'
[0.343s] Level 5:colcon.colcon_core.verb:set package 'util' build argument 'ament_cmake_args' from command line to 'None'
[0.343s] Level 5:colcon.colcon_core.verb:set package 'util' build argument 'catkin_cmake_args' from command line to 'None'
[0.343s] Level 5:colcon.colcon_core.verb:set package 'util' build argument 'catkin_skip_building_tests' from command line to 'False'
[0.343s] DEBUG:colcon.colcon_core.verb:Building package 'util' with the following arguments: {'ament_cmake_args': None, 'build_base': '/home/giorgio/Webots/build/util', 'catkin_cmake_args': None, 'catkin_skip_building_tests': False, 'cmake_args': None, 'cmake_clean_cache': False, 'cmake_clean_first': False, 'cmake_force_configure': False, 'cmake_target': None, 'cmake_target_skip_unavailable': False, 'install_base': '/home/giorgio/Webots/install/util', 'merge_install': False, 'path': '/home/giorgio/Webots/src/util', 'symlink_install': False, 'test_result_base': None}
[0.343s] Level 5:colcon.colcon_core.verb:set package 'webots' build argument 'cmake_args' from command line to 'None'
[0.343s] Level 5:colcon.colcon_core.verb:set package 'webots' build argument 'cmake_target' from command line to 'None'
[0.343s] Level 5:colcon.colcon_core.verb:set package 'webots' build argument 'cmake_target_skip_unavailable' from command line to 'False'
[0.343s] Level 5:colcon.colcon_core.verb:set package 'webots' build argument 'cmake_clean_cache' from command line to 'False'
[0.343s] Level 5:colcon.colcon_core.verb:set package 'webots' build argument 'cmake_clean_first' from command line to 'False'
[0.343s] Level 5:colcon.colcon_core.verb:set package 'webots' build argument 'cmake_force_configure' from command line to 'False'
[0.343s] Level 5:colcon.colcon_core.verb:set package 'webots' build argument 'ament_cmake_args' from command line to 'None'
[0.343s] Level 5:colcon.colcon_core.verb:set package 'webots' build argument 'catkin_cmake_args' from command line to 'None'
[0.343s] Level 5:colcon.colcon_core.verb:set package 'webots' build argument 'catkin_skip_building_tests' from command line to 'False'
[0.343s] DEBUG:colcon.colcon_core.verb:Building package 'webots' with the following arguments: {'ament_cmake_args': None, 'build_base': '/home/giorgio/Webots/build/webots', 'catkin_cmake_args': None, 'catkin_skip_building_tests': False, 'cmake_args': None, 'cmake_clean_cache': False, 'cmake_clean_first': False, 'cmake_force_configure': False, 'cmake_target': None, 'cmake_target_skip_unavailable': False, 'install_base': '/home/giorgio/Webots/install/webots', 'merge_install': False, 'path': '/home/giorgio/Webots/src/webots_tutorial', 'symlink_install': False, 'test_result_base': None}
[0.344s] Level 5:colcon.colcon_core.verb:set package 'webots_hospital_youbot' build argument 'cmake_args' from command line to 'None'
[0.344s] Level 5:colcon.colcon_core.verb:set package 'webots_hospital_youbot' build argument 'cmake_target' from command line to 'None'
[0.344s] Level 5:colcon.colcon_core.verb:set package 'webots_hospital_youbot' build argument 'cmake_target_skip_unavailable' from command line to 'False'
[0.344s] Level 5:colcon.colcon_core.verb:set package 'webots_hospital_youbot' build argument 'cmake_clean_cache' from command line to 'False'
[0.344s] Level 5:colcon.colcon_core.verb:set package 'webots_hospital_youbot' build argument 'cmake_clean_first' from command line to 'False'
[0.344s] Level 5:colcon.colcon_core.verb:set package 'webots_hospital_youbot' build argument 'cmake_force_configure' from command line to 'False'
[0.344s] Level 5:colcon.colcon_core.verb:set package 'webots_hospital_youbot' build argument 'ament_cmake_args' from command line to 'None'
[0.344s] Level 5:colcon.colcon_core.verb:set package 'webots_hospital_youbot' build argument 'catkin_cmake_args' from command line to 'None'
[0.344s] Level 5:colcon.colcon_core.verb:set package 'webots_hospital_youbot' build argument 'catkin_skip_building_tests' from command line to 'False'
[0.344s] DEBUG:colcon.colcon_core.verb:Building package 'webots_hospital_youbot' with the following arguments: {'ament_cmake_args': None, 'build_base': '/home/giorgio/Webots/build/webots_hospital_youbot', 'catkin_cmake_args': None, 'catkin_skip_building_tests': False, 'cmake_args': None, 'cmake_clean_cache': False, 'cmake_clean_first': False, 'cmake_force_configure': False, 'cmake_target': None, 'cmake_target_skip_unavailable': False, 'install_base': '/home/giorgio/Webots/install/webots_hospital_youbot', 'merge_install': False, 'path': '/home/giorgio/Webots/src/webots_hospital_youbot', 'symlink_install': False, 'test_result_base': None}
[0.344s] INFO:colcon.colcon_core.executor:Executing jobs using 'parallel' executor
[0.344s] DEBUG:colcon.colcon_parallel_executor.executor.parallel:run_until_complete
[0.345s] INFO:colcon.colcon_ros.task.ament_cmake.build:Building ROS package in '/home/giorgio/Webots/src/aurora_msgs' with build type 'ament_cmake'
[0.345s] INFO:colcon.colcon_cmake.task.cmake.build:Building CMake package in '/home/giorgio/Webots/src/aurora_msgs'
[0.350s] INFO:colcon.colcon_core.plugin_system:Skipping extension 'colcon_core.shell.bat': Not used on non-Windows systems
[0.350s] DEBUG:colcon.colcon_core.shell:Skip shell extension 'dsv' for command environment
[0.357s] INFO:colcon.colcon_ros.task.ament_cmake.build:Building ROS package in '/home/giorgio/Webots/src/rover_msgs' with build type 'ament_cmake'
[0.357s] INFO:colcon.colcon_cmake.task.cmake.build:Building CMake package in '/home/giorgio/Webots/src/rover_msgs'
[0.357s] DEBUG:colcon.colcon_core.shell:Skip shell extension 'dsv' for command environment
[0.363s] DEBUG:colcon.colcon_core.event_handler.log_command:Invoking command in '/home/giorgio/Webots/build/aurora_msgs': CMAKE_PREFIX_PATH=${CMAKE_PREFIX_PATH}:/opt/ros/jazzy DEBUGINFOD_URLS=https://debuginfod.ubuntu.com /usr/bin/cmake /home/giorgio/Webots/src/aurora_msgs -DCMAKE_INSTALL_PREFIX=/home/giorgio/Webots/install/aurora_msgs
[0.371s] DEBUG:colcon.colcon_core.event_handler.log_command:Invoking command in '/home/giorgio/Webots/build/rover_msgs': CMAKE_PREFIX_PATH=${CMAKE_PREFIX_PATH}:/opt/ros/jazzy DEBUGINFOD_URLS=https://debuginfod.ubuntu.com /usr/bin/cmake /home/giorgio/Webots/src/rover_msgs -DCMAKE_INSTALL_PREFIX=/home/giorgio/Webots/install/rover_msgs
[3.088s] DEBUG:colcon.colcon_core.event_handler.log_command:Invoked command in '/home/giorgio/Webots/build/rover_msgs' returned '0': CMAKE_PREFIX_PATH=${CMAKE_PREFIX_PATH}:/opt/ros/jazzy DEBUGINFOD_URLS=https://debuginfod.ubuntu.com /usr/bin/cmake /home/giorgio/Webots/src/rover_msgs -DCMAKE_INSTALL_PREFIX=/home/giorgio/Webots/install/rover_msgs
[3.089s] DEBUG:colcon.colcon_core.event_handler.log_command:Invoking command in '/home/giorgio/Webots/build/rover_msgs': CMAKE_PREFIX_PATH=${CMAKE_PREFIX_PATH}:/opt/ros/jazzy DEBUGINFOD_URLS=https://debuginfod.ubuntu.com /usr/bin/cmake --build /home/giorgio/Webots/build/rover_msgs -- -j2 -l2
[3.507s] DEBUG:colcon.colcon_core.event_handler.log_command:Invoked command in '/home/giorgio/Webots/build/aurora_msgs' returned '0': CMAKE_PREFIX_PATH=${CMAKE_PREFIX_PATH}:/opt/ros/jazzy DEBUGINFOD_URLS=https://debuginfod.ubuntu.com /usr/bin/cmake /home/giorgio/Webots/src/aurora_msgs -DCMAKE_INSTALL_PREFIX=/home/giorgio/Webots/install/aurora_msgs
[3.507s] DEBUG:colcon.colcon_core.event_handler.log_command:Invoking command in '/home/giorgio/Webots/build/aurora_msgs': CMAKE_PREFIX_PATH=${CMAKE_PREFIX_PATH}:/opt/ros/jazzy DEBUGINFOD_URLS=https://debuginfod.ubuntu.com /usr/bin/cmake --build /home/giorgio/Webots/build/aurora_msgs -- -j2 -l2
[9.903s] DEBUG:colcon.colcon_core.event_handler.log_command:Invoked command in '/home/giorgio/Webots/build/rover_msgs' returned '0': CMAKE_PREFIX_PATH=${CMAKE_PREFIX_PATH}:/opt/ros/jazzy DEBUGINFOD_URLS=https://debuginfod.ubuntu.com /usr/bin/cmake --build /home/giorgio/Webots/build/rover_msgs -- -j2 -l2
[9.913s] DEBUG:colcon.colcon_core.event_handler.log_command:Invoking command in '/home/giorgio/Webots/build/rover_msgs': CMAKE_PREFIX_PATH=${CMAKE_PREFIX_PATH}:/opt/ros/jazzy DEBUGINFOD_URLS=https://debuginfod.ubuntu.com /usr/bin/cmake --install /home/giorgio/Webots/build/rover_msgs
[10.001s] Level 1:colcon.colcon_core.environment:create_environment_scripts_only(rover_msgs)
[10.004s] DEBUG:colcon.colcon_core.event_handler.log_command:Invoked command in '/home/giorgio/Webots/build/rover_msgs' returned '0': CMAKE_PREFIX_PATH=${CMAKE_PREFIX_PATH}:/opt/ros/jazzy DEBUGINFOD_URLS=https://debuginfod.ubuntu.com /usr/bin/cmake --install /home/giorgio/Webots/build/rover_msgs
[10.014s] Level 1:colcon.colcon_core.environment:checking '/home/giorgio/Webots/install/rover_msgs' for CMake module files
[10.015s] Level 1:colcon.colcon_core.environment:checking '/home/giorgio/Webots/install/rover_msgs' for CMake config files
[10.016s] Level 1:colcon.colcon_core.shell:create_environment_hook('rover_msgs', 'cmake_prefix_path')
[10.016s] INFO:colcon.colcon_core.shell:Creating environment descriptor '/home/giorgio/Webots/install/rover_msgs/share/rover_msgs/hook/cmake_prefix_path.dsv'
[10.017s] INFO:colcon.colcon_core.shell:Creating environment hook '/home/giorgio/Webots/install/rover_msgs/share/rover_msgs/hook/cmake_prefix_path.sh'
[10.020s] Level 1:colcon.colcon_core.environment:checking '/home/giorgio/Webots/install/rover_msgs/lib'
[10.020s] Level 1:colcon.colcon_core.shell:create_environment_hook('rover_msgs', 'ld_library_path_lib')
[10.020s] INFO:colcon.colcon_core.shell:Creating environment descriptor '/home/giorgio/Webots/install/rover_msgs/share/rover_msgs/hook/ld_library_path_lib.dsv'
[10.020s] INFO:colcon.colcon_core.shell:Creating environment hook '/home/giorgio/Webots/install/rover_msgs/share/rover_msgs/hook/ld_library_path_lib.sh'
[10.021s] Level 1:colcon.colcon_core.environment:checking '/home/giorgio/Webots/install/rover_msgs/bin'
[10.021s] Level 1:colcon.colcon_core.environment:checking '/home/giorgio/Webots/install/rover_msgs/lib/pkgconfig/rover_msgs.pc'
[10.023s] Level 1:colcon.colcon_core.environment:checking '/home/giorgio/Webots/install/rover_msgs/lib/python3.12/site-packages'
[10.023s] Level 1:colcon.colcon_core.shell:create_environment_hook('rover_msgs', 'pythonpath')
[10.023s] INFO:colcon.colcon_core.shell:Creating environment descriptor '/home/giorgio/Webots/install/rover_msgs/share/rover_msgs/hook/pythonpath.dsv'
[10.024s] INFO:colcon.colcon_core.shell:Creating environment hook '/home/giorgio/Webots/install/rover_msgs/share/rover_msgs/hook/pythonpath.sh'
[10.024s] Level 1:colcon.colcon_core.environment:checking '/home/giorgio/Webots/install/rover_msgs/bin'
[10.027s] INFO:colcon.colcon_core.shell:Creating package descriptor '/home/giorgio/Webots/install/rover_msgs/share/rover_msgs/package.dsv'
[10.028s] INFO:colcon.colcon_core.shell:Creating package script '/home/giorgio/Webots/install/rover_msgs/share/rover_msgs/package.sh'
[10.029s] INFO:colcon.colcon_core.shell:Creating package script '/home/giorgio/Webots/install/rover_msgs/share/rover_msgs/package.bash'
[10.030s] INFO:colcon.colcon_core.shell:Creating package script '/home/giorgio/Webots/install/rover_msgs/share/rover_msgs/package.zsh'
[10.032s] Level 1:colcon.colcon_core.environment:create_file_with_runtime_dependencies(/home/giorgio/Webots/install/rover_msgs/share/colcon-core/packages/rover_msgs)
[10.032s] Level 1:colcon.colcon_core.environment:create_environment_scripts_only(rover_msgs)
[10.032s] Level 1:colcon.colcon_core.environment:checking '/home/giorgio/Webots/install/rover_msgs' for CMake module files
[10.033s] Level 1:colcon.colcon_core.environment:checking '/home/giorgio/Webots/install/rover_msgs' for CMake config files
[10.033s] Level 1:colcon.colcon_core.shell:create_environment_hook('rover_msgs', 'cmake_prefix_path')
[10.033s] INFO:colcon.colcon_core.shell:Creating environment descriptor '/home/giorgio/Webots/install/rover_msgs/share/rover_msgs/hook/cmake_prefix_path.dsv'
[10.035s] INFO:colcon.colcon_core.shell:Creating environment hook '/home/giorgio/Webots/install/rover_msgs/share/rover_msgs/hook/cmake_prefix_path.sh'
[10.036s] Level 1:colcon.colcon_core.environment:checking '/home/giorgio/Webots/install/rover_msgs/lib'
[10.036s] Level 1:colcon.colcon_core.shell:create_environment_hook('rover_msgs', 'ld_library_path_lib')
[10.036s] INFO:colcon.colcon_core.shell:Creating environment descriptor '/home/giorgio/Webots/install/rover_msgs/share/rover_msgs/hook/ld_library_path_lib.dsv'
[10.036s] INFO:colcon.colcon_core.shell:Creating environment hook '/home/giorgio/Webots/install/rover_msgs/share/rover_msgs/hook/ld_library_path_lib.sh'
[10.038s] Level 1:colcon.colcon_core.environment:checking '/home/giorgio/Webots/install/rover_msgs/bin'
[10.038s] Level 1:colcon.colcon_core.environment:checking '/home/giorgio/Webots/install/rover_msgs/lib/pkgconfig/rover_msgs.pc'
[10.038s] Level 1:colcon.colcon_core.environment:checking '/home/giorgio/Webots/install/rover_msgs/lib/python3.12/site-packages'
[10.038s] Level 1:colcon.colcon_core.shell:create_environment_hook('rover_msgs', 'pythonpath')
[10.039s] INFO:colcon.colcon_core.shell:Creating environment descriptor '/home/giorgio/Webots/install/rover_msgs/share/rover_msgs/hook/pythonpath.dsv'
[10.039s] INFO:colcon.colcon_core.shell:Creating environment hook '/home/giorgio/Webots/install/rover_msgs/share/rover_msgs/hook/pythonpath.sh'
[10.041s] Level 1:colcon.colcon_core.environment:checking '/home/giorgio/Webots/install/rover_msgs/bin'
[10.042s] INFO:colcon.colcon_core.shell:Creating package descriptor '/home/giorgio/Webots/install/rover_msgs/share/rover_msgs/package.dsv'
[10.042s] INFO:colcon.colcon_core.shell:Creating package script '/home/giorgio/Webots/install/rover_msgs/share/rover_msgs/package.sh'
[10.043s] INFO:colcon.colcon_core.shell:Creating package script '/home/giorgio/Webots/install/rover_msgs/share/rover_msgs/package.bash'
[10.043s] INFO:colcon.colcon_core.shell:Creating package script '/home/giorgio/Webots/install/rover_msgs/share/rover_msgs/package.zsh'
[10.045s] Level 1:colcon.colcon_core.environment:create_file_with_runtime_dependencies(/home/giorgio/Webots/install/rover_msgs/share/colcon-core/packages/rover_msgs)
[10.046s] INFO:colcon.colcon_ros.task.ament_cmake.build:Building ROS package in '/home/giorgio/Webots/src/aruco_msgs' with build type 'ament_cmake'
[10.046s] INFO:colcon.colcon_cmake.task.cmake.build:Building CMake package in '/home/giorgio/Webots/src/aruco_msgs'
[10.046s] DEBUG:colcon.colcon_core.shell:Skip shell extension 'dsv' for command environment
[10.060s] DEBUG:colcon.colcon_core.event_handler.log_command:Invoking command in '/home/giorgio/Webots/build/aruco_msgs': CMAKE_PREFIX_PATH=${CMAKE_PREFIX_PATH}:/opt/ros/jazzy DEBUGINFOD_URLS=https://debuginfod.ubuntu.com /usr/bin/cmake /home/giorgio/Webots/src/aruco_msgs -DCMAKE_INSTALL_PREFIX=/home/giorgio/Webots/install/aruco_msgs
[10.539s] DEBUG:colcon.colcon_core.event_handler.log_command:Invoked command in '/home/giorgio/Webots/build/aurora_msgs' returned '0': CMAKE_PREFIX_PATH=${CMAKE_PREFIX_PATH}:/opt/ros/jazzy DEBUGINFOD_URLS=https://debuginfod.ubuntu.com /usr/bin/cmake --build /home/giorgio/Webots/build/aurora_msgs -- -j2 -l2
[10.540s] DEBUG:colcon.colcon_core.event_handler.log_command:Invoking command in '/home/giorgio/Webots/build/aurora_msgs': CMAKE_PREFIX_PATH=${CMAKE_PREFIX_PATH}:/opt/ros/jazzy DEBUGINFOD_URLS=https://debuginfod.ubuntu.com /usr/bin/cmake --install /home/giorgio/Webots/build/aurora_msgs
[10.606s] Level 1:colcon.colcon_core.environment:create_environment_scripts_only(aurora_msgs)
[10.606s] DEBUG:colcon.colcon_core.event_handler.log_command:Invoked command in '/home/giorgio/Webots/build/aurora_msgs' returned '0': CMAKE_PREFIX_PATH=${CMAKE_PREFIX_PATH}:/opt/ros/jazzy DEBUGINFOD_URLS=https://debuginfod.ubuntu.com /usr/bin/cmake --install /home/giorgio/Webots/build/aurora_msgs
[10.606s] Level 1:colcon.colcon_core.environment:checking '/home/giorgio/Webots/install/aurora_msgs' for CMake module files
[10.607s] Level 1:colcon.colcon_core.environment:checking '/home/giorgio/Webots/install/aurora_msgs' for CMake config files
[10.607s] Level 1:colcon.colcon_core.shell:create_environment_hook('aurora_msgs', 'cmake_prefix_path')
[10.607s] INFO:colcon.colcon_core.shell:Creating environment descriptor '/home/giorgio/Webots/install/aurora_msgs/share/aurora_msgs/hook/cmake_prefix_path.dsv'
[10.607s] INFO:colcon.colcon_core.shell:Creating environment hook '/home/giorgio/Webots/install/aurora_msgs/share/aurora_msgs/hook/cmake_prefix_path.sh'
[10.608s] Level 1:colcon.colcon_core.environment:checking '/home/giorgio/Webots/install/aurora_msgs/lib'
[10.608s] Level 1:colcon.colcon_core.shell:create_environment_hook('aurora_msgs', 'ld_library_path_lib')
[10.608s] INFO:colcon.colcon_core.shell:Creating environment descriptor '/home/giorgio/Webots/install/aurora_msgs/share/aurora_msgs/hook/ld_library_path_lib.dsv'
[10.608s] INFO:colcon.colcon_core.shell:Creating environment hook '/home/giorgio/Webots/install/aurora_msgs/share/aurora_msgs/hook/ld_library_path_lib.sh'
[10.608s] Level 1:colcon.colcon_core.environment:checking '/home/giorgio/Webots/install/aurora_msgs/bin'
[10.608s] Level 1:colcon.colcon_core.environment:checking '/home/giorgio/Webots/install/aurora_msgs/lib/pkgconfig/aurora_msgs.pc'
[10.608s] Level 1:colcon.colcon_core.environment:checking '/home/giorgio/Webots/install/aurora_msgs/lib/python3.12/site-packages'
[10.609s] Level 1:colcon.colcon_core.shell:create_environment_hook('aurora_msgs', 'pythonpath')
[10.609s] INFO:colcon.colcon_core.shell:Creating environment descriptor '/home/giorgio/Webots/install/aurora_msgs/share/aurora_msgs/hook/pythonpath.dsv'
[10.609s] INFO:colcon.colcon_core.shell:Creating environment hook '/home/giorgio/Webots/install/aurora_msgs/share/aurora_msgs/hook/pythonpath.sh'
[10.609s] Level 1:colcon.colcon_core.environment:checking '/home/giorgio/Webots/install/aurora_msgs/bin'
[10.609s] INFO:colcon.colcon_core.shell:Creating package descriptor '/home/giorgio/Webots/install/aurora_msgs/share/aurora_msgs/package.dsv'
[10.610s] INFO:colcon.colcon_core.shell:Creating package script '/home/giorgio/Webots/install/aurora_msgs/share/aurora_msgs/package.sh'
[10.610s] INFO:colcon.colcon_core.shell:Creating package script '/home/giorgio/Webots/install/aurora_msgs/share/aurora_msgs/package.bash'
[10.610s] INFO:colcon.colcon_core.shell:Creating package script '/home/giorgio/Webots/install/aurora_msgs/share/aurora_msgs/package.zsh'
[10.611s] Level 1:colcon.colcon_core.environment:create_file_with_runtime_dependencies(/home/giorgio/Webots/install/aurora_msgs/share/colcon-core/packages/aurora_msgs)
[10.611s] Level 1:colcon.colcon_core.environment:create_environment_scripts_only(aurora_msgs)
[10.611s] Level 1:colcon.colcon_core.environment:checking '/home/giorgio/Webots/install/aurora_msgs' for CMake module files
[10.611s] Level 1:colcon.colcon_core.environment:checking '/home/giorgio/Webots/install/aurora_msgs' for CMake config files
[10.612s] Level 1:colcon.colcon_core.shell:create_environment_hook('aurora_msgs', 'cmake_prefix_path')
[10.612s] INFO:colcon.colcon_core.shell:Creating environment descriptor '/home/giorgio/Webots/install/aurora_msgs/share/aurora_msgs/hook/cmake_prefix_path.dsv'
[10.612s] INFO:colcon.colcon_core.shell:Creating environment hook '/home/giorgio/Webots/install/aurora_msgs/share/aurora_msgs/hook/cmake_prefix_path.sh'
[10.613s] Level 1:colcon.colcon_core.environment:checking '/home/giorgio/Webots/install/aurora_msgs/lib'
[10.613s] Level 1:colcon.colcon_core.shell:create_environment_hook('aurora_msgs', 'ld_library_path_lib')
[10.613s] INFO:colcon.colcon_core.shell:Creating environment descriptor '/home/giorgio/Webots/install/aurora_msgs/share/aurora_msgs/hook/ld_library_path_lib.dsv'
[10.613s] INFO:colcon.colcon_core.shell:Creating environment hook '/home/giorgio/Webots/install/aurora_msgs/share/aurora_msgs/hook/ld_library_path_lib.sh'
[10.614s] Level 1:colcon.colcon_core.environment:checking '/home/giorgio/Webots/install/aurora_msgs/bin'
[10.614s] Level 1:colcon.colcon_core.environment:checking '/home/giorgio/Webots/install/aurora_msgs/lib/pkgconfig/aurora_msgs.pc'
[10.614s] Level 1:colcon.colcon_core.environment:checking '/home/giorgio/Webots/install/aurora_msgs/lib/python3.12/site-packages'
[10.614s] Level 1:colcon.colcon_core.shell:create_environment_hook('aurora_msgs', 'pythonpath')
[10.614s] INFO:colcon.colcon_core.shell:Creating environment descriptor '/home/giorgio/Webots/install/aurora_msgs/share/aurora_msgs/hook/pythonpath.dsv'
[10.615s] INFO:colcon.colcon_core.shell:Creating environment hook '/home/giorgio/Webots/install/aurora_msgs/share/aurora_msgs/hook/pythonpath.sh'
[10.615s] Level 1:colcon.colcon_core.environment:checking '/home/giorgio/Webots/install/aurora_msgs/bin'
[10.615s] INFO:colcon.colcon_core.shell:Creating package descriptor '/home/giorgio/Webots/install/aurora_msgs/share/aurora_msgs/package.dsv'
[10.616s] INFO:colcon.colcon_core.shell:Creating package script '/home/giorgio/Webots/install/aurora_msgs/share/aurora_msgs/package.sh'
[10.616s] INFO:colcon.colcon_core.shell:Creating package script '/home/giorgio/Webots/install/aurora_msgs/share/aurora_msgs/package.bash'
[10.617s] INFO:colcon.colcon_core.shell:Creating package script '/home/giorgio/Webots/install/aurora_msgs/share/aurora_msgs/package.zsh'
[10.617s] Level 1:colcon.colcon_core.environment:create_file_with_runtime_dependencies(/home/giorgio/Webots/install/aurora_msgs/share/colcon-core/packages/aurora_msgs)
[10.617s] INFO:colcon.colcon_ros.task.ament_cmake.build:Building ROS package in '/home/giorgio/Webots/src/cpp_pubsub' with build type 'ament_cmake'
[10.618s] INFO:colcon.colcon_cmake.task.cmake.build:Building CMake package in '/home/giorgio/Webots/src/cpp_pubsub'
[10.618s] DEBUG:colcon.colcon_core.shell:Skip shell extension 'dsv' for command environment
[10.628s] DEBUG:colcon.colcon_core.event_handler.log_command:Invoking command in '/home/giorgio/Webots/build/cpp_pubsub': CMAKE_PREFIX_PATH=${CMAKE_PREFIX_PATH}:/opt/ros/jazzy DEBUGINFOD_URLS=https://debuginfod.ubuntu.com /usr/bin/cmake /home/giorgio/Webots/src/cpp_pubsub -DCMAKE_INSTALL_PREFIX=/home/giorgio/Webots/install/cpp_pubsub
[11.633s] DEBUG:colcon.colcon_core.event_handler.log_command:Invoked command in '/home/giorgio/Webots/build/cpp_pubsub' returned '0': CMAKE_PREFIX_PATH=${CMAKE_PREFIX_PATH}:/opt/ros/jazzy DEBUGINFOD_URLS=https://debuginfod.ubuntu.com /usr/bin/cmake /home/giorgio/Webots/src/cpp_pubsub -DCMAKE_INSTALL_PREFIX=/home/giorgio/Webots/install/cpp_pubsub
[11.634s] DEBUG:colcon.colcon_core.event_handler.log_command:Invoking command in '/home/giorgio/Webots/build/cpp_pubsub': CMAKE_PREFIX_PATH=${CMAKE_PREFIX_PATH}:/opt/ros/jazzy DEBUGINFOD_URLS=https://debuginfod.ubuntu.com /usr/bin/cmake --build /home/giorgio/Webots/build/cpp_pubsub -- -j2 -l2
[13.458s] DEBUG:colcon.colcon_core.event_handler.log_command:Invoked command in '/home/giorgio/Webots/build/aruco_msgs' returned '0': CMAKE_PREFIX_PATH=${CMAKE_PREFIX_PATH}:/opt/ros/jazzy DEBUGINFOD_URLS=https://debuginfod.ubuntu.com /usr/bin/cmake /home/giorgio/Webots/src/aruco_msgs -DCMAKE_INSTALL_PREFIX=/home/giorgio/Webots/install/aruco_msgs
[13.459s] DEBUG:colcon.colcon_core.event_handler.log_command:Invoking command in '/home/giorgio/Webots/build/aruco_msgs': CMAKE_PREFIX_PATH=${CMAKE_PREFIX_PATH}:/opt/ros/jazzy DEBUGINFOD_URLS=https://debuginfod.ubuntu.com /usr/bin/cmake --build /home/giorgio/Webots/build/aruco_msgs -- -j2 -l2
[20.943s] DEBUG:colcon.colcon_core.event_handler.log_command:Invoked command in '/home/giorgio/Webots/build/aruco_msgs' returned '0': CMAKE_PREFIX_PATH=${CMAKE_PREFIX_PATH}:/opt/ros/jazzy DEBUGINFOD_URLS=https://debuginfod.ubuntu.com /usr/bin/cmake --build /home/giorgio/Webots/build/aruco_msgs -- -j2 -l2
[20.944s] DEBUG:colcon.colcon_core.event_handler.log_command:Invoking command in '/home/giorgio/Webots/build/aruco_msgs': CMAKE_PREFIX_PATH=${CMAKE_PREFIX_PATH}:/opt/ros/jazzy DEBUGINFOD_URLS=https://debuginfod.ubuntu.com /usr/bin/cmake --install /home/giorgio/Webots/build/aruco_msgs
[21.023s] Level 1:colcon.colcon_core.environment:create_environment_scripts_only(aruco_msgs)
[21.023s] Level 1:colcon.colcon_core.environment:checking '/home/giorgio/Webots/install/aruco_msgs' for CMake module files
[21.023s] Level 1:colcon.colcon_core.environment:checking '/home/giorgio/Webots/install/aruco_msgs' for CMake config files
[21.023s] Level 1:colcon.colcon_core.shell:create_environment_hook('aruco_msgs', 'cmake_prefix_path')
[21.023s] INFO:colcon.colcon_core.shell:Creating environment descriptor '/home/giorgio/Webots/install/aruco_msgs/share/aruco_msgs/hook/cmake_prefix_path.dsv'
[21.024s] INFO:colcon.colcon_core.shell:Creating environment hook '/home/giorgio/Webots/install/aruco_msgs/share/aruco_msgs/hook/cmake_prefix_path.sh'
[21.024s] Level 1:colcon.colcon_core.environment:checking '/home/giorgio/Webots/install/aruco_msgs/lib'
[21.024s] DEBUG:colcon.colcon_core.event_handler.log_command:Invoked command in '/home/giorgio/Webots/build/aruco_msgs' returned '0': CMAKE_PREFIX_PATH=${CMAKE_PREFIX_PATH}:/opt/ros/jazzy DEBUGINFOD_URLS=https://debuginfod.ubuntu.com /usr/bin/cmake --install /home/giorgio/Webots/build/aruco_msgs
[21.024s] Level 1:colcon.colcon_core.shell:create_environment_hook('aruco_msgs', 'ld_library_path_lib')
[21.024s] INFO:colcon.colcon_core.shell:Creating environment descriptor '/home/giorgio/Webots/install/aruco_msgs/share/aruco_msgs/hook/ld_library_path_lib.dsv'
[21.025s] INFO:colcon.colcon_core.shell:Creating environment hook '/home/giorgio/Webots/install/aruco_msgs/share/aruco_msgs/hook/ld_library_path_lib.sh'
[21.025s] Level 1:colcon.colcon_core.environment:checking '/home/giorgio/Webots/install/aruco_msgs/bin'
[21.025s] Level 1:colcon.colcon_core.environment:checking '/home/giorgio/Webots/install/aruco_msgs/lib/pkgconfig/aruco_msgs.pc'
[21.025s] Level 1:colcon.colcon_core.environment:checking '/home/giorgio/Webots/install/aruco_msgs/lib/python3.12/site-packages'
[21.025s] Level 1:colcon.colcon_core.shell:create_environment_hook('aruco_msgs', 'pythonpath')
[21.025s] INFO:colcon.colcon_core.shell:Creating environment descriptor '/home/giorgio/Webots/install/aruco_msgs/share/aruco_msgs/hook/pythonpath.dsv'
[21.025s] INFO:colcon.colcon_core.shell:Creating environment hook '/home/giorgio/Webots/install/aruco_msgs/share/aruco_msgs/hook/pythonpath.sh'
[21.026s] Level 1:colcon.colcon_core.environment:checking '/home/giorgio/Webots/install/aruco_msgs/bin'
[21.026s] INFO:colcon.colcon_core.shell:Creating package descriptor '/home/giorgio/Webots/install/aruco_msgs/share/aruco_msgs/package.dsv'
[21.026s] INFO:colcon.colcon_core.shell:Creating package script '/home/giorgio/Webots/install/aruco_msgs/share/aruco_msgs/package.sh'
[21.027s] INFO:colcon.colcon_core.shell:Creating package script '/home/giorgio/Webots/install/aruco_msgs/share/aruco_msgs/package.bash'
[21.027s] INFO:colcon.colcon_core.shell:Creating package script '/home/giorgio/Webots/install/aruco_msgs/share/aruco_msgs/package.zsh'
[21.027s] Level 1:colcon.colcon_core.environment:create_file_with_runtime_dependencies(/home/giorgio/Webots/install/aruco_msgs/share/colcon-core/packages/aruco_msgs)
[21.028s] Level 1:colcon.colcon_core.environment:create_environment_scripts_only(aruco_msgs)
[21.028s] Level 1:colcon.colcon_core.environment:checking '/home/giorgio/Webots/install/aruco_msgs' for CMake module files
[21.028s] Level 1:colcon.colcon_core.environment:checking '/home/giorgio/Webots/install/aruco_msgs' for CMake config files
[21.028s] Level 1:colcon.colcon_core.shell:create_environment_hook('aruco_msgs', 'cmake_prefix_path')
[21.028s] INFO:colcon.colcon_core.shell:Creating environment descriptor '/home/giorgio/Webots/install/aruco_msgs/share/aruco_msgs/hook/cmake_prefix_path.dsv'
[21.029s] INFO:colcon.colcon_core.shell:Creating environment hook '/home/giorgio/Webots/install/aruco_msgs/share/aruco_msgs/hook/cmake_prefix_path.sh'
[21.029s] Level 1:colcon.colcon_core.environment:checking '/home/giorgio/Webots/install/aruco_msgs/lib'
[21.029s] Level 1:colcon.colcon_core.shell:create_environment_hook('aruco_msgs', 'ld_library_path_lib')
[21.029s] INFO:colcon.colcon_core.shell:Creating environment descriptor '/home/giorgio/Webots/install/aruco_msgs/share/aruco_msgs/hook/ld_library_path_lib.dsv'
[21.030s] INFO:colcon.colcon_core.shell:Creating environment hook '/home/giorgio/Webots/install/aruco_msgs/share/aruco_msgs/hook/ld_library_path_lib.sh'
[21.030s] Level 1:colcon.colcon_core.environment:checking '/home/giorgio/Webots/install/aruco_msgs/bin'
[21.030s] Level 1:colcon.colcon_core.environment:checking '/home/giorgio/Webots/install/aruco_msgs/lib/pkgconfig/aruco_msgs.pc'
[21.030s] Level 1:colcon.colcon_core.environment:checking '/home/giorgio/Webots/install/aruco_msgs/lib/python3.12/site-packages'
[21.030s] Level 1:colcon.colcon_core.shell:create_environment_hook('aruco_msgs', 'pythonpath')
[21.030s] INFO:colcon.colcon_core.shell:Creating environment descriptor '/home/giorgio/Webots/install/aruco_msgs/share/aruco_msgs/hook/pythonpath.dsv'
[21.031s] INFO:colcon.colcon_core.shell:Creating environment hook '/home/giorgio/Webots/install/aruco_msgs/share/aruco_msgs/hook/pythonpath.sh'
[21.031s] Level 1:colcon.colcon_core.environment:checking '/home/giorgio/Webots/install/aruco_msgs/bin'
[21.031s] INFO:colcon.colcon_core.shell:Creating package descriptor '/home/giorgio/Webots/install/aruco_msgs/share/aruco_msgs/package.dsv'
[21.032s] INFO:colcon.colcon_core.shell:Creating package script '/home/giorgio/Webots/install/aruco_msgs/share/aruco_msgs/package.sh'
[21.032s] INFO:colcon.colcon_core.shell:Creating package script '/home/giorgio/Webots/install/aruco_msgs/share/aruco_msgs/package.bash'
[21.033s] INFO:colcon.colcon_core.shell:Creating package script '/home/giorgio/Webots/install/aruco_msgs/share/aruco_msgs/package.zsh'
[21.033s] Level 1:colcon.colcon_core.environment:create_file_with_runtime_dependencies(/home/giorgio/Webots/install/aruco_msgs/share/colcon-core/packages/aruco_msgs)
[21.034s] INFO:colcon.colcon_ros.task.ament_python.build:Building ROS package in '/home/giorgio/Webots/src/util' with build type 'ament_python'
[21.034s] Level 1:colcon.colcon_core.shell:create_environment_hook('util', 'ament_prefix_path')
[21.034s] INFO:colcon.colcon_core.shell:Creating environment descriptor '/home/giorgio/Webots/install/util/share/util/hook/ament_prefix_path.dsv'
[21.035s] INFO:colcon.colcon_core.shell:Creating environment hook '/home/giorgio/Webots/install/util/share/util/hook/ament_prefix_path.sh'
[21.036s] DEBUG:colcon.colcon_core.shell:Skip shell extension 'dsv' for command environment
[21.274s] INFO:colcon.colcon_core.task.python.build:Building Python package in '/home/giorgio/Webots/src/util'
[21.274s] DEBUG:colcon.colcon_core.shell:Skip shell extension 'dsv' for command environment
[22.011s] DEBUG:colcon.colcon_core.event_handler.log_command:Invoking command in '/home/giorgio/Webots/src/util': DEBUGINFOD_URLS=https://debuginfod.ubuntu.com PYTHONPATH=/home/giorgio/Webots/build/util/prefix_override:/usr/lib/python3/dist-packages/colcon_core/task/python/colcon_distutils_commands:/home/giorgio/Webots/install/util/lib/python3.12/site-packages:${PYTHONPATH} /usr/bin/python3 -W ignore:setup.py install is deprecated -W ignore:easy_install command is deprecated setup.py egg_info --egg-base ../../build/util build --build-base /home/giorgio/Webots/build/util/build install --record /home/giorgio/Webots/build/util/install.log --single-version-externally-managed install_data
[22.407s] Level 1:colcon.colcon_core.environment:checking '/home/giorgio/Webots/install/util' for CMake module files
[22.407s] DEBUG:colcon.colcon_core.event_handler.log_command:Invoked command in '/home/giorgio/Webots/src/util' returned '0': DEBUGINFOD_URLS=https://debuginfod.ubuntu.com PYTHONPATH=/home/giorgio/Webots/build/util/prefix_override:/usr/lib/python3/dist-packages/colcon_core/task/python/colcon_distutils_commands:/home/giorgio/Webots/install/util/lib/python3.12/site-packages:${PYTHONPATH} /usr/bin/python3 -W ignore:setup.py install is deprecated -W ignore:easy_install command is deprecated setup.py egg_info --egg-base ../../build/util build --build-base /home/giorgio/Webots/build/util/build install --record /home/giorgio/Webots/build/util/install.log --single-version-externally-managed install_data
[22.408s] Level 1:colcon.colcon_core.environment:checking '/home/giorgio/Webots/install/util' for CMake config files
[22.408s] Level 1:colcon.colcon_core.environment:checking '/home/giorgio/Webots/install/util/lib'
[22.408s] Level 1:colcon.colcon_core.environment:checking '/home/giorgio/Webots/install/util/bin'
[22.408s] Level 1:colcon.colcon_core.environment:checking '/home/giorgio/Webots/install/util/lib/pkgconfig/util.pc'
[22.408s] Level 1:colcon.colcon_core.environment:checking '/home/giorgio/Webots/install/util/lib/python3.12/site-packages'
[22.408s] Level 1:colcon.colcon_core.shell:create_environment_hook('util', 'pythonpath')
[22.408s] INFO:colcon.colcon_core.shell:Creating environment descriptor '/home/giorgio/Webots/install/util/share/util/hook/pythonpath.dsv'
[22.409s] INFO:colcon.colcon_core.shell:Creating environment hook '/home/giorgio/Webots/install/util/share/util/hook/pythonpath.sh'
[22.409s] Level 1:colcon.colcon_core.environment:checking '/home/giorgio/Webots/install/util/bin'
[22.409s] Level 1:colcon.colcon_core.environment:create_environment_scripts_only(util)
[22.409s] INFO:colcon.colcon_core.shell:Creating package descriptor '/home/giorgio/Webots/install/util/share/util/package.dsv'
[22.410s] INFO:colcon.colcon_core.shell:Creating package script '/home/giorgio/Webots/install/util/share/util/package.sh'
[22.410s] INFO:colcon.colcon_core.shell:Creating package script '/home/giorgio/Webots/install/util/share/util/package.bash'
[22.410s] INFO:colcon.colcon_core.shell:Creating package script '/home/giorgio/Webots/install/util/share/util/package.zsh'
[22.411s] Level 1:colcon.colcon_core.environment:create_file_with_runtime_dependencies(/home/giorgio/Webots/install/util/share/colcon-core/packages/util)
[22.412s] INFO:colcon.colcon_ros.task.ament_python.build:Building ROS package in '/home/giorgio/Webots/src/webots_tutorial' with build type 'ament_python'
[22.412s] Level 1:colcon.colcon_core.shell:create_environment_hook('webots', 'ament_prefix_path')
[22.412s] INFO:colcon.colcon_core.shell:Creating environment descriptor '/home/giorgio/Webots/install/webots/share/webots/hook/ament_prefix_path.dsv'
[22.413s] INFO:colcon.colcon_core.shell:Creating environment hook '/home/giorgio/Webots/install/webots/share/webots/hook/ament_prefix_path.sh'
[22.414s] DEBUG:colcon.colcon_core.shell:Skip shell extension 'dsv' for command environment
[22.575s] INFO:colcon.colcon_core.task.python.build:Building Python package in '/home/giorgio/Webots/src/webots_tutorial'
[22.575s] DEBUG:colcon.colcon_core.shell:Skip shell extension 'dsv' for command environment
[22.578s] DEBUG:colcon.colcon_core.event_handler.log_command:Invoked command in '/home/giorgio/Webots/build/cpp_pubsub' returned '0': CMAKE_PREFIX_PATH=${CMAKE_PREFIX_PATH}:/opt/ros/jazzy DEBUGINFOD_URLS=https://debuginfod.ubuntu.com /usr/bin/cmake --build /home/giorgio/Webots/build/cpp_pubsub -- -j2 -l2
[22.579s] DEBUG:colcon.colcon_core.event_handler.log_command:Invoking command in '/home/giorgio/Webots/build/cpp_pubsub': CMAKE_PREFIX_PATH=${CMAKE_PREFIX_PATH}:/opt/ros/jazzy DEBUGINFOD_URLS=https://debuginfod.ubuntu.com /usr/bin/cmake --install /home/giorgio/Webots/build/cpp_pubsub
[22.597s] Level 1:colcon.colcon_core.environment:create_environment_scripts_only(cpp_pubsub)
[22.597s] Level 1:colcon.colcon_core.environment:checking '/home/giorgio/Webots/install/cpp_pubsub' for CMake module files
[22.598s] DEBUG:colcon.colcon_core.event_handler.log_command:Invoked command in '/home/giorgio/Webots/build/cpp_pubsub' returned '0': CMAKE_PREFIX_PATH=${CMAKE_PREFIX_PATH}:/opt/ros/jazzy DEBUGINFOD_URLS=https://debuginfod.ubuntu.com /usr/bin/cmake --install /home/giorgio/Webots/build/cpp_pubsub
[22.598s] Level 1:colcon.colcon_core.environment:checking '/home/giorgio/Webots/install/cpp_pubsub' for CMake config files
[22.599s] Level 1:colcon.colcon_core.shell:create_environment_hook('cpp_pubsub', 'cmake_prefix_path')
[22.599s] INFO:colcon.colcon_core.shell:Creating environment descriptor '/home/giorgio/Webots/install/cpp_pubsub/share/cpp_pubsub/hook/cmake_prefix_path.dsv'
[22.599s] INFO:colcon.colcon_core.shell:Creating environment hook '/home/giorgio/Webots/install/cpp_pubsub/share/cpp_pubsub/hook/cmake_prefix_path.sh'
[22.599s] Level 1:colcon.colcon_core.environment:checking '/home/giorgio/Webots/install/cpp_pubsub/lib'
[22.600s] Level 1:colcon.colcon_core.environment:checking '/home/giorgio/Webots/install/cpp_pubsub/bin'
[22.600s] Level 1:colcon.colcon_core.environment:checking '/home/giorgio/Webots/install/cpp_pubsub/lib/pkgconfig/cpp_pubsub.pc'
[22.600s] Level 1:colcon.colcon_core.environment:checking '/home/giorgio/Webots/install/cpp_pubsub/lib/python3.12/site-packages'
[22.600s] Level 1:colcon.colcon_core.environment:checking '/home/giorgio/Webots/install/cpp_pubsub/bin'
[22.600s] INFO:colcon.colcon_core.shell:Creating package descriptor '/home/giorgio/Webots/install/cpp_pubsub/share/cpp_pubsub/package.dsv'
[22.600s] INFO:colcon.colcon_core.shell:Creating package script '/home/giorgio/Webots/install/cpp_pubsub/share/cpp_pubsub/package.sh'
[22.601s] INFO:colcon.colcon_core.shell:Creating package script '/home/giorgio/Webots/install/cpp_pubsub/share/cpp_pubsub/package.bash'
[22.601s] INFO:colcon.colcon_core.shell:Creating package script '/home/giorgio/Webots/install/cpp_pubsub/share/cpp_pubsub/package.zsh'
[22.601s] Level 1:colcon.colcon_core.environment:create_file_with_runtime_dependencies(/home/giorgio/Webots/install/cpp_pubsub/share/colcon-core/packages/cpp_pubsub)
[22.602s] Level 1:colcon.colcon_core.environment:create_environment_scripts_only(cpp_pubsub)
[22.602s] Level 1:colcon.colcon_core.environment:checking '/home/giorgio/Webots/install/cpp_pubsub' for CMake module files
[22.602s] Level 1:colcon.colcon_core.environment:checking '/home/giorgio/Webots/install/cpp_pubsub' for CMake config files
[22.602s] Level 1:colcon.colcon_core.shell:create_environment_hook('cpp_pubsub', 'cmake_prefix_path')
[22.602s] INFO:colcon.colcon_core.shell:Creating environment descriptor '/home/giorgio/Webots/install/cpp_pubsub/share/cpp_pubsub/hook/cmake_prefix_path.dsv'
[22.602s] INFO:colcon.colcon_core.shell:Creating environment hook '/home/giorgio/Webots/install/cpp_pubsub/share/cpp_pubsub/hook/cmake_prefix_path.sh'
[22.603s] Level 1:colcon.colcon_core.environment:checking '/home/giorgio/Webots/install/cpp_pubsub/lib'
[22.603s] Level 1:colcon.colcon_core.environment:checking '/home/giorgio/Webots/install/cpp_pubsub/bin'
[22.603s] Level 1:colcon.colcon_core.environment:checking '/home/giorgio/Webots/install/cpp_pubsub/lib/pkgconfig/cpp_pubsub.pc'
[22.603s] Level 1:colcon.colcon_core.environment:checking '/home/giorgio/Webots/install/cpp_pubsub/lib/python3.12/site-packages'
[22.603s] Level 1:colcon.colcon_core.environment:checking '/home/giorgio/Webots/install/cpp_pubsub/bin'
[22.604s] INFO:colcon.colcon_core.shell:Creating package descriptor '/home/giorgio/Webots/install/cpp_pubsub/share/cpp_pubsub/package.dsv'
[22.604s] INFO:colcon.colcon_core.shell:Creating package script '/home/giorgio/Webots/install/cpp_pubsub/share/cpp_pubsub/package.sh'
[22.604s] INFO:colcon.colcon_core.shell:Creating package script '/home/giorgio/Webots/install/cpp_pubsub/share/cpp_pubsub/package.bash'
[22.605s] INFO:colcon.colcon_core.shell:Creating package script '/home/giorgio/Webots/install/cpp_pubsub/share/cpp_pubsub/package.zsh'
[22.605s] Level 1:colcon.colcon_core.environment:create_file_with_runtime_dependencies(/home/giorgio/Webots/install/cpp_pubsub/share/colcon-core/packages/cpp_pubsub)
[22.605s] INFO:colcon.colcon_ros.task.ament_python.build:Building ROS package in '/home/giorgio/Webots/src/webots_hospital_youbot' with build type 'ament_python'
[22.605s] Level 1:colcon.colcon_core.shell:create_environment_hook('webots_hospital_youbot', 'ament_prefix_path')
[22.606s] INFO:colcon.colcon_core.shell:Creating environment descriptor '/home/giorgio/Webots/install/webots_hospital_youbot/share/webots_hospital_youbot/hook/ament_prefix_path.dsv'
[22.607s] INFO:colcon.colcon_core.shell:Creating environment hook '/home/giorgio/Webots/install/webots_hospital_youbot/share/webots_hospital_youbot/hook/ament_prefix_path.sh'
[22.608s] DEBUG:colcon.colcon_core.shell:Skip shell extension 'dsv' for command environment
[22.779s] INFO:colcon.colcon_core.task.python.build:Building Python package in '/home/giorgio/Webots/src/webots_hospital_youbot'
[22.779s] DEBUG:colcon.colcon_core.shell:Skip shell extension 'dsv' for command environment
[22.994s] DEBUG:colcon.colcon_core.event_handler.log_command:Invoking command in '/home/giorgio/Webots/src/webots_tutorial': DEBUGINFOD_URLS=https://debuginfod.ubuntu.com PYTHONPATH=/home/giorgio/Webots/build/webots/prefix_override:/usr/lib/python3/dist-packages/colcon_core/task/python/colcon_distutils_commands:/home/giorgio/Webots/install/webots/lib/python3.12/site-packages:${PYTHONPATH} /usr/bin/python3 -W ignore:setup.py install is deprecated -W ignore:easy_install command is deprecated setup.py egg_info --egg-base ../../build/webots build --build-base /home/giorgio/Webots/build/webots/build install --record /home/giorgio/Webots/build/webots/install.log --single-version-externally-managed install_data
[23.202s] DEBUG:colcon.colcon_core.event_handler.log_command:Invoking command in '/home/giorgio/Webots/src/webots_hospital_youbot': AMENT_PREFIX_PATH=/home/giorgio/Webots/install/rover_msgs:/home/giorgio/Webots/install/aurora_msgs:${AMENT_PREFIX_PATH} CMAKE_PREFIX_PATH=/home/giorgio/Webots/install/rover_msgs:/home/giorgio/Webots/install/aurora_msgs:${CMAKE_PREFIX_PATH} DEBUGINFOD_URLS=https://debuginfod.ubuntu.com LD_LIBRARY_PATH=/home/giorgio/Webots/install/rover_msgs/lib:/home/giorgio/Webots/install/aurora_msgs/lib:${LD_LIBRARY_PATH} PYTHONPATH=/home/giorgio/Webots/build/webots_hospital_youbot/prefix_override:/usr/lib/python3/dist-packages/colcon_core/task/python/colcon_distutils_commands:/home/giorgio/Webots/install/webots_hospital_youbot/lib/python3.12/site-packages:/home/giorgio/Webots/install/rover_msgs/lib/python3.12/site-packages:/home/giorgio/Webots/install/aurora_msgs/lib/python3.12/site-packages:${PYTHONPATH} /usr/bin/python3 -W ignore:setup.py install is deprecated -W ignore:easy_install command is deprecated setup.py egg_info --egg-base ../../build/webots_hospital_youbot build --build-base /home/giorgio/Webots/build/webots_hospital_youbot/build install --record /home/giorgio/Webots/build/webots_hospital_youbot/install.log --single-version-externally-managed install_data
[23.383s] Level 1:colcon.colcon_core.environment:checking '/home/giorgio/Webots/install/webots' for CMake module files
[23.384s] DEBUG:colcon.colcon_core.event_handler.log_command:Invoked command in '/home/giorgio/Webots/src/webots_tutorial' returned '0': DEBUGINFOD_URLS=https://debuginfod.ubuntu.com PYTHONPATH=/home/giorgio/Webots/build/webots/prefix_override:/usr/lib/python3/dist-packages/colcon_core/task/python/colcon_distutils_commands:/home/giorgio/Webots/install/webots/lib/python3.12/site-packages:${PYTHONPATH} /usr/bin/python3 -W ignore:setup.py install is deprecated -W ignore:easy_install command is deprecated setup.py egg_info --egg-base ../../build/webots build --build-base /home/giorgio/Webots/build/webots/build install --record /home/giorgio/Webots/build/webots/install.log --single-version-externally-managed install_data
[23.385s] Level 1:colcon.colcon_core.environment:checking '/home/giorgio/Webots/install/webots' for CMake config files
[23.386s] Level 1:colcon.colcon_core.environment:checking '/home/giorgio/Webots/install/webots/lib'
[23.386s] Level 1:colcon.colcon_core.environment:checking '/home/giorgio/Webots/install/webots/bin'
[23.386s] Level 1:colcon.colcon_core.environment:checking '/home/giorgio/Webots/install/webots/lib/pkgconfig/webots.pc'
[23.386s] Level 1:colcon.colcon_core.environment:checking '/home/giorgio/Webots/install/webots/lib/python3.12/site-packages'
[23.386s] Level 1:colcon.colcon_core.shell:create_environment_hook('webots', 'pythonpath')
[23.386s] INFO:colcon.colcon_core.shell:Creating environment descriptor '/home/giorgio/Webots/install/webots/share/webots/hook/pythonpath.dsv'
[23.386s] INFO:colcon.colcon_core.shell:Creating environment hook '/home/giorgio/Webots/install/webots/share/webots/hook/pythonpath.sh'
[23.387s] Level 1:colcon.colcon_core.environment:checking '/home/giorgio/Webots/install/webots/bin'
[23.387s] Level 1:colcon.colcon_core.environment:create_environment_scripts_only(webots)
[23.387s] INFO:colcon.colcon_core.shell:Creating package descriptor '/home/giorgio/Webots/install/webots/share/webots/package.dsv'
[23.387s] INFO:colcon.colcon_core.shell:Creating package script '/home/giorgio/Webots/install/webots/share/webots/package.sh'
[23.387s] INFO:colcon.colcon_core.shell:Creating package script '/home/giorgio/Webots/install/webots/share/webots/package.bash'
[23.388s] INFO:colcon.colcon_core.shell:Creating package script '/home/giorgio/Webots/install/webots/share/webots/package.zsh'
[23.388s] Level 1:colcon.colcon_core.environment:create_file_with_runtime_dependencies(/home/giorgio/Webots/install/webots/share/colcon-core/packages/webots)
[23.609s] Level 1:colcon.colcon_core.environment:checking '/home/giorgio/Webots/install/webots_hospital_youbot' for CMake module files
[23.609s] DEBUG:colcon.colcon_core.event_handler.log_command:Invoked command in '/home/giorgio/Webots/src/webots_hospital_youbot' returned '0': AMENT_PREFIX_PATH=/home/giorgio/Webots/install/rover_msgs:/home/giorgio/Webots/install/aurora_msgs:${AMENT_PREFIX_PATH} CMAKE_PREFIX_PATH=/home/giorgio/Webots/install/rover_msgs:/home/giorgio/Webots/install/aurora_msgs:${CMAKE_PREFIX_PATH} DEBUGINFOD_URLS=https://debuginfod.ubuntu.com LD_LIBRARY_PATH=/home/giorgio/Webots/install/rover_msgs/lib:/home/giorgio/Webots/install/aurora_msgs/lib:${LD_LIBRARY_PATH} PYTHONPATH=/home/giorgio/Webots/build/webots_hospital_youbot/prefix_override:/usr/lib/python3/dist-packages/colcon_core/task/python/colcon_distutils_commands:/home/giorgio/Webots/install/webots_hospital_youbot/lib/python3.12/site-packages:/home/giorgio/Webots/install/rover_msgs/lib/python3.12/site-packages:/home/giorgio/Webots/install/aurora_msgs/lib/python3.12/site-packages:${PYTHONPATH} /usr/bin/python3 -W ignore:setup.py install is deprecated -W ignore:easy_install command is deprecated setup.py egg_info --egg-base ../../build/webots_hospital_youbot build --build-base /home/giorgio/Webots/build/webots_hospital_youbot/build install --record /home/giorgio/Webots/build/webots_hospital_youbot/install.log --single-version-externally-managed install_data
[23.610s] Level 1:colcon.colcon_core.environment:checking '/home/giorgio/Webots/install/webots_hospital_youbot' for CMake config files
[23.610s] Level 1:colcon.colcon_core.environment:checking '/home/giorgio/Webots/install/webots_hospital_youbot/lib'
[23.610s] Level 1:colcon.colcon_core.environment:checking '/home/giorgio/Webots/install/webots_hospital_youbot/bin'
[23.610s] Level 1:colcon.colcon_core.environment:checking '/home/giorgio/Webots/install/webots_hospital_youbot/lib/pkgconfig/webots_hospital_youbot.pc'
[23.610s] Level 1:colcon.colcon_core.environment:checking '/home/giorgio/Webots/install/webots_hospital_youbot/lib/python3.12/site-packages'
[23.611s] Level 1:colcon.colcon_core.shell:create_environment_hook('webots_hospital_youbot', 'pythonpath')
[23.611s] INFO:colcon.colcon_core.shell:Creating environment descriptor '/home/giorgio/Webots/install/webots_hospital_youbot/share/webots_hospital_youbot/hook/pythonpath.dsv'
[23.611s] INFO:colcon.colcon_core.shell:Creating environment hook '/home/giorgio/Webots/install/webots_hospital_youbot/share/webots_hospital_youbot/hook/pythonpath.sh'
[23.611s] Level 1:colcon.colcon_core.environment:checking '/home/giorgio/Webots/install/webots_hospital_youbot/bin'
[23.611s] Level 1:colcon.colcon_core.environment:create_environment_scripts_only(webots_hospital_youbot)
[23.611s] INFO:colcon.colcon_core.shell:Creating package descriptor '/home/giorgio/Webots/install/webots_hospital_youbot/share/webots_hospital_youbot/package.dsv'
[23.612s] INFO:colcon.colcon_core.shell:Creating package script '/home/giorgio/Webots/install/webots_hospital_youbot/share/webots_hospital_youbot/package.sh'
[23.612s] INFO:colcon.colcon_core.shell:Creating package script '/home/giorgio/Webots/install/webots_hospital_youbot/share/webots_hospital_youbot/package.bash'
[23.612s] INFO:colcon.colcon_core.shell:Creating package script '/home/giorgio/Webots/install/webots_hospital_youbot/share/webots_hospital_youbot/package.zsh'
[23.612s] Level 1:colcon.colcon_core.environment:create_file_with_runtime_dependencies(/home/giorgio/Webots/install/webots_hospital_youbot/share/colcon-core/packages/webots_hospital_youbot)
[23.613s] DEBUG:colcon.colcon_parallel_executor.executor.parallel:closing loop
[23.613s] DEBUG:colcon.colcon_parallel_executor.executor.parallel:loop closed
[23.613s] DEBUG:colcon.colcon_parallel_executor.executor.parallel:run_until_complete finished with '0'
[23.613s] DEBUG:colcon.colcon_core.event_reactor:joining thread
[23.625s] INFO:colcon.colcon_core.plugin_system:Skipping extension 'colcon_notification.desktop_notification.terminal_notifier': Not used on non-Darwin systems
[23.625s] INFO:colcon.colcon_core.plugin_system:Skipping extension 'colcon_notification.desktop_notification.win32': Not used on non-Windows systems
[23.625s] INFO:colcon.colcon_notification.desktop_notification:Sending desktop notification using 'notify2'
[23.649s] DEBUG:colcon.colcon_core.event_reactor:joined thread
[23.649s] INFO:colcon.colcon_core.shell:Creating prefix script '/home/giorgio/Webots/install/local_setup.sh'
[23.650s] INFO:colcon.colcon_core.shell:Creating prefix util module '/home/giorgio/Webots/install/_local_setup_util_sh.py'
[23.651s] INFO:colcon.colcon_core.shell:Creating prefix chain script '/home/giorgio/Webots/install/setup.sh'
[23.652s] INFO:colcon.colcon_core.shell:Creating prefix script '/home/giorgio/Webots/install/local_setup.bash'
[23.653s] INFO:colcon.colcon_core.shell:Creating prefix chain script '/home/giorgio/Webots/install/setup.bash'
[23.654s] INFO:colcon.colcon_core.shell:Creating prefix script '/home/giorgio/Webots/install/local_setup.zsh'
[23.655s] INFO:colcon.colcon_core.shell:Creating prefix chain script '/home/giorgio/Webots/install/setup.zsh'
