[0.717s] Invoking command in '/home/giorgio/Webots/src/webots_tutorial': DEBUGINFOD_URLS=https://debuginfod.ubuntu.com PYTHONPATH=/home/giorgio/Webots/build/webots/prefix_override:/usr/lib/python3/dist-packages/colcon_core/task/python/colcon_distutils_commands:/home/giorgio/Webots/install/webots/lib/python3.12/site-packages:${PYTHONPATH} /usr/bin/python3 -W ignore:setup.py install is deprecated -W ignore:easy_install command is deprecated setup.py egg_info --egg-base ../../build/webots build --build-base /home/giorgio/Webots/build/webots/build install --record /home/giorgio/Webots/build/webots/install.log --single-version-externally-managed install_data
[0.908s] running egg_info
[0.921s] writing ../../build/webots/webots.egg-info/PKG-INFO
[0.924s] writing dependency_links to ../../build/webots/webots.egg-info/dependency_links.txt
[0.924s] writing requirements to ../../build/webots/webots.egg-info/requires.txt
[0.924s] writing top-level names to ../../build/webots/webots.egg-info/top_level.txt
[0.949s] reading manifest file '../../build/webots/webots.egg-info/SOURCES.txt'
[0.950s] adding license file 'LICENSE'
[0.951s] writing manifest file '../../build/webots/webots.egg-info/SOURCES.txt'
[0.951s] running build
[0.951s] running build_py
[0.954s] running install
[0.957s] running install_lib
[0.972s] running install_data
[0.974s] running install_egg_info
[0.988s] removing '/home/giorgio/Webots/install/webots/lib/python3.12/site-packages/webots-0.0.0-py3.12.egg-info' (and everything under it)
[0.988s] Copying ../../build/webots/webots.egg-info to /home/giorgio/Webots/install/webots/lib/python3.12/site-packages/webots-0.0.0-py3.12.egg-info
[0.990s] running install_scripts
[1.080s] writing list of installed files to '/home/giorgio/Webots/build/webots/install.log'
[1.111s] Invoked command in '/home/giorgio/Webots/src/webots_tutorial' returned '0': DEBUGINFOD_URLS=https://debuginfod.ubuntu.com PYTHONPATH=/home/giorgio/Webots/build/webots/prefix_override:/usr/lib/python3/dist-packages/colcon_core/task/python/colcon_distutils_commands:/home/giorgio/Webots/install/webots/lib/python3.12/site-packages:${PYTHONPATH} /usr/bin/python3 -W ignore:setup.py install is deprecated -W ignore:easy_install command is deprecated setup.py egg_info --egg-base ../../build/webots build --build-base /home/giorgio/Webots/build/webots/build install --record /home/giorgio/Webots/build/webots/install.log --single-version-externally-managed install_data
