/home/giorgio/Webots/install/webots_hospital_youbot/lib/python3.12/site-packages/webots_hospital_youbot/driver.py
/home/giorgio/Webots/install/webots_hospital_youbot/lib/python3.12/site-packages/webots_hospital_youbot/__init__.py
/home/giorgio/Webots/install/webots_hospital_youbot/lib/python3.12/site-packages/webots_hospital_youbot/driver_giorgio.py
/home/giorgio/Webots/install/webots_hospital_youbot/lib/python3.12/site-packages/webots_hospital_youbot/teleop_keyboard.py
/home/giorgio/Webots/install/webots_hospital_youbot/lib/python3.12/site-packages/webots_hospital_youbot/YoubotMove.py
/home/giorgio/Webots/install/webots_hospital_youbot/lib/python3.12/site-packages/webots_hospital_youbot/human_driver.py
/home/giorgio/Webots/install/webots_hospital_youbot/lib/python3.12/site-packages/webots_hospital_youbot/__pycache__/driver.cpython-312.pyc
/home/giorgio/Webots/install/webots_hospital_youbot/lib/python3.12/site-packages/webots_hospital_youbot/__pycache__/__init__.cpython-312.pyc
/home/giorgio/Webots/install/webots_hospital_youbot/lib/python3.12/site-packages/webots_hospital_youbot/__pycache__/driver_giorgio.cpython-312.pyc
/home/giorgio/Webots/install/webots_hospital_youbot/lib/python3.12/site-packages/webots_hospital_youbot/__pycache__/teleop_keyboard.cpython-312.pyc
/home/giorgio/Webots/install/webots_hospital_youbot/lib/python3.12/site-packages/webots_hospital_youbot/__pycache__/YoubotMove.cpython-312.pyc
/home/giorgio/Webots/install/webots_hospital_youbot/lib/python3.12/site-packages/webots_hospital_youbot/__pycache__/human_driver.cpython-312.pyc
/home/giorgio/Webots/install/webots_hospital_youbot/share/ament_index/resource_index/packages/webots_hospital_youbot
/home/giorgio/Webots/install/webots_hospital_youbot/share/webots_hospital_youbot/launch/slam_launch.py
/home/giorgio/Webots/install/webots_hospital_youbot/share/webots_hospital_youbot/launch/localization_launch.py
/home/giorgio/Webots/install/webots_hospital_youbot/share/webots_hospital_youbot/worlds/webots_hospital_youbot.wbt
/home/giorgio/Webots/install/webots_hospital_youbot/share/webots_hospital_youbot/resource/YoubotBase_localization.urdf
/home/giorgio/Webots/install/webots_hospital_youbot/share/webots_hospital_youbot/resource/YoubotBase_slam.urdf
/home/giorgio/Webots/install/webots_hospital_youbot/share/webots_hospital_youbot/resource/human.urdf
/home/giorgio/Webots/install/webots_hospital_youbot/share/webots_hospital_youbot/package.xml
/home/giorgio/Webots/install/webots_hospital_youbot/lib/python3.12/site-packages/webots_hospital_youbot-0.0.0-py3.12.egg-info/PKG-INFO
/home/giorgio/Webots/install/webots_hospital_youbot/lib/python3.12/site-packages/webots_hospital_youbot-0.0.0-py3.12.egg-info/dependency_links.txt
/home/giorgio/Webots/install/webots_hospital_youbot/lib/python3.12/site-packages/webots_hospital_youbot-0.0.0-py3.12.egg-info/SOURCES.txt
/home/giorgio/Webots/install/webots_hospital_youbot/lib/python3.12/site-packages/webots_hospital_youbot-0.0.0-py3.12.egg-info/zip-safe
/home/giorgio/Webots/install/webots_hospital_youbot/lib/python3.12/site-packages/webots_hospital_youbot-0.0.0-py3.12.egg-info/requires.txt
/home/giorgio/Webots/install/webots_hospital_youbot/lib/python3.12/site-packages/webots_hospital_youbot-0.0.0-py3.12.egg-info/top_level.txt
/home/giorgio/Webots/install/webots_hospital_youbot/lib/python3.12/site-packages/webots_hospital_youbot-0.0.0-py3.12.egg-info/entry_points.txt
/home/giorgio/Webots/install/webots_hospital_youbot/lib/webots_hospital_Youbot/driver
/home/giorgio/Webots/install/webots_hospital_youbot/lib/webots_hospital_Youbot/human_driver
/home/giorgio/Webots/install/webots_hospital_youbot/lib/webots_hospital_Youbot/youbot_move
