[  2%] Built target aurora_msgs__rosidl_generator_type_description
[  2%] Built target ament_cmake_python_copy_aurora_msgs
[  4%] Built target aurora_msgs__cpp
[ 22%] Built target aurora_msgs__rosidl_generator_c
[ 31%] Built target aurora_msgs__rosidl_typesupport_cpp
[ 40%] Built target aurora_msgs__rosidl_typesupport_fastrtps_c
[ 50%] Built target aurora_msgs__rosidl_typesupport_fastrtps_cpp
[ 59%] Built target aurora_msgs__rosidl_typesupport_introspection_c
[ 68%] Built target aurora_msgs__rosidl_typesupport_c
[ 77%] Built target aurora_msgs__rosidl_typesupport_introspection_cpp
[ 77%] Built target aurora_msgs
running egg_info
writing aurora_msgs.egg-info/PKG-INFO
writing dependency_links to aurora_msgs.egg-info/dependency_links.txt
writing top-level names to aurora_msgs.egg-info/top_level.txt
[ 79%] Built target aurora_msgs__py
[ 86%] Built target aurora_msgs__rosidl_generator_py
reading manifest file 'aurora_msgs.egg-info/SOURCES.txt'
writing manifest file 'aurora_msgs.egg-info/SOURCES.txt'
[ 90%] Built target aurora_msgs_s__rosidl_typesupport_fastrtps_c
[ 90%] Built target ament_cmake_python_build_aurora_msgs_egg
[ 95%] Built target aurora_msgs_s__rosidl_typesupport_introspection_c
[100%] Built target aurora_msgs_s__rosidl_typesupport_c
-- Install configuration: ""
-- Up-to-date: /home/giorgio/Webots/install/aurora_msgs/share/ament_index/resource_index/rosidl_interfaces/aurora_msgs
-- Up-to-date: /home/giorgio/Webots/install/aurora_msgs/share/aurora_msgs/msg/Object3D.json
-- Up-to-date: /home/giorgio/Webots/install/aurora_msgs/share/aurora_msgs/msg/Object3DArray.json
-- Up-to-date: /home/giorgio/Webots/install/aurora_msgs/include/aurora_msgs/aurora_msgs
-- Up-to-date: /home/giorgio/Webots/install/aurora_msgs/include/aurora_msgs/aurora_msgs/msg
-- Up-to-date: /home/giorgio/Webots/install/aurora_msgs/include/aurora_msgs/aurora_msgs/msg/rosidl_generator_c__visibility_control.h
-- Up-to-date: /home/giorgio/Webots/install/aurora_msgs/include/aurora_msgs/aurora_msgs/msg/object3_d_array.h
-- Up-to-date: /home/giorgio/Webots/install/aurora_msgs/include/aurora_msgs/aurora_msgs/msg/detail
-- Up-to-date: /home/giorgio/Webots/install/aurora_msgs/include/aurora_msgs/aurora_msgs/msg/detail/object3_d_array__functions.c
-- Up-to-date: /home/giorgio/Webots/install/aurora_msgs/include/aurora_msgs/aurora_msgs/msg/detail/object3_d_array__functions.h
-- Up-to-date: /home/giorgio/Webots/install/aurora_msgs/include/aurora_msgs/aurora_msgs/msg/detail/object3_d__description.c
-- Installing: /home/giorgio/Webots/install/aurora_msgs/include/aurora_msgs/aurora_msgs/msg/detail/object3_d__type_support.c
-- Up-to-date: /home/giorgio/Webots/install/aurora_msgs/include/aurora_msgs/aurora_msgs/msg/detail/object3_d_array__struct.h
-- Up-to-date: /home/giorgio/Webots/install/aurora_msgs/include/aurora_msgs/aurora_msgs/msg/detail/object3_d__struct.h
-- Up-to-date: /home/giorgio/Webots/install/aurora_msgs/include/aurora_msgs/aurora_msgs/msg/detail/object3_d_array__type_support.h
-- Installing: /home/giorgio/Webots/install/aurora_msgs/include/aurora_msgs/aurora_msgs/msg/detail/object3_d_array__type_support.c
-- Up-to-date: /home/giorgio/Webots/install/aurora_msgs/include/aurora_msgs/aurora_msgs/msg/detail/object3_d_array__description.c
-- Up-to-date: /home/giorgio/Webots/install/aurora_msgs/include/aurora_msgs/aurora_msgs/msg/detail/object3_d__type_support.h
-- Up-to-date: /home/giorgio/Webots/install/aurora_msgs/include/aurora_msgs/aurora_msgs/msg/detail/object3_d__functions.h
-- Up-to-date: /home/giorgio/Webots/install/aurora_msgs/include/aurora_msgs/aurora_msgs/msg/detail/object3_d__functions.c
-- Up-to-date: /home/giorgio/Webots/install/aurora_msgs/include/aurora_msgs/aurora_msgs/msg/object3_d.h
-- Up-to-date: /home/giorgio/Webots/install/aurora_msgs/share/aurora_msgs/environment/library_path.sh
-- Up-to-date: /home/giorgio/Webots/install/aurora_msgs/share/aurora_msgs/environment/library_path.dsv
-- Up-to-date: /home/giorgio/Webots/install/aurora_msgs/lib/libaurora_msgs__rosidl_generator_c.so
-- Up-to-date: /home/giorgio/Webots/install/aurora_msgs/include/aurora_msgs/aurora_msgs
-- Up-to-date: /home/giorgio/Webots/install/aurora_msgs/include/aurora_msgs/aurora_msgs/msg
-- Up-to-date: /home/giorgio/Webots/install/aurora_msgs/include/aurora_msgs/aurora_msgs/msg/detail
-- Up-to-date: /home/giorgio/Webots/install/aurora_msgs/include/aurora_msgs/aurora_msgs/msg/detail/object3_d__rosidl_typesupport_fastrtps_c.h
-- Up-to-date: /home/giorgio/Webots/install/aurora_msgs/include/aurora_msgs/aurora_msgs/msg/detail/object3_d_array__rosidl_typesupport_fastrtps_c.h
-- Up-to-date: /home/giorgio/Webots/install/aurora_msgs/include/aurora_msgs/aurora_msgs/msg/rosidl_typesupport_fastrtps_c__visibility_control.h
-- Up-to-date: /home/giorgio/Webots/install/aurora_msgs/lib/libaurora_msgs__rosidl_typesupport_fastrtps_c.so
-- Up-to-date: /home/giorgio/Webots/install/aurora_msgs/include/aurora_msgs/aurora_msgs
-- Up-to-date: /home/giorgio/Webots/install/aurora_msgs/include/aurora_msgs/aurora_msgs/msg
-- Up-to-date: /home/giorgio/Webots/install/aurora_msgs/include/aurora_msgs/aurora_msgs/msg/object3_d_array.hpp
-- Up-to-date: /home/giorgio/Webots/install/aurora_msgs/include/aurora_msgs/aurora_msgs/msg/detail
-- Up-to-date: /home/giorgio/Webots/install/aurora_msgs/include/aurora_msgs/aurora_msgs/msg/detail/object3_d_array__traits.hpp
-- Up-to-date: /home/giorgio/Webots/install/aurora_msgs/include/aurora_msgs/aurora_msgs/msg/detail/object3_d__traits.hpp
-- Up-to-date: /home/giorgio/Webots/install/aurora_msgs/include/aurora_msgs/aurora_msgs/msg/detail/object3_d_array__builder.hpp
-- Up-to-date: /home/giorgio/Webots/install/aurora_msgs/include/aurora_msgs/aurora_msgs/msg/detail/object3_d_array__type_support.hpp
-- Up-to-date: /home/giorgio/Webots/install/aurora_msgs/include/aurora_msgs/aurora_msgs/msg/detail/object3_d_array__struct.hpp
-- Up-to-date: /home/giorgio/Webots/install/aurora_msgs/include/aurora_msgs/aurora_msgs/msg/detail/object3_d__struct.hpp
-- Up-to-date: /home/giorgio/Webots/install/aurora_msgs/include/aurora_msgs/aurora_msgs/msg/detail/object3_d__builder.hpp
-- Up-to-date: /home/giorgio/Webots/install/aurora_msgs/include/aurora_msgs/aurora_msgs/msg/detail/object3_d__type_support.hpp
-- Up-to-date: /home/giorgio/Webots/install/aurora_msgs/include/aurora_msgs/aurora_msgs/msg/rosidl_generator_cpp__visibility_control.hpp
-- Up-to-date: /home/giorgio/Webots/install/aurora_msgs/include/aurora_msgs/aurora_msgs/msg/object3_d.hpp
-- Up-to-date: /home/giorgio/Webots/install/aurora_msgs/include/aurora_msgs/aurora_msgs
-- Up-to-date: /home/giorgio/Webots/install/aurora_msgs/include/aurora_msgs/aurora_msgs/msg
-- Up-to-date: /home/giorgio/Webots/install/aurora_msgs/include/aurora_msgs/aurora_msgs/msg/detail
-- Up-to-date: /home/giorgio/Webots/install/aurora_msgs/include/aurora_msgs/aurora_msgs/msg/detail/dds_fastrtps
-- Up-to-date: /home/giorgio/Webots/install/aurora_msgs/include/aurora_msgs/aurora_msgs/msg/detail/object3_d__rosidl_typesupport_fastrtps_cpp.hpp
-- Up-to-date: /home/giorgio/Webots/install/aurora_msgs/include/aurora_msgs/aurora_msgs/msg/detail/object3_d_array__rosidl_typesupport_fastrtps_cpp.hpp
-- Up-to-date: /home/giorgio/Webots/install/aurora_msgs/include/aurora_msgs/aurora_msgs/msg/rosidl_typesupport_fastrtps_cpp__visibility_control.h
-- Up-to-date: /home/giorgio/Webots/install/aurora_msgs/lib/libaurora_msgs__rosidl_typesupport_fastrtps_cpp.so
-- Up-to-date: /home/giorgio/Webots/install/aurora_msgs/include/aurora_msgs/aurora_msgs
-- Up-to-date: /home/giorgio/Webots/install/aurora_msgs/include/aurora_msgs/aurora_msgs/msg
-- Up-to-date: /home/giorgio/Webots/install/aurora_msgs/include/aurora_msgs/aurora_msgs/msg/rosidl_typesupport_introspection_c__visibility_control.h
-- Up-to-date: /home/giorgio/Webots/install/aurora_msgs/include/aurora_msgs/aurora_msgs/msg/detail
-- Installing: /home/giorgio/Webots/install/aurora_msgs/include/aurora_msgs/aurora_msgs/msg/detail/object3_d__type_support.c
-- Installing: /home/giorgio/Webots/install/aurora_msgs/include/aurora_msgs/aurora_msgs/msg/detail/object3_d_array__type_support.c
-- Up-to-date: /home/giorgio/Webots/install/aurora_msgs/include/aurora_msgs/aurora_msgs/msg/detail/object3_d_array__rosidl_typesupport_introspection_c.h
-- Up-to-date: /home/giorgio/Webots/install/aurora_msgs/include/aurora_msgs/aurora_msgs/msg/detail/object3_d__rosidl_typesupport_introspection_c.h
-- Up-to-date: /home/giorgio/Webots/install/aurora_msgs/lib/libaurora_msgs__rosidl_typesupport_introspection_c.so
-- Up-to-date: /home/giorgio/Webots/install/aurora_msgs/lib/libaurora_msgs__rosidl_typesupport_c.so
-- Up-to-date: /home/giorgio/Webots/install/aurora_msgs/include/aurora_msgs/aurora_msgs
-- Up-to-date: /home/giorgio/Webots/install/aurora_msgs/include/aurora_msgs/aurora_msgs/msg
-- Up-to-date: /home/giorgio/Webots/install/aurora_msgs/include/aurora_msgs/aurora_msgs/msg/detail
-- Up-to-date: /home/giorgio/Webots/install/aurora_msgs/include/aurora_msgs/aurora_msgs/msg/detail/object3_d_array__type_support.cpp
-- Up-to-date: /home/giorgio/Webots/install/aurora_msgs/include/aurora_msgs/aurora_msgs/msg/detail/object3_d_array__rosidl_typesupport_introspection_cpp.hpp
-- Up-to-date: /home/giorgio/Webots/install/aurora_msgs/include/aurora_msgs/aurora_msgs/msg/detail/object3_d__type_support.cpp
-- Up-to-date: /home/giorgio/Webots/install/aurora_msgs/include/aurora_msgs/aurora_msgs/msg/detail/object3_d__rosidl_typesupport_introspection_cpp.hpp
-- Up-to-date: /home/giorgio/Webots/install/aurora_msgs/lib/libaurora_msgs__rosidl_typesupport_introspection_cpp.so
-- Up-to-date: /home/giorgio/Webots/install/aurora_msgs/lib/libaurora_msgs__rosidl_typesupport_cpp.so
-- Up-to-date: /home/giorgio/Webots/install/aurora_msgs/share/aurora_msgs/environment/pythonpath.sh
-- Up-to-date: /home/giorgio/Webots/install/aurora_msgs/share/aurora_msgs/environment/pythonpath.dsv
-- Up-to-date: /home/giorgio/Webots/install/aurora_msgs/lib/python3.12/site-packages/aurora_msgs-5.0.4-py3.12.egg-info
-- Installing: /home/giorgio/Webots/install/aurora_msgs/lib/python3.12/site-packages/aurora_msgs-5.0.4-py3.12.egg-info/PKG-INFO
-- Installing: /home/giorgio/Webots/install/aurora_msgs/lib/python3.12/site-packages/aurora_msgs-5.0.4-py3.12.egg-info/dependency_links.txt
-- Installing: /home/giorgio/Webots/install/aurora_msgs/lib/python3.12/site-packages/aurora_msgs-5.0.4-py3.12.egg-info/SOURCES.txt
-- Installing: /home/giorgio/Webots/install/aurora_msgs/lib/python3.12/site-packages/aurora_msgs-5.0.4-py3.12.egg-info/top_level.txt
-- Up-to-date: /home/giorgio/Webots/install/aurora_msgs/lib/python3.12/site-packages/aurora_msgs
-- Up-to-date: /home/giorgio/Webots/install/aurora_msgs/lib/python3.12/site-packages/aurora_msgs/aurora_msgs_s__rosidl_typesupport_c.so
-- Up-to-date: /home/giorgio/Webots/install/aurora_msgs/lib/python3.12/site-packages/aurora_msgs/msg
-- Up-to-date: /home/giorgio/Webots/install/aurora_msgs/lib/python3.12/site-packages/aurora_msgs/msg/__init__.py
-- Up-to-date: /home/giorgio/Webots/install/aurora_msgs/lib/python3.12/site-packages/aurora_msgs/msg/_object3_d.py
-- Up-to-date: /home/giorgio/Webots/install/aurora_msgs/lib/python3.12/site-packages/aurora_msgs/msg/_object3_d_array_s.c
-- Up-to-date: /home/giorgio/Webots/install/aurora_msgs/lib/python3.12/site-packages/aurora_msgs/msg/_object3_d_array.py
-- Up-to-date: /home/giorgio/Webots/install/aurora_msgs/lib/python3.12/site-packages/aurora_msgs/msg/_object3_d_s.c
-- Up-to-date: /home/giorgio/Webots/install/aurora_msgs/lib/python3.12/site-packages/aurora_msgs/__init__.py
-- Up-to-date: /home/giorgio/Webots/install/aurora_msgs/lib/python3.12/site-packages/aurora_msgs/_aurora_msgs_s.ep.rosidl_typesupport_introspection_c.c
-- Up-to-date: /home/giorgio/Webots/install/aurora_msgs/lib/python3.12/site-packages/aurora_msgs/_aurora_msgs_s.ep.rosidl_typesupport_fastrtps_c.c
-- Up-to-date: /home/giorgio/Webots/install/aurora_msgs/lib/python3.12/site-packages/aurora_msgs/aurora_msgs_s__rosidl_typesupport_introspection_c.so
-- Up-to-date: /home/giorgio/Webots/install/aurora_msgs/lib/python3.12/site-packages/aurora_msgs/_aurora_msgs_s.ep.rosidl_typesupport_c.c
-- Up-to-date: /home/giorgio/Webots/install/aurora_msgs/lib/python3.12/site-packages/aurora_msgs/aurora_msgs_s__rosidl_typesupport_fastrtps_c.so
Listing '/home/giorgio/Webots/install/aurora_msgs/lib/python3.12/site-packages/aurora_msgs'...
Listing '/home/giorgio/Webots/install/aurora_msgs/lib/python3.12/site-packages/aurora_msgs/msg'...
-- Up-to-date: /home/giorgio/Webots/install/aurora_msgs/lib/python3.12/site-packages/aurora_msgs/aurora_msgs_s__rosidl_typesupport_fastrtps_c.so
-- Up-to-date: /home/giorgio/Webots/install/aurora_msgs/lib/python3.12/site-packages/aurora_msgs/aurora_msgs_s__rosidl_typesupport_introspection_c.so
-- Up-to-date: /home/giorgio/Webots/install/aurora_msgs/lib/python3.12/site-packages/aurora_msgs/aurora_msgs_s__rosidl_typesupport_c.so
-- Up-to-date: /home/giorgio/Webots/install/aurora_msgs/lib/libaurora_msgs__rosidl_generator_py.so
-- Up-to-date: /home/giorgio/Webots/install/aurora_msgs/share/aurora_msgs/msg/Object3D.idl
-- Up-to-date: /home/giorgio/Webots/install/aurora_msgs/share/aurora_msgs/msg/Object3DArray.idl
-- Up-to-date: /home/giorgio/Webots/install/aurora_msgs/share/aurora_msgs/msg/Object3D.msg
-- Up-to-date: /home/giorgio/Webots/install/aurora_msgs/share/aurora_msgs/msg/Object3DArray.msg
-- Up-to-date: /home/giorgio/Webots/install/aurora_msgs/share/ament_index/resource_index/package_run_dependencies/aurora_msgs
-- Up-to-date: /home/giorgio/Webots/install/aurora_msgs/share/ament_index/resource_index/parent_prefix_path/aurora_msgs
-- Up-to-date: /home/giorgio/Webots/install/aurora_msgs/share/aurora_msgs/environment/ament_prefix_path.sh
-- Up-to-date: /home/giorgio/Webots/install/aurora_msgs/share/aurora_msgs/environment/ament_prefix_path.dsv
-- Up-to-date: /home/giorgio/Webots/install/aurora_msgs/share/aurora_msgs/environment/path.sh
-- Up-to-date: /home/giorgio/Webots/install/aurora_msgs/share/aurora_msgs/environment/path.dsv
-- Up-to-date: /home/giorgio/Webots/install/aurora_msgs/share/aurora_msgs/local_setup.bash
-- Up-to-date: /home/giorgio/Webots/install/aurora_msgs/share/aurora_msgs/local_setup.sh
-- Up-to-date: /home/giorgio/Webots/install/aurora_msgs/share/aurora_msgs/local_setup.zsh
-- Up-to-date: /home/giorgio/Webots/install/aurora_msgs/share/aurora_msgs/local_setup.dsv
-- Installing: /home/giorgio/Webots/install/aurora_msgs/share/aurora_msgs/package.dsv
-- Up-to-date: /home/giorgio/Webots/install/aurora_msgs/share/ament_index/resource_index/packages/aurora_msgs
-- Up-to-date: /home/giorgio/Webots/install/aurora_msgs/share/aurora_msgs/cmake/export_aurora_msgs__rosidl_generator_cExport.cmake
-- Up-to-date: /home/giorgio/Webots/install/aurora_msgs/share/aurora_msgs/cmake/export_aurora_msgs__rosidl_generator_cExport-noconfig.cmake
-- Up-to-date: /home/giorgio/Webots/install/aurora_msgs/share/aurora_msgs/cmake/export_aurora_msgs__rosidl_typesupport_fastrtps_cExport.cmake
-- Up-to-date: /home/giorgio/Webots/install/aurora_msgs/share/aurora_msgs/cmake/export_aurora_msgs__rosidl_typesupport_fastrtps_cExport-noconfig.cmake
-- Up-to-date: /home/giorgio/Webots/install/aurora_msgs/share/aurora_msgs/cmake/export_aurora_msgs__rosidl_generator_cppExport.cmake
-- Up-to-date: /home/giorgio/Webots/install/aurora_msgs/share/aurora_msgs/cmake/export_aurora_msgs__rosidl_typesupport_fastrtps_cppExport.cmake
-- Up-to-date: /home/giorgio/Webots/install/aurora_msgs/share/aurora_msgs/cmake/export_aurora_msgs__rosidl_typesupport_fastrtps_cppExport-noconfig.cmake
-- Up-to-date: /home/giorgio/Webots/install/aurora_msgs/share/aurora_msgs/cmake/aurora_msgs__rosidl_typesupport_introspection_cExport.cmake
-- Up-to-date: /home/giorgio/Webots/install/aurora_msgs/share/aurora_msgs/cmake/aurora_msgs__rosidl_typesupport_introspection_cExport-noconfig.cmake
-- Up-to-date: /home/giorgio/Webots/install/aurora_msgs/share/aurora_msgs/cmake/aurora_msgs__rosidl_typesupport_cExport.cmake
-- Up-to-date: /home/giorgio/Webots/install/aurora_msgs/share/aurora_msgs/cmake/aurora_msgs__rosidl_typesupport_cExport-noconfig.cmake
-- Up-to-date: /home/giorgio/Webots/install/aurora_msgs/share/aurora_msgs/cmake/aurora_msgs__rosidl_typesupport_introspection_cppExport.cmake
-- Up-to-date: /home/giorgio/Webots/install/aurora_msgs/share/aurora_msgs/cmake/aurora_msgs__rosidl_typesupport_introspection_cppExport-noconfig.cmake
-- Up-to-date: /home/giorgio/Webots/install/aurora_msgs/share/aurora_msgs/cmake/aurora_msgs__rosidl_typesupport_cppExport.cmake
-- Up-to-date: /home/giorgio/Webots/install/aurora_msgs/share/aurora_msgs/cmake/aurora_msgs__rosidl_typesupport_cppExport-noconfig.cmake
-- Up-to-date: /home/giorgio/Webots/install/aurora_msgs/share/aurora_msgs/cmake/export_aurora_msgs__rosidl_generator_pyExport.cmake
-- Up-to-date: /home/giorgio/Webots/install/aurora_msgs/share/aurora_msgs/cmake/export_aurora_msgs__rosidl_generator_pyExport-noconfig.cmake
-- Up-to-date: /home/giorgio/Webots/install/aurora_msgs/share/aurora_msgs/cmake/rosidl_cmake-extras.cmake
-- Up-to-date: /home/giorgio/Webots/install/aurora_msgs/share/aurora_msgs/cmake/ament_cmake_export_dependencies-extras.cmake
-- Up-to-date: /home/giorgio/Webots/install/aurora_msgs/share/aurora_msgs/cmake/ament_cmake_export_include_directories-extras.cmake
-- Up-to-date: /home/giorgio/Webots/install/aurora_msgs/share/aurora_msgs/cmake/ament_cmake_export_libraries-extras.cmake
-- Up-to-date: /home/giorgio/Webots/install/aurora_msgs/share/aurora_msgs/cmake/ament_cmake_export_targets-extras.cmake
-- Up-to-date: /home/giorgio/Webots/install/aurora_msgs/share/aurora_msgs/cmake/rosidl_cmake_export_typesupport_targets-extras.cmake
-- Up-to-date: /home/giorgio/Webots/install/aurora_msgs/share/aurora_msgs/cmake/rosidl_cmake_export_typesupport_libraries-extras.cmake
-- Up-to-date: /home/giorgio/Webots/install/aurora_msgs/share/aurora_msgs/cmake/aurora_msgsConfig.cmake
-- Up-to-date: /home/giorgio/Webots/install/aurora_msgs/share/aurora_msgs/cmake/aurora_msgsConfig-version.cmake
-- Up-to-date: /home/giorgio/Webots/install/aurora_msgs/share/aurora_msgs/package.xml
