[0.020s] Invoking command in '/home/giorgio/Webots/build/aurora_msgs': CMAKE_PREFIX_PATH=${CMAKE_PREFIX_PATH}:/home/giorgio/Webots/install/webots_hospital_youbot:/home/giorgio/Webots/install/webots:/home/giorgio/Webots/install/util:/opt/ros/jazzy DEBUGINFOD_URLS=https://debuginfod.ubuntu.com /usr/bin/cmake --build /home/giorgio/Webots/build/aurora_msgs -- -j2 -l2
[0.093s] [  2%] Built target aurora_msgs__rosidl_generator_type_description
[0.115s] [  2%] Built target ament_cmake_python_copy_aurora_msgs
[0.141s] [  4%] Built target aurora_msgs__cpp
[0.168s] [ 22%] Built target aurora_msgs__rosidl_generator_c
[0.223s] [ 31%] Built target aurora_msgs__rosidl_typesupport_cpp
[0.271s] [ 40%] Built target aurora_msgs__rosidl_typesupport_fastrtps_c
[0.321s] [ 50%] Built target aurora_msgs__rosidl_typesupport_fastrtps_cpp
[0.365s] [ 59%] Built target aurora_msgs__rosidl_typesupport_introspection_c
[0.411s] [ 68%] Built target aurora_msgs__rosidl_typesupport_c
[0.458s] [ 77%] Built target aurora_msgs__rosidl_typesupport_introspection_cpp
[0.496s] [ 77%] Built target aurora_msgs
[0.511s] running egg_info
[0.542s] writing aurora_msgs.egg-info/PKG-INFO
[0.542s] writing dependency_links to aurora_msgs.egg-info/dependency_links.txt
[0.544s] writing top-level names to aurora_msgs.egg-info/top_level.txt
[0.547s] [ 79%] Built target aurora_msgs__py
[0.598s] [ 86%] Built target aurora_msgs__rosidl_generator_py
[0.602s] reading manifest file 'aurora_msgs.egg-info/SOURCES.txt'
[0.605s] writing manifest file 'aurora_msgs.egg-info/SOURCES.txt'
[0.652s] [ 90%] Built target aurora_msgs_s__rosidl_typesupport_fastrtps_c
[0.655s] [ 90%] Built target ament_cmake_python_build_aurora_msgs_egg
[0.689s] [ 95%] Built target aurora_msgs_s__rosidl_typesupport_introspection_c
[0.691s] [100%] Built target aurora_msgs_s__rosidl_typesupport_c
[0.703s] Invoked command in '/home/giorgio/Webots/build/aurora_msgs' returned '0': CMAKE_PREFIX_PATH=${CMAKE_PREFIX_PATH}:/home/giorgio/Webots/install/webots_hospital_youbot:/home/giorgio/Webots/install/webots:/home/giorgio/Webots/install/util:/opt/ros/jazzy DEBUGINFOD_URLS=https://debuginfod.ubuntu.com /usr/bin/cmake --build /home/giorgio/Webots/build/aurora_msgs -- -j2 -l2
[0.716s] Invoking command in '/home/giorgio/Webots/build/aurora_msgs': CMAKE_PREFIX_PATH=${CMAKE_PREFIX_PATH}:/home/giorgio/Webots/install/webots_hospital_youbot:/home/giorgio/Webots/install/webots:/home/giorgio/Webots/install/util:/opt/ros/jazzy DEBUGINFOD_URLS=https://debuginfod.ubuntu.com /usr/bin/cmake --install /home/giorgio/Webots/build/aurora_msgs
[0.727s] -- Install configuration: ""
[0.728s] -- Up-to-date: /home/giorgio/Webots/install/aurora_msgs/share/ament_index/resource_index/rosidl_interfaces/aurora_msgs
[0.728s] -- Up-to-date: /home/giorgio/Webots/install/aurora_msgs/share/aurora_msgs/msg/Object3D.json
[0.728s] -- Up-to-date: /home/giorgio/Webots/install/aurora_msgs/share/aurora_msgs/msg/Object3DArray.json
[0.728s] -- Up-to-date: /home/giorgio/Webots/install/aurora_msgs/include/aurora_msgs/aurora_msgs
[0.728s] -- Up-to-date: /home/giorgio/Webots/install/aurora_msgs/include/aurora_msgs/aurora_msgs/msg
[0.728s] -- Up-to-date: /home/giorgio/Webots/install/aurora_msgs/include/aurora_msgs/aurora_msgs/msg/rosidl_generator_c__visibility_control.h
[0.728s] -- Up-to-date: /home/giorgio/Webots/install/aurora_msgs/include/aurora_msgs/aurora_msgs/msg/object3_d_array.h
[0.728s] -- Up-to-date: /home/giorgio/Webots/install/aurora_msgs/include/aurora_msgs/aurora_msgs/msg/detail
[0.729s] -- Up-to-date: /home/giorgio/Webots/install/aurora_msgs/include/aurora_msgs/aurora_msgs/msg/detail/object3_d_array__functions.c
[0.729s] -- Up-to-date: /home/giorgio/Webots/install/aurora_msgs/include/aurora_msgs/aurora_msgs/msg/detail/object3_d_array__functions.h
[0.729s] -- Up-to-date: /home/giorgio/Webots/install/aurora_msgs/include/aurora_msgs/aurora_msgs/msg/detail/object3_d__description.c
[0.729s] -- Installing: /home/giorgio/Webots/install/aurora_msgs/include/aurora_msgs/aurora_msgs/msg/detail/object3_d__type_support.c
[0.729s] -- Up-to-date: /home/giorgio/Webots/install/aurora_msgs/include/aurora_msgs/aurora_msgs/msg/detail/object3_d_array__struct.h
[0.729s] -- Up-to-date: /home/giorgio/Webots/install/aurora_msgs/include/aurora_msgs/aurora_msgs/msg/detail/object3_d__struct.h
[0.729s] -- Up-to-date: /home/giorgio/Webots/install/aurora_msgs/include/aurora_msgs/aurora_msgs/msg/detail/object3_d_array__type_support.h
[0.729s] -- Installing: /home/giorgio/Webots/install/aurora_msgs/include/aurora_msgs/aurora_msgs/msg/detail/object3_d_array__type_support.c
[0.729s] -- Up-to-date: /home/giorgio/Webots/install/aurora_msgs/include/aurora_msgs/aurora_msgs/msg/detail/object3_d_array__description.c
[0.729s] -- Up-to-date: /home/giorgio/Webots/install/aurora_msgs/include/aurora_msgs/aurora_msgs/msg/detail/object3_d__type_support.h
[0.729s] -- Up-to-date: /home/giorgio/Webots/install/aurora_msgs/include/aurora_msgs/aurora_msgs/msg/detail/object3_d__functions.h
[0.729s] -- Up-to-date: /home/giorgio/Webots/install/aurora_msgs/include/aurora_msgs/aurora_msgs/msg/detail/object3_d__functions.c
[0.729s] -- Up-to-date: /home/giorgio/Webots/install/aurora_msgs/include/aurora_msgs/aurora_msgs/msg/object3_d.h
[0.729s] -- Up-to-date: /home/giorgio/Webots/install/aurora_msgs/share/aurora_msgs/environment/library_path.sh
[0.729s] -- Up-to-date: /home/giorgio/Webots/install/aurora_msgs/share/aurora_msgs/environment/library_path.dsv
[0.729s] -- Up-to-date: /home/giorgio/Webots/install/aurora_msgs/lib/libaurora_msgs__rosidl_generator_c.so
[0.729s] -- Up-to-date: /home/giorgio/Webots/install/aurora_msgs/include/aurora_msgs/aurora_msgs
[0.729s] -- Up-to-date: /home/giorgio/Webots/install/aurora_msgs/include/aurora_msgs/aurora_msgs/msg
[0.729s] -- Up-to-date: /home/giorgio/Webots/install/aurora_msgs/include/aurora_msgs/aurora_msgs/msg/detail
[0.729s] -- Up-to-date: /home/giorgio/Webots/install/aurora_msgs/include/aurora_msgs/aurora_msgs/msg/detail/object3_d__rosidl_typesupport_fastrtps_c.h
[0.729s] -- Up-to-date: /home/giorgio/Webots/install/aurora_msgs/include/aurora_msgs/aurora_msgs/msg/detail/object3_d_array__rosidl_typesupport_fastrtps_c.h
[0.729s] -- Up-to-date: /home/giorgio/Webots/install/aurora_msgs/include/aurora_msgs/aurora_msgs/msg/rosidl_typesupport_fastrtps_c__visibility_control.h
[0.729s] -- Up-to-date: /home/giorgio/Webots/install/aurora_msgs/lib/libaurora_msgs__rosidl_typesupport_fastrtps_c.so
[0.729s] -- Up-to-date: /home/giorgio/Webots/install/aurora_msgs/include/aurora_msgs/aurora_msgs
[0.729s] -- Up-to-date: /home/giorgio/Webots/install/aurora_msgs/include/aurora_msgs/aurora_msgs/msg
[0.729s] -- Up-to-date: /home/giorgio/Webots/install/aurora_msgs/include/aurora_msgs/aurora_msgs/msg/object3_d_array.hpp
[0.730s] -- Up-to-date: /home/giorgio/Webots/install/aurora_msgs/include/aurora_msgs/aurora_msgs/msg/detail
[0.730s] -- Up-to-date: /home/giorgio/Webots/install/aurora_msgs/include/aurora_msgs/aurora_msgs/msg/detail/object3_d_array__traits.hpp
[0.730s] -- Up-to-date: /home/giorgio/Webots/install/aurora_msgs/include/aurora_msgs/aurora_msgs/msg/detail/object3_d__traits.hpp
[0.730s] -- Up-to-date: /home/giorgio/Webots/install/aurora_msgs/include/aurora_msgs/aurora_msgs/msg/detail/object3_d_array__builder.hpp
[0.730s] -- Up-to-date: /home/giorgio/Webots/install/aurora_msgs/include/aurora_msgs/aurora_msgs/msg/detail/object3_d_array__type_support.hpp
[0.730s] -- Up-to-date: /home/giorgio/Webots/install/aurora_msgs/include/aurora_msgs/aurora_msgs/msg/detail/object3_d_array__struct.hpp
[0.730s] -- Up-to-date: /home/giorgio/Webots/install/aurora_msgs/include/aurora_msgs/aurora_msgs/msg/detail/object3_d__struct.hpp
[0.730s] -- Up-to-date: /home/giorgio/Webots/install/aurora_msgs/include/aurora_msgs/aurora_msgs/msg/detail/object3_d__builder.hpp
[0.730s] -- Up-to-date: /home/giorgio/Webots/install/aurora_msgs/include/aurora_msgs/aurora_msgs/msg/detail/object3_d__type_support.hpp
[0.730s] -- Up-to-date: /home/giorgio/Webots/install/aurora_msgs/include/aurora_msgs/aurora_msgs/msg/rosidl_generator_cpp__visibility_control.hpp
[0.730s] -- Up-to-date: /home/giorgio/Webots/install/aurora_msgs/include/aurora_msgs/aurora_msgs/msg/object3_d.hpp
[0.731s] -- Up-to-date: /home/giorgio/Webots/install/aurora_msgs/include/aurora_msgs/aurora_msgs
[0.731s] -- Up-to-date: /home/giorgio/Webots/install/aurora_msgs/include/aurora_msgs/aurora_msgs/msg
[0.731s] -- Up-to-date: /home/giorgio/Webots/install/aurora_msgs/include/aurora_msgs/aurora_msgs/msg/detail
[0.731s] -- Up-to-date: /home/giorgio/Webots/install/aurora_msgs/include/aurora_msgs/aurora_msgs/msg/detail/dds_fastrtps
[0.731s] -- Up-to-date: /home/giorgio/Webots/install/aurora_msgs/include/aurora_msgs/aurora_msgs/msg/detail/object3_d__rosidl_typesupport_fastrtps_cpp.hpp
[0.731s] -- Up-to-date: /home/giorgio/Webots/install/aurora_msgs/include/aurora_msgs/aurora_msgs/msg/detail/object3_d_array__rosidl_typesupport_fastrtps_cpp.hpp
[0.731s] -- Up-to-date: /home/giorgio/Webots/install/aurora_msgs/include/aurora_msgs/aurora_msgs/msg/rosidl_typesupport_fastrtps_cpp__visibility_control.h
[0.731s] -- Up-to-date: /home/giorgio/Webots/install/aurora_msgs/lib/libaurora_msgs__rosidl_typesupport_fastrtps_cpp.so
[0.731s] -- Up-to-date: /home/giorgio/Webots/install/aurora_msgs/include/aurora_msgs/aurora_msgs
[0.731s] -- Up-to-date: /home/giorgio/Webots/install/aurora_msgs/include/aurora_msgs/aurora_msgs/msg
[0.731s] -- Up-to-date: /home/giorgio/Webots/install/aurora_msgs/include/aurora_msgs/aurora_msgs/msg/rosidl_typesupport_introspection_c__visibility_control.h
[0.731s] -- Up-to-date: /home/giorgio/Webots/install/aurora_msgs/include/aurora_msgs/aurora_msgs/msg/detail
[0.731s] -- Installing: /home/giorgio/Webots/install/aurora_msgs/include/aurora_msgs/aurora_msgs/msg/detail/object3_d__type_support.c
[0.731s] -- Installing: /home/giorgio/Webots/install/aurora_msgs/include/aurora_msgs/aurora_msgs/msg/detail/object3_d_array__type_support.c
[0.731s] -- Up-to-date: /home/giorgio/Webots/install/aurora_msgs/include/aurora_msgs/aurora_msgs/msg/detail/object3_d_array__rosidl_typesupport_introspection_c.h
[0.731s] -- Up-to-date: /home/giorgio/Webots/install/aurora_msgs/include/aurora_msgs/aurora_msgs/msg/detail/object3_d__rosidl_typesupport_introspection_c.h
[0.731s] -- Up-to-date: /home/giorgio/Webots/install/aurora_msgs/lib/libaurora_msgs__rosidl_typesupport_introspection_c.so
[0.732s] -- Up-to-date: /home/giorgio/Webots/install/aurora_msgs/lib/libaurora_msgs__rosidl_typesupport_c.so
[0.732s] -- Up-to-date: /home/giorgio/Webots/install/aurora_msgs/include/aurora_msgs/aurora_msgs
[0.732s] -- Up-to-date: /home/giorgio/Webots/install/aurora_msgs/include/aurora_msgs/aurora_msgs/msg
[0.732s] -- Up-to-date: /home/giorgio/Webots/install/aurora_msgs/include/aurora_msgs/aurora_msgs/msg/detail
[0.732s] -- Up-to-date: /home/giorgio/Webots/install/aurora_msgs/include/aurora_msgs/aurora_msgs/msg/detail/object3_d_array__type_support.cpp
[0.732s] -- Up-to-date: /home/giorgio/Webots/install/aurora_msgs/include/aurora_msgs/aurora_msgs/msg/detail/object3_d_array__rosidl_typesupport_introspection_cpp.hpp
[0.732s] -- Up-to-date: /home/giorgio/Webots/install/aurora_msgs/include/aurora_msgs/aurora_msgs/msg/detail/object3_d__type_support.cpp
[0.732s] -- Up-to-date: /home/giorgio/Webots/install/aurora_msgs/include/aurora_msgs/aurora_msgs/msg/detail/object3_d__rosidl_typesupport_introspection_cpp.hpp
[0.732s] -- Up-to-date: /home/giorgio/Webots/install/aurora_msgs/lib/libaurora_msgs__rosidl_typesupport_introspection_cpp.so
[0.732s] -- Up-to-date: /home/giorgio/Webots/install/aurora_msgs/lib/libaurora_msgs__rosidl_typesupport_cpp.so
[0.733s] -- Up-to-date: /home/giorgio/Webots/install/aurora_msgs/share/aurora_msgs/environment/pythonpath.sh
[0.733s] -- Up-to-date: /home/giorgio/Webots/install/aurora_msgs/share/aurora_msgs/environment/pythonpath.dsv
[0.733s] -- Up-to-date: /home/giorgio/Webots/install/aurora_msgs/lib/python3.12/site-packages/aurora_msgs-5.0.4-py3.12.egg-info
[0.733s] -- Installing: /home/giorgio/Webots/install/aurora_msgs/lib/python3.12/site-packages/aurora_msgs-5.0.4-py3.12.egg-info/PKG-INFO
[0.733s] -- Installing: /home/giorgio/Webots/install/aurora_msgs/lib/python3.12/site-packages/aurora_msgs-5.0.4-py3.12.egg-info/dependency_links.txt
[0.733s] -- Installing: /home/giorgio/Webots/install/aurora_msgs/lib/python3.12/site-packages/aurora_msgs-5.0.4-py3.12.egg-info/SOURCES.txt
[0.733s] -- Installing: /home/giorgio/Webots/install/aurora_msgs/lib/python3.12/site-packages/aurora_msgs-5.0.4-py3.12.egg-info/top_level.txt
[0.733s] -- Up-to-date: /home/giorgio/Webots/install/aurora_msgs/lib/python3.12/site-packages/aurora_msgs
[0.733s] -- Up-to-date: /home/giorgio/Webots/install/aurora_msgs/lib/python3.12/site-packages/aurora_msgs/aurora_msgs_s__rosidl_typesupport_c.so
[0.733s] -- Up-to-date: /home/giorgio/Webots/install/aurora_msgs/lib/python3.12/site-packages/aurora_msgs/msg
[0.733s] -- Up-to-date: /home/giorgio/Webots/install/aurora_msgs/lib/python3.12/site-packages/aurora_msgs/msg/__init__.py
[0.733s] -- Up-to-date: /home/giorgio/Webots/install/aurora_msgs/lib/python3.12/site-packages/aurora_msgs/msg/_object3_d.py
[0.733s] -- Up-to-date: /home/giorgio/Webots/install/aurora_msgs/lib/python3.12/site-packages/aurora_msgs/msg/_object3_d_array_s.c
[0.733s] -- Up-to-date: /home/giorgio/Webots/install/aurora_msgs/lib/python3.12/site-packages/aurora_msgs/msg/_object3_d_array.py
[0.733s] -- Up-to-date: /home/giorgio/Webots/install/aurora_msgs/lib/python3.12/site-packages/aurora_msgs/msg/_object3_d_s.c
[0.733s] -- Up-to-date: /home/giorgio/Webots/install/aurora_msgs/lib/python3.12/site-packages/aurora_msgs/__init__.py
[0.733s] -- Up-to-date: /home/giorgio/Webots/install/aurora_msgs/lib/python3.12/site-packages/aurora_msgs/_aurora_msgs_s.ep.rosidl_typesupport_introspection_c.c
[0.733s] -- Up-to-date: /home/giorgio/Webots/install/aurora_msgs/lib/python3.12/site-packages/aurora_msgs/_aurora_msgs_s.ep.rosidl_typesupport_fastrtps_c.c
[0.733s] -- Up-to-date: /home/giorgio/Webots/install/aurora_msgs/lib/python3.12/site-packages/aurora_msgs/aurora_msgs_s__rosidl_typesupport_introspection_c.so
[0.733s] -- Up-to-date: /home/giorgio/Webots/install/aurora_msgs/lib/python3.12/site-packages/aurora_msgs/_aurora_msgs_s.ep.rosidl_typesupport_c.c
[0.733s] -- Up-to-date: /home/giorgio/Webots/install/aurora_msgs/lib/python3.12/site-packages/aurora_msgs/aurora_msgs_s__rosidl_typesupport_fastrtps_c.so
[0.763s] Listing '/home/giorgio/Webots/install/aurora_msgs/lib/python3.12/site-packages/aurora_msgs'...
[0.763s] Listing '/home/giorgio/Webots/install/aurora_msgs/lib/python3.12/site-packages/aurora_msgs/msg'...
[0.767s] -- Up-to-date: /home/giorgio/Webots/install/aurora_msgs/lib/python3.12/site-packages/aurora_msgs/aurora_msgs_s__rosidl_typesupport_fastrtps_c.so
[0.767s] -- Up-to-date: /home/giorgio/Webots/install/aurora_msgs/lib/python3.12/site-packages/aurora_msgs/aurora_msgs_s__rosidl_typesupport_introspection_c.so
[0.768s] -- Up-to-date: /home/giorgio/Webots/install/aurora_msgs/lib/python3.12/site-packages/aurora_msgs/aurora_msgs_s__rosidl_typesupport_c.so
[0.768s] -- Up-to-date: /home/giorgio/Webots/install/aurora_msgs/lib/libaurora_msgs__rosidl_generator_py.so
[0.768s] -- Up-to-date: /home/giorgio/Webots/install/aurora_msgs/share/aurora_msgs/msg/Object3D.idl
[0.768s] -- Up-to-date: /home/giorgio/Webots/install/aurora_msgs/share/aurora_msgs/msg/Object3DArray.idl
[0.768s] -- Up-to-date: /home/giorgio/Webots/install/aurora_msgs/share/aurora_msgs/msg/Object3D.msg
[0.768s] -- Up-to-date: /home/giorgio/Webots/install/aurora_msgs/share/aurora_msgs/msg/Object3DArray.msg
[0.768s] -- Up-to-date: /home/giorgio/Webots/install/aurora_msgs/share/ament_index/resource_index/package_run_dependencies/aurora_msgs
[0.768s] -- Up-to-date: /home/giorgio/Webots/install/aurora_msgs/share/ament_index/resource_index/parent_prefix_path/aurora_msgs
[0.768s] -- Up-to-date: /home/giorgio/Webots/install/aurora_msgs/share/aurora_msgs/environment/ament_prefix_path.sh
[0.768s] -- Up-to-date: /home/giorgio/Webots/install/aurora_msgs/share/aurora_msgs/environment/ament_prefix_path.dsv
[0.768s] -- Up-to-date: /home/giorgio/Webots/install/aurora_msgs/share/aurora_msgs/environment/path.sh
[0.768s] -- Up-to-date: /home/giorgio/Webots/install/aurora_msgs/share/aurora_msgs/environment/path.dsv
[0.768s] -- Up-to-date: /home/giorgio/Webots/install/aurora_msgs/share/aurora_msgs/local_setup.bash
[0.769s] -- Up-to-date: /home/giorgio/Webots/install/aurora_msgs/share/aurora_msgs/local_setup.sh
[0.769s] -- Up-to-date: /home/giorgio/Webots/install/aurora_msgs/share/aurora_msgs/local_setup.zsh
[0.769s] -- Up-to-date: /home/giorgio/Webots/install/aurora_msgs/share/aurora_msgs/local_setup.dsv
[0.769s] -- Installing: /home/giorgio/Webots/install/aurora_msgs/share/aurora_msgs/package.dsv
[0.769s] -- Up-to-date: /home/giorgio/Webots/install/aurora_msgs/share/ament_index/resource_index/packages/aurora_msgs
[0.769s] -- Up-to-date: /home/giorgio/Webots/install/aurora_msgs/share/aurora_msgs/cmake/export_aurora_msgs__rosidl_generator_cExport.cmake
[0.771s] -- Up-to-date: /home/giorgio/Webots/install/aurora_msgs/share/aurora_msgs/cmake/export_aurora_msgs__rosidl_generator_cExport-noconfig.cmake
[0.771s] -- Up-to-date: /home/giorgio/Webots/install/aurora_msgs/share/aurora_msgs/cmake/export_aurora_msgs__rosidl_typesupport_fastrtps_cExport.cmake
[0.771s] -- Up-to-date: /home/giorgio/Webots/install/aurora_msgs/share/aurora_msgs/cmake/export_aurora_msgs__rosidl_typesupport_fastrtps_cExport-noconfig.cmake
[0.771s] -- Up-to-date: /home/giorgio/Webots/install/aurora_msgs/share/aurora_msgs/cmake/export_aurora_msgs__rosidl_generator_cppExport.cmake
[0.772s] -- Up-to-date: /home/giorgio/Webots/install/aurora_msgs/share/aurora_msgs/cmake/export_aurora_msgs__rosidl_typesupport_fastrtps_cppExport.cmake
[0.772s] -- Up-to-date: /home/giorgio/Webots/install/aurora_msgs/share/aurora_msgs/cmake/export_aurora_msgs__rosidl_typesupport_fastrtps_cppExport-noconfig.cmake
[0.772s] -- Up-to-date: /home/giorgio/Webots/install/aurora_msgs/share/aurora_msgs/cmake/aurora_msgs__rosidl_typesupport_introspection_cExport.cmake
[0.772s] -- Up-to-date: /home/giorgio/Webots/install/aurora_msgs/share/aurora_msgs/cmake/aurora_msgs__rosidl_typesupport_introspection_cExport-noconfig.cmake
[0.772s] -- Up-to-date: /home/giorgio/Webots/install/aurora_msgs/share/aurora_msgs/cmake/aurora_msgs__rosidl_typesupport_cExport.cmake
[0.772s] -- Up-to-date: /home/giorgio/Webots/install/aurora_msgs/share/aurora_msgs/cmake/aurora_msgs__rosidl_typesupport_cExport-noconfig.cmake
[0.772s] -- Up-to-date: /home/giorgio/Webots/install/aurora_msgs/share/aurora_msgs/cmake/aurora_msgs__rosidl_typesupport_introspection_cppExport.cmake
[0.772s] -- Up-to-date: /home/giorgio/Webots/install/aurora_msgs/share/aurora_msgs/cmake/aurora_msgs__rosidl_typesupport_introspection_cppExport-noconfig.cmake
[0.772s] -- Up-to-date: /home/giorgio/Webots/install/aurora_msgs/share/aurora_msgs/cmake/aurora_msgs__rosidl_typesupport_cppExport.cmake
[0.773s] -- Up-to-date: /home/giorgio/Webots/install/aurora_msgs/share/aurora_msgs/cmake/aurora_msgs__rosidl_typesupport_cppExport-noconfig.cmake
[0.773s] -- Up-to-date: /home/giorgio/Webots/install/aurora_msgs/share/aurora_msgs/cmake/export_aurora_msgs__rosidl_generator_pyExport.cmake
[0.773s] -- Up-to-date: /home/giorgio/Webots/install/aurora_msgs/share/aurora_msgs/cmake/export_aurora_msgs__rosidl_generator_pyExport-noconfig.cmake
[0.773s] -- Up-to-date: /home/giorgio/Webots/install/aurora_msgs/share/aurora_msgs/cmake/rosidl_cmake-extras.cmake
[0.774s] -- Up-to-date: /home/giorgio/Webots/install/aurora_msgs/share/aurora_msgs/cmake/ament_cmake_export_dependencies-extras.cmake
[0.774s] -- Up-to-date: /home/giorgio/Webots/install/aurora_msgs/share/aurora_msgs/cmake/ament_cmake_export_include_directories-extras.cmake
[0.774s] -- Up-to-date: /home/giorgio/Webots/install/aurora_msgs/share/aurora_msgs/cmake/ament_cmake_export_libraries-extras.cmake
[0.774s] -- Up-to-date: /home/giorgio/Webots/install/aurora_msgs/share/aurora_msgs/cmake/ament_cmake_export_targets-extras.cmake
[0.774s] -- Up-to-date: /home/giorgio/Webots/install/aurora_msgs/share/aurora_msgs/cmake/rosidl_cmake_export_typesupport_targets-extras.cmake
[0.774s] -- Up-to-date: /home/giorgio/Webots/install/aurora_msgs/share/aurora_msgs/cmake/rosidl_cmake_export_typesupport_libraries-extras.cmake
[0.774s] -- Up-to-date: /home/giorgio/Webots/install/aurora_msgs/share/aurora_msgs/cmake/aurora_msgsConfig.cmake
[0.774s] -- Up-to-date: /home/giorgio/Webots/install/aurora_msgs/share/aurora_msgs/cmake/aurora_msgsConfig-version.cmake
[0.774s] -- Up-to-date: /home/giorgio/Webots/install/aurora_msgs/share/aurora_msgs/package.xml
[0.775s] Invoked command in '/home/giorgio/Webots/build/aurora_msgs' returned '0': CMAKE_PREFIX_PATH=${CMAKE_PREFIX_PATH}:/home/giorgio/Webots/install/webots_hospital_youbot:/home/giorgio/Webots/install/webots:/home/giorgio/Webots/install/util:/opt/ros/jazzy DEBUGINFOD_URLS=https://debuginfod.ubuntu.com /usr/bin/cmake --install /home/giorgio/Webots/build/aurora_msgs
