running egg_info
creating ../../build/util/util.egg-info
writing ../../build/util/util.egg-info/PKG-INFO
writing dependency_links to ../../build/util/util.egg-info/dependency_links.txt
writing requirements to ../../build/util/util.egg-info/requires.txt
writing top-level names to ../../build/util/util.egg-info/top_level.txt
writing manifest file '../../build/util/util.egg-info/SOURCES.txt'
reading manifest file '../../build/util/util.egg-info/SOURCES.txt'
writing manifest file '../../build/util/util.egg-info/SOURCES.txt'
running build
running build_py
creating /home/giorgio/Webots/build/util/build
creating /home/giorgio/Webots/build/util/build/lib
creating /home/giorgio/Webots/build/util/build/lib/util
copying util/ClassMarker.py -> /home/giorgio/Webots/build/util/build/lib/util
copying util/__init__.py -> /home/giorgio/Webots/build/util/build/lib/util
copying util/RoverInformation.py -> /home/giorgio/Webots/build/util/build/lib/util
copying util/LaserObject.py -> /home/giorgio/Webots/build/util/build/lib/util
copying util/ClassObject.py -> /home/giorgio/Webots/build/util/build/lib/util
running install
running install_lib
creating /home/giorgio/Webots/install/util/lib/python3.12/site-packages/util
copying /home/giorgio/Webots/build/util/build/lib/util/ClassMarker.py -> /home/giorgio/Webots/install/util/lib/python3.12/site-packages/util
copying /home/giorgio/Webots/build/util/build/lib/util/__init__.py -> /home/giorgio/Webots/install/util/lib/python3.12/site-packages/util
copying /home/giorgio/Webots/build/util/build/lib/util/RoverInformation.py -> /home/giorgio/Webots/install/util/lib/python3.12/site-packages/util
copying /home/giorgio/Webots/build/util/build/lib/util/LaserObject.py -> /home/giorgio/Webots/install/util/lib/python3.12/site-packages/util
copying /home/giorgio/Webots/build/util/build/lib/util/ClassObject.py -> /home/giorgio/Webots/install/util/lib/python3.12/site-packages/util
byte-compiling /home/giorgio/Webots/install/util/lib/python3.12/site-packages/util/ClassMarker.py to ClassMarker.cpython-312.pyc
byte-compiling /home/giorgio/Webots/install/util/lib/python3.12/site-packages/util/__init__.py to __init__.cpython-312.pyc
byte-compiling /home/giorgio/Webots/install/util/lib/python3.12/site-packages/util/RoverInformation.py to RoverInformation.cpython-312.pyc
byte-compiling /home/giorgio/Webots/install/util/lib/python3.12/site-packages/util/LaserObject.py to LaserObject.cpython-312.pyc
byte-compiling /home/giorgio/Webots/install/util/lib/python3.12/site-packages/util/ClassObject.py to ClassObject.cpython-312.pyc
running install_data
creating /home/giorgio/Webots/install/util/share/ament_index
creating /home/giorgio/Webots/install/util/share/ament_index/resource_index
creating /home/giorgio/Webots/install/util/share/ament_index/resource_index/packages
copying resource/util -> /home/giorgio/Webots/install/util/share/ament_index/resource_index/packages
copying package.xml -> /home/giorgio/Webots/install/util/share/util
running install_egg_info
Copying ../../build/util/util.egg-info to /home/giorgio/Webots/install/util/lib/python3.12/site-packages/util-0.0.0-py3.12.egg-info
running install_scripts
writing list of installed files to '/home/giorgio/Webots/build/util/install.log'
