[0.977s] Invoking command in '/home/giorgio/Webots/src/util': DEBUGINFOD_URLS=https://debuginfod.ubuntu.com PYTHONPATH=/home/giorgio/Webots/build/util/prefix_override:/usr/lib/python3/dist-packages/colcon_core/task/python/colcon_distutils_commands:/home/giorgio/Webots/install/util/lib/python3.12/site-packages:${PYTHONPATH} /usr/bin/python3 -W ignore:setup.py install is deprecated -W ignore:easy_install command is deprecated setup.py egg_info --egg-base ../../build/util build --build-base /home/giorgio/Webots/build/util/build install --record /home/giorgio/Webots/build/util/install.log --single-version-externally-managed install_data
[1.163s] running egg_info
[1.163s] creating ../../build/util/util.egg-info
[1.175s] writing ../../build/util/util.egg-info/PKG-INFO
[1.175s] writing dependency_links to ../../build/util/util.egg-info/dependency_links.txt
[1.176s] writing requirements to ../../build/util/util.egg-info/requires.txt
[1.176s] writing top-level names to ../../build/util/util.egg-info/top_level.txt
[1.176s] writing manifest file '../../build/util/util.egg-info/SOURCES.txt'
[1.201s] reading manifest file '../../build/util/util.egg-info/SOURCES.txt'
[1.201s] writing manifest file '../../build/util/util.egg-info/SOURCES.txt'
[1.202s] running build
[1.202s] running build_py
[1.202s] creating /home/giorgio/Webots/build/util/build
[1.203s] creating /home/giorgio/Webots/build/util/build/lib
[1.203s] creating /home/giorgio/Webots/build/util/build/lib/util
[1.203s] copying util/ClassMarker.py -> /home/giorgio/Webots/build/util/build/lib/util
[1.204s] copying util/__init__.py -> /home/giorgio/Webots/build/util/build/lib/util
[1.205s] copying util/RoverInformation.py -> /home/giorgio/Webots/build/util/build/lib/util
[1.205s] copying util/LaserObject.py -> /home/giorgio/Webots/build/util/build/lib/util
[1.206s] copying util/ClassObject.py -> /home/giorgio/Webots/build/util/build/lib/util
[1.207s] running install
[1.214s] running install_lib
[1.225s] creating /home/giorgio/Webots/install/util/lib/python3.12/site-packages/util
[1.225s] copying /home/giorgio/Webots/build/util/build/lib/util/ClassMarker.py -> /home/giorgio/Webots/install/util/lib/python3.12/site-packages/util
[1.225s] copying /home/giorgio/Webots/build/util/build/lib/util/__init__.py -> /home/giorgio/Webots/install/util/lib/python3.12/site-packages/util
[1.226s] copying /home/giorgio/Webots/build/util/build/lib/util/RoverInformation.py -> /home/giorgio/Webots/install/util/lib/python3.12/site-packages/util
[1.226s] copying /home/giorgio/Webots/build/util/build/lib/util/LaserObject.py -> /home/giorgio/Webots/install/util/lib/python3.12/site-packages/util
[1.226s] copying /home/giorgio/Webots/build/util/build/lib/util/ClassObject.py -> /home/giorgio/Webots/install/util/lib/python3.12/site-packages/util
[1.227s] byte-compiling /home/giorgio/Webots/install/util/lib/python3.12/site-packages/util/ClassMarker.py to ClassMarker.cpython-312.pyc
[1.227s] byte-compiling /home/giorgio/Webots/install/util/lib/python3.12/site-packages/util/__init__.py to __init__.cpython-312.pyc
[1.227s] byte-compiling /home/giorgio/Webots/install/util/lib/python3.12/site-packages/util/RoverInformation.py to RoverInformation.cpython-312.pyc
[1.228s] byte-compiling /home/giorgio/Webots/install/util/lib/python3.12/site-packages/util/LaserObject.py to LaserObject.cpython-312.pyc
[1.228s] byte-compiling /home/giorgio/Webots/install/util/lib/python3.12/site-packages/util/ClassObject.py to ClassObject.cpython-312.pyc
[1.228s] running install_data
[1.229s] creating /home/giorgio/Webots/install/util/share/ament_index
[1.229s] creating /home/giorgio/Webots/install/util/share/ament_index/resource_index
[1.229s] creating /home/giorgio/Webots/install/util/share/ament_index/resource_index/packages
[1.229s] copying resource/util -> /home/giorgio/Webots/install/util/share/ament_index/resource_index/packages
[1.229s] copying package.xml -> /home/giorgio/Webots/install/util/share/util
[1.230s] running install_egg_info
[1.245s] Copying ../../build/util/util.egg-info to /home/giorgio/Webots/install/util/lib/python3.12/site-packages/util-0.0.0-py3.12.egg-info
[1.245s] running install_scripts
[1.339s] writing list of installed files to '/home/giorgio/Webots/build/util/install.log'
[1.373s] Invoked command in '/home/giorgio/Webots/src/util' returned '0': DEBUGINFOD_URLS=https://debuginfod.ubuntu.com PYTHONPATH=/home/giorgio/Webots/build/util/prefix_override:/usr/lib/python3/dist-packages/colcon_core/task/python/colcon_distutils_commands:/home/giorgio/Webots/install/util/lib/python3.12/site-packages:${PYTHONPATH} /usr/bin/python3 -W ignore:setup.py install is deprecated -W ignore:easy_install command is deprecated setup.py egg_info --egg-base ../../build/util build --build-base /home/giorgio/Webots/build/util/build install --record /home/giorgio/Webots/build/util/install.log --single-version-externally-managed install_data
