[0.988s] Invoking command in '/home/giorgio/Webots/src/webots_hospital_youbot': CMAKE_PREFIX_PATH=/home/giorgio/Webots/install/rover_msgs:/home/giorgio/Webots/install/aurora_msgs:/home/giorgio/Webots/install/cpp_pubsub:/home/giorgio/Webots/install/aruco_msgs:/opt/ros/jazzy/opt/sdformat_vendor:/opt/ros/jazzy/opt/gz_math_vendor:/opt/ros/jazzy/opt/gz_utils_vendor:/opt/ros/jazzy/opt/gz_tools_vendor:/opt/ros/jazzy/opt/gz_cmake_vendor DEBUGINFOD_URLS=https://debuginfod.ubuntu.com PYTHONPATH=/home/giorgio/Webots/build/webots_hospital_youbot/prefix_override:/usr/lib/python3/dist-packages/colcon_core/task/python/colcon_distutils_commands:/home/giorgio/Webots/install/webots_hospital_youbot/lib/python3.12/site-packages:/home/giorgio/Webots/install/rover_msgs/lib/python3.12/site-packages:/home/giorgio/Webots/install/aurora_msgs/lib/python3.12/site-packages:/home/serl/.local/share/pipx/venvs/pytransform3d/lib/python3.12/site-packages:/home/serl/.local/share/pipx/venvs/pyquaternion/lib/python3.12/site-packages:/home/serl/.local/share/pipx/venvs/pytransform3d/lib/python3.12/site-packages:/home/serl/.local/share/pipx/venvs/pyquaternion/lib/python3.12/site-packages:/home/serl/.local/share/pipx/venvs/pytransform3d/lib/python3.12/site-packages:/home/serl/.local/share/pipx/venvs/pyquaternion/lib/python3.12/site-packages:/home/giorgio/Webots/install/webots_hospital_youbot/lib/python3.12/site-packages:/home/giorgio/Webots/install/webots/lib/python3.12/site-packages:/home/giorgio/Webots/install/util/lib/python3.12/site-packages:/home/giorgio/Webots/install/aruco_msgs/lib/python3.12/site-packages:/home/serl/.local/share/pipx/venvs/pytransform3d/lib/python3.12/site-packages:/home/serl/.local/share/pipx/venvs/pyquaternion/lib/python3.12/site-packages:/opt/ros/jazzy/lib/python3.12/site-packages /usr/bin/python3 -W ignore:setup.py install is deprecated -W ignore:easy_install command is deprecated setup.py egg_info --egg-base ../../build/webots_hospital_youbot build --build-base /home/giorgio/Webots/build/webots_hospital_youbot/build install --record /home/giorgio/Webots/build/webots_hospital_youbot/install.log --single-version-externally-managed install_data
[1.230s] running egg_info
[1.244s] writing ../../build/webots_hospital_youbot/webots_hospital_youbot.egg-info/PKG-INFO
[1.244s] writing dependency_links to ../../build/webots_hospital_youbot/webots_hospital_youbot.egg-info/dependency_links.txt
[1.245s] writing entry points to ../../build/webots_hospital_youbot/webots_hospital_youbot.egg-info/entry_points.txt
[1.245s] writing requirements to ../../build/webots_hospital_youbot/webots_hospital_youbot.egg-info/requires.txt
[1.245s] writing top-level names to ../../build/webots_hospital_youbot/webots_hospital_youbot.egg-info/top_level.txt
[1.273s] reading manifest file '../../build/webots_hospital_youbot/webots_hospital_youbot.egg-info/SOURCES.txt'
[1.273s] writing manifest file '../../build/webots_hospital_youbot/webots_hospital_youbot.egg-info/SOURCES.txt'
[1.274s] running build
[1.274s] running build_py
[1.274s] running install
[1.280s] running install_lib
[1.305s] running install_data
[1.305s] running install_egg_info
[1.326s] removing '/home/giorgio/Webots/install/webots_hospital_youbot/lib/python3.12/site-packages/webots_hospital_youbot-0.0.0-py3.12.egg-info' (and everything under it)
[1.326s] Copying ../../build/webots_hospital_youbot/webots_hospital_youbot.egg-info to /home/giorgio/Webots/install/webots_hospital_youbot/lib/python3.12/site-packages/webots_hospital_youbot-0.0.0-py3.12.egg-info
[1.326s] running install_scripts
[1.459s] Installing driver script to /home/giorgio/Webots/install/webots_hospital_youbot/lib/webots_hospital_Youbot
[1.459s] Installing human_driver script to /home/giorgio/Webots/install/webots_hospital_youbot/lib/webots_hospital_Youbot
[1.459s] Installing youbot_move script to /home/giorgio/Webots/install/webots_hospital_youbot/lib/webots_hospital_Youbot
[1.459s] writing list of installed files to '/home/giorgio/Webots/build/webots_hospital_youbot/install.log'
[1.482s] Invoked command in '/home/giorgio/Webots/src/webots_hospital_youbot' returned '0': CMAKE_PREFIX_PATH=/home/giorgio/Webots/install/rover_msgs:/home/giorgio/Webots/install/aurora_msgs:/home/giorgio/Webots/install/cpp_pubsub:/home/giorgio/Webots/install/aruco_msgs:/opt/ros/jazzy/opt/sdformat_vendor:/opt/ros/jazzy/opt/gz_math_vendor:/opt/ros/jazzy/opt/gz_utils_vendor:/opt/ros/jazzy/opt/gz_tools_vendor:/opt/ros/jazzy/opt/gz_cmake_vendor DEBUGINFOD_URLS=https://debuginfod.ubuntu.com PYTHONPATH=/home/giorgio/Webots/build/webots_hospital_youbot/prefix_override:/usr/lib/python3/dist-packages/colcon_core/task/python/colcon_distutils_commands:/home/giorgio/Webots/install/webots_hospital_youbot/lib/python3.12/site-packages:/home/giorgio/Webots/install/rover_msgs/lib/python3.12/site-packages:/home/giorgio/Webots/install/aurora_msgs/lib/python3.12/site-packages:/home/serl/.local/share/pipx/venvs/pytransform3d/lib/python3.12/site-packages:/home/serl/.local/share/pipx/venvs/pyquaternion/lib/python3.12/site-packages:/home/serl/.local/share/pipx/venvs/pytransform3d/lib/python3.12/site-packages:/home/serl/.local/share/pipx/venvs/pyquaternion/lib/python3.12/site-packages:/home/serl/.local/share/pipx/venvs/pytransform3d/lib/python3.12/site-packages:/home/serl/.local/share/pipx/venvs/pyquaternion/lib/python3.12/site-packages:/home/giorgio/Webots/install/webots_hospital_youbot/lib/python3.12/site-packages:/home/giorgio/Webots/install/webots/lib/python3.12/site-packages:/home/giorgio/Webots/install/util/lib/python3.12/site-packages:/home/giorgio/Webots/install/aruco_msgs/lib/python3.12/site-packages:/home/serl/.local/share/pipx/venvs/pytransform3d/lib/python3.12/site-packages:/home/serl/.local/share/pipx/venvs/pyquaternion/lib/python3.12/site-packages:/opt/ros/jazzy/lib/python3.12/site-packages /usr/bin/python3 -W ignore:setup.py install is deprecated -W ignore:easy_install command is deprecated setup.py egg_info --egg-base ../../build/webots_hospital_youbot build --build-base /home/giorgio/Webots/build/webots_hospital_youbot/build install --record /home/giorgio/Webots/build/webots_hospital_youbot/install.log --single-version-externally-managed install_data
