[0.122s] DEBUG:colcon:Command line arguments: ['/usr/bin/colcon', 'build']
[0.122s] DEBUG:colcon:Parsed command line arguments: Namespace(log_base=None, log_level=None, verb_name='build', build_base='build', install_base='install', merge_install=False, symlink_install=False, test_result_base=None, continue_on_error=False, executor='parallel', parallel_workers=2, event_handlers=None, ignore_user_meta=False, metas=['./colcon.meta'], base_paths=['.'], packages_ignore=None, packages_ignore_regex=None, paths=None, packages_up_to=None, packages_up_to_regex=None, packages_above=None, packages_above_and_dependencies=None, packages_above_depth=None, packages_select_by_dep=None, packages_skip_by_dep=None, packages_skip_up_to=None, packages_select_build_failed=False, packages_skip_build_finished=False, packages_select_test_failures=False, packages_skip_test_passed=False, packages_select=None, packages_skip=None, packages_select_regex=None, packages_skip_regex=None, packages_start=None, packages_end=None, cmake_args=None, cmake_target=None, cmake_target_skip_unavailable=False, cmake_clean_cache=False, cmake_clean_first=False, cmake_force_configure=False, ament_cmake_args=None, catkin_cmake_args=None, catkin_skip_building_tests=False, verb_parser=<colcon_defaults.argument_parser.defaults.DefaultArgumentsDecorator object at 0x7cd5c50293d0>, verb_extension=<colcon_core.verb.build.BuildVerb object at 0x7cd5c5029220>, main=<bound method BuildVerb.main of <colcon_core.verb.build.BuildVerb object at 0x7cd5c5029220>>)
[0.166s] Level 1:colcon.colcon_core.package_discovery:discover_packages(colcon_meta) check parameters
[0.166s] Level 1:colcon.colcon_core.package_discovery:discover_packages(recursive) check parameters
[0.166s] Level 1:colcon.colcon_core.package_discovery:discover_packages(ignore) check parameters
[0.166s] Level 1:colcon.colcon_core.package_discovery:discover_packages(path) check parameters
[0.166s] Level 1:colcon.colcon_core.package_discovery:discover_packages(colcon_meta) discover
[0.166s] Level 1:colcon.colcon_core.package_discovery:discover_packages(recursive) discover
[0.166s] INFO:colcon.colcon_core.package_discovery:Crawling recursively for packages in '/home/giorgio/Webots'
[0.167s] Level 1:colcon.colcon_core.package_identification:_identify(.) by extensions ['ignore', 'ignore_ament_install']
[0.167s] Level 1:colcon.colcon_core.package_identification:_identify(.) by extension 'ignore'
[0.167s] Level 1:colcon.colcon_core.package_identification:_identify(.) by extension 'ignore_ament_install'
[0.167s] Level 1:colcon.colcon_core.package_identification:_identify(.) by extensions ['colcon_pkg']
[0.167s] Level 1:colcon.colcon_core.package_identification:_identify(.) by extension 'colcon_pkg'
[0.167s] Level 1:colcon.colcon_core.package_identification:_identify(.) by extensions ['colcon_meta']
[0.167s] Level 1:colcon.colcon_core.package_identification:_identify(.) by extension 'colcon_meta'
[0.167s] Level 1:colcon.colcon_core.package_identification:_identify(.) by extensions ['ros']
[0.167s] Level 1:colcon.colcon_core.package_identification:_identify(.) by extension 'ros'
[0.194s] Level 1:colcon.colcon_core.package_identification:_identify(.) by extensions ['cmake', 'python']
[0.194s] Level 1:colcon.colcon_core.package_identification:_identify(.) by extension 'cmake'
[0.194s] Level 1:colcon.colcon_core.package_identification:_identify(.) by extension 'python'
[0.194s] Level 1:colcon.colcon_core.package_identification:_identify(.) by extensions ['python_setup_py']
[0.194s] Level 1:colcon.colcon_core.package_identification:_identify(.) by extension 'python_setup_py'
[0.194s] Level 1:colcon.colcon_core.package_identification:_identify(build) by extensions ['ignore', 'ignore_ament_install']
[0.194s] Level 1:colcon.colcon_core.package_identification:_identify(build) by extension 'ignore'
[0.194s] Level 1:colcon.colcon_core.package_identification:_identify(build) ignored
[0.194s] Level 1:colcon.colcon_core.package_identification:_identify(install) by extensions ['ignore', 'ignore_ament_install']
[0.194s] Level 1:colcon.colcon_core.package_identification:_identify(install) by extension 'ignore'
[0.194s] Level 1:colcon.colcon_core.package_identification:_identify(install) ignored
[0.194s] Level 1:colcon.colcon_core.package_identification:_identify(log) by extensions ['ignore', 'ignore_ament_install']
[0.194s] Level 1:colcon.colcon_core.package_identification:_identify(log) by extension 'ignore'
[0.194s] Level 1:colcon.colcon_core.package_identification:_identify(log) ignored
[0.194s] Level 1:colcon.colcon_core.package_identification:_identify(src) by extensions ['ignore', 'ignore_ament_install']
[0.194s] Level 1:colcon.colcon_core.package_identification:_identify(src) by extension 'ignore'
[0.195s] Level 1:colcon.colcon_core.package_identification:_identify(src) by extension 'ignore_ament_install'
[0.195s] Level 1:colcon.colcon_core.package_identification:_identify(src) by extensions ['colcon_pkg']
[0.195s] Level 1:colcon.colcon_core.package_identification:_identify(src) by extension 'colcon_pkg'
[0.195s] Level 1:colcon.colcon_core.package_identification:_identify(src) by extensions ['colcon_meta']
[0.195s] Level 1:colcon.colcon_core.package_identification:_identify(src) by extension 'colcon_meta'
[0.195s] Level 1:colcon.colcon_core.package_identification:_identify(src) by extensions ['ros']
[0.195s] Level 1:colcon.colcon_core.package_identification:_identify(src) by extension 'ros'
[0.195s] Level 1:colcon.colcon_core.package_identification:_identify(src) by extensions ['cmake', 'python']
[0.195s] Level 1:colcon.colcon_core.package_identification:_identify(src) by extension 'cmake'
[0.195s] Level 1:colcon.colcon_core.package_identification:_identify(src) by extension 'python'
[0.195s] Level 1:colcon.colcon_core.package_identification:_identify(src) by extensions ['python_setup_py']
[0.195s] Level 1:colcon.colcon_core.package_identification:_identify(src) by extension 'python_setup_py'
[0.195s] Level 1:colcon.colcon_core.package_identification:_identify(src/aruco_msgs) by extensions ['ignore', 'ignore_ament_install']
[0.195s] Level 1:colcon.colcon_core.package_identification:_identify(src/aruco_msgs) by extension 'ignore'
[0.195s] Level 1:colcon.colcon_core.package_identification:_identify(src/aruco_msgs) by extension 'ignore_ament_install'
[0.195s] Level 1:colcon.colcon_core.package_identification:_identify(src/aruco_msgs) by extensions ['colcon_pkg']
[0.195s] Level 1:colcon.colcon_core.package_identification:_identify(src/aruco_msgs) by extension 'colcon_pkg'
[0.195s] Level 1:colcon.colcon_core.package_identification:_identify(src/aruco_msgs) by extensions ['colcon_meta']
[0.195s] Level 1:colcon.colcon_core.package_identification:_identify(src/aruco_msgs) by extension 'colcon_meta'
[0.195s] Level 1:colcon.colcon_core.package_identification:_identify(src/aruco_msgs) by extensions ['ros']
[0.195s] Level 1:colcon.colcon_core.package_identification:_identify(src/aruco_msgs) by extension 'ros'
[0.198s] DEBUG:colcon.colcon_core.package_identification:Package 'src/aruco_msgs' with type 'ros.ament_cmake' and name 'aruco_msgs'
[0.198s] Level 1:colcon.colcon_core.package_identification:_identify(src/aurora_msgs) by extensions ['ignore', 'ignore_ament_install']
[0.198s] Level 1:colcon.colcon_core.package_identification:_identify(src/aurora_msgs) by extension 'ignore'
[0.199s] Level 1:colcon.colcon_core.package_identification:_identify(src/aurora_msgs) by extension 'ignore_ament_install'
[0.199s] Level 1:colcon.colcon_core.package_identification:_identify(src/aurora_msgs) by extensions ['colcon_pkg']
[0.199s] Level 1:colcon.colcon_core.package_identification:_identify(src/aurora_msgs) by extension 'colcon_pkg'
[0.199s] Level 1:colcon.colcon_core.package_identification:_identify(src/aurora_msgs) by extensions ['colcon_meta']
[0.199s] Level 1:colcon.colcon_core.package_identification:_identify(src/aurora_msgs) by extension 'colcon_meta'
[0.199s] Level 1:colcon.colcon_core.package_identification:_identify(src/aurora_msgs) by extensions ['ros']
[0.199s] Level 1:colcon.colcon_core.package_identification:_identify(src/aurora_msgs) by extension 'ros'
[0.200s] DEBUG:colcon.colcon_core.package_identification:Package 'src/aurora_msgs' with type 'ros.ament_cmake' and name 'aurora_msgs'
[0.200s] Level 1:colcon.colcon_core.package_identification:_identify(src/cpp_pubsub) by extensions ['ignore', 'ignore_ament_install']
[0.200s] Level 1:colcon.colcon_core.package_identification:_identify(src/cpp_pubsub) by extension 'ignore'
[0.200s] Level 1:colcon.colcon_core.package_identification:_identify(src/cpp_pubsub) by extension 'ignore_ament_install'
[0.200s] Level 1:colcon.colcon_core.package_identification:_identify(src/cpp_pubsub) by extensions ['colcon_pkg']
[0.200s] Level 1:colcon.colcon_core.package_identification:_identify(src/cpp_pubsub) by extension 'colcon_pkg'
[0.200s] Level 1:colcon.colcon_core.package_identification:_identify(src/cpp_pubsub) by extensions ['colcon_meta']
[0.200s] Level 1:colcon.colcon_core.package_identification:_identify(src/cpp_pubsub) by extension 'colcon_meta'
[0.200s] Level 1:colcon.colcon_core.package_identification:_identify(src/cpp_pubsub) by extensions ['ros']
[0.200s] Level 1:colcon.colcon_core.package_identification:_identify(src/cpp_pubsub) by extension 'ros'
[0.201s] DEBUG:colcon.colcon_core.package_identification:Package 'src/cpp_pubsub' with type 'ros.ament_cmake' and name 'cpp_pubsub'
[0.201s] Level 1:colcon.colcon_core.package_identification:_identify(src/rover_msgs) by extensions ['ignore', 'ignore_ament_install']
[0.201s] Level 1:colcon.colcon_core.package_identification:_identify(src/rover_msgs) by extension 'ignore'
[0.201s] Level 1:colcon.colcon_core.package_identification:_identify(src/rover_msgs) by extension 'ignore_ament_install'
[0.201s] Level 1:colcon.colcon_core.package_identification:_identify(src/rover_msgs) by extensions ['colcon_pkg']
[0.201s] Level 1:colcon.colcon_core.package_identification:_identify(src/rover_msgs) by extension 'colcon_pkg'
[0.201s] Level 1:colcon.colcon_core.package_identification:_identify(src/rover_msgs) by extensions ['colcon_meta']
[0.201s] Level 1:colcon.colcon_core.package_identification:_identify(src/rover_msgs) by extension 'colcon_meta'
[0.201s] Level 1:colcon.colcon_core.package_identification:_identify(src/rover_msgs) by extensions ['ros']
[0.201s] Level 1:colcon.colcon_core.package_identification:_identify(src/rover_msgs) by extension 'ros'
[0.201s] DEBUG:colcon.colcon_core.package_identification:Package 'src/rover_msgs' with type 'ros.ament_cmake' and name 'rover_msgs'
[0.201s] Level 1:colcon.colcon_core.package_identification:_identify(src/util) by extensions ['ignore', 'ignore_ament_install']
[0.202s] Level 1:colcon.colcon_core.package_identification:_identify(src/util) by extension 'ignore'
[0.202s] Level 1:colcon.colcon_core.package_identification:_identify(src/util) by extension 'ignore_ament_install'
[0.202s] Level 1:colcon.colcon_core.package_identification:_identify(src/util) by extensions ['colcon_pkg']
[0.202s] Level 1:colcon.colcon_core.package_identification:_identify(src/util) by extension 'colcon_pkg'
[0.202s] Level 1:colcon.colcon_core.package_identification:_identify(src/util) by extensions ['colcon_meta']
[0.202s] Level 1:colcon.colcon_core.package_identification:_identify(src/util) by extension 'colcon_meta'
[0.202s] Level 1:colcon.colcon_core.package_identification:_identify(src/util) by extensions ['ros']
[0.202s] Level 1:colcon.colcon_core.package_identification:_identify(src/util) by extension 'ros'
[0.202s] DEBUG:colcon.colcon_core.package_identification:Package 'src/util' with type 'ros.ament_python' and name 'util'
[0.202s] Level 1:colcon.colcon_core.package_identification:_identify(src/webots_hospital_youbot) by extensions ['ignore', 'ignore_ament_install']
[0.202s] Level 1:colcon.colcon_core.package_identification:_identify(src/webots_hospital_youbot) by extension 'ignore'
[0.202s] Level 1:colcon.colcon_core.package_identification:_identify(src/webots_hospital_youbot) by extension 'ignore_ament_install'
[0.202s] Level 1:colcon.colcon_core.package_identification:_identify(src/webots_hospital_youbot) by extensions ['colcon_pkg']
[0.202s] Level 1:colcon.colcon_core.package_identification:_identify(src/webots_hospital_youbot) by extension 'colcon_pkg'
[0.202s] Level 1:colcon.colcon_core.package_identification:_identify(src/webots_hospital_youbot) by extensions ['colcon_meta']
[0.202s] Level 1:colcon.colcon_core.package_identification:_identify(src/webots_hospital_youbot) by extension 'colcon_meta'
[0.202s] Level 1:colcon.colcon_core.package_identification:_identify(src/webots_hospital_youbot) by extensions ['ros']
[0.202s] Level 1:colcon.colcon_core.package_identification:_identify(src/webots_hospital_youbot) by extension 'ros'
[0.203s] DEBUG:colcon.colcon_core.package_identification:Package 'src/webots_hospital_youbot' with type 'ros.ament_python' and name 'webots_hospital_youbot'
[0.203s] Level 1:colcon.colcon_core.package_identification:_identify(src/webots_tutorial) by extensions ['ignore', 'ignore_ament_install']
[0.203s] Level 1:colcon.colcon_core.package_identification:_identify(src/webots_tutorial) by extension 'ignore'
[0.203s] Level 1:colcon.colcon_core.package_identification:_identify(src/webots_tutorial) by extension 'ignore_ament_install'
[0.203s] Level 1:colcon.colcon_core.package_identification:_identify(src/webots_tutorial) by extensions ['colcon_pkg']
[0.203s] Level 1:colcon.colcon_core.package_identification:_identify(src/webots_tutorial) by extension 'colcon_pkg'
[0.203s] Level 1:colcon.colcon_core.package_identification:_identify(src/webots_tutorial) by extensions ['colcon_meta']
[0.203s] Level 1:colcon.colcon_core.package_identification:_identify(src/webots_tutorial) by extension 'colcon_meta'
[0.203s] Level 1:colcon.colcon_core.package_identification:_identify(src/webots_tutorial) by extensions ['ros']
[0.203s] Level 1:colcon.colcon_core.package_identification:_identify(src/webots_tutorial) by extension 'ros'
[0.204s] DEBUG:colcon.colcon_core.package_identification:Package 'src/webots_tutorial' with type 'ros.ament_python' and name 'webots'
[0.204s] Level 1:colcon.colcon_core.package_discovery:discover_packages(recursive) using defaults
[0.204s] Level 1:colcon.colcon_core.package_discovery:discover_packages(ignore) discover
[0.204s] Level 1:colcon.colcon_core.package_discovery:discover_packages(ignore) using defaults
[0.204s] Level 1:colcon.colcon_core.package_discovery:discover_packages(path) discover
[0.204s] Level 1:colcon.colcon_core.package_discovery:discover_packages(path) using defaults
[0.226s] Level 5:colcon.colcon_core.verb:set package 'aruco_msgs' build argument 'cmake_args' from command line to 'None'
[0.226s] Level 5:colcon.colcon_core.verb:set package 'aruco_msgs' build argument 'cmake_target' from command line to 'None'
[0.226s] Level 5:colcon.colcon_core.verb:set package 'aruco_msgs' build argument 'cmake_target_skip_unavailable' from command line to 'False'
[0.226s] Level 5:colcon.colcon_core.verb:set package 'aruco_msgs' build argument 'cmake_clean_cache' from command line to 'False'
[0.226s] Level 5:colcon.colcon_core.verb:set package 'aruco_msgs' build argument 'cmake_clean_first' from command line to 'False'
[0.227s] Level 5:colcon.colcon_core.verb:set package 'aruco_msgs' build argument 'cmake_force_configure' from command line to 'False'
[0.227s] Level 5:colcon.colcon_core.verb:set package 'aruco_msgs' build argument 'ament_cmake_args' from command line to 'None'
[0.227s] Level 5:colcon.colcon_core.verb:set package 'aruco_msgs' build argument 'catkin_cmake_args' from command line to 'None'
[0.227s] Level 5:colcon.colcon_core.verb:set package 'aruco_msgs' build argument 'catkin_skip_building_tests' from command line to 'False'
[0.227s] DEBUG:colcon.colcon_core.verb:Building package 'aruco_msgs' with the following arguments: {'ament_cmake_args': None, 'build_base': '/home/giorgio/Webots/build/aruco_msgs', 'catkin_cmake_args': None, 'catkin_skip_building_tests': False, 'cmake_args': None, 'cmake_clean_cache': False, 'cmake_clean_first': False, 'cmake_force_configure': False, 'cmake_target': None, 'cmake_target_skip_unavailable': False, 'install_base': '/home/giorgio/Webots/install/aruco_msgs', 'merge_install': False, 'path': '/home/giorgio/Webots/src/aruco_msgs', 'symlink_install': False, 'test_result_base': None}
[0.227s] Level 5:colcon.colcon_core.verb:set package 'aurora_msgs' build argument 'cmake_args' from command line to 'None'
[0.227s] Level 5:colcon.colcon_core.verb:set package 'aurora_msgs' build argument 'cmake_target' from command line to 'None'
[0.227s] Level 5:colcon.colcon_core.verb:set package 'aurora_msgs' build argument 'cmake_target_skip_unavailable' from command line to 'False'
[0.227s] Level 5:colcon.colcon_core.verb:set package 'aurora_msgs' build argument 'cmake_clean_cache' from command line to 'False'
[0.227s] Level 5:colcon.colcon_core.verb:set package 'aurora_msgs' build argument 'cmake_clean_first' from command line to 'False'
[0.227s] Level 5:colcon.colcon_core.verb:set package 'aurora_msgs' build argument 'cmake_force_configure' from command line to 'False'
[0.227s] Level 5:colcon.colcon_core.verb:set package 'aurora_msgs' build argument 'ament_cmake_args' from command line to 'None'
[0.227s] Level 5:colcon.colcon_core.verb:set package 'aurora_msgs' build argument 'catkin_cmake_args' from command line to 'None'
[0.227s] Level 5:colcon.colcon_core.verb:set package 'aurora_msgs' build argument 'catkin_skip_building_tests' from command line to 'False'
[0.227s] DEBUG:colcon.colcon_core.verb:Building package 'aurora_msgs' with the following arguments: {'ament_cmake_args': None, 'build_base': '/home/giorgio/Webots/build/aurora_msgs', 'catkin_cmake_args': None, 'catkin_skip_building_tests': False, 'cmake_args': None, 'cmake_clean_cache': False, 'cmake_clean_first': False, 'cmake_force_configure': False, 'cmake_target': None, 'cmake_target_skip_unavailable': False, 'install_base': '/home/giorgio/Webots/install/aurora_msgs', 'merge_install': False, 'path': '/home/giorgio/Webots/src/aurora_msgs', 'symlink_install': False, 'test_result_base': None}
[0.228s] Level 5:colcon.colcon_core.verb:set package 'cpp_pubsub' build argument 'cmake_args' from command line to 'None'
[0.228s] Level 5:colcon.colcon_core.verb:set package 'cpp_pubsub' build argument 'cmake_target' from command line to 'None'
[0.228s] Level 5:colcon.colcon_core.verb:set package 'cpp_pubsub' build argument 'cmake_target_skip_unavailable' from command line to 'False'
[0.228s] Level 5:colcon.colcon_core.verb:set package 'cpp_pubsub' build argument 'cmake_clean_cache' from command line to 'False'
[0.228s] Level 5:colcon.colcon_core.verb:set package 'cpp_pubsub' build argument 'cmake_clean_first' from command line to 'False'
[0.228s] Level 5:colcon.colcon_core.verb:set package 'cpp_pubsub' build argument 'cmake_force_configure' from command line to 'False'
[0.228s] Level 5:colcon.colcon_core.verb:set package 'cpp_pubsub' build argument 'ament_cmake_args' from command line to 'None'
[0.228s] Level 5:colcon.colcon_core.verb:set package 'cpp_pubsub' build argument 'catkin_cmake_args' from command line to 'None'
[0.228s] Level 5:colcon.colcon_core.verb:set package 'cpp_pubsub' build argument 'catkin_skip_building_tests' from command line to 'False'
[0.228s] DEBUG:colcon.colcon_core.verb:Building package 'cpp_pubsub' with the following arguments: {'ament_cmake_args': None, 'build_base': '/home/giorgio/Webots/build/cpp_pubsub', 'catkin_cmake_args': None, 'catkin_skip_building_tests': False, 'cmake_args': None, 'cmake_clean_cache': False, 'cmake_clean_first': False, 'cmake_force_configure': False, 'cmake_target': None, 'cmake_target_skip_unavailable': False, 'install_base': '/home/giorgio/Webots/install/cpp_pubsub', 'merge_install': False, 'path': '/home/giorgio/Webots/src/cpp_pubsub', 'symlink_install': False, 'test_result_base': None}
[0.228s] Level 5:colcon.colcon_core.verb:set package 'rover_msgs' build argument 'cmake_args' from command line to 'None'
[0.229s] Level 5:colcon.colcon_core.verb:set package 'rover_msgs' build argument 'cmake_target' from command line to 'None'
[0.229s] Level 5:colcon.colcon_core.verb:set package 'rover_msgs' build argument 'cmake_target_skip_unavailable' from command line to 'False'
[0.229s] Level 5:colcon.colcon_core.verb:set package 'rover_msgs' build argument 'cmake_clean_cache' from command line to 'False'
[0.229s] Level 5:colcon.colcon_core.verb:set package 'rover_msgs' build argument 'cmake_clean_first' from command line to 'False'
[0.229s] Level 5:colcon.colcon_core.verb:set package 'rover_msgs' build argument 'cmake_force_configure' from command line to 'False'
[0.229s] Level 5:colcon.colcon_core.verb:set package 'rover_msgs' build argument 'ament_cmake_args' from command line to 'None'
[0.229s] Level 5:colcon.colcon_core.verb:set package 'rover_msgs' build argument 'catkin_cmake_args' from command line to 'None'
[0.229s] Level 5:colcon.colcon_core.verb:set package 'rover_msgs' build argument 'catkin_skip_building_tests' from command line to 'False'
[0.229s] DEBUG:colcon.colcon_core.verb:Building package 'rover_msgs' with the following arguments: {'ament_cmake_args': None, 'build_base': '/home/giorgio/Webots/build/rover_msgs', 'catkin_cmake_args': None, 'catkin_skip_building_tests': False, 'cmake_args': None, 'cmake_clean_cache': False, 'cmake_clean_first': False, 'cmake_force_configure': False, 'cmake_target': None, 'cmake_target_skip_unavailable': False, 'install_base': '/home/giorgio/Webots/install/rover_msgs', 'merge_install': False, 'path': '/home/giorgio/Webots/src/rover_msgs', 'symlink_install': False, 'test_result_base': None}
[0.229s] Level 5:colcon.colcon_core.verb:set package 'util' build argument 'cmake_args' from command line to 'None'
[0.229s] Level 5:colcon.colcon_core.verb:set package 'util' build argument 'cmake_target' from command line to 'None'
[0.229s] Level 5:colcon.colcon_core.verb:set package 'util' build argument 'cmake_target_skip_unavailable' from command line to 'False'
[0.229s] Level 5:colcon.colcon_core.verb:set package 'util' build argument 'cmake_clean_cache' from command line to 'False'
[0.229s] Level 5:colcon.colcon_core.verb:set package 'util' build argument 'cmake_clean_first' from command line to 'False'
[0.229s] Level 5:colcon.colcon_core.verb:set package 'util' build argument 'cmake_force_configure' from command line to 'False'
[0.229s] Level 5:colcon.colcon_core.verb:set package 'util' build argument 'ament_cmake_args' from command line to 'None'
[0.229s] Level 5:colcon.colcon_core.verb:set package 'util' build argument 'catkin_cmake_args' from command line to 'None'
[0.229s] Level 5:colcon.colcon_core.verb:set package 'util' build argument 'catkin_skip_building_tests' from command line to 'False'
[0.229s] DEBUG:colcon.colcon_core.verb:Building package 'util' with the following arguments: {'ament_cmake_args': None, 'build_base': '/home/giorgio/Webots/build/util', 'catkin_cmake_args': None, 'catkin_skip_building_tests': False, 'cmake_args': None, 'cmake_clean_cache': False, 'cmake_clean_first': False, 'cmake_force_configure': False, 'cmake_target': None, 'cmake_target_skip_unavailable': False, 'install_base': '/home/giorgio/Webots/install/util', 'merge_install': False, 'path': '/home/giorgio/Webots/src/util', 'symlink_install': False, 'test_result_base': None}
[0.230s] Level 5:colcon.colcon_core.verb:set package 'webots' build argument 'cmake_args' from command line to 'None'
[0.230s] Level 5:colcon.colcon_core.verb:set package 'webots' build argument 'cmake_target' from command line to 'None'
[0.230s] Level 5:colcon.colcon_core.verb:set package 'webots' build argument 'cmake_target_skip_unavailable' from command line to 'False'
[0.230s] Level 5:colcon.colcon_core.verb:set package 'webots' build argument 'cmake_clean_cache' from command line to 'False'
[0.230s] Level 5:colcon.colcon_core.verb:set package 'webots' build argument 'cmake_clean_first' from command line to 'False'
[0.230s] Level 5:colcon.colcon_core.verb:set package 'webots' build argument 'cmake_force_configure' from command line to 'False'
[0.230s] Level 5:colcon.colcon_core.verb:set package 'webots' build argument 'ament_cmake_args' from command line to 'None'
[0.230s] Level 5:colcon.colcon_core.verb:set package 'webots' build argument 'catkin_cmake_args' from command line to 'None'
[0.230s] Level 5:colcon.colcon_core.verb:set package 'webots' build argument 'catkin_skip_building_tests' from command line to 'False'
[0.230s] DEBUG:colcon.colcon_core.verb:Building package 'webots' with the following arguments: {'ament_cmake_args': None, 'build_base': '/home/giorgio/Webots/build/webots', 'catkin_cmake_args': None, 'catkin_skip_building_tests': False, 'cmake_args': None, 'cmake_clean_cache': False, 'cmake_clean_first': False, 'cmake_force_configure': False, 'cmake_target': None, 'cmake_target_skip_unavailable': False, 'install_base': '/home/giorgio/Webots/install/webots', 'merge_install': False, 'path': '/home/giorgio/Webots/src/webots_tutorial', 'symlink_install': False, 'test_result_base': None}
[0.231s] Level 5:colcon.colcon_core.verb:set package 'webots_hospital_youbot' build argument 'cmake_args' from command line to 'None'
[0.231s] Level 5:colcon.colcon_core.verb:set package 'webots_hospital_youbot' build argument 'cmake_target' from command line to 'None'
[0.231s] Level 5:colcon.colcon_core.verb:set package 'webots_hospital_youbot' build argument 'cmake_target_skip_unavailable' from command line to 'False'
[0.231s] Level 5:colcon.colcon_core.verb:set package 'webots_hospital_youbot' build argument 'cmake_clean_cache' from command line to 'False'
[0.231s] Level 5:colcon.colcon_core.verb:set package 'webots_hospital_youbot' build argument 'cmake_clean_first' from command line to 'False'
[0.231s] Level 5:colcon.colcon_core.verb:set package 'webots_hospital_youbot' build argument 'cmake_force_configure' from command line to 'False'
[0.231s] Level 5:colcon.colcon_core.verb:set package 'webots_hospital_youbot' build argument 'ament_cmake_args' from command line to 'None'
[0.231s] Level 5:colcon.colcon_core.verb:set package 'webots_hospital_youbot' build argument 'catkin_cmake_args' from command line to 'None'
[0.231s] Level 5:colcon.colcon_core.verb:set package 'webots_hospital_youbot' build argument 'catkin_skip_building_tests' from command line to 'False'
[0.231s] DEBUG:colcon.colcon_core.verb:Building package 'webots_hospital_youbot' with the following arguments: {'ament_cmake_args': None, 'build_base': '/home/giorgio/Webots/build/webots_hospital_youbot', 'catkin_cmake_args': None, 'catkin_skip_building_tests': False, 'cmake_args': None, 'cmake_clean_cache': False, 'cmake_clean_first': False, 'cmake_force_configure': False, 'cmake_target': None, 'cmake_target_skip_unavailable': False, 'install_base': '/home/giorgio/Webots/install/webots_hospital_youbot', 'merge_install': False, 'path': '/home/giorgio/Webots/src/webots_hospital_youbot', 'symlink_install': False, 'test_result_base': None}
[0.231s] INFO:colcon.colcon_core.executor:Executing jobs using 'parallel' executor
[0.232s] DEBUG:colcon.colcon_parallel_executor.executor.parallel:run_until_complete
[0.232s] INFO:colcon.colcon_ros.task.ament_cmake.build:Building ROS package in '/home/giorgio/Webots/src/aurora_msgs' with build type 'ament_cmake'
[0.232s] INFO:colcon.colcon_cmake.task.cmake.build:Building CMake package in '/home/giorgio/Webots/src/aurora_msgs'
[0.235s] INFO:colcon.colcon_core.plugin_system:Skipping extension 'colcon_core.shell.bat': Not used on non-Windows systems
[0.236s] DEBUG:colcon.colcon_core.shell:Skip shell extension 'dsv' for command environment
[0.246s] INFO:colcon.colcon_ros.task.ament_cmake.build:Building ROS package in '/home/giorgio/Webots/src/rover_msgs' with build type 'ament_cmake'
[0.247s] INFO:colcon.colcon_cmake.task.cmake.build:Building CMake package in '/home/giorgio/Webots/src/rover_msgs'
[0.247s] DEBUG:colcon.colcon_core.shell:Skip shell extension 'dsv' for command environment
[0.265s] DEBUG:colcon.colcon_core.event_handler.log_command:Invoking command in '/home/giorgio/Webots/build/aurora_msgs': CMAKE_PREFIX_PATH=${CMAKE_PREFIX_PATH}:/home/giorgio/Webots/install/webots_hospital_youbot:/home/giorgio/Webots/install/webots:/home/giorgio/Webots/install/util:/opt/ros/jazzy DEBUGINFOD_URLS=https://debuginfod.ubuntu.com /usr/bin/cmake --build /home/giorgio/Webots/build/aurora_msgs -- -j2 -l2
[0.275s] DEBUG:colcon.colcon_core.event_handler.log_command:Invoking command in '/home/giorgio/Webots/build/rover_msgs': CMAKE_PREFIX_PATH=${CMAKE_PREFIX_PATH}:/home/giorgio/Webots/install/webots_hospital_youbot:/home/giorgio/Webots/install/webots:/home/giorgio/Webots/install/util:/opt/ros/jazzy DEBUGINFOD_URLS=https://debuginfod.ubuntu.com /usr/bin/cmake --build /home/giorgio/Webots/build/rover_msgs -- -j2 -l2
[1.490s] DEBUG:colcon.colcon_core.event_handler.log_command:Invoked command in '/home/giorgio/Webots/build/aurora_msgs' returned '0': CMAKE_PREFIX_PATH=${CMAKE_PREFIX_PATH}:/home/giorgio/Webots/install/webots_hospital_youbot:/home/giorgio/Webots/install/webots:/home/giorgio/Webots/install/util:/opt/ros/jazzy DEBUGINFOD_URLS=https://debuginfod.ubuntu.com /usr/bin/cmake --build /home/giorgio/Webots/build/aurora_msgs -- -j2 -l2
[1.529s] DEBUG:colcon.colcon_core.event_handler.log_command:Invoking command in '/home/giorgio/Webots/build/aurora_msgs': CMAKE_PREFIX_PATH=${CMAKE_PREFIX_PATH}:/home/giorgio/Webots/install/webots_hospital_youbot:/home/giorgio/Webots/install/webots:/home/giorgio/Webots/install/util:/opt/ros/jazzy DEBUGINFOD_URLS=https://debuginfod.ubuntu.com /usr/bin/cmake --install /home/giorgio/Webots/build/aurora_msgs
[1.637s] Level 1:colcon.colcon_core.environment:create_environment_scripts_only(aurora_msgs)
[1.638s] DEBUG:colcon.colcon_core.event_handler.log_command:Invoked command in '/home/giorgio/Webots/build/aurora_msgs' returned '0': CMAKE_PREFIX_PATH=${CMAKE_PREFIX_PATH}:/home/giorgio/Webots/install/webots_hospital_youbot:/home/giorgio/Webots/install/webots:/home/giorgio/Webots/install/util:/opt/ros/jazzy DEBUGINFOD_URLS=https://debuginfod.ubuntu.com /usr/bin/cmake --install /home/giorgio/Webots/build/aurora_msgs
[1.642s] Level 1:colcon.colcon_core.environment:checking '/home/giorgio/Webots/install/aurora_msgs' for CMake module files
[1.642s] Level 1:colcon.colcon_core.environment:checking '/home/giorgio/Webots/install/aurora_msgs' for CMake config files
[1.643s] Level 1:colcon.colcon_core.shell:create_environment_hook('aurora_msgs', 'cmake_prefix_path')
[1.643s] INFO:colcon.colcon_core.shell:Creating environment descriptor '/home/giorgio/Webots/install/aurora_msgs/share/aurora_msgs/hook/cmake_prefix_path.dsv'
[1.646s] INFO:colcon.colcon_core.shell:Creating environment hook '/home/giorgio/Webots/install/aurora_msgs/share/aurora_msgs/hook/cmake_prefix_path.sh'
[1.647s] Level 1:colcon.colcon_core.environment:checking '/home/giorgio/Webots/install/aurora_msgs/lib'
[1.647s] Level 1:colcon.colcon_core.shell:create_environment_hook('aurora_msgs', 'ld_library_path_lib')
[1.647s] INFO:colcon.colcon_core.shell:Creating environment descriptor '/home/giorgio/Webots/install/aurora_msgs/share/aurora_msgs/hook/ld_library_path_lib.dsv'
[1.648s] INFO:colcon.colcon_core.shell:Creating environment hook '/home/giorgio/Webots/install/aurora_msgs/share/aurora_msgs/hook/ld_library_path_lib.sh'
[1.648s] Level 1:colcon.colcon_core.environment:checking '/home/giorgio/Webots/install/aurora_msgs/bin'
[1.649s] Level 1:colcon.colcon_core.environment:checking '/home/giorgio/Webots/install/aurora_msgs/lib/pkgconfig/aurora_msgs.pc'
[1.650s] Level 1:colcon.colcon_core.environment:checking '/home/giorgio/Webots/install/aurora_msgs/lib/python3.12/site-packages'
[1.651s] Level 1:colcon.colcon_core.shell:create_environment_hook('aurora_msgs', 'pythonpath')
[1.651s] INFO:colcon.colcon_core.shell:Creating environment descriptor '/home/giorgio/Webots/install/aurora_msgs/share/aurora_msgs/hook/pythonpath.dsv'
[1.651s] INFO:colcon.colcon_core.shell:Creating environment hook '/home/giorgio/Webots/install/aurora_msgs/share/aurora_msgs/hook/pythonpath.sh'
[1.652s] Level 1:colcon.colcon_core.environment:checking '/home/giorgio/Webots/install/aurora_msgs/bin'
[1.652s] INFO:colcon.colcon_core.shell:Creating package descriptor '/home/giorgio/Webots/install/aurora_msgs/share/aurora_msgs/package.dsv'
[1.653s] INFO:colcon.colcon_core.shell:Creating package script '/home/giorgio/Webots/install/aurora_msgs/share/aurora_msgs/package.sh'
[1.654s] INFO:colcon.colcon_core.shell:Creating package script '/home/giorgio/Webots/install/aurora_msgs/share/aurora_msgs/package.bash'
[1.655s] INFO:colcon.colcon_core.shell:Creating package script '/home/giorgio/Webots/install/aurora_msgs/share/aurora_msgs/package.zsh'
[1.655s] Level 1:colcon.colcon_core.environment:create_file_with_runtime_dependencies(/home/giorgio/Webots/install/aurora_msgs/share/colcon-core/packages/aurora_msgs)
[1.656s] Level 1:colcon.colcon_core.environment:create_environment_scripts_only(aurora_msgs)
[1.656s] Level 1:colcon.colcon_core.environment:checking '/home/giorgio/Webots/install/aurora_msgs' for CMake module files
[1.656s] Level 1:colcon.colcon_core.environment:checking '/home/giorgio/Webots/install/aurora_msgs' for CMake config files
[1.656s] Level 1:colcon.colcon_core.shell:create_environment_hook('aurora_msgs', 'cmake_prefix_path')
[1.657s] INFO:colcon.colcon_core.shell:Creating environment descriptor '/home/giorgio/Webots/install/aurora_msgs/share/aurora_msgs/hook/cmake_prefix_path.dsv'
[1.657s] INFO:colcon.colcon_core.shell:Creating environment hook '/home/giorgio/Webots/install/aurora_msgs/share/aurora_msgs/hook/cmake_prefix_path.sh'
[1.658s] Level 1:colcon.colcon_core.environment:checking '/home/giorgio/Webots/install/aurora_msgs/lib'
[1.658s] Level 1:colcon.colcon_core.shell:create_environment_hook('aurora_msgs', 'ld_library_path_lib')
[1.658s] INFO:colcon.colcon_core.shell:Creating environment descriptor '/home/giorgio/Webots/install/aurora_msgs/share/aurora_msgs/hook/ld_library_path_lib.dsv'
[1.659s] INFO:colcon.colcon_core.shell:Creating environment hook '/home/giorgio/Webots/install/aurora_msgs/share/aurora_msgs/hook/ld_library_path_lib.sh'
[1.660s] Level 1:colcon.colcon_core.environment:checking '/home/giorgio/Webots/install/aurora_msgs/bin'
[1.660s] Level 1:colcon.colcon_core.environment:checking '/home/giorgio/Webots/install/aurora_msgs/lib/pkgconfig/aurora_msgs.pc'
[1.660s] Level 1:colcon.colcon_core.environment:checking '/home/giorgio/Webots/install/aurora_msgs/lib/python3.12/site-packages'
[1.660s] Level 1:colcon.colcon_core.shell:create_environment_hook('aurora_msgs', 'pythonpath')
[1.660s] INFO:colcon.colcon_core.shell:Creating environment descriptor '/home/giorgio/Webots/install/aurora_msgs/share/aurora_msgs/hook/pythonpath.dsv'
[1.661s] INFO:colcon.colcon_core.shell:Creating environment hook '/home/giorgio/Webots/install/aurora_msgs/share/aurora_msgs/hook/pythonpath.sh'
[1.662s] Level 1:colcon.colcon_core.environment:checking '/home/giorgio/Webots/install/aurora_msgs/bin'
[1.662s] INFO:colcon.colcon_core.shell:Creating package descriptor '/home/giorgio/Webots/install/aurora_msgs/share/aurora_msgs/package.dsv'
[1.663s] INFO:colcon.colcon_core.shell:Creating package script '/home/giorgio/Webots/install/aurora_msgs/share/aurora_msgs/package.sh'
[1.664s] INFO:colcon.colcon_core.shell:Creating package script '/home/giorgio/Webots/install/aurora_msgs/share/aurora_msgs/package.bash'
[1.664s] INFO:colcon.colcon_core.shell:Creating package script '/home/giorgio/Webots/install/aurora_msgs/share/aurora_msgs/package.zsh'
[1.670s] Level 1:colcon.colcon_core.environment:create_file_with_runtime_dependencies(/home/giorgio/Webots/install/aurora_msgs/share/colcon-core/packages/aurora_msgs)
[1.671s] INFO:colcon.colcon_ros.task.ament_cmake.build:Building ROS package in '/home/giorgio/Webots/src/aruco_msgs' with build type 'ament_cmake'
[1.671s] INFO:colcon.colcon_cmake.task.cmake.build:Building CMake package in '/home/giorgio/Webots/src/aruco_msgs'
[1.672s] DEBUG:colcon.colcon_core.shell:Skip shell extension 'dsv' for command environment
[1.681s] DEBUG:colcon.colcon_core.event_handler.log_command:Invoked command in '/home/giorgio/Webots/build/rover_msgs' returned '0': CMAKE_PREFIX_PATH=${CMAKE_PREFIX_PATH}:/home/giorgio/Webots/install/webots_hospital_youbot:/home/giorgio/Webots/install/webots:/home/giorgio/Webots/install/util:/opt/ros/jazzy DEBUGINFOD_URLS=https://debuginfod.ubuntu.com /usr/bin/cmake --build /home/giorgio/Webots/build/rover_msgs -- -j2 -l2
[1.683s] DEBUG:colcon.colcon_core.event_handler.log_command:Invoking command in '/home/giorgio/Webots/build/rover_msgs': CMAKE_PREFIX_PATH=${CMAKE_PREFIX_PATH}:/home/giorgio/Webots/install/webots_hospital_youbot:/home/giorgio/Webots/install/webots:/home/giorgio/Webots/install/util:/opt/ros/jazzy DEBUGINFOD_URLS=https://debuginfod.ubuntu.com /usr/bin/cmake --install /home/giorgio/Webots/build/rover_msgs
[1.691s] DEBUG:colcon.colcon_core.event_handler.log_command:Invoking command in '/home/giorgio/Webots/build/aruco_msgs': CMAKE_PREFIX_PATH=${CMAKE_PREFIX_PATH}:/home/giorgio/Webots/install/webots_hospital_youbot:/home/giorgio/Webots/install/webots:/home/giorgio/Webots/install/util:/opt/ros/jazzy DEBUGINFOD_URLS=https://debuginfod.ubuntu.com /usr/bin/cmake --build /home/giorgio/Webots/build/aruco_msgs -- -j2 -l2
[1.848s] Level 1:colcon.colcon_core.environment:create_environment_scripts_only(rover_msgs)
[1.849s] DEBUG:colcon.colcon_core.event_handler.log_command:Invoked command in '/home/giorgio/Webots/build/rover_msgs' returned '0': CMAKE_PREFIX_PATH=${CMAKE_PREFIX_PATH}:/home/giorgio/Webots/install/webots_hospital_youbot:/home/giorgio/Webots/install/webots:/home/giorgio/Webots/install/util:/opt/ros/jazzy DEBUGINFOD_URLS=https://debuginfod.ubuntu.com /usr/bin/cmake --install /home/giorgio/Webots/build/rover_msgs
[1.849s] Level 1:colcon.colcon_core.environment:checking '/home/giorgio/Webots/install/rover_msgs' for CMake module files
[1.849s] Level 1:colcon.colcon_core.environment:checking '/home/giorgio/Webots/install/rover_msgs' for CMake config files
[1.849s] Level 1:colcon.colcon_core.shell:create_environment_hook('rover_msgs', 'cmake_prefix_path')
[1.850s] INFO:colcon.colcon_core.shell:Creating environment descriptor '/home/giorgio/Webots/install/rover_msgs/share/rover_msgs/hook/cmake_prefix_path.dsv'
[1.850s] INFO:colcon.colcon_core.shell:Creating environment hook '/home/giorgio/Webots/install/rover_msgs/share/rover_msgs/hook/cmake_prefix_path.sh'
[1.851s] Level 1:colcon.colcon_core.environment:checking '/home/giorgio/Webots/install/rover_msgs/lib'
[1.852s] Level 1:colcon.colcon_core.shell:create_environment_hook('rover_msgs', 'ld_library_path_lib')
[1.852s] INFO:colcon.colcon_core.shell:Creating environment descriptor '/home/giorgio/Webots/install/rover_msgs/share/rover_msgs/hook/ld_library_path_lib.dsv'
[1.852s] INFO:colcon.colcon_core.shell:Creating environment hook '/home/giorgio/Webots/install/rover_msgs/share/rover_msgs/hook/ld_library_path_lib.sh'
[1.853s] Level 1:colcon.colcon_core.environment:checking '/home/giorgio/Webots/install/rover_msgs/bin'
[1.853s] Level 1:colcon.colcon_core.environment:checking '/home/giorgio/Webots/install/rover_msgs/lib/pkgconfig/rover_msgs.pc'
[1.853s] Level 1:colcon.colcon_core.environment:checking '/home/giorgio/Webots/install/rover_msgs/lib/python3.12/site-packages'
[1.853s] Level 1:colcon.colcon_core.shell:create_environment_hook('rover_msgs', 'pythonpath')
[1.853s] INFO:colcon.colcon_core.shell:Creating environment descriptor '/home/giorgio/Webots/install/rover_msgs/share/rover_msgs/hook/pythonpath.dsv'
[1.854s] INFO:colcon.colcon_core.shell:Creating environment hook '/home/giorgio/Webots/install/rover_msgs/share/rover_msgs/hook/pythonpath.sh'
[1.855s] Level 1:colcon.colcon_core.environment:checking '/home/giorgio/Webots/install/rover_msgs/bin'
[1.855s] INFO:colcon.colcon_core.shell:Creating package descriptor '/home/giorgio/Webots/install/rover_msgs/share/rover_msgs/package.dsv'
[1.856s] INFO:colcon.colcon_core.shell:Creating package script '/home/giorgio/Webots/install/rover_msgs/share/rover_msgs/package.sh'
[1.856s] INFO:colcon.colcon_core.shell:Creating package script '/home/giorgio/Webots/install/rover_msgs/share/rover_msgs/package.bash'
[1.857s] INFO:colcon.colcon_core.shell:Creating package script '/home/giorgio/Webots/install/rover_msgs/share/rover_msgs/package.zsh'
[1.858s] Level 1:colcon.colcon_core.environment:create_file_with_runtime_dependencies(/home/giorgio/Webots/install/rover_msgs/share/colcon-core/packages/rover_msgs)
[1.859s] Level 1:colcon.colcon_core.environment:create_environment_scripts_only(rover_msgs)
[1.859s] Level 1:colcon.colcon_core.environment:checking '/home/giorgio/Webots/install/rover_msgs' for CMake module files
[1.861s] Level 1:colcon.colcon_core.environment:checking '/home/giorgio/Webots/install/rover_msgs' for CMake config files
[1.861s] Level 1:colcon.colcon_core.shell:create_environment_hook('rover_msgs', 'cmake_prefix_path')
[1.862s] INFO:colcon.colcon_core.shell:Creating environment descriptor '/home/giorgio/Webots/install/rover_msgs/share/rover_msgs/hook/cmake_prefix_path.dsv'
[1.864s] INFO:colcon.colcon_core.shell:Creating environment hook '/home/giorgio/Webots/install/rover_msgs/share/rover_msgs/hook/cmake_prefix_path.sh'
[1.866s] Level 1:colcon.colcon_core.environment:checking '/home/giorgio/Webots/install/rover_msgs/lib'
[1.867s] Level 1:colcon.colcon_core.shell:create_environment_hook('rover_msgs', 'ld_library_path_lib')
[1.869s] INFO:colcon.colcon_core.shell:Creating environment descriptor '/home/giorgio/Webots/install/rover_msgs/share/rover_msgs/hook/ld_library_path_lib.dsv'
[1.871s] INFO:colcon.colcon_core.shell:Creating environment hook '/home/giorgio/Webots/install/rover_msgs/share/rover_msgs/hook/ld_library_path_lib.sh'
[1.872s] Level 1:colcon.colcon_core.environment:checking '/home/giorgio/Webots/install/rover_msgs/bin'
[1.872s] Level 1:colcon.colcon_core.environment:checking '/home/giorgio/Webots/install/rover_msgs/lib/pkgconfig/rover_msgs.pc'
[1.872s] Level 1:colcon.colcon_core.environment:checking '/home/giorgio/Webots/install/rover_msgs/lib/python3.12/site-packages'
[1.872s] Level 1:colcon.colcon_core.shell:create_environment_hook('rover_msgs', 'pythonpath')
[1.872s] INFO:colcon.colcon_core.shell:Creating environment descriptor '/home/giorgio/Webots/install/rover_msgs/share/rover_msgs/hook/pythonpath.dsv'
[1.873s] INFO:colcon.colcon_core.shell:Creating environment hook '/home/giorgio/Webots/install/rover_msgs/share/rover_msgs/hook/pythonpath.sh'
[1.875s] Level 1:colcon.colcon_core.environment:checking '/home/giorgio/Webots/install/rover_msgs/bin'
[1.875s] INFO:colcon.colcon_core.shell:Creating package descriptor '/home/giorgio/Webots/install/rover_msgs/share/rover_msgs/package.dsv'
[1.875s] INFO:colcon.colcon_core.shell:Creating package script '/home/giorgio/Webots/install/rover_msgs/share/rover_msgs/package.sh'
[1.877s] INFO:colcon.colcon_core.shell:Creating package script '/home/giorgio/Webots/install/rover_msgs/share/rover_msgs/package.bash'
[1.878s] INFO:colcon.colcon_core.shell:Creating package script '/home/giorgio/Webots/install/rover_msgs/share/rover_msgs/package.zsh'
[1.878s] Level 1:colcon.colcon_core.environment:create_file_with_runtime_dependencies(/home/giorgio/Webots/install/rover_msgs/share/colcon-core/packages/rover_msgs)
[1.879s] INFO:colcon.colcon_ros.task.ament_cmake.build:Building ROS package in '/home/giorgio/Webots/src/cpp_pubsub' with build type 'ament_cmake'
[1.879s] INFO:colcon.colcon_cmake.task.cmake.build:Building CMake package in '/home/giorgio/Webots/src/cpp_pubsub'
[1.879s] DEBUG:colcon.colcon_core.shell:Skip shell extension 'dsv' for command environment
[1.895s] DEBUG:colcon.colcon_core.event_handler.log_command:Invoking command in '/home/giorgio/Webots/build/cpp_pubsub': CMAKE_PREFIX_PATH=${CMAKE_PREFIX_PATH}:/home/giorgio/Webots/install/webots_hospital_youbot:/home/giorgio/Webots/install/webots:/home/giorgio/Webots/install/util:/opt/ros/jazzy DEBUGINFOD_URLS=https://debuginfod.ubuntu.com /usr/bin/cmake --build /home/giorgio/Webots/build/cpp_pubsub -- -j2 -l2
[2.115s] DEBUG:colcon.colcon_core.event_handler.log_command:Invoked command in '/home/giorgio/Webots/build/cpp_pubsub' returned '0': CMAKE_PREFIX_PATH=${CMAKE_PREFIX_PATH}:/home/giorgio/Webots/install/webots_hospital_youbot:/home/giorgio/Webots/install/webots:/home/giorgio/Webots/install/util:/opt/ros/jazzy DEBUGINFOD_URLS=https://debuginfod.ubuntu.com /usr/bin/cmake --build /home/giorgio/Webots/build/cpp_pubsub -- -j2 -l2
[2.121s] DEBUG:colcon.colcon_core.event_handler.log_command:Invoking command in '/home/giorgio/Webots/build/cpp_pubsub': CMAKE_PREFIX_PATH=${CMAKE_PREFIX_PATH}:/home/giorgio/Webots/install/webots_hospital_youbot:/home/giorgio/Webots/install/webots:/home/giorgio/Webots/install/util:/opt/ros/jazzy DEBUGINFOD_URLS=https://debuginfod.ubuntu.com /usr/bin/cmake --install /home/giorgio/Webots/build/cpp_pubsub
[2.165s] Level 1:colcon.colcon_core.environment:create_environment_scripts_only(cpp_pubsub)
[2.165s] Level 1:colcon.colcon_core.environment:checking '/home/giorgio/Webots/install/cpp_pubsub' for CMake module files
[2.166s] Level 1:colcon.colcon_core.environment:checking '/home/giorgio/Webots/install/cpp_pubsub' for CMake config files
[2.166s] Level 1:colcon.colcon_core.shell:create_environment_hook('cpp_pubsub', 'cmake_prefix_path')
[2.166s] INFO:colcon.colcon_core.shell:Creating environment descriptor '/home/giorgio/Webots/install/cpp_pubsub/share/cpp_pubsub/hook/cmake_prefix_path.dsv'
[2.167s] DEBUG:colcon.colcon_core.event_handler.log_command:Invoked command in '/home/giorgio/Webots/build/cpp_pubsub' returned '0': CMAKE_PREFIX_PATH=${CMAKE_PREFIX_PATH}:/home/giorgio/Webots/install/webots_hospital_youbot:/home/giorgio/Webots/install/webots:/home/giorgio/Webots/install/util:/opt/ros/jazzy DEBUGINFOD_URLS=https://debuginfod.ubuntu.com /usr/bin/cmake --install /home/giorgio/Webots/build/cpp_pubsub
[2.171s] INFO:colcon.colcon_core.shell:Creating environment hook '/home/giorgio/Webots/install/cpp_pubsub/share/cpp_pubsub/hook/cmake_prefix_path.sh'
[2.177s] Level 1:colcon.colcon_core.environment:checking '/home/giorgio/Webots/install/cpp_pubsub/lib'
[2.177s] Level 1:colcon.colcon_core.environment:checking '/home/giorgio/Webots/install/cpp_pubsub/bin'
[2.177s] Level 1:colcon.colcon_core.environment:checking '/home/giorgio/Webots/install/cpp_pubsub/lib/pkgconfig/cpp_pubsub.pc'
[2.181s] Level 1:colcon.colcon_core.environment:checking '/home/giorgio/Webots/install/cpp_pubsub/lib/python3.12/site-packages'
[2.182s] Level 1:colcon.colcon_core.environment:checking '/home/giorgio/Webots/install/cpp_pubsub/bin'
[2.183s] INFO:colcon.colcon_core.shell:Creating package descriptor '/home/giorgio/Webots/install/cpp_pubsub/share/cpp_pubsub/package.dsv'
[2.186s] INFO:colcon.colcon_core.shell:Creating package script '/home/giorgio/Webots/install/cpp_pubsub/share/cpp_pubsub/package.sh'
[2.189s] INFO:colcon.colcon_core.shell:Creating package script '/home/giorgio/Webots/install/cpp_pubsub/share/cpp_pubsub/package.bash'
[2.192s] INFO:colcon.colcon_core.shell:Creating package script '/home/giorgio/Webots/install/cpp_pubsub/share/cpp_pubsub/package.zsh'
[2.194s] Level 1:colcon.colcon_core.environment:create_file_with_runtime_dependencies(/home/giorgio/Webots/install/cpp_pubsub/share/colcon-core/packages/cpp_pubsub)
[2.197s] Level 1:colcon.colcon_core.environment:create_environment_scripts_only(cpp_pubsub)
[2.198s] Level 1:colcon.colcon_core.environment:checking '/home/giorgio/Webots/install/cpp_pubsub' for CMake module files
[2.200s] Level 1:colcon.colcon_core.environment:checking '/home/giorgio/Webots/install/cpp_pubsub' for CMake config files
[2.200s] Level 1:colcon.colcon_core.shell:create_environment_hook('cpp_pubsub', 'cmake_prefix_path')
[2.201s] INFO:colcon.colcon_core.shell:Creating environment descriptor '/home/giorgio/Webots/install/cpp_pubsub/share/cpp_pubsub/hook/cmake_prefix_path.dsv'
[2.206s] INFO:colcon.colcon_core.shell:Creating environment hook '/home/giorgio/Webots/install/cpp_pubsub/share/cpp_pubsub/hook/cmake_prefix_path.sh'
[2.208s] Level 1:colcon.colcon_core.environment:checking '/home/giorgio/Webots/install/cpp_pubsub/lib'
[2.209s] Level 1:colcon.colcon_core.environment:checking '/home/giorgio/Webots/install/cpp_pubsub/bin'
[2.209s] Level 1:colcon.colcon_core.environment:checking '/home/giorgio/Webots/install/cpp_pubsub/lib/pkgconfig/cpp_pubsub.pc'
[2.209s] Level 1:colcon.colcon_core.environment:checking '/home/giorgio/Webots/install/cpp_pubsub/lib/python3.12/site-packages'
[2.209s] Level 1:colcon.colcon_core.environment:checking '/home/giorgio/Webots/install/cpp_pubsub/bin'
[2.209s] INFO:colcon.colcon_core.shell:Creating package descriptor '/home/giorgio/Webots/install/cpp_pubsub/share/cpp_pubsub/package.dsv'
[2.210s] INFO:colcon.colcon_core.shell:Creating package script '/home/giorgio/Webots/install/cpp_pubsub/share/cpp_pubsub/package.sh'
[2.212s] INFO:colcon.colcon_core.shell:Creating package script '/home/giorgio/Webots/install/cpp_pubsub/share/cpp_pubsub/package.bash'
[2.213s] INFO:colcon.colcon_core.shell:Creating package script '/home/giorgio/Webots/install/cpp_pubsub/share/cpp_pubsub/package.zsh'
[2.215s] Level 1:colcon.colcon_core.environment:create_file_with_runtime_dependencies(/home/giorgio/Webots/install/cpp_pubsub/share/colcon-core/packages/cpp_pubsub)
[2.217s] INFO:colcon.colcon_ros.task.ament_python.build:Building ROS package in '/home/giorgio/Webots/src/util' with build type 'ament_python'
[2.218s] Level 1:colcon.colcon_core.shell:create_environment_hook('util', 'ament_prefix_path')
[2.218s] INFO:colcon.colcon_core.shell:Creating environment descriptor '/home/giorgio/Webots/install/util/share/util/hook/ament_prefix_path.dsv'
[2.219s] INFO:colcon.colcon_core.shell:Creating environment hook '/home/giorgio/Webots/install/util/share/util/hook/ament_prefix_path.sh'
[2.220s] DEBUG:colcon.colcon_core.shell:Skip shell extension 'dsv' for command environment
[2.638s] INFO:colcon.colcon_core.task.python.build:Building Python package in '/home/giorgio/Webots/src/util'
[2.638s] DEBUG:colcon.colcon_core.shell:Skip shell extension 'dsv' for command environment
[2.774s] DEBUG:colcon.colcon_core.event_handler.log_command:Invoked command in '/home/giorgio/Webots/build/aruco_msgs' returned '0': CMAKE_PREFIX_PATH=${CMAKE_PREFIX_PATH}:/home/giorgio/Webots/install/webots_hospital_youbot:/home/giorgio/Webots/install/webots:/home/giorgio/Webots/install/util:/opt/ros/jazzy DEBUGINFOD_URLS=https://debuginfod.ubuntu.com /usr/bin/cmake --build /home/giorgio/Webots/build/aruco_msgs -- -j2 -l2
[2.775s] DEBUG:colcon.colcon_core.event_handler.log_command:Invoking command in '/home/giorgio/Webots/build/aruco_msgs': CMAKE_PREFIX_PATH=${CMAKE_PREFIX_PATH}:/home/giorgio/Webots/install/webots_hospital_youbot:/home/giorgio/Webots/install/webots:/home/giorgio/Webots/install/util:/opt/ros/jazzy DEBUGINFOD_URLS=https://debuginfod.ubuntu.com /usr/bin/cmake --install /home/giorgio/Webots/build/aruco_msgs
[2.892s] Level 1:colcon.colcon_core.environment:create_environment_scripts_only(aruco_msgs)
[2.893s] Level 1:colcon.colcon_core.environment:checking '/home/giorgio/Webots/install/aruco_msgs' for CMake module files
[2.893s] Level 1:colcon.colcon_core.environment:checking '/home/giorgio/Webots/install/aruco_msgs' for CMake config files
[2.894s] Level 1:colcon.colcon_core.shell:create_environment_hook('aruco_msgs', 'cmake_prefix_path')
[2.894s] INFO:colcon.colcon_core.shell:Creating environment descriptor '/home/giorgio/Webots/install/aruco_msgs/share/aruco_msgs/hook/cmake_prefix_path.dsv'
[2.893s] DEBUG:colcon.colcon_core.event_handler.log_command:Invoked command in '/home/giorgio/Webots/build/aruco_msgs' returned '0': CMAKE_PREFIX_PATH=${CMAKE_PREFIX_PATH}:/home/giorgio/Webots/install/webots_hospital_youbot:/home/giorgio/Webots/install/webots:/home/giorgio/Webots/install/util:/opt/ros/jazzy DEBUGINFOD_URLS=https://debuginfod.ubuntu.com /usr/bin/cmake --install /home/giorgio/Webots/build/aruco_msgs
[2.897s] INFO:colcon.colcon_core.shell:Creating environment hook '/home/giorgio/Webots/install/aruco_msgs/share/aruco_msgs/hook/cmake_prefix_path.sh'
[2.900s] Level 1:colcon.colcon_core.environment:checking '/home/giorgio/Webots/install/aruco_msgs/lib'
[2.900s] Level 1:colcon.colcon_core.shell:create_environment_hook('aruco_msgs', 'ld_library_path_lib')
[2.901s] INFO:colcon.colcon_core.shell:Creating environment descriptor '/home/giorgio/Webots/install/aruco_msgs/share/aruco_msgs/hook/ld_library_path_lib.dsv'
[2.903s] INFO:colcon.colcon_core.shell:Creating environment hook '/home/giorgio/Webots/install/aruco_msgs/share/aruco_msgs/hook/ld_library_path_lib.sh'
[2.906s] Level 1:colcon.colcon_core.environment:checking '/home/giorgio/Webots/install/aruco_msgs/bin'
[2.906s] Level 1:colcon.colcon_core.environment:checking '/home/giorgio/Webots/install/aruco_msgs/lib/pkgconfig/aruco_msgs.pc'
[2.906s] Level 1:colcon.colcon_core.environment:checking '/home/giorgio/Webots/install/aruco_msgs/lib/python3.12/site-packages'
[2.906s] Level 1:colcon.colcon_core.shell:create_environment_hook('aruco_msgs', 'pythonpath')
[2.907s] INFO:colcon.colcon_core.shell:Creating environment descriptor '/home/giorgio/Webots/install/aruco_msgs/share/aruco_msgs/hook/pythonpath.dsv'
[2.907s] INFO:colcon.colcon_core.shell:Creating environment hook '/home/giorgio/Webots/install/aruco_msgs/share/aruco_msgs/hook/pythonpath.sh'
[2.911s] Level 1:colcon.colcon_core.environment:checking '/home/giorgio/Webots/install/aruco_msgs/bin'
[2.912s] INFO:colcon.colcon_core.shell:Creating package descriptor '/home/giorgio/Webots/install/aruco_msgs/share/aruco_msgs/package.dsv'
[2.915s] INFO:colcon.colcon_core.shell:Creating package script '/home/giorgio/Webots/install/aruco_msgs/share/aruco_msgs/package.sh'
[2.916s] INFO:colcon.colcon_core.shell:Creating package script '/home/giorgio/Webots/install/aruco_msgs/share/aruco_msgs/package.bash'
[2.917s] INFO:colcon.colcon_core.shell:Creating package script '/home/giorgio/Webots/install/aruco_msgs/share/aruco_msgs/package.zsh'
[2.917s] Level 1:colcon.colcon_core.environment:create_file_with_runtime_dependencies(/home/giorgio/Webots/install/aruco_msgs/share/colcon-core/packages/aruco_msgs)
[2.919s] Level 1:colcon.colcon_core.environment:create_environment_scripts_only(aruco_msgs)
[2.919s] Level 1:colcon.colcon_core.environment:checking '/home/giorgio/Webots/install/aruco_msgs' for CMake module files
[2.919s] Level 1:colcon.colcon_core.environment:checking '/home/giorgio/Webots/install/aruco_msgs' for CMake config files
[2.920s] Level 1:colcon.colcon_core.shell:create_environment_hook('aruco_msgs', 'cmake_prefix_path')
[2.920s] INFO:colcon.colcon_core.shell:Creating environment descriptor '/home/giorgio/Webots/install/aruco_msgs/share/aruco_msgs/hook/cmake_prefix_path.dsv'
[2.920s] INFO:colcon.colcon_core.shell:Creating environment hook '/home/giorgio/Webots/install/aruco_msgs/share/aruco_msgs/hook/cmake_prefix_path.sh'
[2.921s] Level 1:colcon.colcon_core.environment:checking '/home/giorgio/Webots/install/aruco_msgs/lib'
[2.921s] Level 1:colcon.colcon_core.shell:create_environment_hook('aruco_msgs', 'ld_library_path_lib')
[2.921s] INFO:colcon.colcon_core.shell:Creating environment descriptor '/home/giorgio/Webots/install/aruco_msgs/share/aruco_msgs/hook/ld_library_path_lib.dsv'
[2.922s] INFO:colcon.colcon_core.shell:Creating environment hook '/home/giorgio/Webots/install/aruco_msgs/share/aruco_msgs/hook/ld_library_path_lib.sh'
[2.922s] Level 1:colcon.colcon_core.environment:checking '/home/giorgio/Webots/install/aruco_msgs/bin'
[2.922s] Level 1:colcon.colcon_core.environment:checking '/home/giorgio/Webots/install/aruco_msgs/lib/pkgconfig/aruco_msgs.pc'
[2.923s] Level 1:colcon.colcon_core.environment:checking '/home/giorgio/Webots/install/aruco_msgs/lib/python3.12/site-packages'
[2.923s] Level 1:colcon.colcon_core.shell:create_environment_hook('aruco_msgs', 'pythonpath')
[2.924s] INFO:colcon.colcon_core.shell:Creating environment descriptor '/home/giorgio/Webots/install/aruco_msgs/share/aruco_msgs/hook/pythonpath.dsv'
[2.925s] INFO:colcon.colcon_core.shell:Creating environment hook '/home/giorgio/Webots/install/aruco_msgs/share/aruco_msgs/hook/pythonpath.sh'
[2.925s] Level 1:colcon.colcon_core.environment:checking '/home/giorgio/Webots/install/aruco_msgs/bin'
[2.925s] INFO:colcon.colcon_core.shell:Creating package descriptor '/home/giorgio/Webots/install/aruco_msgs/share/aruco_msgs/package.dsv'
[2.926s] INFO:colcon.colcon_core.shell:Creating package script '/home/giorgio/Webots/install/aruco_msgs/share/aruco_msgs/package.sh'
[2.927s] INFO:colcon.colcon_core.shell:Creating package script '/home/giorgio/Webots/install/aruco_msgs/share/aruco_msgs/package.bash'
[2.928s] INFO:colcon.colcon_core.shell:Creating package script '/home/giorgio/Webots/install/aruco_msgs/share/aruco_msgs/package.zsh'
[2.928s] Level 1:colcon.colcon_core.environment:create_file_with_runtime_dependencies(/home/giorgio/Webots/install/aruco_msgs/share/colcon-core/packages/aruco_msgs)
[2.929s] INFO:colcon.colcon_ros.task.ament_python.build:Building ROS package in '/home/giorgio/Webots/src/webots_tutorial' with build type 'ament_python'
[2.929s] Level 1:colcon.colcon_core.shell:create_environment_hook('webots', 'ament_prefix_path')
[2.930s] INFO:colcon.colcon_core.shell:Creating environment descriptor '/home/giorgio/Webots/install/webots/share/webots/hook/ament_prefix_path.dsv'
[2.930s] INFO:colcon.colcon_core.shell:Creating environment hook '/home/giorgio/Webots/install/webots/share/webots/hook/ament_prefix_path.sh'
[2.930s] DEBUG:colcon.colcon_core.shell:Skip shell extension 'dsv' for command environment
[3.175s] INFO:colcon.colcon_core.task.python.build:Building Python package in '/home/giorgio/Webots/src/webots_tutorial'
[3.175s] DEBUG:colcon.colcon_core.shell:Skip shell extension 'dsv' for command environment
[3.732s] DEBUG:colcon.colcon_core.event_handler.log_command:Invoking command in '/home/giorgio/Webots/src/util': DEBUGINFOD_URLS=https://debuginfod.ubuntu.com PYTHONPATH=/home/giorgio/Webots/build/util/prefix_override:/usr/lib/python3/dist-packages/colcon_core/task/python/colcon_distutils_commands:/home/giorgio/Webots/install/util/lib/python3.12/site-packages:${PYTHONPATH} /usr/bin/python3 -W ignore:setup.py install is deprecated -W ignore:easy_install command is deprecated setup.py egg_info --egg-base ../../build/util build --build-base /home/giorgio/Webots/build/util/build install --record /home/giorgio/Webots/build/util/install.log --single-version-externally-managed install_data
[3.937s] DEBUG:colcon.colcon_core.event_handler.log_command:Invoking command in '/home/giorgio/Webots/src/webots_tutorial': DEBUGINFOD_URLS=https://debuginfod.ubuntu.com PYTHONPATH=/home/giorgio/Webots/build/webots/prefix_override:/usr/lib/python3/dist-packages/colcon_core/task/python/colcon_distutils_commands:/home/giorgio/Webots/install/webots/lib/python3.12/site-packages:${PYTHONPATH} /usr/bin/python3 -W ignore:setup.py install is deprecated -W ignore:easy_install command is deprecated setup.py egg_info --egg-base ../../build/webots build --build-base /home/giorgio/Webots/build/webots/build install --record /home/giorgio/Webots/build/webots/install.log --single-version-externally-managed install_data
[4.408s] Level 1:colcon.colcon_core.environment:checking '/home/giorgio/Webots/install/util' for CMake module files
[4.409s] Level 1:colcon.colcon_core.environment:checking '/home/giorgio/Webots/install/util' for CMake config files
[4.409s] Level 1:colcon.colcon_core.environment:checking '/home/giorgio/Webots/install/util/lib'
[4.409s] Level 1:colcon.colcon_core.environment:checking '/home/giorgio/Webots/install/util/bin'
[4.409s] Level 1:colcon.colcon_core.environment:checking '/home/giorgio/Webots/install/util/lib/pkgconfig/util.pc'
[4.409s] Level 1:colcon.colcon_core.environment:checking '/home/giorgio/Webots/install/util/lib/python3.12/site-packages'
[4.410s] Level 1:colcon.colcon_core.shell:create_environment_hook('util', 'pythonpath')
[4.410s] INFO:colcon.colcon_core.shell:Creating environment descriptor '/home/giorgio/Webots/install/util/share/util/hook/pythonpath.dsv'
[4.411s] INFO:colcon.colcon_core.shell:Creating environment hook '/home/giorgio/Webots/install/util/share/util/hook/pythonpath.sh'
[4.411s] Level 1:colcon.colcon_core.environment:checking '/home/giorgio/Webots/install/util/bin'
[4.412s] Level 1:colcon.colcon_core.environment:create_environment_scripts_only(util)
[4.412s] INFO:colcon.colcon_core.shell:Creating package descriptor '/home/giorgio/Webots/install/util/share/util/package.dsv'
[4.412s] DEBUG:colcon.colcon_core.event_handler.log_command:Invoked command in '/home/giorgio/Webots/src/util' returned '0': DEBUGINFOD_URLS=https://debuginfod.ubuntu.com PYTHONPATH=/home/giorgio/Webots/build/util/prefix_override:/usr/lib/python3/dist-packages/colcon_core/task/python/colcon_distutils_commands:/home/giorgio/Webots/install/util/lib/python3.12/site-packages:${PYTHONPATH} /usr/bin/python3 -W ignore:setup.py install is deprecated -W ignore:easy_install command is deprecated setup.py egg_info --egg-base ../../build/util build --build-base /home/giorgio/Webots/build/util/build install --record /home/giorgio/Webots/build/util/install.log --single-version-externally-managed install_data
[4.414s] INFO:colcon.colcon_core.shell:Creating package script '/home/giorgio/Webots/install/util/share/util/package.sh'
[4.414s] INFO:colcon.colcon_core.shell:Creating package script '/home/giorgio/Webots/install/util/share/util/package.bash'
[4.415s] INFO:colcon.colcon_core.shell:Creating package script '/home/giorgio/Webots/install/util/share/util/package.zsh'
[4.415s] Level 1:colcon.colcon_core.environment:create_file_with_runtime_dependencies(/home/giorgio/Webots/install/util/share/colcon-core/packages/util)
[4.415s] INFO:colcon.colcon_ros.task.ament_python.build:Building ROS package in '/home/giorgio/Webots/src/webots_hospital_youbot' with build type 'ament_python'
[4.416s] Level 1:colcon.colcon_core.shell:create_environment_hook('webots_hospital_youbot', 'ament_prefix_path')
[4.416s] INFO:colcon.colcon_core.shell:Creating environment descriptor '/home/giorgio/Webots/install/webots_hospital_youbot/share/webots_hospital_youbot/hook/ament_prefix_path.dsv'
[4.418s] INFO:colcon.colcon_core.shell:Creating environment hook '/home/giorgio/Webots/install/webots_hospital_youbot/share/webots_hospital_youbot/hook/ament_prefix_path.sh'
[4.419s] DEBUG:colcon.colcon_core.shell:Skip shell extension 'dsv' for command environment
[4.797s] INFO:colcon.colcon_core.task.python.build:Building Python package in '/home/giorgio/Webots/src/webots_hospital_youbot'
[4.797s] DEBUG:colcon.colcon_core.shell:Skip shell extension 'dsv' for command environment
[4.855s] Level 1:colcon.colcon_core.environment:checking '/home/giorgio/Webots/install/webots' for CMake module files
[4.858s] DEBUG:colcon.colcon_core.event_handler.log_command:Invoked command in '/home/giorgio/Webots/src/webots_tutorial' returned '0': DEBUGINFOD_URLS=https://debuginfod.ubuntu.com PYTHONPATH=/home/giorgio/Webots/build/webots/prefix_override:/usr/lib/python3/dist-packages/colcon_core/task/python/colcon_distutils_commands:/home/giorgio/Webots/install/webots/lib/python3.12/site-packages:${PYTHONPATH} /usr/bin/python3 -W ignore:setup.py install is deprecated -W ignore:easy_install command is deprecated setup.py egg_info --egg-base ../../build/webots build --build-base /home/giorgio/Webots/build/webots/build install --record /home/giorgio/Webots/build/webots/install.log --single-version-externally-managed install_data
[4.860s] Level 1:colcon.colcon_core.environment:checking '/home/giorgio/Webots/install/webots' for CMake config files
[4.861s] Level 1:colcon.colcon_core.environment:checking '/home/giorgio/Webots/install/webots/lib'
[4.861s] Level 1:colcon.colcon_core.environment:checking '/home/giorgio/Webots/install/webots/bin'
[4.861s] Level 1:colcon.colcon_core.environment:checking '/home/giorgio/Webots/install/webots/lib/pkgconfig/webots.pc'
[4.861s] Level 1:colcon.colcon_core.environment:checking '/home/giorgio/Webots/install/webots/lib/python3.12/site-packages'
[4.861s] Level 1:colcon.colcon_core.shell:create_environment_hook('webots', 'pythonpath')
[4.862s] INFO:colcon.colcon_core.shell:Creating environment descriptor '/home/giorgio/Webots/install/webots/share/webots/hook/pythonpath.dsv'
[4.863s] INFO:colcon.colcon_core.shell:Creating environment hook '/home/giorgio/Webots/install/webots/share/webots/hook/pythonpath.sh'
[4.864s] Level 1:colcon.colcon_core.environment:checking '/home/giorgio/Webots/install/webots/bin'
[4.864s] Level 1:colcon.colcon_core.environment:create_environment_scripts_only(webots)
[4.864s] INFO:colcon.colcon_core.shell:Creating package descriptor '/home/giorgio/Webots/install/webots/share/webots/package.dsv'
[4.865s] INFO:colcon.colcon_core.shell:Creating package script '/home/giorgio/Webots/install/webots/share/webots/package.sh'
[4.866s] INFO:colcon.colcon_core.shell:Creating package script '/home/giorgio/Webots/install/webots/share/webots/package.bash'
[4.866s] INFO:colcon.colcon_core.shell:Creating package script '/home/giorgio/Webots/install/webots/share/webots/package.zsh'
[4.866s] Level 1:colcon.colcon_core.environment:create_file_with_runtime_dependencies(/home/giorgio/Webots/install/webots/share/colcon-core/packages/webots)
[5.404s] DEBUG:colcon.colcon_core.event_handler.log_command:Invoking command in '/home/giorgio/Webots/src/webots_hospital_youbot': CMAKE_PREFIX_PATH=/home/giorgio/Webots/install/rover_msgs:/home/giorgio/Webots/install/aurora_msgs:/home/giorgio/Webots/install/cpp_pubsub:/home/giorgio/Webots/install/aruco_msgs:/opt/ros/jazzy/opt/sdformat_vendor:/opt/ros/jazzy/opt/gz_math_vendor:/opt/ros/jazzy/opt/gz_utils_vendor:/opt/ros/jazzy/opt/gz_tools_vendor:/opt/ros/jazzy/opt/gz_cmake_vendor DEBUGINFOD_URLS=https://debuginfod.ubuntu.com PYTHONPATH=/home/giorgio/Webots/build/webots_hospital_youbot/prefix_override:/usr/lib/python3/dist-packages/colcon_core/task/python/colcon_distutils_commands:/home/giorgio/Webots/install/webots_hospital_youbot/lib/python3.12/site-packages:/home/giorgio/Webots/install/rover_msgs/lib/python3.12/site-packages:/home/giorgio/Webots/install/aurora_msgs/lib/python3.12/site-packages:/home/serl/.local/share/pipx/venvs/pytransform3d/lib/python3.12/site-packages:/home/serl/.local/share/pipx/venvs/pyquaternion/lib/python3.12/site-packages:/home/serl/.local/share/pipx/venvs/pytransform3d/lib/python3.12/site-packages:/home/serl/.local/share/pipx/venvs/pyquaternion/lib/python3.12/site-packages:/home/serl/.local/share/pipx/venvs/pytransform3d/lib/python3.12/site-packages:/home/serl/.local/share/pipx/venvs/pyquaternion/lib/python3.12/site-packages:/home/giorgio/Webots/install/webots_hospital_youbot/lib/python3.12/site-packages:/home/giorgio/Webots/install/webots/lib/python3.12/site-packages:/home/giorgio/Webots/install/util/lib/python3.12/site-packages:/home/giorgio/Webots/install/aruco_msgs/lib/python3.12/site-packages:/home/serl/.local/share/pipx/venvs/pytransform3d/lib/python3.12/site-packages:/home/serl/.local/share/pipx/venvs/pyquaternion/lib/python3.12/site-packages:/opt/ros/jazzy/lib/python3.12/site-packages /usr/bin/python3 -W ignore:setup.py install is deprecated -W ignore:easy_install command is deprecated setup.py egg_info --egg-base ../../build/webots_hospital_youbot build --build-base /home/giorgio/Webots/build/webots_hospital_youbot/build install --record /home/giorgio/Webots/build/webots_hospital_youbot/install.log --single-version-externally-managed install_data
[5.898s] Level 1:colcon.colcon_core.environment:checking '/home/giorgio/Webots/install/webots_hospital_youbot' for CMake module files
[5.899s] Level 1:colcon.colcon_core.environment:checking '/home/giorgio/Webots/install/webots_hospital_youbot' for CMake config files
[5.899s] Level 1:colcon.colcon_core.environment:checking '/home/giorgio/Webots/install/webots_hospital_youbot/lib'
[5.900s] Level 1:colcon.colcon_core.environment:checking '/home/giorgio/Webots/install/webots_hospital_youbot/bin'
[5.900s] Level 1:colcon.colcon_core.environment:checking '/home/giorgio/Webots/install/webots_hospital_youbot/lib/pkgconfig/webots_hospital_youbot.pc'
[5.900s] Level 1:colcon.colcon_core.environment:checking '/home/giorgio/Webots/install/webots_hospital_youbot/lib/python3.12/site-packages'
[5.900s] Level 1:colcon.colcon_core.shell:create_environment_hook('webots_hospital_youbot', 'pythonpath')
[5.900s] INFO:colcon.colcon_core.shell:Creating environment descriptor '/home/giorgio/Webots/install/webots_hospital_youbot/share/webots_hospital_youbot/hook/pythonpath.dsv'
[5.899s] DEBUG:colcon.colcon_core.event_handler.log_command:Invoked command in '/home/giorgio/Webots/src/webots_hospital_youbot' returned '0': CMAKE_PREFIX_PATH=/home/giorgio/Webots/install/rover_msgs:/home/giorgio/Webots/install/aurora_msgs:/home/giorgio/Webots/install/cpp_pubsub:/home/giorgio/Webots/install/aruco_msgs:/opt/ros/jazzy/opt/sdformat_vendor:/opt/ros/jazzy/opt/gz_math_vendor:/opt/ros/jazzy/opt/gz_utils_vendor:/opt/ros/jazzy/opt/gz_tools_vendor:/opt/ros/jazzy/opt/gz_cmake_vendor DEBUGINFOD_URLS=https://debuginfod.ubuntu.com PYTHONPATH=/home/giorgio/Webots/build/webots_hospital_youbot/prefix_override:/usr/lib/python3/dist-packages/colcon_core/task/python/colcon_distutils_commands:/home/giorgio/Webots/install/webots_hospital_youbot/lib/python3.12/site-packages:/home/giorgio/Webots/install/rover_msgs/lib/python3.12/site-packages:/home/giorgio/Webots/install/aurora_msgs/lib/python3.12/site-packages:/home/serl/.local/share/pipx/venvs/pytransform3d/lib/python3.12/site-packages:/home/serl/.local/share/pipx/venvs/pyquaternion/lib/python3.12/site-packages:/home/serl/.local/share/pipx/venvs/pytransform3d/lib/python3.12/site-packages:/home/serl/.local/share/pipx/venvs/pyquaternion/lib/python3.12/site-packages:/home/serl/.local/share/pipx/venvs/pytransform3d/lib/python3.12/site-packages:/home/serl/.local/share/pipx/venvs/pyquaternion/lib/python3.12/site-packages:/home/giorgio/Webots/install/webots_hospital_youbot/lib/python3.12/site-packages:/home/giorgio/Webots/install/webots/lib/python3.12/site-packages:/home/giorgio/Webots/install/util/lib/python3.12/site-packages:/home/giorgio/Webots/install/aruco_msgs/lib/python3.12/site-packages:/home/serl/.local/share/pipx/venvs/pytransform3d/lib/python3.12/site-packages:/home/serl/.local/share/pipx/venvs/pyquaternion/lib/python3.12/site-packages:/opt/ros/jazzy/lib/python3.12/site-packages /usr/bin/python3 -W ignore:setup.py install is deprecated -W ignore:easy_install command is deprecated setup.py egg_info --egg-base ../../build/webots_hospital_youbot build --build-base /home/giorgio/Webots/build/webots_hospital_youbot/build install --record /home/giorgio/Webots/build/webots_hospital_youbot/install.log --single-version-externally-managed install_data
[5.901s] INFO:colcon.colcon_core.shell:Creating environment hook '/home/giorgio/Webots/install/webots_hospital_youbot/share/webots_hospital_youbot/hook/pythonpath.sh'
[5.901s] Level 1:colcon.colcon_core.environment:checking '/home/giorgio/Webots/install/webots_hospital_youbot/bin'
[5.901s] Level 1:colcon.colcon_core.environment:create_environment_scripts_only(webots_hospital_youbot)
[5.901s] INFO:colcon.colcon_core.shell:Creating package descriptor '/home/giorgio/Webots/install/webots_hospital_youbot/share/webots_hospital_youbot/package.dsv'
[5.902s] INFO:colcon.colcon_core.shell:Creating package script '/home/giorgio/Webots/install/webots_hospital_youbot/share/webots_hospital_youbot/package.sh'
[5.902s] INFO:colcon.colcon_core.shell:Creating package script '/home/giorgio/Webots/install/webots_hospital_youbot/share/webots_hospital_youbot/package.bash'
[5.903s] INFO:colcon.colcon_core.shell:Creating package script '/home/giorgio/Webots/install/webots_hospital_youbot/share/webots_hospital_youbot/package.zsh'
[5.903s] Level 1:colcon.colcon_core.environment:create_file_with_runtime_dependencies(/home/giorgio/Webots/install/webots_hospital_youbot/share/colcon-core/packages/webots_hospital_youbot)
[5.903s] DEBUG:colcon.colcon_parallel_executor.executor.parallel:closing loop
[5.904s] DEBUG:colcon.colcon_parallel_executor.executor.parallel:loop closed
[5.904s] DEBUG:colcon.colcon_parallel_executor.executor.parallel:run_until_complete finished with '0'
[5.904s] DEBUG:colcon.colcon_core.event_reactor:joining thread
[5.910s] INFO:colcon.colcon_core.plugin_system:Skipping extension 'colcon_notification.desktop_notification.terminal_notifier': Not used on non-Darwin systems
[5.910s] INFO:colcon.colcon_core.plugin_system:Skipping extension 'colcon_notification.desktop_notification.win32': Not used on non-Windows systems
[5.910s] INFO:colcon.colcon_notification.desktop_notification:Sending desktop notification using 'notify2'
[5.953s] DEBUG:colcon.colcon_core.event_reactor:joined thread
[5.953s] INFO:colcon.colcon_core.shell:Creating prefix script '/home/giorgio/Webots/install/local_setup.sh'
[5.954s] INFO:colcon.colcon_core.shell:Creating prefix util module '/home/giorgio/Webots/install/_local_setup_util_sh.py'
[5.955s] INFO:colcon.colcon_core.shell:Creating prefix chain script '/home/giorgio/Webots/install/setup.sh'
[5.956s] INFO:colcon.colcon_core.shell:Creating prefix script '/home/giorgio/Webots/install/local_setup.bash'
[5.956s] INFO:colcon.colcon_core.shell:Creating prefix chain script '/home/giorgio/Webots/install/setup.bash'
[5.960s] INFO:colcon.colcon_core.shell:Creating prefix script '/home/giorgio/Webots/install/local_setup.zsh'
[5.960s] INFO:colcon.colcon_core.shell:Creating prefix chain script '/home/giorgio/Webots/install/setup.zsh'
