-- The C compiler identification is GNU 13.3.0
-- The CXX compiler identification is GNU 13.3.0
-- Detecting C compiler ABI info
-- Detecting C compiler ABI info - done
-- Check for working C compiler: /usr/bin/cc - skipped
-- Detecting C compile features
-- Detecting C compile features - done
-- Detecting CXX compiler ABI info
-- Detecting CXX compiler ABI info - done
-- Check for working CXX compiler: /usr/bin/c++ - skipped
-- Detecting CXX compile features
-- Detecting CXX compile features - done
-- Found ament_cmake: 2.5.4 (/opt/ros/jazzy/share/ament_cmake/cmake)
-- Found Python3: /usr/bin/python3 (found version "3.12.3") found components: Interpreter 
-- Found std_msgs: 5.3.6 (/opt/ros/jazzy/share/std_msgs/cmake)
-- Found rosidl_generator_c: 4.6.6 (/opt/ros/jazzy/share/rosidl_generator_c/cmake)
-- Found rosidl_generator_cpp: 4.6.6 (/opt/ros/jazzy/share/rosidl_generator_cpp/cmake)
-- Using all available rosidl_typesupport_c: rosidl_typesupport_fastrtps_c;rosidl_typesupport_introspection_c
-- Using all available rosidl_typesupport_cpp: rosidl_typesupport_fastrtps_cpp;rosidl_typesupport_introspection_cpp
-- Found geometry_msgs: 5.3.6 (/opt/ros/jazzy/share/geometry_msgs/cmake)
-- Found rosidl_default_generators: 1.6.0 (/opt/ros/jazzy/share/rosidl_default_generators/cmake)
-- Found rosidl_adapter: 4.6.6 (/opt/ros/jazzy/share/rosidl_adapter/cmake)
-- Found ament_cmake_ros: 0.12.0 (/opt/ros/jazzy/share/ament_cmake_ros/cmake)
-- Using all available rosidl_typesupport_c: rosidl_typesupport_fastrtps_c;rosidl_typesupport_introspection_c
-- Using all available rosidl_typesupport_cpp: rosidl_typesupport_fastrtps_cpp;rosidl_typesupport_introspection_cpp
-- Found python_cmake_module: 0.11.1 (/opt/ros/jazzy/share/python_cmake_module/cmake)
-- Found PythonExtra: /usr/bin/python3  
-- Found Python3: /usr/bin/python3 (found version "3.12.3") found components: Interpreter Development NumPy Development.Module Development.Embed 
-- Found ament_lint_auto: 0.17.3 (/opt/ros/jazzy/share/ament_lint_auto/cmake)
-- Added test 'copyright' to check source files copyright and LICENSE
-- Added test 'lint_cmake' to check CMake code style
-- Added test 'xmllint' to check XML markup files
-- Configuring done (3.0s)
-- Generating done (0.0s)
-- Build files have been written to: /home/giorgio/Webots/build/aurora_msgs
[  2%] [34m[1mGenerating type hashes for ROS interfaces[0m
[  2%] Built target ament_cmake_python_copy_aurora_msgs
[  2%] Built target aurora_msgs__rosidl_generator_type_description
[  4%] [34m[1mGenerating C++ code for ROS interfaces[0m
running egg_info
creating aurora_msgs.egg-info
writing aurora_msgs.egg-info/PKG-INFO
writing dependency_links to aurora_msgs.egg-info/dependency_links.txt
writing top-level names to aurora_msgs.egg-info/top_level.txt
writing manifest file 'aurora_msgs.egg-info/SOURCES.txt'
reading manifest file 'aurora_msgs.egg-info/SOURCES.txt'
writing manifest file 'aurora_msgs.egg-info/SOURCES.txt'
[  4%] Built target ament_cmake_python_build_aurora_msgs_egg
[  6%] [34m[1mGenerating C code for ROS interfaces[0m
[  6%] Built target aurora_msgs__cpp
[  9%] [32mBuilding C object CMakeFiles/aurora_msgs__rosidl_generator_c.dir/rosidl_generator_c/aurora_msgs/msg/detail/object3_d__description.c.o[0m
[ 11%] [32mBuilding C object CMakeFiles/aurora_msgs__rosidl_generator_c.dir/rosidl_generator_c/aurora_msgs/msg/detail/object3_d__functions.c.o[0m
[ 13%] [32mBuilding C object CMakeFiles/aurora_msgs__rosidl_generator_c.dir/rosidl_generator_c/aurora_msgs/msg/detail/object3_d__type_support.c.o[0m
[ 15%] [32mBuilding C object CMakeFiles/aurora_msgs__rosidl_generator_c.dir/rosidl_generator_c/aurora_msgs/msg/detail/object3_d_array__description.c.o[0m
[ 18%] [32mBuilding C object CMakeFiles/aurora_msgs__rosidl_generator_c.dir/rosidl_generator_c/aurora_msgs/msg/detail/object3_d_array__functions.c.o[0m
[ 20%] [32mBuilding C object CMakeFiles/aurora_msgs__rosidl_generator_c.dir/rosidl_generator_c/aurora_msgs/msg/detail/object3_d_array__type_support.c.o[0m
[ 22%] [32m[1mLinking C shared library libaurora_msgs__rosidl_generator_c.so[0m
[ 22%] Built target aurora_msgs__rosidl_generator_c
[ 25%] [34m[1mGenerating C type support for eProsima Fast-RTPS[0m
[ 27%] [34m[1mGenerating C++ type support dispatch for ROS interfaces[0m
[ 29%] [32mBuilding CXX object CMakeFiles/aurora_msgs__rosidl_typesupport_cpp.dir/rosidl_typesupport_cpp/aurora_msgs/msg/object3_d__type_support.cpp.o[0m
[ 31%] [32mBuilding CXX object CMakeFiles/aurora_msgs__rosidl_typesupport_fastrtps_c.dir/rosidl_typesupport_fastrtps_c/aurora_msgs/msg/detail/object3_d__type_support_c.cpp.o[0m
[ 34%] [32mBuilding CXX object CMakeFiles/aurora_msgs__rosidl_typesupport_cpp.dir/rosidl_typesupport_cpp/aurora_msgs/msg/object3_d_array__type_support.cpp.o[0m
[ 36%] [32m[1mLinking CXX shared library libaurora_msgs__rosidl_typesupport_cpp.so[0m
[ 38%] [32mBuilding CXX object CMakeFiles/aurora_msgs__rosidl_typesupport_fastrtps_c.dir/rosidl_typesupport_fastrtps_c/aurora_msgs/msg/detail/object3_d_array__type_support_c.cpp.o[0m
[ 38%] Built target aurora_msgs__rosidl_typesupport_cpp
[ 40%] [34m[1mGenerating C++ type support for eProsima Fast-RTPS[0m
[ 43%] [32mBuilding CXX object CMakeFiles/aurora_msgs__rosidl_typesupport_fastrtps_cpp.dir/rosidl_typesupport_fastrtps_cpp/aurora_msgs/msg/detail/dds_fastrtps/object3_d__type_support.cpp.o[0m
[ 45%] [32m[1mLinking CXX shared library libaurora_msgs__rosidl_typesupport_fastrtps_c.so[0m
[ 45%] Built target aurora_msgs__rosidl_typesupport_fastrtps_c
[ 47%] [34m[1mGenerating C introspection for ROS interfaces[0m
[ 50%] [32mBuilding CXX object CMakeFiles/aurora_msgs__rosidl_typesupport_fastrtps_cpp.dir/rosidl_typesupport_fastrtps_cpp/aurora_msgs/msg/detail/dds_fastrtps/object3_d_array__type_support.cpp.o[0m
[ 52%] [32mBuilding C object CMakeFiles/aurora_msgs__rosidl_typesupport_introspection_c.dir/rosidl_typesupport_introspection_c/aurora_msgs/msg/detail/object3_d__type_support.c.o[0m
[ 54%] [32mBuilding C object CMakeFiles/aurora_msgs__rosidl_typesupport_introspection_c.dir/rosidl_typesupport_introspection_c/aurora_msgs/msg/detail/object3_d_array__type_support.c.o[0m
[ 56%] [32m[1mLinking C shared library libaurora_msgs__rosidl_typesupport_introspection_c.so[0m
[ 56%] Built target aurora_msgs__rosidl_typesupport_introspection_c
[ 59%] [34m[1mGenerating C type support dispatch for ROS interfaces[0m
[ 61%] [32mBuilding CXX object CMakeFiles/aurora_msgs__rosidl_typesupport_c.dir/rosidl_typesupport_c/aurora_msgs/msg/object3_d__type_support.cpp.o[0m
[ 63%] [32mBuilding CXX object CMakeFiles/aurora_msgs__rosidl_typesupport_c.dir/rosidl_typesupport_c/aurora_msgs/msg/object3_d_array__type_support.cpp.o[0m
[ 65%] [32m[1mLinking CXX shared library libaurora_msgs__rosidl_typesupport_fastrtps_cpp.so[0m
[ 68%] [32m[1mLinking CXX shared library libaurora_msgs__rosidl_typesupport_c.so[0m
[ 68%] Built target aurora_msgs__rosidl_typesupport_c
[ 68%] Built target aurora_msgs__rosidl_typesupport_fastrtps_cpp
[ 70%] [34m[1mGenerating C++ introspection for ROS interfaces[0m
[ 72%] [32mBuilding CXX object CMakeFiles/aurora_msgs__rosidl_typesupport_introspection_cpp.dir/rosidl_typesupport_introspection_cpp/aurora_msgs/msg/detail/object3_d_array__type_support.cpp.o[0m
[ 75%] [32mBuilding CXX object CMakeFiles/aurora_msgs__rosidl_typesupport_introspection_cpp.dir/rosidl_typesupport_introspection_cpp/aurora_msgs/msg/detail/object3_d__type_support.cpp.o[0m
[ 77%] [32m[1mLinking CXX shared library libaurora_msgs__rosidl_typesupport_introspection_cpp.so[0m
[ 77%] Built target aurora_msgs__rosidl_typesupport_introspection_cpp
[ 77%] Built target aurora_msgs
[ 79%] [34m[1mGenerating Python code for ROS interfaces[0m
[ 79%] Built target aurora_msgs__py
[ 81%] [32mBuilding C object CMakeFiles/aurora_msgs__rosidl_generator_py.dir/rosidl_generator_py/aurora_msgs/msg/_object3_d_s.c.o[0m
[ 84%] [32mBuilding C object CMakeFiles/aurora_msgs__rosidl_generator_py.dir/rosidl_generator_py/aurora_msgs/msg/_object3_d_array_s.c.o[0m
[ 86%] [32m[1mLinking C shared library libaurora_msgs__rosidl_generator_py.so[0m
[ 86%] Built target aurora_msgs__rosidl_generator_py
[ 88%] [32mBuilding C object CMakeFiles/aurora_msgs_s__rosidl_typesupport_fastrtps_c.dir/rosidl_generator_py/aurora_msgs/_aurora_msgs_s.ep.rosidl_typesupport_fastrtps_c.c.o[0m
[ 90%] [32mBuilding C object CMakeFiles/aurora_msgs_s__rosidl_typesupport_introspection_c.dir/rosidl_generator_py/aurora_msgs/_aurora_msgs_s.ep.rosidl_typesupport_introspection_c.c.o[0m
[ 93%] [32m[1mLinking C shared module rosidl_generator_py/aurora_msgs/aurora_msgs_s__rosidl_typesupport_fastrtps_c.so[0m
[ 95%] [32m[1mLinking C shared module rosidl_generator_py/aurora_msgs/aurora_msgs_s__rosidl_typesupport_introspection_c.so[0m
[ 95%] Built target aurora_msgs_s__rosidl_typesupport_fastrtps_c
[ 95%] Built target aurora_msgs_s__rosidl_typesupport_introspection_c
[ 97%] [32mBuilding C object CMakeFiles/aurora_msgs_s__rosidl_typesupport_c.dir/rosidl_generator_py/aurora_msgs/_aurora_msgs_s.ep.rosidl_typesupport_c.c.o[0m
[100%] [32m[1mLinking C shared module rosidl_generator_py/aurora_msgs/aurora_msgs_s__rosidl_typesupport_c.so[0m
[100%] Built target aurora_msgs_s__rosidl_typesupport_c
-- Install configuration: ""
-- Installing: /home/giorgio/Webots/install/aurora_msgs/share/ament_index/resource_index/rosidl_interfaces/aurora_msgs
-- Installing: /home/giorgio/Webots/install/aurora_msgs/share/aurora_msgs/msg/Object3D.json
-- Installing: /home/giorgio/Webots/install/aurora_msgs/share/aurora_msgs/msg/Object3DArray.json
-- Installing: /home/giorgio/Webots/install/aurora_msgs/include/aurora_msgs/aurora_msgs
-- Installing: /home/giorgio/Webots/install/aurora_msgs/include/aurora_msgs/aurora_msgs/msg
-- Installing: /home/giorgio/Webots/install/aurora_msgs/include/aurora_msgs/aurora_msgs/msg/rosidl_generator_c__visibility_control.h
-- Installing: /home/giorgio/Webots/install/aurora_msgs/include/aurora_msgs/aurora_msgs/msg/object3_d_array.h
-- Installing: /home/giorgio/Webots/install/aurora_msgs/include/aurora_msgs/aurora_msgs/msg/detail
-- Installing: /home/giorgio/Webots/install/aurora_msgs/include/aurora_msgs/aurora_msgs/msg/detail/object3_d_array__functions.c
-- Installing: /home/giorgio/Webots/install/aurora_msgs/include/aurora_msgs/aurora_msgs/msg/detail/object3_d_array__functions.h
-- Installing: /home/giorgio/Webots/install/aurora_msgs/include/aurora_msgs/aurora_msgs/msg/detail/object3_d__description.c
-- Installing: /home/giorgio/Webots/install/aurora_msgs/include/aurora_msgs/aurora_msgs/msg/detail/object3_d__type_support.c
-- Installing: /home/giorgio/Webots/install/aurora_msgs/include/aurora_msgs/aurora_msgs/msg/detail/object3_d_array__struct.h
-- Installing: /home/giorgio/Webots/install/aurora_msgs/include/aurora_msgs/aurora_msgs/msg/detail/object3_d__struct.h
-- Installing: /home/giorgio/Webots/install/aurora_msgs/include/aurora_msgs/aurora_msgs/msg/detail/object3_d_array__type_support.h
-- Installing: /home/giorgio/Webots/install/aurora_msgs/include/aurora_msgs/aurora_msgs/msg/detail/object3_d_array__type_support.c
-- Installing: /home/giorgio/Webots/install/aurora_msgs/include/aurora_msgs/aurora_msgs/msg/detail/object3_d_array__description.c
-- Installing: /home/giorgio/Webots/install/aurora_msgs/include/aurora_msgs/aurora_msgs/msg/detail/object3_d__type_support.h
-- Installing: /home/giorgio/Webots/install/aurora_msgs/include/aurora_msgs/aurora_msgs/msg/detail/object3_d__functions.h
-- Installing: /home/giorgio/Webots/install/aurora_msgs/include/aurora_msgs/aurora_msgs/msg/detail/object3_d__functions.c
-- Installing: /home/giorgio/Webots/install/aurora_msgs/include/aurora_msgs/aurora_msgs/msg/object3_d.h
-- Installing: /home/giorgio/Webots/install/aurora_msgs/share/aurora_msgs/environment/library_path.sh
-- Installing: /home/giorgio/Webots/install/aurora_msgs/share/aurora_msgs/environment/library_path.dsv
-- Installing: /home/giorgio/Webots/install/aurora_msgs/lib/libaurora_msgs__rosidl_generator_c.so
-- Set non-toolchain portion of runtime path of "/home/giorgio/Webots/install/aurora_msgs/lib/libaurora_msgs__rosidl_generator_c.so" to ""
-- Up-to-date: /home/giorgio/Webots/install/aurora_msgs/include/aurora_msgs/aurora_msgs
-- Up-to-date: /home/giorgio/Webots/install/aurora_msgs/include/aurora_msgs/aurora_msgs/msg
-- Up-to-date: /home/giorgio/Webots/install/aurora_msgs/include/aurora_msgs/aurora_msgs/msg/detail
-- Installing: /home/giorgio/Webots/install/aurora_msgs/include/aurora_msgs/aurora_msgs/msg/detail/object3_d__rosidl_typesupport_fastrtps_c.h
-- Installing: /home/giorgio/Webots/install/aurora_msgs/include/aurora_msgs/aurora_msgs/msg/detail/object3_d_array__rosidl_typesupport_fastrtps_c.h
-- Installing: /home/giorgio/Webots/install/aurora_msgs/include/aurora_msgs/aurora_msgs/msg/rosidl_typesupport_fastrtps_c__visibility_control.h
-- Installing: /home/giorgio/Webots/install/aurora_msgs/lib/libaurora_msgs__rosidl_typesupport_fastrtps_c.so
-- Set non-toolchain portion of runtime path of "/home/giorgio/Webots/install/aurora_msgs/lib/libaurora_msgs__rosidl_typesupport_fastrtps_c.so" to ""
-- Up-to-date: /home/giorgio/Webots/install/aurora_msgs/include/aurora_msgs/aurora_msgs
-- Up-to-date: /home/giorgio/Webots/install/aurora_msgs/include/aurora_msgs/aurora_msgs/msg
-- Installing: /home/giorgio/Webots/install/aurora_msgs/include/aurora_msgs/aurora_msgs/msg/object3_d_array.hpp
-- Up-to-date: /home/giorgio/Webots/install/aurora_msgs/include/aurora_msgs/aurora_msgs/msg/detail
-- Installing: /home/giorgio/Webots/install/aurora_msgs/include/aurora_msgs/aurora_msgs/msg/detail/object3_d_array__traits.hpp
-- Installing: /home/giorgio/Webots/install/aurora_msgs/include/aurora_msgs/aurora_msgs/msg/detail/object3_d__traits.hpp
-- Installing: /home/giorgio/Webots/install/aurora_msgs/include/aurora_msgs/aurora_msgs/msg/detail/object3_d_array__builder.hpp
-- Installing: /home/giorgio/Webots/install/aurora_msgs/include/aurora_msgs/aurora_msgs/msg/detail/object3_d_array__type_support.hpp
-- Installing: /home/giorgio/Webots/install/aurora_msgs/include/aurora_msgs/aurora_msgs/msg/detail/object3_d_array__struct.hpp
-- Installing: /home/giorgio/Webots/install/aurora_msgs/include/aurora_msgs/aurora_msgs/msg/detail/object3_d__struct.hpp
-- Installing: /home/giorgio/Webots/install/aurora_msgs/include/aurora_msgs/aurora_msgs/msg/detail/object3_d__builder.hpp
-- Installing: /home/giorgio/Webots/install/aurora_msgs/include/aurora_msgs/aurora_msgs/msg/detail/object3_d__type_support.hpp
-- Installing: /home/giorgio/Webots/install/aurora_msgs/include/aurora_msgs/aurora_msgs/msg/rosidl_generator_cpp__visibility_control.hpp
-- Installing: /home/giorgio/Webots/install/aurora_msgs/include/aurora_msgs/aurora_msgs/msg/object3_d.hpp
-- Up-to-date: /home/giorgio/Webots/install/aurora_msgs/include/aurora_msgs/aurora_msgs
-- Up-to-date: /home/giorgio/Webots/install/aurora_msgs/include/aurora_msgs/aurora_msgs/msg
-- Up-to-date: /home/giorgio/Webots/install/aurora_msgs/include/aurora_msgs/aurora_msgs/msg/detail
-- Installing: /home/giorgio/Webots/install/aurora_msgs/include/aurora_msgs/aurora_msgs/msg/detail/dds_fastrtps
-- Installing: /home/giorgio/Webots/install/aurora_msgs/include/aurora_msgs/aurora_msgs/msg/detail/object3_d__rosidl_typesupport_fastrtps_cpp.hpp
-- Installing: /home/giorgio/Webots/install/aurora_msgs/include/aurora_msgs/aurora_msgs/msg/detail/object3_d_array__rosidl_typesupport_fastrtps_cpp.hpp
-- Installing: /home/giorgio/Webots/install/aurora_msgs/include/aurora_msgs/aurora_msgs/msg/rosidl_typesupport_fastrtps_cpp__visibility_control.h
-- Installing: /home/giorgio/Webots/install/aurora_msgs/lib/libaurora_msgs__rosidl_typesupport_fastrtps_cpp.so
-- Set non-toolchain portion of runtime path of "/home/giorgio/Webots/install/aurora_msgs/lib/libaurora_msgs__rosidl_typesupport_fastrtps_cpp.so" to ""
-- Up-to-date: /home/giorgio/Webots/install/aurora_msgs/include/aurora_msgs/aurora_msgs
-- Up-to-date: /home/giorgio/Webots/install/aurora_msgs/include/aurora_msgs/aurora_msgs/msg
-- Installing: /home/giorgio/Webots/install/aurora_msgs/include/aurora_msgs/aurora_msgs/msg/rosidl_typesupport_introspection_c__visibility_control.h
-- Up-to-date: /home/giorgio/Webots/install/aurora_msgs/include/aurora_msgs/aurora_msgs/msg/detail
-- Installing: /home/giorgio/Webots/install/aurora_msgs/include/aurora_msgs/aurora_msgs/msg/detail/object3_d__type_support.c
-- Installing: /home/giorgio/Webots/install/aurora_msgs/include/aurora_msgs/aurora_msgs/msg/detail/object3_d_array__type_support.c
-- Installing: /home/giorgio/Webots/install/aurora_msgs/include/aurora_msgs/aurora_msgs/msg/detail/object3_d_array__rosidl_typesupport_introspection_c.h
-- Installing: /home/giorgio/Webots/install/aurora_msgs/include/aurora_msgs/aurora_msgs/msg/detail/object3_d__rosidl_typesupport_introspection_c.h
-- Installing: /home/giorgio/Webots/install/aurora_msgs/lib/libaurora_msgs__rosidl_typesupport_introspection_c.so
-- Set non-toolchain portion of runtime path of "/home/giorgio/Webots/install/aurora_msgs/lib/libaurora_msgs__rosidl_typesupport_introspection_c.so" to ""
-- Installing: /home/giorgio/Webots/install/aurora_msgs/lib/libaurora_msgs__rosidl_typesupport_c.so
-- Set non-toolchain portion of runtime path of "/home/giorgio/Webots/install/aurora_msgs/lib/libaurora_msgs__rosidl_typesupport_c.so" to ""
-- Up-to-date: /home/giorgio/Webots/install/aurora_msgs/include/aurora_msgs/aurora_msgs
-- Up-to-date: /home/giorgio/Webots/install/aurora_msgs/include/aurora_msgs/aurora_msgs/msg
-- Up-to-date: /home/giorgio/Webots/install/aurora_msgs/include/aurora_msgs/aurora_msgs/msg/detail
-- Installing: /home/giorgio/Webots/install/aurora_msgs/include/aurora_msgs/aurora_msgs/msg/detail/object3_d_array__type_support.cpp
-- Installing: /home/giorgio/Webots/install/aurora_msgs/include/aurora_msgs/aurora_msgs/msg/detail/object3_d_array__rosidl_typesupport_introspection_cpp.hpp
-- Installing: /home/giorgio/Webots/install/aurora_msgs/include/aurora_msgs/aurora_msgs/msg/detail/object3_d__type_support.cpp
-- Installing: /home/giorgio/Webots/install/aurora_msgs/include/aurora_msgs/aurora_msgs/msg/detail/object3_d__rosidl_typesupport_introspection_cpp.hpp
-- Installing: /home/giorgio/Webots/install/aurora_msgs/lib/libaurora_msgs__rosidl_typesupport_introspection_cpp.so
-- Set non-toolchain portion of runtime path of "/home/giorgio/Webots/install/aurora_msgs/lib/libaurora_msgs__rosidl_typesupport_introspection_cpp.so" to ""
-- Installing: /home/giorgio/Webots/install/aurora_msgs/lib/libaurora_msgs__rosidl_typesupport_cpp.so
-- Set non-toolchain portion of runtime path of "/home/giorgio/Webots/install/aurora_msgs/lib/libaurora_msgs__rosidl_typesupport_cpp.so" to ""
-- Installing: /home/giorgio/Webots/install/aurora_msgs/share/aurora_msgs/environment/pythonpath.sh
-- Installing: /home/giorgio/Webots/install/aurora_msgs/share/aurora_msgs/environment/pythonpath.dsv
-- Installing: /home/giorgio/Webots/install/aurora_msgs/lib/python3.12/site-packages/aurora_msgs-5.0.4-py3.12.egg-info
-- Installing: /home/giorgio/Webots/install/aurora_msgs/lib/python3.12/site-packages/aurora_msgs-5.0.4-py3.12.egg-info/PKG-INFO
-- Installing: /home/giorgio/Webots/install/aurora_msgs/lib/python3.12/site-packages/aurora_msgs-5.0.4-py3.12.egg-info/dependency_links.txt
-- Installing: /home/giorgio/Webots/install/aurora_msgs/lib/python3.12/site-packages/aurora_msgs-5.0.4-py3.12.egg-info/SOURCES.txt
-- Installing: /home/giorgio/Webots/install/aurora_msgs/lib/python3.12/site-packages/aurora_msgs-5.0.4-py3.12.egg-info/top_level.txt
-- Installing: /home/giorgio/Webots/install/aurora_msgs/lib/python3.12/site-packages/aurora_msgs
-- Installing: /home/giorgio/Webots/install/aurora_msgs/lib/python3.12/site-packages/aurora_msgs/aurora_msgs_s__rosidl_typesupport_c.so
-- Installing: /home/giorgio/Webots/install/aurora_msgs/lib/python3.12/site-packages/aurora_msgs/msg
-- Installing: /home/giorgio/Webots/install/aurora_msgs/lib/python3.12/site-packages/aurora_msgs/msg/__init__.py
-- Installing: /home/giorgio/Webots/install/aurora_msgs/lib/python3.12/site-packages/aurora_msgs/msg/_object3_d.py
-- Installing: /home/giorgio/Webots/install/aurora_msgs/lib/python3.12/site-packages/aurora_msgs/msg/_object3_d_array_s.c
-- Installing: /home/giorgio/Webots/install/aurora_msgs/lib/python3.12/site-packages/aurora_msgs/msg/_object3_d_array.py
-- Installing: /home/giorgio/Webots/install/aurora_msgs/lib/python3.12/site-packages/aurora_msgs/msg/_object3_d_s.c
-- Installing: /home/giorgio/Webots/install/aurora_msgs/lib/python3.12/site-packages/aurora_msgs/__init__.py
-- Installing: /home/giorgio/Webots/install/aurora_msgs/lib/python3.12/site-packages/aurora_msgs/_aurora_msgs_s.ep.rosidl_typesupport_introspection_c.c
-- Installing: /home/giorgio/Webots/install/aurora_msgs/lib/python3.12/site-packages/aurora_msgs/_aurora_msgs_s.ep.rosidl_typesupport_fastrtps_c.c
-- Installing: /home/giorgio/Webots/install/aurora_msgs/lib/python3.12/site-packages/aurora_msgs/aurora_msgs_s__rosidl_typesupport_introspection_c.so
-- Installing: /home/giorgio/Webots/install/aurora_msgs/lib/python3.12/site-packages/aurora_msgs/_aurora_msgs_s.ep.rosidl_typesupport_c.c
-- Installing: /home/giorgio/Webots/install/aurora_msgs/lib/python3.12/site-packages/aurora_msgs/aurora_msgs_s__rosidl_typesupport_fastrtps_c.so
Listing '/home/giorgio/Webots/install/aurora_msgs/lib/python3.12/site-packages/aurora_msgs'...
Compiling '/home/giorgio/Webots/install/aurora_msgs/lib/python3.12/site-packages/aurora_msgs/__init__.py'...
Listing '/home/giorgio/Webots/install/aurora_msgs/lib/python3.12/site-packages/aurora_msgs/msg'...
Compiling '/home/giorgio/Webots/install/aurora_msgs/lib/python3.12/site-packages/aurora_msgs/msg/__init__.py'...
Compiling '/home/giorgio/Webots/install/aurora_msgs/lib/python3.12/site-packages/aurora_msgs/msg/_object3_d.py'...
Compiling '/home/giorgio/Webots/install/aurora_msgs/lib/python3.12/site-packages/aurora_msgs/msg/_object3_d_array.py'...
-- Installing: /home/giorgio/Webots/install/aurora_msgs/lib/python3.12/site-packages/aurora_msgs/aurora_msgs_s__rosidl_typesupport_fastrtps_c.so
-- Set non-toolchain portion of runtime path of "/home/giorgio/Webots/install/aurora_msgs/lib/python3.12/site-packages/aurora_msgs/aurora_msgs_s__rosidl_typesupport_fastrtps_c.so" to ""
-- Installing: /home/giorgio/Webots/install/aurora_msgs/lib/python3.12/site-packages/aurora_msgs/aurora_msgs_s__rosidl_typesupport_introspection_c.so
-- Set non-toolchain portion of runtime path of "/home/giorgio/Webots/install/aurora_msgs/lib/python3.12/site-packages/aurora_msgs/aurora_msgs_s__rosidl_typesupport_introspection_c.so" to ""
-- Installing: /home/giorgio/Webots/install/aurora_msgs/lib/python3.12/site-packages/aurora_msgs/aurora_msgs_s__rosidl_typesupport_c.so
-- Set non-toolchain portion of runtime path of "/home/giorgio/Webots/install/aurora_msgs/lib/python3.12/site-packages/aurora_msgs/aurora_msgs_s__rosidl_typesupport_c.so" to ""
-- Installing: /home/giorgio/Webots/install/aurora_msgs/lib/libaurora_msgs__rosidl_generator_py.so
-- Set non-toolchain portion of runtime path of "/home/giorgio/Webots/install/aurora_msgs/lib/libaurora_msgs__rosidl_generator_py.so" to ""
-- Installing: /home/giorgio/Webots/install/aurora_msgs/share/aurora_msgs/msg/Object3D.idl
-- Installing: /home/giorgio/Webots/install/aurora_msgs/share/aurora_msgs/msg/Object3DArray.idl
-- Installing: /home/giorgio/Webots/install/aurora_msgs/share/aurora_msgs/msg/Object3D.msg
-- Installing: /home/giorgio/Webots/install/aurora_msgs/share/aurora_msgs/msg/Object3DArray.msg
-- Installing: /home/giorgio/Webots/install/aurora_msgs/share/ament_index/resource_index/package_run_dependencies/aurora_msgs
-- Installing: /home/giorgio/Webots/install/aurora_msgs/share/ament_index/resource_index/parent_prefix_path/aurora_msgs
-- Installing: /home/giorgio/Webots/install/aurora_msgs/share/aurora_msgs/environment/ament_prefix_path.sh
-- Installing: /home/giorgio/Webots/install/aurora_msgs/share/aurora_msgs/environment/ament_prefix_path.dsv
-- Installing: /home/giorgio/Webots/install/aurora_msgs/share/aurora_msgs/environment/path.sh
-- Installing: /home/giorgio/Webots/install/aurora_msgs/share/aurora_msgs/environment/path.dsv
-- Installing: /home/giorgio/Webots/install/aurora_msgs/share/aurora_msgs/local_setup.bash
-- Installing: /home/giorgio/Webots/install/aurora_msgs/share/aurora_msgs/local_setup.sh
-- Installing: /home/giorgio/Webots/install/aurora_msgs/share/aurora_msgs/local_setup.zsh
-- Installing: /home/giorgio/Webots/install/aurora_msgs/share/aurora_msgs/local_setup.dsv
-- Installing: /home/giorgio/Webots/install/aurora_msgs/share/aurora_msgs/package.dsv
-- Installing: /home/giorgio/Webots/install/aurora_msgs/share/ament_index/resource_index/packages/aurora_msgs
-- Installing: /home/giorgio/Webots/install/aurora_msgs/share/aurora_msgs/cmake/export_aurora_msgs__rosidl_generator_cExport.cmake
-- Installing: /home/giorgio/Webots/install/aurora_msgs/share/aurora_msgs/cmake/export_aurora_msgs__rosidl_generator_cExport-noconfig.cmake
-- Installing: /home/giorgio/Webots/install/aurora_msgs/share/aurora_msgs/cmake/export_aurora_msgs__rosidl_typesupport_fastrtps_cExport.cmake
-- Installing: /home/giorgio/Webots/install/aurora_msgs/share/aurora_msgs/cmake/export_aurora_msgs__rosidl_typesupport_fastrtps_cExport-noconfig.cmake
-- Installing: /home/giorgio/Webots/install/aurora_msgs/share/aurora_msgs/cmake/export_aurora_msgs__rosidl_generator_cppExport.cmake
-- Installing: /home/giorgio/Webots/install/aurora_msgs/share/aurora_msgs/cmake/export_aurora_msgs__rosidl_typesupport_fastrtps_cppExport.cmake
-- Installing: /home/giorgio/Webots/install/aurora_msgs/share/aurora_msgs/cmake/export_aurora_msgs__rosidl_typesupport_fastrtps_cppExport-noconfig.cmake
-- Installing: /home/giorgio/Webots/install/aurora_msgs/share/aurora_msgs/cmake/aurora_msgs__rosidl_typesupport_introspection_cExport.cmake
-- Installing: /home/giorgio/Webots/install/aurora_msgs/share/aurora_msgs/cmake/aurora_msgs__rosidl_typesupport_introspection_cExport-noconfig.cmake
-- Installing: /home/giorgio/Webots/install/aurora_msgs/share/aurora_msgs/cmake/aurora_msgs__rosidl_typesupport_cExport.cmake
-- Installing: /home/giorgio/Webots/install/aurora_msgs/share/aurora_msgs/cmake/aurora_msgs__rosidl_typesupport_cExport-noconfig.cmake
-- Installing: /home/giorgio/Webots/install/aurora_msgs/share/aurora_msgs/cmake/aurora_msgs__rosidl_typesupport_introspection_cppExport.cmake
-- Installing: /home/giorgio/Webots/install/aurora_msgs/share/aurora_msgs/cmake/aurora_msgs__rosidl_typesupport_introspection_cppExport-noconfig.cmake
-- Installing: /home/giorgio/Webots/install/aurora_msgs/share/aurora_msgs/cmake/aurora_msgs__rosidl_typesupport_cppExport.cmake
-- Installing: /home/giorgio/Webots/install/aurora_msgs/share/aurora_msgs/cmake/aurora_msgs__rosidl_typesupport_cppExport-noconfig.cmake
-- Installing: /home/giorgio/Webots/install/aurora_msgs/share/aurora_msgs/cmake/export_aurora_msgs__rosidl_generator_pyExport.cmake
-- Installing: /home/giorgio/Webots/install/aurora_msgs/share/aurora_msgs/cmake/export_aurora_msgs__rosidl_generator_pyExport-noconfig.cmake
-- Installing: /home/giorgio/Webots/install/aurora_msgs/share/aurora_msgs/cmake/rosidl_cmake-extras.cmake
-- Installing: /home/giorgio/Webots/install/aurora_msgs/share/aurora_msgs/cmake/ament_cmake_export_dependencies-extras.cmake
-- Installing: /home/giorgio/Webots/install/aurora_msgs/share/aurora_msgs/cmake/ament_cmake_export_include_directories-extras.cmake
-- Installing: /home/giorgio/Webots/install/aurora_msgs/share/aurora_msgs/cmake/ament_cmake_export_libraries-extras.cmake
-- Installing: /home/giorgio/Webots/install/aurora_msgs/share/aurora_msgs/cmake/ament_cmake_export_targets-extras.cmake
-- Installing: /home/giorgio/Webots/install/aurora_msgs/share/aurora_msgs/cmake/rosidl_cmake_export_typesupport_targets-extras.cmake
-- Installing: /home/giorgio/Webots/install/aurora_msgs/share/aurora_msgs/cmake/rosidl_cmake_export_typesupport_libraries-extras.cmake
-- Installing: /home/giorgio/Webots/install/aurora_msgs/share/aurora_msgs/cmake/aurora_msgsConfig.cmake
-- Installing: /home/giorgio/Webots/install/aurora_msgs/share/aurora_msgs/cmake/aurora_msgsConfig-version.cmake
-- Installing: /home/giorgio/Webots/install/aurora_msgs/share/aurora_msgs/package.xml
