[0.018s] Invoking command in '/home/giorgio/Webots/build/aurora_msgs': CMAKE_PREFIX_PATH=${CMAKE_PREFIX_PATH}:/opt/ros/jazzy DEBUGINFOD_URLS=https://debuginfod.ubuntu.com /usr/bin/cmake /home/giorgio/Webots/src/aurora_msgs -DCMAKE_INSTALL_PREFIX=/home/giorgio/Webots/install/aurora_msgs
[0.187s] -- The C compiler identification is GNU 13.3.0
[0.316s] -- The CXX compiler identification is GNU 13.3.0
[0.342s] -- Detecting C compiler ABI info
[0.447s] -- Detecting C compiler ABI info - done
[0.455s] -- Check for working C compiler: /usr/bin/cc - skipped
[0.455s] -- Detecting C compile features
[0.455s] -- Detecting C compile features - done
[0.465s] -- Detecting CXX compiler ABI info
[0.551s] -- Detecting CXX compiler ABI info - done
[0.558s] -- Check for working CXX compiler: /usr/bin/c++ - skipped
[0.558s] -- Detecting CXX compile features
[0.559s] -- Detecting CXX compile features - done
[0.570s] -- Found ament_cmake: 2.5.4 (/opt/ros/jazzy/share/ament_cmake/cmake)
[0.688s] -- Found Python3: /usr/bin/python3 (found version "3.12.3") found components: Interpreter 
[0.790s] -- Found std_msgs: 5.3.6 (/opt/ros/jazzy/share/std_msgs/cmake)
[0.835s] -- Found rosidl_generator_c: 4.6.6 (/opt/ros/jazzy/share/rosidl_generator_c/cmake)
[0.848s] -- Found rosidl_generator_cpp: 4.6.6 (/opt/ros/jazzy/share/rosidl_generator_cpp/cmake)
[0.868s] -- Using all available rosidl_typesupport_c: rosidl_typesupport_fastrtps_c;rosidl_typesupport_introspection_c
[0.880s] -- Using all available rosidl_typesupport_cpp: rosidl_typesupport_fastrtps_cpp;rosidl_typesupport_introspection_cpp
[0.921s] -- Found geometry_msgs: 5.3.6 (/opt/ros/jazzy/share/geometry_msgs/cmake)
[0.939s] -- Found rosidl_default_generators: 1.6.0 (/opt/ros/jazzy/share/rosidl_default_generators/cmake)
[0.949s] -- Found rosidl_adapter: 4.6.6 (/opt/ros/jazzy/share/rosidl_adapter/cmake)
[1.498s] -- Found ament_cmake_ros: 0.12.0 (/opt/ros/jazzy/share/ament_cmake_ros/cmake)
[2.178s] -- Using all available rosidl_typesupport_c: rosidl_typesupport_fastrtps_c;rosidl_typesupport_introspection_c
[2.455s] -- Using all available rosidl_typesupport_cpp: rosidl_typesupport_fastrtps_cpp;rosidl_typesupport_introspection_cpp
[2.458s] -- Found python_cmake_module: 0.11.1 (/opt/ros/jazzy/share/python_cmake_module/cmake)
[2.577s] -- Found PythonExtra: /usr/bin/python3  
[2.974s] -- Found Python3: /usr/bin/python3 (found version "3.12.3") found components: Interpreter Development NumPy Development.Module Development.Embed 
[3.044s] -- Found ament_lint_auto: 0.17.3 (/opt/ros/jazzy/share/ament_lint_auto/cmake)
[3.086s] -- Added test 'copyright' to check source files copyright and LICENSE
[3.090s] -- Added test 'lint_cmake' to check CMake code style
[3.093s] -- Added test 'xmllint' to check XML markup files
[3.100s] -- Configuring done (3.0s)
[3.138s] -- Generating done (0.0s)
[3.145s] -- Build files have been written to: /home/giorgio/Webots/build/aurora_msgs
[3.162s] Invoked command in '/home/giorgio/Webots/build/aurora_msgs' returned '0': CMAKE_PREFIX_PATH=${CMAKE_PREFIX_PATH}:/opt/ros/jazzy DEBUGINFOD_URLS=https://debuginfod.ubuntu.com /usr/bin/cmake /home/giorgio/Webots/src/aurora_msgs -DCMAKE_INSTALL_PREFIX=/home/giorgio/Webots/install/aurora_msgs
[3.162s] Invoking command in '/home/giorgio/Webots/build/aurora_msgs': CMAKE_PREFIX_PATH=${CMAKE_PREFIX_PATH}:/opt/ros/jazzy DEBUGINFOD_URLS=https://debuginfod.ubuntu.com /usr/bin/cmake --build /home/giorgio/Webots/build/aurora_msgs -- -j2 -l2
[3.257s] [  2%] [34m[1mGenerating type hashes for ROS interfaces[0m
[3.274s] [  2%] Built target ament_cmake_python_copy_aurora_msgs
[3.476s] [  2%] Built target aurora_msgs__rosidl_generator_type_description
[3.523s] [  4%] [34m[1mGenerating C++ code for ROS interfaces[0m
[3.649s] running egg_info
[3.650s] creating aurora_msgs.egg-info
[3.675s] writing aurora_msgs.egg-info/PKG-INFO
[3.678s] writing dependency_links to aurora_msgs.egg-info/dependency_links.txt
[3.678s] writing top-level names to aurora_msgs.egg-info/top_level.txt
[3.678s] writing manifest file 'aurora_msgs.egg-info/SOURCES.txt'
[3.755s] reading manifest file 'aurora_msgs.egg-info/SOURCES.txt'
[3.757s] writing manifest file 'aurora_msgs.egg-info/SOURCES.txt'
[3.813s] [  4%] Built target ament_cmake_python_build_aurora_msgs_egg
[3.842s] [  6%] [34m[1mGenerating C code for ROS interfaces[0m
[4.130s] [  6%] Built target aurora_msgs__cpp
[4.389s] [  9%] [32mBuilding C object CMakeFiles/aurora_msgs__rosidl_generator_c.dir/rosidl_generator_c/aurora_msgs/msg/detail/object3_d__description.c.o[0m
[4.394s] [ 11%] [32mBuilding C object CMakeFiles/aurora_msgs__rosidl_generator_c.dir/rosidl_generator_c/aurora_msgs/msg/detail/object3_d__functions.c.o[0m
[4.488s] [ 13%] [32mBuilding C object CMakeFiles/aurora_msgs__rosidl_generator_c.dir/rosidl_generator_c/aurora_msgs/msg/detail/object3_d__type_support.c.o[0m
[4.495s] [ 15%] [32mBuilding C object CMakeFiles/aurora_msgs__rosidl_generator_c.dir/rosidl_generator_c/aurora_msgs/msg/detail/object3_d_array__description.c.o[0m
[4.546s] [ 18%] [32mBuilding C object CMakeFiles/aurora_msgs__rosidl_generator_c.dir/rosidl_generator_c/aurora_msgs/msg/detail/object3_d_array__functions.c.o[0m
[4.584s] [ 20%] [32mBuilding C object CMakeFiles/aurora_msgs__rosidl_generator_c.dir/rosidl_generator_c/aurora_msgs/msg/detail/object3_d_array__type_support.c.o[0m
[4.625s] [ 22%] [32m[1mLinking C shared library libaurora_msgs__rosidl_generator_c.so[0m
[4.705s] [ 22%] Built target aurora_msgs__rosidl_generator_c
[4.728s] [ 25%] [34m[1mGenerating C type support for eProsima Fast-RTPS[0m
[4.732s] [ 27%] [34m[1mGenerating C++ type support dispatch for ROS interfaces[0m
[5.180s] [ 29%] [32mBuilding CXX object CMakeFiles/aurora_msgs__rosidl_typesupport_cpp.dir/rosidl_typesupport_cpp/aurora_msgs/msg/object3_d__type_support.cpp.o[0m
[5.288s] [ 31%] [32mBuilding CXX object CMakeFiles/aurora_msgs__rosidl_typesupport_fastrtps_c.dir/rosidl_typesupport_fastrtps_c/aurora_msgs/msg/detail/object3_d__type_support_c.cpp.o[0m
[5.667s] [ 34%] [32mBuilding CXX object CMakeFiles/aurora_msgs__rosidl_typesupport_cpp.dir/rosidl_typesupport_cpp/aurora_msgs/msg/object3_d_array__type_support.cpp.o[0m
[6.285s] [ 36%] [32m[1mLinking CXX shared library libaurora_msgs__rosidl_typesupport_cpp.so[0m
[6.303s] [ 38%] [32mBuilding CXX object CMakeFiles/aurora_msgs__rosidl_typesupport_fastrtps_c.dir/rosidl_typesupport_fastrtps_c/aurora_msgs/msg/detail/object3_d_array__type_support_c.cpp.o[0m
[6.366s] [ 38%] Built target aurora_msgs__rosidl_typesupport_cpp
[6.381s] [ 40%] [34m[1mGenerating C++ type support for eProsima Fast-RTPS[0m
[6.847s] [ 43%] [32mBuilding CXX object CMakeFiles/aurora_msgs__rosidl_typesupport_fastrtps_cpp.dir/rosidl_typesupport_fastrtps_cpp/aurora_msgs/msg/detail/dds_fastrtps/object3_d__type_support.cpp.o[0m
[7.031s] [ 45%] [32m[1mLinking CXX shared library libaurora_msgs__rosidl_typesupport_fastrtps_c.so[0m
[7.203s] [ 45%] Built target aurora_msgs__rosidl_typesupport_fastrtps_c
[7.222s] [ 47%] [34m[1mGenerating C introspection for ROS interfaces[0m
[7.653s] [ 50%] [32mBuilding CXX object CMakeFiles/aurora_msgs__rosidl_typesupport_fastrtps_cpp.dir/rosidl_typesupport_fastrtps_cpp/aurora_msgs/msg/detail/dds_fastrtps/object3_d_array__type_support.cpp.o[0m
[7.675s] [ 52%] [32mBuilding C object CMakeFiles/aurora_msgs__rosidl_typesupport_introspection_c.dir/rosidl_typesupport_introspection_c/aurora_msgs/msg/detail/object3_d__type_support.c.o[0m
[7.754s] [ 54%] [32mBuilding C object CMakeFiles/aurora_msgs__rosidl_typesupport_introspection_c.dir/rosidl_typesupport_introspection_c/aurora_msgs/msg/detail/object3_d_array__type_support.c.o[0m
[7.827s] [ 56%] [32m[1mLinking C shared library libaurora_msgs__rosidl_typesupport_introspection_c.so[0m
[7.899s] [ 56%] Built target aurora_msgs__rosidl_typesupport_introspection_c
[7.920s] [ 59%] [34m[1mGenerating C type support dispatch for ROS interfaces[0m
[8.354s] [ 61%] [32mBuilding CXX object CMakeFiles/aurora_msgs__rosidl_typesupport_c.dir/rosidl_typesupport_c/aurora_msgs/msg/object3_d__type_support.cpp.o[0m
[8.423s] [ 63%] [32mBuilding CXX object CMakeFiles/aurora_msgs__rosidl_typesupport_c.dir/rosidl_typesupport_c/aurora_msgs/msg/object3_d_array__type_support.cpp.o[0m
[8.446s] [ 65%] [32m[1mLinking CXX shared library libaurora_msgs__rosidl_typesupport_fastrtps_cpp.so[0m
[8.465s] [ 68%] [32m[1mLinking CXX shared library libaurora_msgs__rosidl_typesupport_c.so[0m
[8.531s] [ 68%] Built target aurora_msgs__rosidl_typesupport_c
[8.535s] [ 68%] Built target aurora_msgs__rosidl_typesupport_fastrtps_cpp
[8.540s] [ 70%] [34m[1mGenerating C++ introspection for ROS interfaces[0m
[8.734s] [ 72%] [32mBuilding CXX object CMakeFiles/aurora_msgs__rosidl_typesupport_introspection_cpp.dir/rosidl_typesupport_introspection_cpp/aurora_msgs/msg/detail/object3_d_array__type_support.cpp.o[0m
[8.737s] [ 75%] [32mBuilding CXX object CMakeFiles/aurora_msgs__rosidl_typesupport_introspection_cpp.dir/rosidl_typesupport_introspection_cpp/aurora_msgs/msg/detail/object3_d__type_support.cpp.o[0m
[9.168s] [ 77%] [32m[1mLinking CXX shared library libaurora_msgs__rosidl_typesupport_introspection_cpp.so[0m
[9.234s] [ 77%] Built target aurora_msgs__rosidl_typesupport_introspection_cpp
[9.264s] [ 77%] Built target aurora_msgs
[9.301s] [ 79%] [34m[1mGenerating Python code for ROS interfaces[0m
[9.631s] [ 79%] Built target aurora_msgs__py
[9.653s] [ 81%] [32mBuilding C object CMakeFiles/aurora_msgs__rosidl_generator_py.dir/rosidl_generator_py/aurora_msgs/msg/_object3_d_s.c.o[0m
[9.668s] [ 84%] [32mBuilding C object CMakeFiles/aurora_msgs__rosidl_generator_py.dir/rosidl_generator_py/aurora_msgs/msg/_object3_d_array_s.c.o[0m
[9.808s] [ 86%] [32m[1mLinking C shared library libaurora_msgs__rosidl_generator_py.so[0m
[9.855s] [ 86%] Built target aurora_msgs__rosidl_generator_py
[9.884s] [ 88%] [32mBuilding C object CMakeFiles/aurora_msgs_s__rosidl_typesupport_fastrtps_c.dir/rosidl_generator_py/aurora_msgs/_aurora_msgs_s.ep.rosidl_typesupport_fastrtps_c.c.o[0m
[9.887s] [ 90%] [32mBuilding C object CMakeFiles/aurora_msgs_s__rosidl_typesupport_introspection_c.dir/rosidl_generator_py/aurora_msgs/_aurora_msgs_s.ep.rosidl_typesupport_introspection_c.c.o[0m
[9.996s] [ 93%] [32m[1mLinking C shared module rosidl_generator_py/aurora_msgs/aurora_msgs_s__rosidl_typesupport_fastrtps_c.so[0m
[9.999s] [ 95%] [32m[1mLinking C shared module rosidl_generator_py/aurora_msgs/aurora_msgs_s__rosidl_typesupport_introspection_c.so[0m
[10.040s] [ 95%] Built target aurora_msgs_s__rosidl_typesupport_fastrtps_c
[10.062s] [ 95%] Built target aurora_msgs_s__rosidl_typesupport_introspection_c
[10.073s] [ 97%] [32mBuilding C object CMakeFiles/aurora_msgs_s__rosidl_typesupport_c.dir/rosidl_generator_py/aurora_msgs/_aurora_msgs_s.ep.rosidl_typesupport_c.c.o[0m
[10.153s] [100%] [32m[1mLinking C shared module rosidl_generator_py/aurora_msgs/aurora_msgs_s__rosidl_typesupport_c.so[0m
[10.184s] [100%] Built target aurora_msgs_s__rosidl_typesupport_c
[10.193s] Invoked command in '/home/giorgio/Webots/build/aurora_msgs' returned '0': CMAKE_PREFIX_PATH=${CMAKE_PREFIX_PATH}:/opt/ros/jazzy DEBUGINFOD_URLS=https://debuginfod.ubuntu.com /usr/bin/cmake --build /home/giorgio/Webots/build/aurora_msgs -- -j2 -l2
[10.194s] Invoking command in '/home/giorgio/Webots/build/aurora_msgs': CMAKE_PREFIX_PATH=${CMAKE_PREFIX_PATH}:/opt/ros/jazzy DEBUGINFOD_URLS=https://debuginfod.ubuntu.com /usr/bin/cmake --install /home/giorgio/Webots/build/aurora_msgs
[10.204s] -- Install configuration: ""
[10.204s] -- Installing: /home/giorgio/Webots/install/aurora_msgs/share/ament_index/resource_index/rosidl_interfaces/aurora_msgs
[10.204s] -- Installing: /home/giorgio/Webots/install/aurora_msgs/share/aurora_msgs/msg/Object3D.json
[10.204s] -- Installing: /home/giorgio/Webots/install/aurora_msgs/share/aurora_msgs/msg/Object3DArray.json
[10.204s] -- Installing: /home/giorgio/Webots/install/aurora_msgs/include/aurora_msgs/aurora_msgs
[10.204s] -- Installing: /home/giorgio/Webots/install/aurora_msgs/include/aurora_msgs/aurora_msgs/msg
[10.204s] -- Installing: /home/giorgio/Webots/install/aurora_msgs/include/aurora_msgs/aurora_msgs/msg/rosidl_generator_c__visibility_control.h
[10.204s] -- Installing: /home/giorgio/Webots/install/aurora_msgs/include/aurora_msgs/aurora_msgs/msg/object3_d_array.h
[10.204s] -- Installing: /home/giorgio/Webots/install/aurora_msgs/include/aurora_msgs/aurora_msgs/msg/detail
[10.204s] -- Installing: /home/giorgio/Webots/install/aurora_msgs/include/aurora_msgs/aurora_msgs/msg/detail/object3_d_array__functions.c
[10.204s] -- Installing: /home/giorgio/Webots/install/aurora_msgs/include/aurora_msgs/aurora_msgs/msg/detail/object3_d_array__functions.h
[10.204s] -- Installing: /home/giorgio/Webots/install/aurora_msgs/include/aurora_msgs/aurora_msgs/msg/detail/object3_d__description.c
[10.205s] -- Installing: /home/giorgio/Webots/install/aurora_msgs/include/aurora_msgs/aurora_msgs/msg/detail/object3_d__type_support.c
[10.205s] -- Installing: /home/giorgio/Webots/install/aurora_msgs/include/aurora_msgs/aurora_msgs/msg/detail/object3_d_array__struct.h
[10.205s] -- Installing: /home/giorgio/Webots/install/aurora_msgs/include/aurora_msgs/aurora_msgs/msg/detail/object3_d__struct.h
[10.205s] -- Installing: /home/giorgio/Webots/install/aurora_msgs/include/aurora_msgs/aurora_msgs/msg/detail/object3_d_array__type_support.h
[10.205s] -- Installing: /home/giorgio/Webots/install/aurora_msgs/include/aurora_msgs/aurora_msgs/msg/detail/object3_d_array__type_support.c
[10.205s] -- Installing: /home/giorgio/Webots/install/aurora_msgs/include/aurora_msgs/aurora_msgs/msg/detail/object3_d_array__description.c
[10.205s] -- Installing: /home/giorgio/Webots/install/aurora_msgs/include/aurora_msgs/aurora_msgs/msg/detail/object3_d__type_support.h
[10.205s] -- Installing: /home/giorgio/Webots/install/aurora_msgs/include/aurora_msgs/aurora_msgs/msg/detail/object3_d__functions.h
[10.205s] -- Installing: /home/giorgio/Webots/install/aurora_msgs/include/aurora_msgs/aurora_msgs/msg/detail/object3_d__functions.c
[10.205s] -- Installing: /home/giorgio/Webots/install/aurora_msgs/include/aurora_msgs/aurora_msgs/msg/object3_d.h
[10.205s] -- Installing: /home/giorgio/Webots/install/aurora_msgs/share/aurora_msgs/environment/library_path.sh
[10.205s] -- Installing: /home/giorgio/Webots/install/aurora_msgs/share/aurora_msgs/environment/library_path.dsv
[10.205s] -- Installing: /home/giorgio/Webots/install/aurora_msgs/lib/libaurora_msgs__rosidl_generator_c.so
[10.205s] -- Set non-toolchain portion of runtime path of "/home/giorgio/Webots/install/aurora_msgs/lib/libaurora_msgs__rosidl_generator_c.so" to ""
[10.205s] -- Up-to-date: /home/giorgio/Webots/install/aurora_msgs/include/aurora_msgs/aurora_msgs
[10.205s] -- Up-to-date: /home/giorgio/Webots/install/aurora_msgs/include/aurora_msgs/aurora_msgs/msg
[10.205s] -- Up-to-date: /home/giorgio/Webots/install/aurora_msgs/include/aurora_msgs/aurora_msgs/msg/detail
[10.205s] -- Installing: /home/giorgio/Webots/install/aurora_msgs/include/aurora_msgs/aurora_msgs/msg/detail/object3_d__rosidl_typesupport_fastrtps_c.h
[10.205s] -- Installing: /home/giorgio/Webots/install/aurora_msgs/include/aurora_msgs/aurora_msgs/msg/detail/object3_d_array__rosidl_typesupport_fastrtps_c.h
[10.205s] -- Installing: /home/giorgio/Webots/install/aurora_msgs/include/aurora_msgs/aurora_msgs/msg/rosidl_typesupport_fastrtps_c__visibility_control.h
[10.206s] -- Installing: /home/giorgio/Webots/install/aurora_msgs/lib/libaurora_msgs__rosidl_typesupport_fastrtps_c.so
[10.208s] -- Set non-toolchain portion of runtime path of "/home/giorgio/Webots/install/aurora_msgs/lib/libaurora_msgs__rosidl_typesupport_fastrtps_c.so" to ""
[10.208s] -- Up-to-date: /home/giorgio/Webots/install/aurora_msgs/include/aurora_msgs/aurora_msgs
[10.208s] -- Up-to-date: /home/giorgio/Webots/install/aurora_msgs/include/aurora_msgs/aurora_msgs/msg
[10.208s] -- Installing: /home/giorgio/Webots/install/aurora_msgs/include/aurora_msgs/aurora_msgs/msg/object3_d_array.hpp
[10.208s] -- Up-to-date: /home/giorgio/Webots/install/aurora_msgs/include/aurora_msgs/aurora_msgs/msg/detail
[10.208s] -- Installing: /home/giorgio/Webots/install/aurora_msgs/include/aurora_msgs/aurora_msgs/msg/detail/object3_d_array__traits.hpp
[10.208s] -- Installing: /home/giorgio/Webots/install/aurora_msgs/include/aurora_msgs/aurora_msgs/msg/detail/object3_d__traits.hpp
[10.208s] -- Installing: /home/giorgio/Webots/install/aurora_msgs/include/aurora_msgs/aurora_msgs/msg/detail/object3_d_array__builder.hpp
[10.208s] -- Installing: /home/giorgio/Webots/install/aurora_msgs/include/aurora_msgs/aurora_msgs/msg/detail/object3_d_array__type_support.hpp
[10.208s] -- Installing: /home/giorgio/Webots/install/aurora_msgs/include/aurora_msgs/aurora_msgs/msg/detail/object3_d_array__struct.hpp
[10.208s] -- Installing: /home/giorgio/Webots/install/aurora_msgs/include/aurora_msgs/aurora_msgs/msg/detail/object3_d__struct.hpp
[10.209s] -- Installing: /home/giorgio/Webots/install/aurora_msgs/include/aurora_msgs/aurora_msgs/msg/detail/object3_d__builder.hpp
[10.209s] -- Installing: /home/giorgio/Webots/install/aurora_msgs/include/aurora_msgs/aurora_msgs/msg/detail/object3_d__type_support.hpp
[10.209s] -- Installing: /home/giorgio/Webots/install/aurora_msgs/include/aurora_msgs/aurora_msgs/msg/rosidl_generator_cpp__visibility_control.hpp
[10.209s] -- Installing: /home/giorgio/Webots/install/aurora_msgs/include/aurora_msgs/aurora_msgs/msg/object3_d.hpp
[10.209s] -- Up-to-date: /home/giorgio/Webots/install/aurora_msgs/include/aurora_msgs/aurora_msgs
[10.209s] -- Up-to-date: /home/giorgio/Webots/install/aurora_msgs/include/aurora_msgs/aurora_msgs/msg
[10.209s] -- Up-to-date: /home/giorgio/Webots/install/aurora_msgs/include/aurora_msgs/aurora_msgs/msg/detail
[10.209s] -- Installing: /home/giorgio/Webots/install/aurora_msgs/include/aurora_msgs/aurora_msgs/msg/detail/dds_fastrtps
[10.209s] -- Installing: /home/giorgio/Webots/install/aurora_msgs/include/aurora_msgs/aurora_msgs/msg/detail/object3_d__rosidl_typesupport_fastrtps_cpp.hpp
[10.209s] -- Installing: /home/giorgio/Webots/install/aurora_msgs/include/aurora_msgs/aurora_msgs/msg/detail/object3_d_array__rosidl_typesupport_fastrtps_cpp.hpp
[10.209s] -- Installing: /home/giorgio/Webots/install/aurora_msgs/include/aurora_msgs/aurora_msgs/msg/rosidl_typesupport_fastrtps_cpp__visibility_control.h
[10.209s] -- Installing: /home/giorgio/Webots/install/aurora_msgs/lib/libaurora_msgs__rosidl_typesupport_fastrtps_cpp.so
[10.209s] -- Set non-toolchain portion of runtime path of "/home/giorgio/Webots/install/aurora_msgs/lib/libaurora_msgs__rosidl_typesupport_fastrtps_cpp.so" to ""
[10.209s] -- Up-to-date: /home/giorgio/Webots/install/aurora_msgs/include/aurora_msgs/aurora_msgs
[10.209s] -- Up-to-date: /home/giorgio/Webots/install/aurora_msgs/include/aurora_msgs/aurora_msgs/msg
[10.209s] -- Installing: /home/giorgio/Webots/install/aurora_msgs/include/aurora_msgs/aurora_msgs/msg/rosidl_typesupport_introspection_c__visibility_control.h
[10.209s] -- Up-to-date: /home/giorgio/Webots/install/aurora_msgs/include/aurora_msgs/aurora_msgs/msg/detail
[10.209s] -- Installing: /home/giorgio/Webots/install/aurora_msgs/include/aurora_msgs/aurora_msgs/msg/detail/object3_d__type_support.c
[10.209s] -- Installing: /home/giorgio/Webots/install/aurora_msgs/include/aurora_msgs/aurora_msgs/msg/detail/object3_d_array__type_support.c
[10.209s] -- Installing: /home/giorgio/Webots/install/aurora_msgs/include/aurora_msgs/aurora_msgs/msg/detail/object3_d_array__rosidl_typesupport_introspection_c.h
[10.210s] -- Installing: /home/giorgio/Webots/install/aurora_msgs/include/aurora_msgs/aurora_msgs/msg/detail/object3_d__rosidl_typesupport_introspection_c.h
[10.210s] -- Installing: /home/giorgio/Webots/install/aurora_msgs/lib/libaurora_msgs__rosidl_typesupport_introspection_c.so
[10.210s] -- Set non-toolchain portion of runtime path of "/home/giorgio/Webots/install/aurora_msgs/lib/libaurora_msgs__rosidl_typesupport_introspection_c.so" to ""
[10.210s] -- Installing: /home/giorgio/Webots/install/aurora_msgs/lib/libaurora_msgs__rosidl_typesupport_c.so
[10.210s] -- Set non-toolchain portion of runtime path of "/home/giorgio/Webots/install/aurora_msgs/lib/libaurora_msgs__rosidl_typesupport_c.so" to ""
[10.210s] -- Up-to-date: /home/giorgio/Webots/install/aurora_msgs/include/aurora_msgs/aurora_msgs
[10.210s] -- Up-to-date: /home/giorgio/Webots/install/aurora_msgs/include/aurora_msgs/aurora_msgs/msg
[10.210s] -- Up-to-date: /home/giorgio/Webots/install/aurora_msgs/include/aurora_msgs/aurora_msgs/msg/detail
[10.210s] -- Installing: /home/giorgio/Webots/install/aurora_msgs/include/aurora_msgs/aurora_msgs/msg/detail/object3_d_array__type_support.cpp
[10.210s] -- Installing: /home/giorgio/Webots/install/aurora_msgs/include/aurora_msgs/aurora_msgs/msg/detail/object3_d_array__rosidl_typesupport_introspection_cpp.hpp
[10.210s] -- Installing: /home/giorgio/Webots/install/aurora_msgs/include/aurora_msgs/aurora_msgs/msg/detail/object3_d__type_support.cpp
[10.210s] -- Installing: /home/giorgio/Webots/install/aurora_msgs/include/aurora_msgs/aurora_msgs/msg/detail/object3_d__rosidl_typesupport_introspection_cpp.hpp
[10.210s] -- Installing: /home/giorgio/Webots/install/aurora_msgs/lib/libaurora_msgs__rosidl_typesupport_introspection_cpp.so
[10.212s] -- Set non-toolchain portion of runtime path of "/home/giorgio/Webots/install/aurora_msgs/lib/libaurora_msgs__rosidl_typesupport_introspection_cpp.so" to ""
[10.212s] -- Installing: /home/giorgio/Webots/install/aurora_msgs/lib/libaurora_msgs__rosidl_typesupport_cpp.so
[10.212s] -- Set non-toolchain portion of runtime path of "/home/giorgio/Webots/install/aurora_msgs/lib/libaurora_msgs__rosidl_typesupport_cpp.so" to ""
[10.212s] -- Installing: /home/giorgio/Webots/install/aurora_msgs/share/aurora_msgs/environment/pythonpath.sh
[10.212s] -- Installing: /home/giorgio/Webots/install/aurora_msgs/share/aurora_msgs/environment/pythonpath.dsv
[10.212s] -- Installing: /home/giorgio/Webots/install/aurora_msgs/lib/python3.12/site-packages/aurora_msgs-5.0.4-py3.12.egg-info
[10.212s] -- Installing: /home/giorgio/Webots/install/aurora_msgs/lib/python3.12/site-packages/aurora_msgs-5.0.4-py3.12.egg-info/PKG-INFO
[10.212s] -- Installing: /home/giorgio/Webots/install/aurora_msgs/lib/python3.12/site-packages/aurora_msgs-5.0.4-py3.12.egg-info/dependency_links.txt
[10.212s] -- Installing: /home/giorgio/Webots/install/aurora_msgs/lib/python3.12/site-packages/aurora_msgs-5.0.4-py3.12.egg-info/SOURCES.txt
[10.212s] -- Installing: /home/giorgio/Webots/install/aurora_msgs/lib/python3.12/site-packages/aurora_msgs-5.0.4-py3.12.egg-info/top_level.txt
[10.212s] -- Installing: /home/giorgio/Webots/install/aurora_msgs/lib/python3.12/site-packages/aurora_msgs
[10.212s] -- Installing: /home/giorgio/Webots/install/aurora_msgs/lib/python3.12/site-packages/aurora_msgs/aurora_msgs_s__rosidl_typesupport_c.so
[10.212s] -- Installing: /home/giorgio/Webots/install/aurora_msgs/lib/python3.12/site-packages/aurora_msgs/msg
[10.212s] -- Installing: /home/giorgio/Webots/install/aurora_msgs/lib/python3.12/site-packages/aurora_msgs/msg/__init__.py
[10.213s] -- Installing: /home/giorgio/Webots/install/aurora_msgs/lib/python3.12/site-packages/aurora_msgs/msg/_object3_d.py
[10.213s] -- Installing: /home/giorgio/Webots/install/aurora_msgs/lib/python3.12/site-packages/aurora_msgs/msg/_object3_d_array_s.c
[10.213s] -- Installing: /home/giorgio/Webots/install/aurora_msgs/lib/python3.12/site-packages/aurora_msgs/msg/_object3_d_array.py
[10.213s] -- Installing: /home/giorgio/Webots/install/aurora_msgs/lib/python3.12/site-packages/aurora_msgs/msg/_object3_d_s.c
[10.213s] -- Installing: /home/giorgio/Webots/install/aurora_msgs/lib/python3.12/site-packages/aurora_msgs/__init__.py
[10.213s] -- Installing: /home/giorgio/Webots/install/aurora_msgs/lib/python3.12/site-packages/aurora_msgs/_aurora_msgs_s.ep.rosidl_typesupport_introspection_c.c
[10.214s] -- Installing: /home/giorgio/Webots/install/aurora_msgs/lib/python3.12/site-packages/aurora_msgs/_aurora_msgs_s.ep.rosidl_typesupport_fastrtps_c.c
[10.214s] -- Installing: /home/giorgio/Webots/install/aurora_msgs/lib/python3.12/site-packages/aurora_msgs/aurora_msgs_s__rosidl_typesupport_introspection_c.so
[10.214s] -- Installing: /home/giorgio/Webots/install/aurora_msgs/lib/python3.12/site-packages/aurora_msgs/_aurora_msgs_s.ep.rosidl_typesupport_c.c
[10.214s] -- Installing: /home/giorgio/Webots/install/aurora_msgs/lib/python3.12/site-packages/aurora_msgs/aurora_msgs_s__rosidl_typesupport_fastrtps_c.so
[10.243s] Listing '/home/giorgio/Webots/install/aurora_msgs/lib/python3.12/site-packages/aurora_msgs'...
[10.243s] Compiling '/home/giorgio/Webots/install/aurora_msgs/lib/python3.12/site-packages/aurora_msgs/__init__.py'...
[10.243s] Listing '/home/giorgio/Webots/install/aurora_msgs/lib/python3.12/site-packages/aurora_msgs/msg'...
[10.243s] Compiling '/home/giorgio/Webots/install/aurora_msgs/lib/python3.12/site-packages/aurora_msgs/msg/__init__.py'...
[10.243s] Compiling '/home/giorgio/Webots/install/aurora_msgs/lib/python3.12/site-packages/aurora_msgs/msg/_object3_d.py'...
[10.243s] Compiling '/home/giorgio/Webots/install/aurora_msgs/lib/python3.12/site-packages/aurora_msgs/msg/_object3_d_array.py'...
[10.249s] -- Installing: /home/giorgio/Webots/install/aurora_msgs/lib/python3.12/site-packages/aurora_msgs/aurora_msgs_s__rosidl_typesupport_fastrtps_c.so
[10.249s] -- Set non-toolchain portion of runtime path of "/home/giorgio/Webots/install/aurora_msgs/lib/python3.12/site-packages/aurora_msgs/aurora_msgs_s__rosidl_typesupport_fastrtps_c.so" to ""
[10.249s] -- Installing: /home/giorgio/Webots/install/aurora_msgs/lib/python3.12/site-packages/aurora_msgs/aurora_msgs_s__rosidl_typesupport_introspection_c.so
[10.249s] -- Set non-toolchain portion of runtime path of "/home/giorgio/Webots/install/aurora_msgs/lib/python3.12/site-packages/aurora_msgs/aurora_msgs_s__rosidl_typesupport_introspection_c.so" to ""
[10.249s] -- Installing: /home/giorgio/Webots/install/aurora_msgs/lib/python3.12/site-packages/aurora_msgs/aurora_msgs_s__rosidl_typesupport_c.so
[10.249s] -- Set non-toolchain portion of runtime path of "/home/giorgio/Webots/install/aurora_msgs/lib/python3.12/site-packages/aurora_msgs/aurora_msgs_s__rosidl_typesupport_c.so" to ""
[10.249s] -- Installing: /home/giorgio/Webots/install/aurora_msgs/lib/libaurora_msgs__rosidl_generator_py.so
[10.250s] -- Set non-toolchain portion of runtime path of "/home/giorgio/Webots/install/aurora_msgs/lib/libaurora_msgs__rosidl_generator_py.so" to ""
[10.250s] -- Installing: /home/giorgio/Webots/install/aurora_msgs/share/aurora_msgs/msg/Object3D.idl
[10.250s] -- Installing: /home/giorgio/Webots/install/aurora_msgs/share/aurora_msgs/msg/Object3DArray.idl
[10.250s] -- Installing: /home/giorgio/Webots/install/aurora_msgs/share/aurora_msgs/msg/Object3D.msg
[10.250s] -- Installing: /home/giorgio/Webots/install/aurora_msgs/share/aurora_msgs/msg/Object3DArray.msg
[10.250s] -- Installing: /home/giorgio/Webots/install/aurora_msgs/share/ament_index/resource_index/package_run_dependencies/aurora_msgs
[10.250s] -- Installing: /home/giorgio/Webots/install/aurora_msgs/share/ament_index/resource_index/parent_prefix_path/aurora_msgs
[10.250s] -- Installing: /home/giorgio/Webots/install/aurora_msgs/share/aurora_msgs/environment/ament_prefix_path.sh
[10.250s] -- Installing: /home/giorgio/Webots/install/aurora_msgs/share/aurora_msgs/environment/ament_prefix_path.dsv
[10.251s] -- Installing: /home/giorgio/Webots/install/aurora_msgs/share/aurora_msgs/environment/path.sh
[10.251s] -- Installing: /home/giorgio/Webots/install/aurora_msgs/share/aurora_msgs/environment/path.dsv
[10.251s] -- Installing: /home/giorgio/Webots/install/aurora_msgs/share/aurora_msgs/local_setup.bash
[10.251s] -- Installing: /home/giorgio/Webots/install/aurora_msgs/share/aurora_msgs/local_setup.sh
[10.251s] -- Installing: /home/giorgio/Webots/install/aurora_msgs/share/aurora_msgs/local_setup.zsh
[10.251s] -- Installing: /home/giorgio/Webots/install/aurora_msgs/share/aurora_msgs/local_setup.dsv
[10.254s] -- Installing: /home/giorgio/Webots/install/aurora_msgs/share/aurora_msgs/package.dsv
[10.254s] -- Installing: /home/giorgio/Webots/install/aurora_msgs/share/ament_index/resource_index/packages/aurora_msgs
[10.254s] -- Installing: /home/giorgio/Webots/install/aurora_msgs/share/aurora_msgs/cmake/export_aurora_msgs__rosidl_generator_cExport.cmake
[10.254s] -- Installing: /home/giorgio/Webots/install/aurora_msgs/share/aurora_msgs/cmake/export_aurora_msgs__rosidl_generator_cExport-noconfig.cmake
[10.254s] -- Installing: /home/giorgio/Webots/install/aurora_msgs/share/aurora_msgs/cmake/export_aurora_msgs__rosidl_typesupport_fastrtps_cExport.cmake
[10.254s] -- Installing: /home/giorgio/Webots/install/aurora_msgs/share/aurora_msgs/cmake/export_aurora_msgs__rosidl_typesupport_fastrtps_cExport-noconfig.cmake
[10.254s] -- Installing: /home/giorgio/Webots/install/aurora_msgs/share/aurora_msgs/cmake/export_aurora_msgs__rosidl_generator_cppExport.cmake
[10.255s] -- Installing: /home/giorgio/Webots/install/aurora_msgs/share/aurora_msgs/cmake/export_aurora_msgs__rosidl_typesupport_fastrtps_cppExport.cmake
[10.255s] -- Installing: /home/giorgio/Webots/install/aurora_msgs/share/aurora_msgs/cmake/export_aurora_msgs__rosidl_typesupport_fastrtps_cppExport-noconfig.cmake
[10.255s] -- Installing: /home/giorgio/Webots/install/aurora_msgs/share/aurora_msgs/cmake/aurora_msgs__rosidl_typesupport_introspection_cExport.cmake
[10.257s] -- Installing: /home/giorgio/Webots/install/aurora_msgs/share/aurora_msgs/cmake/aurora_msgs__rosidl_typesupport_introspection_cExport-noconfig.cmake
[10.257s] -- Installing: /home/giorgio/Webots/install/aurora_msgs/share/aurora_msgs/cmake/aurora_msgs__rosidl_typesupport_cExport.cmake
[10.257s] -- Installing: /home/giorgio/Webots/install/aurora_msgs/share/aurora_msgs/cmake/aurora_msgs__rosidl_typesupport_cExport-noconfig.cmake
[10.257s] -- Installing: /home/giorgio/Webots/install/aurora_msgs/share/aurora_msgs/cmake/aurora_msgs__rosidl_typesupport_introspection_cppExport.cmake
[10.257s] -- Installing: /home/giorgio/Webots/install/aurora_msgs/share/aurora_msgs/cmake/aurora_msgs__rosidl_typesupport_introspection_cppExport-noconfig.cmake
[10.257s] -- Installing: /home/giorgio/Webots/install/aurora_msgs/share/aurora_msgs/cmake/aurora_msgs__rosidl_typesupport_cppExport.cmake
[10.257s] -- Installing: /home/giorgio/Webots/install/aurora_msgs/share/aurora_msgs/cmake/aurora_msgs__rosidl_typesupport_cppExport-noconfig.cmake
[10.257s] -- Installing: /home/giorgio/Webots/install/aurora_msgs/share/aurora_msgs/cmake/export_aurora_msgs__rosidl_generator_pyExport.cmake
[10.257s] -- Installing: /home/giorgio/Webots/install/aurora_msgs/share/aurora_msgs/cmake/export_aurora_msgs__rosidl_generator_pyExport-noconfig.cmake
[10.258s] -- Installing: /home/giorgio/Webots/install/aurora_msgs/share/aurora_msgs/cmake/rosidl_cmake-extras.cmake
[10.258s] -- Installing: /home/giorgio/Webots/install/aurora_msgs/share/aurora_msgs/cmake/ament_cmake_export_dependencies-extras.cmake
[10.258s] -- Installing: /home/giorgio/Webots/install/aurora_msgs/share/aurora_msgs/cmake/ament_cmake_export_include_directories-extras.cmake
[10.258s] -- Installing: /home/giorgio/Webots/install/aurora_msgs/share/aurora_msgs/cmake/ament_cmake_export_libraries-extras.cmake
[10.258s] -- Installing: /home/giorgio/Webots/install/aurora_msgs/share/aurora_msgs/cmake/ament_cmake_export_targets-extras.cmake
[10.258s] -- Installing: /home/giorgio/Webots/install/aurora_msgs/share/aurora_msgs/cmake/rosidl_cmake_export_typesupport_targets-extras.cmake
[10.258s] -- Installing: /home/giorgio/Webots/install/aurora_msgs/share/aurora_msgs/cmake/rosidl_cmake_export_typesupport_libraries-extras.cmake
[10.259s] -- Installing: /home/giorgio/Webots/install/aurora_msgs/share/aurora_msgs/cmake/aurora_msgsConfig.cmake
[10.259s] -- Installing: /home/giorgio/Webots/install/aurora_msgs/share/aurora_msgs/cmake/aurora_msgsConfig-version.cmake
[10.260s] -- Installing: /home/giorgio/Webots/install/aurora_msgs/share/aurora_msgs/package.xml
[10.261s] Invoked command in '/home/giorgio/Webots/build/aurora_msgs' returned '0': CMAKE_PREFIX_PATH=${CMAKE_PREFIX_PATH}:/opt/ros/jazzy DEBUGINFOD_URLS=https://debuginfod.ubuntu.com /usr/bin/cmake --install /home/giorgio/Webots/build/aurora_msgs
