[1.034s] Invoking command in '/home/giorgio/Webots/src/webots_tutorial': DEBUGINFOD_URLS=https://debuginfod.ubuntu.com PYTHONPATH=/home/giorgio/Webots/build/webots/prefix_override:/usr/lib/python3/dist-packages/colcon_core/task/python/colcon_distutils_commands:/home/giorgio/Webots/install/webots/lib/python3.12/site-packages:${PYTHONPATH} /usr/bin/python3 -W ignore:setup.py install is deprecated -W ignore:easy_install command is deprecated setup.py egg_info --egg-base ../../build/webots build --build-base /home/giorgio/Webots/build/webots/build install --record /home/giorgio/Webots/build/webots/install.log --single-version-externally-managed install_data
[1.447s] running egg_info
[1.466s] writing ../../build/webots/webots.egg-info/PKG-INFO
[1.467s] writing dependency_links to ../../build/webots/webots.egg-info/dependency_links.txt
[1.467s] writing requirements to ../../build/webots/webots.egg-info/requires.txt
[1.467s] writing top-level names to ../../build/webots/webots.egg-info/top_level.txt
[1.499s] reading manifest file '../../build/webots/webots.egg-info/SOURCES.txt'
[1.501s] adding license file 'LICENSE'
[1.501s] writing manifest file '../../build/webots/webots.egg-info/SOURCES.txt'
[1.502s] running build
[1.503s] running build_py
[1.503s] running install
[1.505s] running install_lib
[1.527s] running install_data
[1.527s] running install_egg_info
[1.560s] removing '/home/giorgio/Webots/install/webots/lib/python3.12/site-packages/webots-0.0.0-py3.12.egg-info' (and everything under it)
[1.560s] Copying ../../build/webots/webots.egg-info to /home/giorgio/Webots/install/webots/lib/python3.12/site-packages/webots-0.0.0-py3.12.egg-info
[1.560s] running install_scripts
[1.772s] writing list of installed files to '/home/giorgio/Webots/build/webots/install.log'
[1.898s] Invoked command in '/home/giorgio/Webots/src/webots_tutorial' returned '0': DEBUGINFOD_URLS=https://debuginfod.ubuntu.com PYTHONPATH=/home/giorgio/Webots/build/webots/prefix_override:/usr/lib/python3/dist-packages/colcon_core/task/python/colcon_distutils_commands:/home/giorgio/Webots/install/webots/lib/python3.12/site-packages:${PYTHONPATH} /usr/bin/python3 -W ignore:setup.py install is deprecated -W ignore:easy_install command is deprecated setup.py egg_info --egg-base ../../build/webots build --build-base /home/giorgio/Webots/build/webots/build install --record /home/giorgio/Webots/build/webots/install.log --single-version-externally-managed install_data
