running egg_info
creating ../../build/webots_hospital_youbot/webots_hospital_youbot.egg-info
writing ../../build/webots_hospital_youbot/webots_hospital_youbot.egg-info/PKG-INFO
writing dependency_links to ../../build/webots_hospital_youbot/webots_hospital_youbot.egg-info/dependency_links.txt
writing entry points to ../../build/webots_hospital_youbot/webots_hospital_youbot.egg-info/entry_points.txt
writing requirements to ../../build/webots_hospital_youbot/webots_hospital_youbot.egg-info/requires.txt
writing top-level names to ../../build/webots_hospital_youbot/webots_hospital_youbot.egg-info/top_level.txt
writing manifest file '../../build/webots_hospital_youbot/webots_hospital_youbot.egg-info/SOURCES.txt'
reading manifest file '../../build/webots_hospital_youbot/webots_hospital_youbot.egg-info/SOURCES.txt'
writing manifest file '../../build/webots_hospital_youbot/webots_hospital_youbot.egg-info/SOURCES.txt'
running build
running build_py
creating /home/giorgio/Webots/build/webots_hospital_youbot/build
creating /home/giorgio/Webots/build/webots_hospital_youbot/build/lib
creating /home/giorgio/Webots/build/webots_hospital_youbot/build/lib/webots_hospital_youbot
copying webots_hospital_youbot/driver.py -> /home/giorgio/Webots/build/webots_hospital_youbot/build/lib/webots_hospital_youbot
copying webots_hospital_youbot/__init__.py -> /home/giorgio/Webots/build/webots_hospital_youbot/build/lib/webots_hospital_youbot
copying webots_hospital_youbot/driver_giorgio.py -> /home/giorgio/Webots/build/webots_hospital_youbot/build/lib/webots_hospital_youbot
copying webots_hospital_youbot/teleop_keyboard.py -> /home/giorgio/Webots/build/webots_hospital_youbot/build/lib/webots_hospital_youbot
copying webots_hospital_youbot/YoubotMove.py -> /home/giorgio/Webots/build/webots_hospital_youbot/build/lib/webots_hospital_youbot
copying webots_hospital_youbot/human_driver.py -> /home/giorgio/Webots/build/webots_hospital_youbot/build/lib/webots_hospital_youbot
running install
running install_lib
creating /home/giorgio/Webots/install/webots_hospital_youbot/lib/python3.12/site-packages/webots_hospital_youbot
copying /home/giorgio/Webots/build/webots_hospital_youbot/build/lib/webots_hospital_youbot/driver.py -> /home/giorgio/Webots/install/webots_hospital_youbot/lib/python3.12/site-packages/webots_hospital_youbot
copying /home/giorgio/Webots/build/webots_hospital_youbot/build/lib/webots_hospital_youbot/__init__.py -> /home/giorgio/Webots/install/webots_hospital_youbot/lib/python3.12/site-packages/webots_hospital_youbot
copying /home/giorgio/Webots/build/webots_hospital_youbot/build/lib/webots_hospital_youbot/driver_giorgio.py -> /home/giorgio/Webots/install/webots_hospital_youbot/lib/python3.12/site-packages/webots_hospital_youbot
copying /home/giorgio/Webots/build/webots_hospital_youbot/build/lib/webots_hospital_youbot/teleop_keyboard.py -> /home/giorgio/Webots/install/webots_hospital_youbot/lib/python3.12/site-packages/webots_hospital_youbot
copying /home/giorgio/Webots/build/webots_hospital_youbot/build/lib/webots_hospital_youbot/YoubotMove.py -> /home/giorgio/Webots/install/webots_hospital_youbot/lib/python3.12/site-packages/webots_hospital_youbot
copying /home/giorgio/Webots/build/webots_hospital_youbot/build/lib/webots_hospital_youbot/human_driver.py -> /home/giorgio/Webots/install/webots_hospital_youbot/lib/python3.12/site-packages/webots_hospital_youbot
byte-compiling /home/giorgio/Webots/install/webots_hospital_youbot/lib/python3.12/site-packages/webots_hospital_youbot/driver.py to driver.cpython-312.pyc
byte-compiling /home/giorgio/Webots/install/webots_hospital_youbot/lib/python3.12/site-packages/webots_hospital_youbot/__init__.py to __init__.cpython-312.pyc
byte-compiling /home/giorgio/Webots/install/webots_hospital_youbot/lib/python3.12/site-packages/webots_hospital_youbot/driver_giorgio.py to driver_giorgio.cpython-312.pyc
byte-compiling /home/giorgio/Webots/install/webots_hospital_youbot/lib/python3.12/site-packages/webots_hospital_youbot/teleop_keyboard.py to teleop_keyboard.cpython-312.pyc
byte-compiling /home/giorgio/Webots/install/webots_hospital_youbot/lib/python3.12/site-packages/webots_hospital_youbot/YoubotMove.py to YoubotMove.cpython-312.pyc
byte-compiling /home/giorgio/Webots/install/webots_hospital_youbot/lib/python3.12/site-packages/webots_hospital_youbot/human_driver.py to human_driver.cpython-312.pyc
running install_data
creating /home/giorgio/Webots/install/webots_hospital_youbot/share/ament_index
creating /home/giorgio/Webots/install/webots_hospital_youbot/share/ament_index/resource_index
creating /home/giorgio/Webots/install/webots_hospital_youbot/share/ament_index/resource_index/packages
copying resource/webots_hospital_youbot -> /home/giorgio/Webots/install/webots_hospital_youbot/share/ament_index/resource_index/packages
creating /home/giorgio/Webots/install/webots_hospital_youbot/share/webots_hospital_youbot/launch
copying launch/slam_launch.py -> /home/giorgio/Webots/install/webots_hospital_youbot/share/webots_hospital_youbot/launch
copying launch/localization_launch.py -> /home/giorgio/Webots/install/webots_hospital_youbot/share/webots_hospital_youbot/launch
creating /home/giorgio/Webots/install/webots_hospital_youbot/share/webots_hospital_youbot/worlds
copying worlds/webots_hospital_youbot.wbt -> /home/giorgio/Webots/install/webots_hospital_youbot/share/webots_hospital_youbot/worlds
creating /home/giorgio/Webots/install/webots_hospital_youbot/share/webots_hospital_youbot/resource
copying resource/YoubotBase_localization.urdf -> /home/giorgio/Webots/install/webots_hospital_youbot/share/webots_hospital_youbot/resource
copying resource/YoubotBase_slam.urdf -> /home/giorgio/Webots/install/webots_hospital_youbot/share/webots_hospital_youbot/resource
copying resource/human.urdf -> /home/giorgio/Webots/install/webots_hospital_youbot/share/webots_hospital_youbot/resource
copying package.xml -> /home/giorgio/Webots/install/webots_hospital_youbot/share/webots_hospital_youbot
running install_egg_info
Copying ../../build/webots_hospital_youbot/webots_hospital_youbot.egg-info to /home/giorgio/Webots/install/webots_hospital_youbot/lib/python3.12/site-packages/webots_hospital_youbot-0.0.0-py3.12.egg-info
running install_scripts
Installing driver script to /home/giorgio/Webots/install/webots_hospital_youbot/lib/webots_hospital_Youbot
Installing human_driver script to /home/giorgio/Webots/install/webots_hospital_youbot/lib/webots_hospital_Youbot
Installing youbot_move script to /home/giorgio/Webots/install/webots_hospital_youbot/lib/webots_hospital_Youbot
writing list of installed files to '/home/giorgio/Webots/build/webots_hospital_youbot/install.log'
