[0.595s] Invoking command in '/home/giorgio/Webots/src/webots_hospital_youbot': AMENT_PREFIX_PATH=/home/giorgio/Webots/install/rover_msgs:/home/giorgio/Webots/install/aurora_msgs:${AMENT_PREFIX_PATH} CMAKE_PREFIX_PATH=/home/giorgio/Webots/install/rover_msgs:/home/giorgio/Webots/install/aurora_msgs:${CMAKE_PREFIX_PATH} DEBUGINFOD_URLS=https://debuginfod.ubuntu.com LD_LIBRARY_PATH=/home/giorgio/Webots/install/rover_msgs/lib:/home/giorgio/Webots/install/aurora_msgs/lib:${LD_LIBRARY_PATH} PYTHONPATH=/home/giorgio/Webots/build/webots_hospital_youbot/prefix_override:/usr/lib/python3/dist-packages/colcon_core/task/python/colcon_distutils_commands:/home/giorgio/Webots/install/webots_hospital_youbot/lib/python3.12/site-packages:/home/giorgio/Webots/install/rover_msgs/lib/python3.12/site-packages:/home/giorgio/Webots/install/aurora_msgs/lib/python3.12/site-packages:${PYTHONPATH} /usr/bin/python3 -W ignore:setup.py install is deprecated -W ignore:easy_install command is deprecated setup.py egg_info --egg-base ../../build/webots_hospital_youbot build --build-base /home/giorgio/Webots/build/webots_hospital_youbot/build install --record /home/giorgio/Webots/build/webots_hospital_youbot/install.log --single-version-externally-managed install_data
[0.797s] running egg_info
[0.797s] creating ../../build/webots_hospital_youbot/webots_hospital_youbot.egg-info
[0.809s] writing ../../build/webots_hospital_youbot/webots_hospital_youbot.egg-info/PKG-INFO
[0.809s] writing dependency_links to ../../build/webots_hospital_youbot/webots_hospital_youbot.egg-info/dependency_links.txt
[0.809s] writing entry points to ../../build/webots_hospital_youbot/webots_hospital_youbot.egg-info/entry_points.txt
[0.810s] writing requirements to ../../build/webots_hospital_youbot/webots_hospital_youbot.egg-info/requires.txt
[0.810s] writing top-level names to ../../build/webots_hospital_youbot/webots_hospital_youbot.egg-info/top_level.txt
[0.810s] writing manifest file '../../build/webots_hospital_youbot/webots_hospital_youbot.egg-info/SOURCES.txt'
[0.840s] reading manifest file '../../build/webots_hospital_youbot/webots_hospital_youbot.egg-info/SOURCES.txt'
[0.840s] writing manifest file '../../build/webots_hospital_youbot/webots_hospital_youbot.egg-info/SOURCES.txt'
[0.840s] running build
[0.841s] running build_py
[0.841s] creating /home/giorgio/Webots/build/webots_hospital_youbot/build
[0.841s] creating /home/giorgio/Webots/build/webots_hospital_youbot/build/lib
[0.841s] creating /home/giorgio/Webots/build/webots_hospital_youbot/build/lib/webots_hospital_youbot
[0.841s] copying webots_hospital_youbot/driver.py -> /home/giorgio/Webots/build/webots_hospital_youbot/build/lib/webots_hospital_youbot
[0.842s] copying webots_hospital_youbot/__init__.py -> /home/giorgio/Webots/build/webots_hospital_youbot/build/lib/webots_hospital_youbot
[0.842s] copying webots_hospital_youbot/driver_giorgio.py -> /home/giorgio/Webots/build/webots_hospital_youbot/build/lib/webots_hospital_youbot
[0.843s] copying webots_hospital_youbot/teleop_keyboard.py -> /home/giorgio/Webots/build/webots_hospital_youbot/build/lib/webots_hospital_youbot
[0.843s] copying webots_hospital_youbot/YoubotMove.py -> /home/giorgio/Webots/build/webots_hospital_youbot/build/lib/webots_hospital_youbot
[0.844s] copying webots_hospital_youbot/human_driver.py -> /home/giorgio/Webots/build/webots_hospital_youbot/build/lib/webots_hospital_youbot
[0.844s] running install
[0.849s] running install_lib
[0.860s] creating /home/giorgio/Webots/install/webots_hospital_youbot/lib/python3.12/site-packages/webots_hospital_youbot
[0.861s] copying /home/giorgio/Webots/build/webots_hospital_youbot/build/lib/webots_hospital_youbot/driver.py -> /home/giorgio/Webots/install/webots_hospital_youbot/lib/python3.12/site-packages/webots_hospital_youbot
[0.861s] copying /home/giorgio/Webots/build/webots_hospital_youbot/build/lib/webots_hospital_youbot/__init__.py -> /home/giorgio/Webots/install/webots_hospital_youbot/lib/python3.12/site-packages/webots_hospital_youbot
[0.861s] copying /home/giorgio/Webots/build/webots_hospital_youbot/build/lib/webots_hospital_youbot/driver_giorgio.py -> /home/giorgio/Webots/install/webots_hospital_youbot/lib/python3.12/site-packages/webots_hospital_youbot
[0.861s] copying /home/giorgio/Webots/build/webots_hospital_youbot/build/lib/webots_hospital_youbot/teleop_keyboard.py -> /home/giorgio/Webots/install/webots_hospital_youbot/lib/python3.12/site-packages/webots_hospital_youbot
[0.861s] copying /home/giorgio/Webots/build/webots_hospital_youbot/build/lib/webots_hospital_youbot/YoubotMove.py -> /home/giorgio/Webots/install/webots_hospital_youbot/lib/python3.12/site-packages/webots_hospital_youbot
[0.861s] copying /home/giorgio/Webots/build/webots_hospital_youbot/build/lib/webots_hospital_youbot/human_driver.py -> /home/giorgio/Webots/install/webots_hospital_youbot/lib/python3.12/site-packages/webots_hospital_youbot
[0.862s] byte-compiling /home/giorgio/Webots/install/webots_hospital_youbot/lib/python3.12/site-packages/webots_hospital_youbot/driver.py to driver.cpython-312.pyc
[0.867s] byte-compiling /home/giorgio/Webots/install/webots_hospital_youbot/lib/python3.12/site-packages/webots_hospital_youbot/__init__.py to __init__.cpython-312.pyc
[0.867s] byte-compiling /home/giorgio/Webots/install/webots_hospital_youbot/lib/python3.12/site-packages/webots_hospital_youbot/driver_giorgio.py to driver_giorgio.cpython-312.pyc
[0.872s] byte-compiling /home/giorgio/Webots/install/webots_hospital_youbot/lib/python3.12/site-packages/webots_hospital_youbot/teleop_keyboard.py to teleop_keyboard.cpython-312.pyc
[0.873s] byte-compiling /home/giorgio/Webots/install/webots_hospital_youbot/lib/python3.12/site-packages/webots_hospital_youbot/YoubotMove.py to YoubotMove.cpython-312.pyc
[0.873s] byte-compiling /home/giorgio/Webots/install/webots_hospital_youbot/lib/python3.12/site-packages/webots_hospital_youbot/human_driver.py to human_driver.cpython-312.pyc
[0.876s] running install_data
[0.876s] creating /home/giorgio/Webots/install/webots_hospital_youbot/share/ament_index
[0.876s] creating /home/giorgio/Webots/install/webots_hospital_youbot/share/ament_index/resource_index
[0.876s] creating /home/giorgio/Webots/install/webots_hospital_youbot/share/ament_index/resource_index/packages
[0.876s] copying resource/webots_hospital_youbot -> /home/giorgio/Webots/install/webots_hospital_youbot/share/ament_index/resource_index/packages
[0.877s] creating /home/giorgio/Webots/install/webots_hospital_youbot/share/webots_hospital_youbot/launch
[0.877s] copying launch/slam_launch.py -> /home/giorgio/Webots/install/webots_hospital_youbot/share/webots_hospital_youbot/launch
[0.877s] copying launch/localization_launch.py -> /home/giorgio/Webots/install/webots_hospital_youbot/share/webots_hospital_youbot/launch
[0.877s] creating /home/giorgio/Webots/install/webots_hospital_youbot/share/webots_hospital_youbot/worlds
[0.878s] copying worlds/webots_hospital_youbot.wbt -> /home/giorgio/Webots/install/webots_hospital_youbot/share/webots_hospital_youbot/worlds
[0.878s] creating /home/giorgio/Webots/install/webots_hospital_youbot/share/webots_hospital_youbot/resource
[0.878s] copying resource/YoubotBase_localization.urdf -> /home/giorgio/Webots/install/webots_hospital_youbot/share/webots_hospital_youbot/resource
[0.879s] copying resource/YoubotBase_slam.urdf -> /home/giorgio/Webots/install/webots_hospital_youbot/share/webots_hospital_youbot/resource
[0.879s] copying resource/human.urdf -> /home/giorgio/Webots/install/webots_hospital_youbot/share/webots_hospital_youbot/resource
[0.879s] copying package.xml -> /home/giorgio/Webots/install/webots_hospital_youbot/share/webots_hospital_youbot
[0.880s] running install_egg_info
[0.894s] Copying ../../build/webots_hospital_youbot/webots_hospital_youbot.egg-info to /home/giorgio/Webots/install/webots_hospital_youbot/lib/python3.12/site-packages/webots_hospital_youbot-0.0.0-py3.12.egg-info
[0.895s] running install_scripts
[0.977s] Installing driver script to /home/giorgio/Webots/install/webots_hospital_youbot/lib/webots_hospital_Youbot
[0.978s] Installing human_driver script to /home/giorgio/Webots/install/webots_hospital_youbot/lib/webots_hospital_Youbot
[0.978s] Installing youbot_move script to /home/giorgio/Webots/install/webots_hospital_youbot/lib/webots_hospital_Youbot
[0.978s] writing list of installed files to '/home/giorgio/Webots/build/webots_hospital_youbot/install.log'
[1.003s] Invoked command in '/home/giorgio/Webots/src/webots_hospital_youbot' returned '0': AMENT_PREFIX_PATH=/home/giorgio/Webots/install/rover_msgs:/home/giorgio/Webots/install/aurora_msgs:${AMENT_PREFIX_PATH} CMAKE_PREFIX_PATH=/home/giorgio/Webots/install/rover_msgs:/home/giorgio/Webots/install/aurora_msgs:${CMAKE_PREFIX_PATH} DEBUGINFOD_URLS=https://debuginfod.ubuntu.com LD_LIBRARY_PATH=/home/giorgio/Webots/install/rover_msgs/lib:/home/giorgio/Webots/install/aurora_msgs/lib:${LD_LIBRARY_PATH} PYTHONPATH=/home/giorgio/Webots/build/webots_hospital_youbot/prefix_override:/usr/lib/python3/dist-packages/colcon_core/task/python/colcon_distutils_commands:/home/giorgio/Webots/install/webots_hospital_youbot/lib/python3.12/site-packages:/home/giorgio/Webots/install/rover_msgs/lib/python3.12/site-packages:/home/giorgio/Webots/install/aurora_msgs/lib/python3.12/site-packages:${PYTHONPATH} /usr/bin/python3 -W ignore:setup.py install is deprecated -W ignore:easy_install command is deprecated setup.py egg_info --egg-base ../../build/webots_hospital_youbot build --build-base /home/giorgio/Webots/build/webots_hospital_youbot/build install --record /home/giorgio/Webots/build/webots_hospital_youbot/install.log --single-version-externally-managed install_data
