[0.739s] DEBUG:colcon:Command line arguments: ['/usr/bin/colcon', 'build']
[0.739s] DEBUG:colcon:Parsed command line arguments: Namespace(log_base=None, log_level=None, verb_name='build', build_base='build', install_base='install', merge_install=False, symlink_install=False, test_result_base=None, continue_on_error=False, executor='parallel', parallel_workers=2, event_handlers=None, ignore_user_meta=False, metas=['./colcon.meta'], base_paths=['.'], packages_ignore=None, packages_ignore_regex=None, paths=None, packages_up_to=None, packages_up_to_regex=None, packages_above=None, packages_above_and_dependencies=None, packages_above_depth=None, packages_select_by_dep=None, packages_skip_by_dep=None, packages_skip_up_to=None, packages_select_build_failed=False, packages_skip_build_finished=False, packages_select_test_failures=False, packages_skip_test_passed=False, packages_select=None, packages_skip=None, packages_select_regex=None, packages_skip_regex=None, packages_start=None, packages_end=None, cmake_args=None, cmake_target=None, cmake_target_skip_unavailable=False, cmake_clean_cache=False, cmake_clean_first=False, cmake_force_configure=False, ament_cmake_args=None, catkin_cmake_args=None, catkin_skip_building_tests=False, verb_parser=<colcon_defaults.argument_parser.defaults.DefaultArgumentsDecorator object at 0x7b5221425580>, verb_extension=<colcon_core.verb.build.BuildVerb object at 0x7b52214253a0>, main=<bound method BuildVerb.main of <colcon_core.verb.build.BuildVerb object at 0x7b52214253a0>>)
[0.875s] Level 1:colcon.colcon_core.package_discovery:discover_packages(colcon_meta) check parameters
[0.875s] Level 1:colcon.colcon_core.package_discovery:discover_packages(recursive) check parameters
[0.875s] Level 1:colcon.colcon_core.package_discovery:discover_packages(ignore) check parameters
[0.875s] Level 1:colcon.colcon_core.package_discovery:discover_packages(path) check parameters
[0.875s] Level 1:colcon.colcon_core.package_discovery:discover_packages(colcon_meta) discover
[0.875s] Level 1:colcon.colcon_core.package_discovery:discover_packages(recursive) discover
[0.875s] INFO:colcon.colcon_core.package_discovery:Crawling recursively for packages in '/home/giorgio/Webots'
[0.875s] Level 1:colcon.colcon_core.package_identification:_identify(.) by extensions ['ignore', 'ignore_ament_install']
[0.875s] Level 1:colcon.colcon_core.package_identification:_identify(.) by extension 'ignore'
[0.875s] Level 1:colcon.colcon_core.package_identification:_identify(.) by extension 'ignore_ament_install'
[0.875s] Level 1:colcon.colcon_core.package_identification:_identify(.) by extensions ['colcon_pkg']
[0.875s] Level 1:colcon.colcon_core.package_identification:_identify(.) by extension 'colcon_pkg'
[0.875s] Level 1:colcon.colcon_core.package_identification:_identify(.) by extensions ['colcon_meta']
[0.875s] Level 1:colcon.colcon_core.package_identification:_identify(.) by extension 'colcon_meta'
[0.875s] Level 1:colcon.colcon_core.package_identification:_identify(.) by extensions ['ros']
[0.875s] Level 1:colcon.colcon_core.package_identification:_identify(.) by extension 'ros'
[0.909s] Level 1:colcon.colcon_core.package_identification:_identify(.) by extensions ['cmake', 'python']
[0.909s] Level 1:colcon.colcon_core.package_identification:_identify(.) by extension 'cmake'
[0.909s] Level 1:colcon.colcon_core.package_identification:_identify(.) by extension 'python'
[0.909s] Level 1:colcon.colcon_core.package_identification:_identify(.) by extensions ['python_setup_py']
[0.909s] Level 1:colcon.colcon_core.package_identification:_identify(.) by extension 'python_setup_py'
[0.909s] Level 1:colcon.colcon_core.package_identification:_identify(build) by extensions ['ignore', 'ignore_ament_install']
[0.909s] Level 1:colcon.colcon_core.package_identification:_identify(build) by extension 'ignore'
[0.909s] Level 1:colcon.colcon_core.package_identification:_identify(build) ignored
[0.909s] Level 1:colcon.colcon_core.package_identification:_identify(install) by extensions ['ignore', 'ignore_ament_install']
[0.909s] Level 1:colcon.colcon_core.package_identification:_identify(install) by extension 'ignore'
[0.909s] Level 1:colcon.colcon_core.package_identification:_identify(install) ignored
[0.909s] Level 1:colcon.colcon_core.package_identification:_identify(log) by extensions ['ignore', 'ignore_ament_install']
[0.909s] Level 1:colcon.colcon_core.package_identification:_identify(log) by extension 'ignore'
[0.909s] Level 1:colcon.colcon_core.package_identification:_identify(log) ignored
[0.910s] Level 1:colcon.colcon_core.package_identification:_identify(src) by extensions ['ignore', 'ignore_ament_install']
[0.911s] Level 1:colcon.colcon_core.package_identification:_identify(src) by extension 'ignore'
[0.911s] Level 1:colcon.colcon_core.package_identification:_identify(src) by extension 'ignore_ament_install'
[0.911s] Level 1:colcon.colcon_core.package_identification:_identify(src) by extensions ['colcon_pkg']
[0.911s] Level 1:colcon.colcon_core.package_identification:_identify(src) by extension 'colcon_pkg'
[0.911s] Level 1:colcon.colcon_core.package_identification:_identify(src) by extensions ['colcon_meta']
[0.911s] Level 1:colcon.colcon_core.package_identification:_identify(src) by extension 'colcon_meta'
[0.911s] Level 1:colcon.colcon_core.package_identification:_identify(src) by extensions ['ros']
[0.911s] Level 1:colcon.colcon_core.package_identification:_identify(src) by extension 'ros'
[0.911s] Level 1:colcon.colcon_core.package_identification:_identify(src) by extensions ['cmake', 'python']
[0.911s] Level 1:colcon.colcon_core.package_identification:_identify(src) by extension 'cmake'
[0.911s] Level 1:colcon.colcon_core.package_identification:_identify(src) by extension 'python'
[0.911s] Level 1:colcon.colcon_core.package_identification:_identify(src) by extensions ['python_setup_py']
[0.911s] Level 1:colcon.colcon_core.package_identification:_identify(src) by extension 'python_setup_py'
[0.912s] Level 1:colcon.colcon_core.package_identification:_identify(src/aruco_msgs) by extensions ['ignore', 'ignore_ament_install']
[0.912s] Level 1:colcon.colcon_core.package_identification:_identify(src/aruco_msgs) by extension 'ignore'
[0.912s] Level 1:colcon.colcon_core.package_identification:_identify(src/aruco_msgs) by extension 'ignore_ament_install'
[0.912s] Level 1:colcon.colcon_core.package_identification:_identify(src/aruco_msgs) by extensions ['colcon_pkg']
[0.912s] Level 1:colcon.colcon_core.package_identification:_identify(src/aruco_msgs) by extension 'colcon_pkg'
[0.912s] Level 1:colcon.colcon_core.package_identification:_identify(src/aruco_msgs) by extensions ['colcon_meta']
[0.912s] Level 1:colcon.colcon_core.package_identification:_identify(src/aruco_msgs) by extension 'colcon_meta'
[0.912s] Level 1:colcon.colcon_core.package_identification:_identify(src/aruco_msgs) by extensions ['ros']
[0.912s] Level 1:colcon.colcon_core.package_identification:_identify(src/aruco_msgs) by extension 'ros'
[0.919s] DEBUG:colcon.colcon_core.package_identification:Package 'src/aruco_msgs' with type 'ros.ament_cmake' and name 'aruco_msgs'
[0.920s] Level 1:colcon.colcon_core.package_identification:_identify(src/aurora_msgs) by extensions ['ignore', 'ignore_ament_install']
[0.920s] Level 1:colcon.colcon_core.package_identification:_identify(src/aurora_msgs) by extension 'ignore'
[0.920s] Level 1:colcon.colcon_core.package_identification:_identify(src/aurora_msgs) by extension 'ignore_ament_install'
[0.920s] Level 1:colcon.colcon_core.package_identification:_identify(src/aurora_msgs) by extensions ['colcon_pkg']
[0.920s] Level 1:colcon.colcon_core.package_identification:_identify(src/aurora_msgs) by extension 'colcon_pkg'
[0.920s] Level 1:colcon.colcon_core.package_identification:_identify(src/aurora_msgs) by extensions ['colcon_meta']
[0.920s] Level 1:colcon.colcon_core.package_identification:_identify(src/aurora_msgs) by extension 'colcon_meta'
[0.920s] Level 1:colcon.colcon_core.package_identification:_identify(src/aurora_msgs) by extensions ['ros']
[0.920s] Level 1:colcon.colcon_core.package_identification:_identify(src/aurora_msgs) by extension 'ros'
[0.921s] DEBUG:colcon.colcon_core.package_identification:Package 'src/aurora_msgs' with type 'ros.ament_cmake' and name 'aurora_msgs'
[0.922s] Level 1:colcon.colcon_core.package_identification:_identify(src/cpp_pubsub) by extensions ['ignore', 'ignore_ament_install']
[0.922s] Level 1:colcon.colcon_core.package_identification:_identify(src/cpp_pubsub) by extension 'ignore'
[0.922s] Level 1:colcon.colcon_core.package_identification:_identify(src/cpp_pubsub) by extension 'ignore_ament_install'
[0.922s] Level 1:colcon.colcon_core.package_identification:_identify(src/cpp_pubsub) by extensions ['colcon_pkg']
[0.922s] Level 1:colcon.colcon_core.package_identification:_identify(src/cpp_pubsub) by extension 'colcon_pkg'
[0.922s] Level 1:colcon.colcon_core.package_identification:_identify(src/cpp_pubsub) by extensions ['colcon_meta']
[0.922s] Level 1:colcon.colcon_core.package_identification:_identify(src/cpp_pubsub) by extension 'colcon_meta'
[0.922s] Level 1:colcon.colcon_core.package_identification:_identify(src/cpp_pubsub) by extensions ['ros']
[0.922s] Level 1:colcon.colcon_core.package_identification:_identify(src/cpp_pubsub) by extension 'ros'
[0.923s] DEBUG:colcon.colcon_core.package_identification:Package 'src/cpp_pubsub' with type 'ros.ament_cmake' and name 'cpp_pubsub'
[0.924s] Level 1:colcon.colcon_core.package_identification:_identify(src/rover_msgs) by extensions ['ignore', 'ignore_ament_install']
[0.924s] Level 1:colcon.colcon_core.package_identification:_identify(src/rover_msgs) by extension 'ignore'
[0.924s] Level 1:colcon.colcon_core.package_identification:_identify(src/rover_msgs) by extension 'ignore_ament_install'
[0.924s] Level 1:colcon.colcon_core.package_identification:_identify(src/rover_msgs) by extensions ['colcon_pkg']
[0.924s] Level 1:colcon.colcon_core.package_identification:_identify(src/rover_msgs) by extension 'colcon_pkg'
[0.924s] Level 1:colcon.colcon_core.package_identification:_identify(src/rover_msgs) by extensions ['colcon_meta']
[0.924s] Level 1:colcon.colcon_core.package_identification:_identify(src/rover_msgs) by extension 'colcon_meta'
[0.924s] Level 1:colcon.colcon_core.package_identification:_identify(src/rover_msgs) by extensions ['ros']
[0.924s] Level 1:colcon.colcon_core.package_identification:_identify(src/rover_msgs) by extension 'ros'
[0.925s] DEBUG:colcon.colcon_core.package_identification:Package 'src/rover_msgs' with type 'ros.ament_cmake' and name 'rover_msgs'
[0.926s] Level 1:colcon.colcon_core.package_identification:_identify(src/util) by extensions ['ignore', 'ignore_ament_install']
[0.926s] Level 1:colcon.colcon_core.package_identification:_identify(src/util) by extension 'ignore'
[0.926s] Level 1:colcon.colcon_core.package_identification:_identify(src/util) by extension 'ignore_ament_install'
[0.926s] Level 1:colcon.colcon_core.package_identification:_identify(src/util) by extensions ['colcon_pkg']
[0.926s] Level 1:colcon.colcon_core.package_identification:_identify(src/util) by extension 'colcon_pkg'
[0.926s] Level 1:colcon.colcon_core.package_identification:_identify(src/util) by extensions ['colcon_meta']
[0.926s] Level 1:colcon.colcon_core.package_identification:_identify(src/util) by extension 'colcon_meta'
[0.926s] Level 1:colcon.colcon_core.package_identification:_identify(src/util) by extensions ['ros']
[0.926s] Level 1:colcon.colcon_core.package_identification:_identify(src/util) by extension 'ros'
[0.927s] DEBUG:colcon.colcon_core.package_identification:Package 'src/util' with type 'ros.ament_python' and name 'util'
[0.928s] Level 1:colcon.colcon_core.package_identification:_identify(src/webots_hospital_youbot) by extensions ['ignore', 'ignore_ament_install']
[0.928s] Level 1:colcon.colcon_core.package_identification:_identify(src/webots_hospital_youbot) by extension 'ignore'
[0.928s] Level 1:colcon.colcon_core.package_identification:_identify(src/webots_hospital_youbot) by extension 'ignore_ament_install'
[0.928s] Level 1:colcon.colcon_core.package_identification:_identify(src/webots_hospital_youbot) by extensions ['colcon_pkg']
[0.928s] Level 1:colcon.colcon_core.package_identification:_identify(src/webots_hospital_youbot) by extension 'colcon_pkg'
[0.928s] Level 1:colcon.colcon_core.package_identification:_identify(src/webots_hospital_youbot) by extensions ['colcon_meta']
[0.928s] Level 1:colcon.colcon_core.package_identification:_identify(src/webots_hospital_youbot) by extension 'colcon_meta'
[0.928s] Level 1:colcon.colcon_core.package_identification:_identify(src/webots_hospital_youbot) by extensions ['ros']
[0.928s] Level 1:colcon.colcon_core.package_identification:_identify(src/webots_hospital_youbot) by extension 'ros'
[0.929s] DEBUG:colcon.colcon_core.package_identification:Package 'src/webots_hospital_youbot' with type 'ros.ament_python' and name 'webots_hospital_youbot'
[0.930s] Level 1:colcon.colcon_core.package_identification:_identify(src/webots_tutorial) by extensions ['ignore', 'ignore_ament_install']
[0.930s] Level 1:colcon.colcon_core.package_identification:_identify(src/webots_tutorial) by extension 'ignore'
[0.930s] Level 1:colcon.colcon_core.package_identification:_identify(src/webots_tutorial) by extension 'ignore_ament_install'
[0.930s] Level 1:colcon.colcon_core.package_identification:_identify(src/webots_tutorial) by extensions ['colcon_pkg']
[0.930s] Level 1:colcon.colcon_core.package_identification:_identify(src/webots_tutorial) by extension 'colcon_pkg'
[0.930s] Level 1:colcon.colcon_core.package_identification:_identify(src/webots_tutorial) by extensions ['colcon_meta']
[0.930s] Level 1:colcon.colcon_core.package_identification:_identify(src/webots_tutorial) by extension 'colcon_meta'
[0.930s] Level 1:colcon.colcon_core.package_identification:_identify(src/webots_tutorial) by extensions ['ros']
[0.930s] Level 1:colcon.colcon_core.package_identification:_identify(src/webots_tutorial) by extension 'ros'
[0.931s] DEBUG:colcon.colcon_core.package_identification:Package 'src/webots_tutorial' with type 'ros.ament_python' and name 'webots'
[0.931s] Level 1:colcon.colcon_core.package_discovery:discover_packages(recursive) using defaults
[0.931s] Level 1:colcon.colcon_core.package_discovery:discover_packages(ignore) discover
[0.931s] Level 1:colcon.colcon_core.package_discovery:discover_packages(ignore) using defaults
[0.932s] Level 1:colcon.colcon_core.package_discovery:discover_packages(path) discover
[0.932s] Level 1:colcon.colcon_core.package_discovery:discover_packages(path) using defaults
[0.977s] Level 5:colcon.colcon_core.verb:set package 'aruco_msgs' build argument 'cmake_args' from command line to 'None'
[0.977s] Level 5:colcon.colcon_core.verb:set package 'aruco_msgs' build argument 'cmake_target' from command line to 'None'
[0.977s] Level 5:colcon.colcon_core.verb:set package 'aruco_msgs' build argument 'cmake_target_skip_unavailable' from command line to 'False'
[0.977s] Level 5:colcon.colcon_core.verb:set package 'aruco_msgs' build argument 'cmake_clean_cache' from command line to 'False'
[0.977s] Level 5:colcon.colcon_core.verb:set package 'aruco_msgs' build argument 'cmake_clean_first' from command line to 'False'
[0.977s] Level 5:colcon.colcon_core.verb:set package 'aruco_msgs' build argument 'cmake_force_configure' from command line to 'False'
[0.977s] Level 5:colcon.colcon_core.verb:set package 'aruco_msgs' build argument 'ament_cmake_args' from command line to 'None'
[0.977s] Level 5:colcon.colcon_core.verb:set package 'aruco_msgs' build argument 'catkin_cmake_args' from command line to 'None'
[0.977s] Level 5:colcon.colcon_core.verb:set package 'aruco_msgs' build argument 'catkin_skip_building_tests' from command line to 'False'
[0.977s] DEBUG:colcon.colcon_core.verb:Building package 'aruco_msgs' with the following arguments: {'ament_cmake_args': None, 'build_base': '/home/giorgio/Webots/build/aruco_msgs', 'catkin_cmake_args': None, 'catkin_skip_building_tests': False, 'cmake_args': None, 'cmake_clean_cache': False, 'cmake_clean_first': False, 'cmake_force_configure': False, 'cmake_target': None, 'cmake_target_skip_unavailable': False, 'install_base': '/home/giorgio/Webots/install/aruco_msgs', 'merge_install': False, 'path': '/home/giorgio/Webots/src/aruco_msgs', 'symlink_install': False, 'test_result_base': None}
[0.977s] Level 5:colcon.colcon_core.verb:set package 'aurora_msgs' build argument 'cmake_args' from command line to 'None'
[0.977s] Level 5:colcon.colcon_core.verb:set package 'aurora_msgs' build argument 'cmake_target' from command line to 'None'
[0.977s] Level 5:colcon.colcon_core.verb:set package 'aurora_msgs' build argument 'cmake_target_skip_unavailable' from command line to 'False'
[0.977s] Level 5:colcon.colcon_core.verb:set package 'aurora_msgs' build argument 'cmake_clean_cache' from command line to 'False'
[0.977s] Level 5:colcon.colcon_core.verb:set package 'aurora_msgs' build argument 'cmake_clean_first' from command line to 'False'
[0.977s] Level 5:colcon.colcon_core.verb:set package 'aurora_msgs' build argument 'cmake_force_configure' from command line to 'False'
[0.977s] Level 5:colcon.colcon_core.verb:set package 'aurora_msgs' build argument 'ament_cmake_args' from command line to 'None'
[0.977s] Level 5:colcon.colcon_core.verb:set package 'aurora_msgs' build argument 'catkin_cmake_args' from command line to 'None'
[0.977s] Level 5:colcon.colcon_core.verb:set package 'aurora_msgs' build argument 'catkin_skip_building_tests' from command line to 'False'
[0.977s] DEBUG:colcon.colcon_core.verb:Building package 'aurora_msgs' with the following arguments: {'ament_cmake_args': None, 'build_base': '/home/giorgio/Webots/build/aurora_msgs', 'catkin_cmake_args': None, 'catkin_skip_building_tests': False, 'cmake_args': None, 'cmake_clean_cache': False, 'cmake_clean_first': False, 'cmake_force_configure': False, 'cmake_target': None, 'cmake_target_skip_unavailable': False, 'install_base': '/home/giorgio/Webots/install/aurora_msgs', 'merge_install': False, 'path': '/home/giorgio/Webots/src/aurora_msgs', 'symlink_install': False, 'test_result_base': None}
[0.977s] Level 5:colcon.colcon_core.verb:set package 'cpp_pubsub' build argument 'cmake_args' from command line to 'None'
[0.977s] Level 5:colcon.colcon_core.verb:set package 'cpp_pubsub' build argument 'cmake_target' from command line to 'None'
[0.978s] Level 5:colcon.colcon_core.verb:set package 'cpp_pubsub' build argument 'cmake_target_skip_unavailable' from command line to 'False'
[0.978s] Level 5:colcon.colcon_core.verb:set package 'cpp_pubsub' build argument 'cmake_clean_cache' from command line to 'False'
[0.978s] Level 5:colcon.colcon_core.verb:set package 'cpp_pubsub' build argument 'cmake_clean_first' from command line to 'False'
[0.978s] Level 5:colcon.colcon_core.verb:set package 'cpp_pubsub' build argument 'cmake_force_configure' from command line to 'False'
[0.978s] Level 5:colcon.colcon_core.verb:set package 'cpp_pubsub' build argument 'ament_cmake_args' from command line to 'None'
[0.978s] Level 5:colcon.colcon_core.verb:set package 'cpp_pubsub' build argument 'catkin_cmake_args' from command line to 'None'
[0.978s] Level 5:colcon.colcon_core.verb:set package 'cpp_pubsub' build argument 'catkin_skip_building_tests' from command line to 'False'
[0.978s] DEBUG:colcon.colcon_core.verb:Building package 'cpp_pubsub' with the following arguments: {'ament_cmake_args': None, 'build_base': '/home/giorgio/Webots/build/cpp_pubsub', 'catkin_cmake_args': None, 'catkin_skip_building_tests': False, 'cmake_args': None, 'cmake_clean_cache': False, 'cmake_clean_first': False, 'cmake_force_configure': False, 'cmake_target': None, 'cmake_target_skip_unavailable': False, 'install_base': '/home/giorgio/Webots/install/cpp_pubsub', 'merge_install': False, 'path': '/home/giorgio/Webots/src/cpp_pubsub', 'symlink_install': False, 'test_result_base': None}
[0.978s] Level 5:colcon.colcon_core.verb:set package 'rover_msgs' build argument 'cmake_args' from command line to 'None'
[0.978s] Level 5:colcon.colcon_core.verb:set package 'rover_msgs' build argument 'cmake_target' from command line to 'None'
[0.978s] Level 5:colcon.colcon_core.verb:set package 'rover_msgs' build argument 'cmake_target_skip_unavailable' from command line to 'False'
[0.978s] Level 5:colcon.colcon_core.verb:set package 'rover_msgs' build argument 'cmake_clean_cache' from command line to 'False'
[0.978s] Level 5:colcon.colcon_core.verb:set package 'rover_msgs' build argument 'cmake_clean_first' from command line to 'False'
[0.978s] Level 5:colcon.colcon_core.verb:set package 'rover_msgs' build argument 'cmake_force_configure' from command line to 'False'
[0.978s] Level 5:colcon.colcon_core.verb:set package 'rover_msgs' build argument 'ament_cmake_args' from command line to 'None'
[0.978s] Level 5:colcon.colcon_core.verb:set package 'rover_msgs' build argument 'catkin_cmake_args' from command line to 'None'
[0.978s] Level 5:colcon.colcon_core.verb:set package 'rover_msgs' build argument 'catkin_skip_building_tests' from command line to 'False'
[0.978s] DEBUG:colcon.colcon_core.verb:Building package 'rover_msgs' with the following arguments: {'ament_cmake_args': None, 'build_base': '/home/giorgio/Webots/build/rover_msgs', 'catkin_cmake_args': None, 'catkin_skip_building_tests': False, 'cmake_args': None, 'cmake_clean_cache': False, 'cmake_clean_first': False, 'cmake_force_configure': False, 'cmake_target': None, 'cmake_target_skip_unavailable': False, 'install_base': '/home/giorgio/Webots/install/rover_msgs', 'merge_install': False, 'path': '/home/giorgio/Webots/src/rover_msgs', 'symlink_install': False, 'test_result_base': None}
[0.978s] Level 5:colcon.colcon_core.verb:set package 'util' build argument 'cmake_args' from command line to 'None'
[0.978s] Level 5:colcon.colcon_core.verb:set package 'util' build argument 'cmake_target' from command line to 'None'
[0.978s] Level 5:colcon.colcon_core.verb:set package 'util' build argument 'cmake_target_skip_unavailable' from command line to 'False'
[0.978s] Level 5:colcon.colcon_core.verb:set package 'util' build argument 'cmake_clean_cache' from command line to 'False'
[0.978s] Level 5:colcon.colcon_core.verb:set package 'util' build argument 'cmake_clean_first' from command line to 'False'
[0.978s] Level 5:colcon.colcon_core.verb:set package 'util' build argument 'cmake_force_configure' from command line to 'False'
[0.978s] Level 5:colcon.colcon_core.verb:set package 'util' build argument 'ament_cmake_args' from command line to 'None'
[0.978s] Level 5:colcon.colcon_core.verb:set package 'util' build argument 'catkin_cmake_args' from command line to 'None'
[0.978s] Level 5:colcon.colcon_core.verb:set package 'util' build argument 'catkin_skip_building_tests' from command line to 'False'
[0.978s] DEBUG:colcon.colcon_core.verb:Building package 'util' with the following arguments: {'ament_cmake_args': None, 'build_base': '/home/giorgio/Webots/build/util', 'catkin_cmake_args': None, 'catkin_skip_building_tests': False, 'cmake_args': None, 'cmake_clean_cache': False, 'cmake_clean_first': False, 'cmake_force_configure': False, 'cmake_target': None, 'cmake_target_skip_unavailable': False, 'install_base': '/home/giorgio/Webots/install/util', 'merge_install': False, 'path': '/home/giorgio/Webots/src/util', 'symlink_install': False, 'test_result_base': None}
[0.978s] Level 5:colcon.colcon_core.verb:set package 'webots' build argument 'cmake_args' from command line to 'None'
[0.978s] Level 5:colcon.colcon_core.verb:set package 'webots' build argument 'cmake_target' from command line to 'None'
[0.978s] Level 5:colcon.colcon_core.verb:set package 'webots' build argument 'cmake_target_skip_unavailable' from command line to 'False'
[0.978s] Level 5:colcon.colcon_core.verb:set package 'webots' build argument 'cmake_clean_cache' from command line to 'False'
[0.978s] Level 5:colcon.colcon_core.verb:set package 'webots' build argument 'cmake_clean_first' from command line to 'False'
[0.978s] Level 5:colcon.colcon_core.verb:set package 'webots' build argument 'cmake_force_configure' from command line to 'False'
[0.978s] Level 5:colcon.colcon_core.verb:set package 'webots' build argument 'ament_cmake_args' from command line to 'None'
[0.978s] Level 5:colcon.colcon_core.verb:set package 'webots' build argument 'catkin_cmake_args' from command line to 'None'
[0.978s] Level 5:colcon.colcon_core.verb:set package 'webots' build argument 'catkin_skip_building_tests' from command line to 'False'
[0.978s] DEBUG:colcon.colcon_core.verb:Building package 'webots' with the following arguments: {'ament_cmake_args': None, 'build_base': '/home/giorgio/Webots/build/webots', 'catkin_cmake_args': None, 'catkin_skip_building_tests': False, 'cmake_args': None, 'cmake_clean_cache': False, 'cmake_clean_first': False, 'cmake_force_configure': False, 'cmake_target': None, 'cmake_target_skip_unavailable': False, 'install_base': '/home/giorgio/Webots/install/webots', 'merge_install': False, 'path': '/home/giorgio/Webots/src/webots_tutorial', 'symlink_install': False, 'test_result_base': None}
[0.978s] Level 5:colcon.colcon_core.verb:set package 'webots_hospital_youbot' build argument 'cmake_args' from command line to 'None'
[0.978s] Level 5:colcon.colcon_core.verb:set package 'webots_hospital_youbot' build argument 'cmake_target' from command line to 'None'
[0.978s] Level 5:colcon.colcon_core.verb:set package 'webots_hospital_youbot' build argument 'cmake_target_skip_unavailable' from command line to 'False'
[0.978s] Level 5:colcon.colcon_core.verb:set package 'webots_hospital_youbot' build argument 'cmake_clean_cache' from command line to 'False'
[0.978s] Level 5:colcon.colcon_core.verb:set package 'webots_hospital_youbot' build argument 'cmake_clean_first' from command line to 'False'
[0.978s] Level 5:colcon.colcon_core.verb:set package 'webots_hospital_youbot' build argument 'cmake_force_configure' from command line to 'False'
[0.978s] Level 5:colcon.colcon_core.verb:set package 'webots_hospital_youbot' build argument 'ament_cmake_args' from command line to 'None'
[0.979s] Level 5:colcon.colcon_core.verb:set package 'webots_hospital_youbot' build argument 'catkin_cmake_args' from command line to 'None'
[0.979s] Level 5:colcon.colcon_core.verb:set package 'webots_hospital_youbot' build argument 'catkin_skip_building_tests' from command line to 'False'
[0.979s] DEBUG:colcon.colcon_core.verb:Building package 'webots_hospital_youbot' with the following arguments: {'ament_cmake_args': None, 'build_base': '/home/giorgio/Webots/build/webots_hospital_youbot', 'catkin_cmake_args': None, 'catkin_skip_building_tests': False, 'cmake_args': None, 'cmake_clean_cache': False, 'cmake_clean_first': False, 'cmake_force_configure': False, 'cmake_target': None, 'cmake_target_skip_unavailable': False, 'install_base': '/home/giorgio/Webots/install/webots_hospital_youbot', 'merge_install': False, 'path': '/home/giorgio/Webots/src/webots_hospital_youbot', 'symlink_install': False, 'test_result_base': None}
[0.979s] INFO:colcon.colcon_core.executor:Executing jobs using 'parallel' executor
[0.980s] DEBUG:colcon.colcon_parallel_executor.executor.parallel:run_until_complete
[0.980s] INFO:colcon.colcon_ros.task.ament_cmake.build:Building ROS package in '/home/giorgio/Webots/src/aurora_msgs' with build type 'ament_cmake'
[0.980s] INFO:colcon.colcon_cmake.task.cmake.build:Building CMake package in '/home/giorgio/Webots/src/aurora_msgs'
[0.991s] INFO:colcon.colcon_core.plugin_system:Skipping extension 'colcon_core.shell.bat': Not used on non-Windows systems
[0.991s] DEBUG:colcon.colcon_core.shell:Skip shell extension 'dsv' for command environment
[1.002s] INFO:colcon.colcon_ros.task.ament_cmake.build:Building ROS package in '/home/giorgio/Webots/src/rover_msgs' with build type 'ament_cmake'
[1.002s] INFO:colcon.colcon_cmake.task.cmake.build:Building CMake package in '/home/giorgio/Webots/src/rover_msgs'
[1.002s] DEBUG:colcon.colcon_core.shell:Skip shell extension 'dsv' for command environment
[1.009s] DEBUG:colcon.colcon_core.event_handler.log_command:Invoking command in '/home/giorgio/Webots/build/aurora_msgs': CMAKE_PREFIX_PATH=${CMAKE_PREFIX_PATH}:/home/giorgio/Webots/install/webots_hospital_youbot:/home/giorgio/Webots/install/webots:/home/giorgio/Webots/install/util:/opt/ros/jazzy DEBUGINFOD_URLS=https://debuginfod.ubuntu.com /usr/bin/cmake --build /home/giorgio/Webots/build/aurora_msgs -- -j2 -l2
[1.020s] DEBUG:colcon.colcon_core.event_handler.log_command:Invoking command in '/home/giorgio/Webots/build/rover_msgs': CMAKE_PREFIX_PATH=${CMAKE_PREFIX_PATH}:/home/giorgio/Webots/install/webots_hospital_youbot:/home/giorgio/Webots/install/webots:/home/giorgio/Webots/install/util:/opt/ros/jazzy DEBUGINFOD_URLS=https://debuginfod.ubuntu.com /usr/bin/cmake --build /home/giorgio/Webots/build/rover_msgs -- -j2 -l2
[1.891s] DEBUG:colcon.colcon_core.event_handler.log_command:Invoked command in '/home/giorgio/Webots/build/rover_msgs' returned '0': CMAKE_PREFIX_PATH=${CMAKE_PREFIX_PATH}:/home/giorgio/Webots/install/webots_hospital_youbot:/home/giorgio/Webots/install/webots:/home/giorgio/Webots/install/util:/opt/ros/jazzy DEBUGINFOD_URLS=https://debuginfod.ubuntu.com /usr/bin/cmake --build /home/giorgio/Webots/build/rover_msgs -- -j2 -l2
[1.904s] DEBUG:colcon.colcon_core.event_handler.log_command:Invoking command in '/home/giorgio/Webots/build/rover_msgs': CMAKE_PREFIX_PATH=${CMAKE_PREFIX_PATH}:/home/giorgio/Webots/install/webots_hospital_youbot:/home/giorgio/Webots/install/webots:/home/giorgio/Webots/install/util:/opt/ros/jazzy DEBUGINFOD_URLS=https://debuginfod.ubuntu.com /usr/bin/cmake --install /home/giorgio/Webots/build/rover_msgs
[1.905s] DEBUG:colcon.colcon_core.event_handler.log_command:Invoked command in '/home/giorgio/Webots/build/aurora_msgs' returned '0': CMAKE_PREFIX_PATH=${CMAKE_PREFIX_PATH}:/home/giorgio/Webots/install/webots_hospital_youbot:/home/giorgio/Webots/install/webots:/home/giorgio/Webots/install/util:/opt/ros/jazzy DEBUGINFOD_URLS=https://debuginfod.ubuntu.com /usr/bin/cmake --build /home/giorgio/Webots/build/aurora_msgs -- -j2 -l2
[1.909s] DEBUG:colcon.colcon_core.event_handler.log_command:Invoking command in '/home/giorgio/Webots/build/aurora_msgs': CMAKE_PREFIX_PATH=${CMAKE_PREFIX_PATH}:/home/giorgio/Webots/install/webots_hospital_youbot:/home/giorgio/Webots/install/webots:/home/giorgio/Webots/install/util:/opt/ros/jazzy DEBUGINFOD_URLS=https://debuginfod.ubuntu.com /usr/bin/cmake --install /home/giorgio/Webots/build/aurora_msgs
[2.006s] Level 1:colcon.colcon_core.environment:create_environment_scripts_only(rover_msgs)
[2.006s] DEBUG:colcon.colcon_core.event_handler.log_command:Invoked command in '/home/giorgio/Webots/build/rover_msgs' returned '0': CMAKE_PREFIX_PATH=${CMAKE_PREFIX_PATH}:/home/giorgio/Webots/install/webots_hospital_youbot:/home/giorgio/Webots/install/webots:/home/giorgio/Webots/install/util:/opt/ros/jazzy DEBUGINFOD_URLS=https://debuginfod.ubuntu.com /usr/bin/cmake --install /home/giorgio/Webots/build/rover_msgs
[2.015s] Level 1:colcon.colcon_core.environment:checking '/home/giorgio/Webots/install/rover_msgs' for CMake module files
[2.015s] Level 1:colcon.colcon_core.environment:checking '/home/giorgio/Webots/install/rover_msgs' for CMake config files
[2.015s] Level 1:colcon.colcon_core.shell:create_environment_hook('rover_msgs', 'cmake_prefix_path')
[2.016s] INFO:colcon.colcon_core.shell:Creating environment descriptor '/home/giorgio/Webots/install/rover_msgs/share/rover_msgs/hook/cmake_prefix_path.dsv'
[2.016s] INFO:colcon.colcon_core.shell:Creating environment hook '/home/giorgio/Webots/install/rover_msgs/share/rover_msgs/hook/cmake_prefix_path.sh'
[2.018s] Level 1:colcon.colcon_core.environment:checking '/home/giorgio/Webots/install/rover_msgs/lib'
[2.018s] Level 1:colcon.colcon_core.shell:create_environment_hook('rover_msgs', 'ld_library_path_lib')
[2.018s] INFO:colcon.colcon_core.shell:Creating environment descriptor '/home/giorgio/Webots/install/rover_msgs/share/rover_msgs/hook/ld_library_path_lib.dsv'
[2.018s] INFO:colcon.colcon_core.shell:Creating environment hook '/home/giorgio/Webots/install/rover_msgs/share/rover_msgs/hook/ld_library_path_lib.sh'
[2.019s] Level 1:colcon.colcon_core.environment:checking '/home/giorgio/Webots/install/rover_msgs/bin'
[2.019s] Level 1:colcon.colcon_core.environment:checking '/home/giorgio/Webots/install/rover_msgs/lib/pkgconfig/rover_msgs.pc'
[2.021s] Level 1:colcon.colcon_core.environment:checking '/home/giorgio/Webots/install/rover_msgs/lib/python3.12/site-packages'
[2.021s] Level 1:colcon.colcon_core.shell:create_environment_hook('rover_msgs', 'pythonpath')
[2.021s] INFO:colcon.colcon_core.shell:Creating environment descriptor '/home/giorgio/Webots/install/rover_msgs/share/rover_msgs/hook/pythonpath.dsv'
[2.021s] INFO:colcon.colcon_core.shell:Creating environment hook '/home/giorgio/Webots/install/rover_msgs/share/rover_msgs/hook/pythonpath.sh'
[2.022s] Level 1:colcon.colcon_core.environment:checking '/home/giorgio/Webots/install/rover_msgs/bin'
[2.022s] INFO:colcon.colcon_core.shell:Creating package descriptor '/home/giorgio/Webots/install/rover_msgs/share/rover_msgs/package.dsv'
[2.023s] INFO:colcon.colcon_core.shell:Creating package script '/home/giorgio/Webots/install/rover_msgs/share/rover_msgs/package.sh'
[2.024s] INFO:colcon.colcon_core.shell:Creating package script '/home/giorgio/Webots/install/rover_msgs/share/rover_msgs/package.bash'
[2.025s] INFO:colcon.colcon_core.shell:Creating package script '/home/giorgio/Webots/install/rover_msgs/share/rover_msgs/package.zsh'
[2.026s] Level 1:colcon.colcon_core.environment:create_file_with_runtime_dependencies(/home/giorgio/Webots/install/rover_msgs/share/colcon-core/packages/rover_msgs)
[2.027s] Level 1:colcon.colcon_core.environment:create_environment_scripts_only(rover_msgs)
[2.027s] Level 1:colcon.colcon_core.environment:checking '/home/giorgio/Webots/install/rover_msgs' for CMake module files
[2.027s] Level 1:colcon.colcon_core.environment:checking '/home/giorgio/Webots/install/rover_msgs' for CMake config files
[2.027s] Level 1:colcon.colcon_core.shell:create_environment_hook('rover_msgs', 'cmake_prefix_path')
[2.027s] INFO:colcon.colcon_core.shell:Creating environment descriptor '/home/giorgio/Webots/install/rover_msgs/share/rover_msgs/hook/cmake_prefix_path.dsv'
[2.028s] INFO:colcon.colcon_core.shell:Creating environment hook '/home/giorgio/Webots/install/rover_msgs/share/rover_msgs/hook/cmake_prefix_path.sh'
[2.028s] Level 1:colcon.colcon_core.environment:checking '/home/giorgio/Webots/install/rover_msgs/lib'
[2.028s] Level 1:colcon.colcon_core.shell:create_environment_hook('rover_msgs', 'ld_library_path_lib')
[2.028s] INFO:colcon.colcon_core.shell:Creating environment descriptor '/home/giorgio/Webots/install/rover_msgs/share/rover_msgs/hook/ld_library_path_lib.dsv'
[2.029s] INFO:colcon.colcon_core.shell:Creating environment hook '/home/giorgio/Webots/install/rover_msgs/share/rover_msgs/hook/ld_library_path_lib.sh'
[2.029s] Level 1:colcon.colcon_core.environment:checking '/home/giorgio/Webots/install/rover_msgs/bin'
[2.029s] Level 1:colcon.colcon_core.environment:checking '/home/giorgio/Webots/install/rover_msgs/lib/pkgconfig/rover_msgs.pc'
[2.029s] Level 1:colcon.colcon_core.environment:checking '/home/giorgio/Webots/install/rover_msgs/lib/python3.12/site-packages'
[2.029s] Level 1:colcon.colcon_core.shell:create_environment_hook('rover_msgs', 'pythonpath')
[2.029s] INFO:colcon.colcon_core.shell:Creating environment descriptor '/home/giorgio/Webots/install/rover_msgs/share/rover_msgs/hook/pythonpath.dsv'
[2.030s] INFO:colcon.colcon_core.shell:Creating environment hook '/home/giorgio/Webots/install/rover_msgs/share/rover_msgs/hook/pythonpath.sh'
[2.030s] Level 1:colcon.colcon_core.environment:checking '/home/giorgio/Webots/install/rover_msgs/bin'
[2.030s] INFO:colcon.colcon_core.shell:Creating package descriptor '/home/giorgio/Webots/install/rover_msgs/share/rover_msgs/package.dsv'
[2.031s] INFO:colcon.colcon_core.shell:Creating package script '/home/giorgio/Webots/install/rover_msgs/share/rover_msgs/package.sh'
[2.031s] INFO:colcon.colcon_core.shell:Creating package script '/home/giorgio/Webots/install/rover_msgs/share/rover_msgs/package.bash'
[2.032s] INFO:colcon.colcon_core.shell:Creating package script '/home/giorgio/Webots/install/rover_msgs/share/rover_msgs/package.zsh'
[2.032s] Level 1:colcon.colcon_core.environment:create_file_with_runtime_dependencies(/home/giorgio/Webots/install/rover_msgs/share/colcon-core/packages/rover_msgs)
[2.033s] INFO:colcon.colcon_ros.task.ament_cmake.build:Building ROS package in '/home/giorgio/Webots/src/aruco_msgs' with build type 'ament_cmake'
[2.033s] INFO:colcon.colcon_cmake.task.cmake.build:Building CMake package in '/home/giorgio/Webots/src/aruco_msgs'
[2.033s] DEBUG:colcon.colcon_core.shell:Skip shell extension 'dsv' for command environment
[2.040s] Level 1:colcon.colcon_core.environment:create_environment_scripts_only(aurora_msgs)
[2.040s] Level 1:colcon.colcon_core.environment:checking '/home/giorgio/Webots/install/aurora_msgs' for CMake module files
[2.041s] Level 1:colcon.colcon_core.environment:checking '/home/giorgio/Webots/install/aurora_msgs' for CMake config files
[2.041s] Level 1:colcon.colcon_core.shell:create_environment_hook('aurora_msgs', 'cmake_prefix_path')
[2.041s] INFO:colcon.colcon_core.shell:Creating environment descriptor '/home/giorgio/Webots/install/aurora_msgs/share/aurora_msgs/hook/cmake_prefix_path.dsv'
[2.042s] INFO:colcon.colcon_core.shell:Creating environment hook '/home/giorgio/Webots/install/aurora_msgs/share/aurora_msgs/hook/cmake_prefix_path.sh'
[2.043s] Level 1:colcon.colcon_core.environment:checking '/home/giorgio/Webots/install/aurora_msgs/lib'
[2.044s] Level 1:colcon.colcon_core.shell:create_environment_hook('aurora_msgs', 'ld_library_path_lib')
[2.044s] INFO:colcon.colcon_core.shell:Creating environment descriptor '/home/giorgio/Webots/install/aurora_msgs/share/aurora_msgs/hook/ld_library_path_lib.dsv'
[2.044s] DEBUG:colcon.colcon_core.event_handler.log_command:Invoked command in '/home/giorgio/Webots/build/aurora_msgs' returned '0': CMAKE_PREFIX_PATH=${CMAKE_PREFIX_PATH}:/home/giorgio/Webots/install/webots_hospital_youbot:/home/giorgio/Webots/install/webots:/home/giorgio/Webots/install/util:/opt/ros/jazzy DEBUGINFOD_URLS=https://debuginfod.ubuntu.com /usr/bin/cmake --install /home/giorgio/Webots/build/aurora_msgs
[2.045s] INFO:colcon.colcon_core.shell:Creating environment hook '/home/giorgio/Webots/install/aurora_msgs/share/aurora_msgs/hook/ld_library_path_lib.sh'
[2.046s] Level 1:colcon.colcon_core.environment:checking '/home/giorgio/Webots/install/aurora_msgs/bin'
[2.046s] Level 1:colcon.colcon_core.environment:checking '/home/giorgio/Webots/install/aurora_msgs/lib/pkgconfig/aurora_msgs.pc'
[2.046s] Level 1:colcon.colcon_core.environment:checking '/home/giorgio/Webots/install/aurora_msgs/lib/python3.12/site-packages'
[2.046s] Level 1:colcon.colcon_core.shell:create_environment_hook('aurora_msgs', 'pythonpath')
[2.046s] INFO:colcon.colcon_core.shell:Creating environment descriptor '/home/giorgio/Webots/install/aurora_msgs/share/aurora_msgs/hook/pythonpath.dsv'
[2.047s] INFO:colcon.colcon_core.shell:Creating environment hook '/home/giorgio/Webots/install/aurora_msgs/share/aurora_msgs/hook/pythonpath.sh'
[2.048s] Level 1:colcon.colcon_core.environment:checking '/home/giorgio/Webots/install/aurora_msgs/bin'
[2.048s] INFO:colcon.colcon_core.shell:Creating package descriptor '/home/giorgio/Webots/install/aurora_msgs/share/aurora_msgs/package.dsv'
[2.049s] INFO:colcon.colcon_core.shell:Creating package script '/home/giorgio/Webots/install/aurora_msgs/share/aurora_msgs/package.sh'
[2.050s] INFO:colcon.colcon_core.shell:Creating package script '/home/giorgio/Webots/install/aurora_msgs/share/aurora_msgs/package.bash'
[2.050s] INFO:colcon.colcon_core.shell:Creating package script '/home/giorgio/Webots/install/aurora_msgs/share/aurora_msgs/package.zsh'
[2.050s] Level 1:colcon.colcon_core.environment:create_file_with_runtime_dependencies(/home/giorgio/Webots/install/aurora_msgs/share/colcon-core/packages/aurora_msgs)
[2.051s] Level 1:colcon.colcon_core.environment:create_environment_scripts_only(aurora_msgs)
[2.051s] Level 1:colcon.colcon_core.environment:checking '/home/giorgio/Webots/install/aurora_msgs' for CMake module files
[2.051s] Level 1:colcon.colcon_core.environment:checking '/home/giorgio/Webots/install/aurora_msgs' for CMake config files
[2.051s] Level 1:colcon.colcon_core.shell:create_environment_hook('aurora_msgs', 'cmake_prefix_path')
[2.051s] INFO:colcon.colcon_core.shell:Creating environment descriptor '/home/giorgio/Webots/install/aurora_msgs/share/aurora_msgs/hook/cmake_prefix_path.dsv'
[2.052s] INFO:colcon.colcon_core.shell:Creating environment hook '/home/giorgio/Webots/install/aurora_msgs/share/aurora_msgs/hook/cmake_prefix_path.sh'
[2.052s] Level 1:colcon.colcon_core.environment:checking '/home/giorgio/Webots/install/aurora_msgs/lib'
[2.052s] Level 1:colcon.colcon_core.shell:create_environment_hook('aurora_msgs', 'ld_library_path_lib')
[2.053s] INFO:colcon.colcon_core.shell:Creating environment descriptor '/home/giorgio/Webots/install/aurora_msgs/share/aurora_msgs/hook/ld_library_path_lib.dsv'
[2.053s] INFO:colcon.colcon_core.shell:Creating environment hook '/home/giorgio/Webots/install/aurora_msgs/share/aurora_msgs/hook/ld_library_path_lib.sh'
[2.053s] Level 1:colcon.colcon_core.environment:checking '/home/giorgio/Webots/install/aurora_msgs/bin'
[2.053s] Level 1:colcon.colcon_core.environment:checking '/home/giorgio/Webots/install/aurora_msgs/lib/pkgconfig/aurora_msgs.pc'
[2.053s] Level 1:colcon.colcon_core.environment:checking '/home/giorgio/Webots/install/aurora_msgs/lib/python3.12/site-packages'
[2.054s] Level 1:colcon.colcon_core.shell:create_environment_hook('aurora_msgs', 'pythonpath')
[2.054s] INFO:colcon.colcon_core.shell:Creating environment descriptor '/home/giorgio/Webots/install/aurora_msgs/share/aurora_msgs/hook/pythonpath.dsv'
[2.055s] INFO:colcon.colcon_core.shell:Creating environment hook '/home/giorgio/Webots/install/aurora_msgs/share/aurora_msgs/hook/pythonpath.sh'
[2.055s] Level 1:colcon.colcon_core.environment:checking '/home/giorgio/Webots/install/aurora_msgs/bin'
[2.056s] INFO:colcon.colcon_core.shell:Creating package descriptor '/home/giorgio/Webots/install/aurora_msgs/share/aurora_msgs/package.dsv'
[2.056s] INFO:colcon.colcon_core.shell:Creating package script '/home/giorgio/Webots/install/aurora_msgs/share/aurora_msgs/package.sh'
[2.056s] INFO:colcon.colcon_core.shell:Creating package script '/home/giorgio/Webots/install/aurora_msgs/share/aurora_msgs/package.bash'
[2.057s] INFO:colcon.colcon_core.shell:Creating package script '/home/giorgio/Webots/install/aurora_msgs/share/aurora_msgs/package.zsh'
[2.057s] Level 1:colcon.colcon_core.environment:create_file_with_runtime_dependencies(/home/giorgio/Webots/install/aurora_msgs/share/colcon-core/packages/aurora_msgs)
[2.058s] INFO:colcon.colcon_ros.task.ament_cmake.build:Building ROS package in '/home/giorgio/Webots/src/cpp_pubsub' with build type 'ament_cmake'
[2.058s] INFO:colcon.colcon_cmake.task.cmake.build:Building CMake package in '/home/giorgio/Webots/src/cpp_pubsub'
[2.058s] DEBUG:colcon.colcon_core.shell:Skip shell extension 'dsv' for command environment
[2.064s] DEBUG:colcon.colcon_core.event_handler.log_command:Invoking command in '/home/giorgio/Webots/build/aruco_msgs': CMAKE_PREFIX_PATH=${CMAKE_PREFIX_PATH}:/home/giorgio/Webots/install/webots_hospital_youbot:/home/giorgio/Webots/install/webots:/home/giorgio/Webots/install/util:/opt/ros/jazzy DEBUGINFOD_URLS=https://debuginfod.ubuntu.com /usr/bin/cmake --build /home/giorgio/Webots/build/aruco_msgs -- -j2 -l2
[2.069s] DEBUG:colcon.colcon_core.event_handler.log_command:Invoking command in '/home/giorgio/Webots/build/cpp_pubsub': CMAKE_PREFIX_PATH=${CMAKE_PREFIX_PATH}:/home/giorgio/Webots/install/webots_hospital_youbot:/home/giorgio/Webots/install/webots:/home/giorgio/Webots/install/util:/opt/ros/jazzy DEBUGINFOD_URLS=https://debuginfod.ubuntu.com /usr/bin/cmake --build /home/giorgio/Webots/build/cpp_pubsub -- -j2 -l2
[2.219s] DEBUG:colcon.colcon_core.event_handler.log_command:Invoked command in '/home/giorgio/Webots/build/cpp_pubsub' returned '0': CMAKE_PREFIX_PATH=${CMAKE_PREFIX_PATH}:/home/giorgio/Webots/install/webots_hospital_youbot:/home/giorgio/Webots/install/webots:/home/giorgio/Webots/install/util:/opt/ros/jazzy DEBUGINFOD_URLS=https://debuginfod.ubuntu.com /usr/bin/cmake --build /home/giorgio/Webots/build/cpp_pubsub -- -j2 -l2
[2.227s] DEBUG:colcon.colcon_core.event_handler.log_command:Invoking command in '/home/giorgio/Webots/build/cpp_pubsub': CMAKE_PREFIX_PATH=${CMAKE_PREFIX_PATH}:/home/giorgio/Webots/install/webots_hospital_youbot:/home/giorgio/Webots/install/webots:/home/giorgio/Webots/install/util:/opt/ros/jazzy DEBUGINFOD_URLS=https://debuginfod.ubuntu.com /usr/bin/cmake --install /home/giorgio/Webots/build/cpp_pubsub
[2.258s] Level 1:colcon.colcon_core.environment:create_environment_scripts_only(cpp_pubsub)
[2.258s] Level 1:colcon.colcon_core.environment:checking '/home/giorgio/Webots/install/cpp_pubsub' for CMake module files
[2.259s] DEBUG:colcon.colcon_core.event_handler.log_command:Invoked command in '/home/giorgio/Webots/build/cpp_pubsub' returned '0': CMAKE_PREFIX_PATH=${CMAKE_PREFIX_PATH}:/home/giorgio/Webots/install/webots_hospital_youbot:/home/giorgio/Webots/install/webots:/home/giorgio/Webots/install/util:/opt/ros/jazzy DEBUGINFOD_URLS=https://debuginfod.ubuntu.com /usr/bin/cmake --install /home/giorgio/Webots/build/cpp_pubsub
[2.259s] Level 1:colcon.colcon_core.environment:checking '/home/giorgio/Webots/install/cpp_pubsub' for CMake config files
[2.260s] Level 1:colcon.colcon_core.shell:create_environment_hook('cpp_pubsub', 'cmake_prefix_path')
[2.260s] INFO:colcon.colcon_core.shell:Creating environment descriptor '/home/giorgio/Webots/install/cpp_pubsub/share/cpp_pubsub/hook/cmake_prefix_path.dsv'
[2.260s] INFO:colcon.colcon_core.shell:Creating environment hook '/home/giorgio/Webots/install/cpp_pubsub/share/cpp_pubsub/hook/cmake_prefix_path.sh'
[2.262s] Level 1:colcon.colcon_core.environment:checking '/home/giorgio/Webots/install/cpp_pubsub/lib'
[2.263s] Level 1:colcon.colcon_core.environment:checking '/home/giorgio/Webots/install/cpp_pubsub/bin'
[2.263s] Level 1:colcon.colcon_core.environment:checking '/home/giorgio/Webots/install/cpp_pubsub/lib/pkgconfig/cpp_pubsub.pc'
[2.263s] Level 1:colcon.colcon_core.environment:checking '/home/giorgio/Webots/install/cpp_pubsub/lib/python3.12/site-packages'
[2.264s] Level 1:colcon.colcon_core.environment:checking '/home/giorgio/Webots/install/cpp_pubsub/bin'
[2.264s] INFO:colcon.colcon_core.shell:Creating package descriptor '/home/giorgio/Webots/install/cpp_pubsub/share/cpp_pubsub/package.dsv'
[2.264s] INFO:colcon.colcon_core.shell:Creating package script '/home/giorgio/Webots/install/cpp_pubsub/share/cpp_pubsub/package.sh'
[2.264s] INFO:colcon.colcon_core.shell:Creating package script '/home/giorgio/Webots/install/cpp_pubsub/share/cpp_pubsub/package.bash'
[2.266s] INFO:colcon.colcon_core.shell:Creating package script '/home/giorgio/Webots/install/cpp_pubsub/share/cpp_pubsub/package.zsh'
[2.267s] Level 1:colcon.colcon_core.environment:create_file_with_runtime_dependencies(/home/giorgio/Webots/install/cpp_pubsub/share/colcon-core/packages/cpp_pubsub)
[2.267s] Level 1:colcon.colcon_core.environment:create_environment_scripts_only(cpp_pubsub)
[2.267s] Level 1:colcon.colcon_core.environment:checking '/home/giorgio/Webots/install/cpp_pubsub' for CMake module files
[2.267s] Level 1:colcon.colcon_core.environment:checking '/home/giorgio/Webots/install/cpp_pubsub' for CMake config files
[2.268s] Level 1:colcon.colcon_core.shell:create_environment_hook('cpp_pubsub', 'cmake_prefix_path')
[2.268s] INFO:colcon.colcon_core.shell:Creating environment descriptor '/home/giorgio/Webots/install/cpp_pubsub/share/cpp_pubsub/hook/cmake_prefix_path.dsv'
[2.268s] INFO:colcon.colcon_core.shell:Creating environment hook '/home/giorgio/Webots/install/cpp_pubsub/share/cpp_pubsub/hook/cmake_prefix_path.sh'
[2.270s] Level 1:colcon.colcon_core.environment:checking '/home/giorgio/Webots/install/cpp_pubsub/lib'
[2.270s] Level 1:colcon.colcon_core.environment:checking '/home/giorgio/Webots/install/cpp_pubsub/bin'
[2.270s] Level 1:colcon.colcon_core.environment:checking '/home/giorgio/Webots/install/cpp_pubsub/lib/pkgconfig/cpp_pubsub.pc'
[2.270s] Level 1:colcon.colcon_core.environment:checking '/home/giorgio/Webots/install/cpp_pubsub/lib/python3.12/site-packages'
[2.270s] Level 1:colcon.colcon_core.environment:checking '/home/giorgio/Webots/install/cpp_pubsub/bin'
[2.271s] INFO:colcon.colcon_core.shell:Creating package descriptor '/home/giorgio/Webots/install/cpp_pubsub/share/cpp_pubsub/package.dsv'
[2.273s] INFO:colcon.colcon_core.shell:Creating package script '/home/giorgio/Webots/install/cpp_pubsub/share/cpp_pubsub/package.sh'
[2.274s] INFO:colcon.colcon_core.shell:Creating package script '/home/giorgio/Webots/install/cpp_pubsub/share/cpp_pubsub/package.bash'
[2.274s] INFO:colcon.colcon_core.shell:Creating package script '/home/giorgio/Webots/install/cpp_pubsub/share/cpp_pubsub/package.zsh'
[2.274s] Level 1:colcon.colcon_core.environment:create_file_with_runtime_dependencies(/home/giorgio/Webots/install/cpp_pubsub/share/colcon-core/packages/cpp_pubsub)
[2.275s] INFO:colcon.colcon_ros.task.ament_python.build:Building ROS package in '/home/giorgio/Webots/src/util' with build type 'ament_python'
[2.275s] Level 1:colcon.colcon_core.shell:create_environment_hook('util', 'ament_prefix_path')
[2.275s] INFO:colcon.colcon_core.shell:Creating environment descriptor '/home/giorgio/Webots/install/util/share/util/hook/ament_prefix_path.dsv'
[2.275s] INFO:colcon.colcon_core.shell:Creating environment hook '/home/giorgio/Webots/install/util/share/util/hook/ament_prefix_path.sh'
[2.276s] DEBUG:colcon.colcon_core.shell:Skip shell extension 'dsv' for command environment
[2.525s] INFO:colcon.colcon_core.task.python.build:Building Python package in '/home/giorgio/Webots/src/util'
[2.525s] DEBUG:colcon.colcon_core.shell:Skip shell extension 'dsv' for command environment
[2.765s] DEBUG:colcon.colcon_core.event_handler.log_command:Invoked command in '/home/giorgio/Webots/build/aruco_msgs' returned '0': CMAKE_PREFIX_PATH=${CMAKE_PREFIX_PATH}:/home/giorgio/Webots/install/webots_hospital_youbot:/home/giorgio/Webots/install/webots:/home/giorgio/Webots/install/util:/opt/ros/jazzy DEBUGINFOD_URLS=https://debuginfod.ubuntu.com /usr/bin/cmake --build /home/giorgio/Webots/build/aruco_msgs -- -j2 -l2
[2.768s] DEBUG:colcon.colcon_core.event_handler.log_command:Invoking command in '/home/giorgio/Webots/build/aruco_msgs': CMAKE_PREFIX_PATH=${CMAKE_PREFIX_PATH}:/home/giorgio/Webots/install/webots_hospital_youbot:/home/giorgio/Webots/install/webots:/home/giorgio/Webots/install/util:/opt/ros/jazzy DEBUGINFOD_URLS=https://debuginfod.ubuntu.com /usr/bin/cmake --install /home/giorgio/Webots/build/aruco_msgs
[2.880s] Level 1:colcon.colcon_core.environment:create_environment_scripts_only(aruco_msgs)
[2.880s] Level 1:colcon.colcon_core.environment:checking '/home/giorgio/Webots/install/aruco_msgs' for CMake module files
[2.881s] DEBUG:colcon.colcon_core.event_handler.log_command:Invoked command in '/home/giorgio/Webots/build/aruco_msgs' returned '0': CMAKE_PREFIX_PATH=${CMAKE_PREFIX_PATH}:/home/giorgio/Webots/install/webots_hospital_youbot:/home/giorgio/Webots/install/webots:/home/giorgio/Webots/install/util:/opt/ros/jazzy DEBUGINFOD_URLS=https://debuginfod.ubuntu.com /usr/bin/cmake --install /home/giorgio/Webots/build/aruco_msgs
[2.882s] Level 1:colcon.colcon_core.environment:checking '/home/giorgio/Webots/install/aruco_msgs' for CMake config files
[2.882s] Level 1:colcon.colcon_core.shell:create_environment_hook('aruco_msgs', 'cmake_prefix_path')
[2.882s] INFO:colcon.colcon_core.shell:Creating environment descriptor '/home/giorgio/Webots/install/aruco_msgs/share/aruco_msgs/hook/cmake_prefix_path.dsv'
[2.882s] INFO:colcon.colcon_core.shell:Creating environment hook '/home/giorgio/Webots/install/aruco_msgs/share/aruco_msgs/hook/cmake_prefix_path.sh'
[2.883s] Level 1:colcon.colcon_core.environment:checking '/home/giorgio/Webots/install/aruco_msgs/lib'
[2.883s] Level 1:colcon.colcon_core.shell:create_environment_hook('aruco_msgs', 'ld_library_path_lib')
[2.883s] INFO:colcon.colcon_core.shell:Creating environment descriptor '/home/giorgio/Webots/install/aruco_msgs/share/aruco_msgs/hook/ld_library_path_lib.dsv'
[2.884s] INFO:colcon.colcon_core.shell:Creating environment hook '/home/giorgio/Webots/install/aruco_msgs/share/aruco_msgs/hook/ld_library_path_lib.sh'
[2.884s] Level 1:colcon.colcon_core.environment:checking '/home/giorgio/Webots/install/aruco_msgs/bin'
[2.884s] Level 1:colcon.colcon_core.environment:checking '/home/giorgio/Webots/install/aruco_msgs/lib/pkgconfig/aruco_msgs.pc'
[2.885s] Level 1:colcon.colcon_core.environment:checking '/home/giorgio/Webots/install/aruco_msgs/lib/python3.12/site-packages'
[2.885s] Level 1:colcon.colcon_core.shell:create_environment_hook('aruco_msgs', 'pythonpath')
[2.885s] INFO:colcon.colcon_core.shell:Creating environment descriptor '/home/giorgio/Webots/install/aruco_msgs/share/aruco_msgs/hook/pythonpath.dsv'
[2.885s] INFO:colcon.colcon_core.shell:Creating environment hook '/home/giorgio/Webots/install/aruco_msgs/share/aruco_msgs/hook/pythonpath.sh'
[2.886s] Level 1:colcon.colcon_core.environment:checking '/home/giorgio/Webots/install/aruco_msgs/bin'
[2.886s] INFO:colcon.colcon_core.shell:Creating package descriptor '/home/giorgio/Webots/install/aruco_msgs/share/aruco_msgs/package.dsv'
[2.887s] INFO:colcon.colcon_core.shell:Creating package script '/home/giorgio/Webots/install/aruco_msgs/share/aruco_msgs/package.sh'
[2.887s] INFO:colcon.colcon_core.shell:Creating package script '/home/giorgio/Webots/install/aruco_msgs/share/aruco_msgs/package.bash'
[2.888s] INFO:colcon.colcon_core.shell:Creating package script '/home/giorgio/Webots/install/aruco_msgs/share/aruco_msgs/package.zsh'
[2.888s] Level 1:colcon.colcon_core.environment:create_file_with_runtime_dependencies(/home/giorgio/Webots/install/aruco_msgs/share/colcon-core/packages/aruco_msgs)
[2.890s] Level 1:colcon.colcon_core.environment:create_environment_scripts_only(aruco_msgs)
[2.890s] Level 1:colcon.colcon_core.environment:checking '/home/giorgio/Webots/install/aruco_msgs' for CMake module files
[2.890s] Level 1:colcon.colcon_core.environment:checking '/home/giorgio/Webots/install/aruco_msgs' for CMake config files
[2.891s] Level 1:colcon.colcon_core.shell:create_environment_hook('aruco_msgs', 'cmake_prefix_path')
[2.891s] INFO:colcon.colcon_core.shell:Creating environment descriptor '/home/giorgio/Webots/install/aruco_msgs/share/aruco_msgs/hook/cmake_prefix_path.dsv'
[2.892s] INFO:colcon.colcon_core.shell:Creating environment hook '/home/giorgio/Webots/install/aruco_msgs/share/aruco_msgs/hook/cmake_prefix_path.sh'
[2.893s] Level 1:colcon.colcon_core.environment:checking '/home/giorgio/Webots/install/aruco_msgs/lib'
[2.893s] Level 1:colcon.colcon_core.shell:create_environment_hook('aruco_msgs', 'ld_library_path_lib')
[2.893s] INFO:colcon.colcon_core.shell:Creating environment descriptor '/home/giorgio/Webots/install/aruco_msgs/share/aruco_msgs/hook/ld_library_path_lib.dsv'
[2.894s] INFO:colcon.colcon_core.shell:Creating environment hook '/home/giorgio/Webots/install/aruco_msgs/share/aruco_msgs/hook/ld_library_path_lib.sh'
[2.895s] Level 1:colcon.colcon_core.environment:checking '/home/giorgio/Webots/install/aruco_msgs/bin'
[2.895s] Level 1:colcon.colcon_core.environment:checking '/home/giorgio/Webots/install/aruco_msgs/lib/pkgconfig/aruco_msgs.pc'
[2.895s] Level 1:colcon.colcon_core.environment:checking '/home/giorgio/Webots/install/aruco_msgs/lib/python3.12/site-packages'
[2.895s] Level 1:colcon.colcon_core.shell:create_environment_hook('aruco_msgs', 'pythonpath')
[2.895s] INFO:colcon.colcon_core.shell:Creating environment descriptor '/home/giorgio/Webots/install/aruco_msgs/share/aruco_msgs/hook/pythonpath.dsv'
[2.896s] INFO:colcon.colcon_core.shell:Creating environment hook '/home/giorgio/Webots/install/aruco_msgs/share/aruco_msgs/hook/pythonpath.sh'
[2.897s] Level 1:colcon.colcon_core.environment:checking '/home/giorgio/Webots/install/aruco_msgs/bin'
[2.897s] INFO:colcon.colcon_core.shell:Creating package descriptor '/home/giorgio/Webots/install/aruco_msgs/share/aruco_msgs/package.dsv'
[2.898s] INFO:colcon.colcon_core.shell:Creating package script '/home/giorgio/Webots/install/aruco_msgs/share/aruco_msgs/package.sh'
[2.898s] INFO:colcon.colcon_core.shell:Creating package script '/home/giorgio/Webots/install/aruco_msgs/share/aruco_msgs/package.bash'
[2.899s] INFO:colcon.colcon_core.shell:Creating package script '/home/giorgio/Webots/install/aruco_msgs/share/aruco_msgs/package.zsh'
[2.899s] Level 1:colcon.colcon_core.environment:create_file_with_runtime_dependencies(/home/giorgio/Webots/install/aruco_msgs/share/colcon-core/packages/aruco_msgs)
[2.900s] INFO:colcon.colcon_ros.task.ament_python.build:Building ROS package in '/home/giorgio/Webots/src/webots_tutorial' with build type 'ament_python'
[2.900s] Level 1:colcon.colcon_core.shell:create_environment_hook('webots', 'ament_prefix_path')
[2.901s] INFO:colcon.colcon_core.shell:Creating environment descriptor '/home/giorgio/Webots/install/webots/share/webots/hook/ament_prefix_path.dsv'
[2.901s] INFO:colcon.colcon_core.shell:Creating environment hook '/home/giorgio/Webots/install/webots/share/webots/hook/ament_prefix_path.sh'
[2.903s] DEBUG:colcon.colcon_core.shell:Skip shell extension 'dsv' for command environment
[3.119s] INFO:colcon.colcon_core.task.python.build:Building Python package in '/home/giorgio/Webots/src/webots_tutorial'
[3.119s] DEBUG:colcon.colcon_core.shell:Skip shell extension 'dsv' for command environment
[3.619s] DEBUG:colcon.colcon_core.event_handler.log_command:Invoking command in '/home/giorgio/Webots/src/webots_tutorial': DEBUGINFOD_URLS=https://debuginfod.ubuntu.com PYTHONPATH=/home/giorgio/Webots/build/webots/prefix_override:/usr/lib/python3/dist-packages/colcon_core/task/python/colcon_distutils_commands:/home/giorgio/Webots/install/webots/lib/python3.12/site-packages:${PYTHONPATH} /usr/bin/python3 -W ignore:setup.py install is deprecated -W ignore:easy_install command is deprecated setup.py egg_info --egg-base ../../build/webots build --build-base /home/giorgio/Webots/build/webots/build install --record /home/giorgio/Webots/build/webots/install.log --single-version-externally-managed install_data
[3.624s] DEBUG:colcon.colcon_core.event_handler.log_command:Invoking command in '/home/giorgio/Webots/src/util': DEBUGINFOD_URLS=https://debuginfod.ubuntu.com PYTHONPATH=/home/giorgio/Webots/build/util/prefix_override:/usr/lib/python3/dist-packages/colcon_core/task/python/colcon_distutils_commands:/home/giorgio/Webots/install/util/lib/python3.12/site-packages:${PYTHONPATH} /usr/bin/python3 -W ignore:setup.py install is deprecated -W ignore:easy_install command is deprecated setup.py egg_info --egg-base ../../build/util build --build-base /home/giorgio/Webots/build/util/build install --record /home/giorgio/Webots/build/util/install.log --single-version-externally-managed install_data
[4.012s] Level 1:colcon.colcon_core.environment:checking '/home/giorgio/Webots/install/webots' for CMake module files
[4.013s] DEBUG:colcon.colcon_core.event_handler.log_command:Invoked command in '/home/giorgio/Webots/src/webots_tutorial' returned '0': DEBUGINFOD_URLS=https://debuginfod.ubuntu.com PYTHONPATH=/home/giorgio/Webots/build/webots/prefix_override:/usr/lib/python3/dist-packages/colcon_core/task/python/colcon_distutils_commands:/home/giorgio/Webots/install/webots/lib/python3.12/site-packages:${PYTHONPATH} /usr/bin/python3 -W ignore:setup.py install is deprecated -W ignore:easy_install command is deprecated setup.py egg_info --egg-base ../../build/webots build --build-base /home/giorgio/Webots/build/webots/build install --record /home/giorgio/Webots/build/webots/install.log --single-version-externally-managed install_data
[4.013s] Level 1:colcon.colcon_core.environment:checking '/home/giorgio/Webots/install/webots' for CMake config files
[4.014s] Level 1:colcon.colcon_core.environment:checking '/home/giorgio/Webots/install/webots/lib'
[4.014s] Level 1:colcon.colcon_core.environment:checking '/home/giorgio/Webots/install/webots/bin'
[4.014s] Level 1:colcon.colcon_core.environment:checking '/home/giorgio/Webots/install/webots/lib/pkgconfig/webots.pc'
[4.014s] Level 1:colcon.colcon_core.environment:checking '/home/giorgio/Webots/install/webots/lib/python3.12/site-packages'
[4.014s] Level 1:colcon.colcon_core.shell:create_environment_hook('webots', 'pythonpath')
[4.014s] INFO:colcon.colcon_core.shell:Creating environment descriptor '/home/giorgio/Webots/install/webots/share/webots/hook/pythonpath.dsv'
[4.015s] INFO:colcon.colcon_core.shell:Creating environment hook '/home/giorgio/Webots/install/webots/share/webots/hook/pythonpath.sh'
[4.015s] Level 1:colcon.colcon_core.environment:checking '/home/giorgio/Webots/install/webots/bin'
[4.015s] Level 1:colcon.colcon_core.environment:create_environment_scripts_only(webots)
[4.015s] INFO:colcon.colcon_core.shell:Creating package descriptor '/home/giorgio/Webots/install/webots/share/webots/package.dsv'
[4.016s] INFO:colcon.colcon_core.shell:Creating package script '/home/giorgio/Webots/install/webots/share/webots/package.sh'
[4.017s] INFO:colcon.colcon_core.shell:Creating package script '/home/giorgio/Webots/install/webots/share/webots/package.bash'
[4.018s] INFO:colcon.colcon_core.shell:Creating package script '/home/giorgio/Webots/install/webots/share/webots/package.zsh'
[4.018s] Level 1:colcon.colcon_core.environment:create_file_with_runtime_dependencies(/home/giorgio/Webots/install/webots/share/colcon-core/packages/webots)
[4.019s] INFO:colcon.colcon_ros.task.ament_python.build:Building ROS package in '/home/giorgio/Webots/src/webots_hospital_youbot' with build type 'ament_python'
[4.019s] Level 1:colcon.colcon_core.shell:create_environment_hook('webots_hospital_youbot', 'ament_prefix_path')
[4.019s] INFO:colcon.colcon_core.shell:Creating environment descriptor '/home/giorgio/Webots/install/webots_hospital_youbot/share/webots_hospital_youbot/hook/ament_prefix_path.dsv'
[4.019s] INFO:colcon.colcon_core.shell:Creating environment hook '/home/giorgio/Webots/install/webots_hospital_youbot/share/webots_hospital_youbot/hook/ament_prefix_path.sh'
[4.020s] DEBUG:colcon.colcon_core.shell:Skip shell extension 'dsv' for command environment
[4.195s] INFO:colcon.colcon_core.task.python.build:Building Python package in '/home/giorgio/Webots/src/webots_hospital_youbot'
[4.196s] DEBUG:colcon.colcon_core.shell:Skip shell extension 'dsv' for command environment
[4.199s] Level 1:colcon.colcon_core.environment:checking '/home/giorgio/Webots/install/util' for CMake module files
[4.199s] DEBUG:colcon.colcon_core.event_handler.log_command:Invoked command in '/home/giorgio/Webots/src/util' returned '0': DEBUGINFOD_URLS=https://debuginfod.ubuntu.com PYTHONPATH=/home/giorgio/Webots/build/util/prefix_override:/usr/lib/python3/dist-packages/colcon_core/task/python/colcon_distutils_commands:/home/giorgio/Webots/install/util/lib/python3.12/site-packages:${PYTHONPATH} /usr/bin/python3 -W ignore:setup.py install is deprecated -W ignore:easy_install command is deprecated setup.py egg_info --egg-base ../../build/util build --build-base /home/giorgio/Webots/build/util/build install --record /home/giorgio/Webots/build/util/install.log --single-version-externally-managed install_data
[4.200s] Level 1:colcon.colcon_core.environment:checking '/home/giorgio/Webots/install/util' for CMake config files
[4.200s] Level 1:colcon.colcon_core.environment:checking '/home/giorgio/Webots/install/util/lib'
[4.200s] Level 1:colcon.colcon_core.environment:checking '/home/giorgio/Webots/install/util/bin'
[4.200s] Level 1:colcon.colcon_core.environment:checking '/home/giorgio/Webots/install/util/lib/pkgconfig/util.pc'
[4.200s] Level 1:colcon.colcon_core.environment:checking '/home/giorgio/Webots/install/util/lib/python3.12/site-packages'
[4.201s] Level 1:colcon.colcon_core.shell:create_environment_hook('util', 'pythonpath')
[4.201s] INFO:colcon.colcon_core.shell:Creating environment descriptor '/home/giorgio/Webots/install/util/share/util/hook/pythonpath.dsv'
[4.201s] INFO:colcon.colcon_core.shell:Creating environment hook '/home/giorgio/Webots/install/util/share/util/hook/pythonpath.sh'
[4.202s] Level 1:colcon.colcon_core.environment:checking '/home/giorgio/Webots/install/util/bin'
[4.202s] Level 1:colcon.colcon_core.environment:create_environment_scripts_only(util)
[4.202s] INFO:colcon.colcon_core.shell:Creating package descriptor '/home/giorgio/Webots/install/util/share/util/package.dsv'
[4.202s] INFO:colcon.colcon_core.shell:Creating package script '/home/giorgio/Webots/install/util/share/util/package.sh'
[4.202s] INFO:colcon.colcon_core.shell:Creating package script '/home/giorgio/Webots/install/util/share/util/package.bash'
[4.203s] INFO:colcon.colcon_core.shell:Creating package script '/home/giorgio/Webots/install/util/share/util/package.zsh'
[4.203s] Level 1:colcon.colcon_core.environment:create_file_with_runtime_dependencies(/home/giorgio/Webots/install/util/share/colcon-core/packages/util)
[4.615s] DEBUG:colcon.colcon_core.event_handler.log_command:Invoking command in '/home/giorgio/Webots/src/webots_hospital_youbot': CMAKE_PREFIX_PATH=/home/giorgio/Webots/install/rover_msgs:/home/giorgio/Webots/install/aurora_msgs:/home/giorgio/Webots/install/cpp_pubsub:/home/giorgio/Webots/install/aruco_msgs:/opt/ros/jazzy/opt/sdformat_vendor:/opt/ros/jazzy/opt/gz_math_vendor:/opt/ros/jazzy/opt/gz_utils_vendor:/opt/ros/jazzy/opt/gz_tools_vendor:/opt/ros/jazzy/opt/gz_cmake_vendor DEBUGINFOD_URLS=https://debuginfod.ubuntu.com PYTHONPATH=/home/giorgio/Webots/build/webots_hospital_youbot/prefix_override:/usr/lib/python3/dist-packages/colcon_core/task/python/colcon_distutils_commands:/home/giorgio/Webots/install/webots_hospital_youbot/lib/python3.12/site-packages:/home/giorgio/Webots/install/rover_msgs/lib/python3.12/site-packages:/home/giorgio/Webots/install/aurora_msgs/lib/python3.12/site-packages:/home/giorgio/Webots/install/webots_hospital_youbot/lib/python3.12/site-packages:/home/giorgio/Webots/install/webots/lib/python3.12/site-packages:/home/giorgio/Webots/install/util/lib/python3.12/site-packages:/home/giorgio/Webots/install/aruco_msgs/lib/python3.12/site-packages:/home/serl/.local/share/pipx/venvs/pytransform3d/lib/python3.12/site-packages:/home/serl/.local/share/pipx/venvs/pyquaternion/lib/python3.12/site-packages:/opt/ros/jazzy/lib/python3.12/site-packages /usr/bin/python3 -W ignore:setup.py install is deprecated -W ignore:easy_install command is deprecated setup.py egg_info --egg-base ../../build/webots_hospital_youbot build --build-base /home/giorgio/Webots/build/webots_hospital_youbot/build install --record /home/giorgio/Webots/build/webots_hospital_youbot/install.log --single-version-externally-managed install_data
[5.004s] Level 1:colcon.colcon_core.environment:checking '/home/giorgio/Webots/install/webots_hospital_youbot' for CMake module files
[5.005s] DEBUG:colcon.colcon_core.event_handler.log_command:Invoked command in '/home/giorgio/Webots/src/webots_hospital_youbot' returned '0': CMAKE_PREFIX_PATH=/home/giorgio/Webots/install/rover_msgs:/home/giorgio/Webots/install/aurora_msgs:/home/giorgio/Webots/install/cpp_pubsub:/home/giorgio/Webots/install/aruco_msgs:/opt/ros/jazzy/opt/sdformat_vendor:/opt/ros/jazzy/opt/gz_math_vendor:/opt/ros/jazzy/opt/gz_utils_vendor:/opt/ros/jazzy/opt/gz_tools_vendor:/opt/ros/jazzy/opt/gz_cmake_vendor DEBUGINFOD_URLS=https://debuginfod.ubuntu.com PYTHONPATH=/home/giorgio/Webots/build/webots_hospital_youbot/prefix_override:/usr/lib/python3/dist-packages/colcon_core/task/python/colcon_distutils_commands:/home/giorgio/Webots/install/webots_hospital_youbot/lib/python3.12/site-packages:/home/giorgio/Webots/install/rover_msgs/lib/python3.12/site-packages:/home/giorgio/Webots/install/aurora_msgs/lib/python3.12/site-packages:/home/giorgio/Webots/install/webots_hospital_youbot/lib/python3.12/site-packages:/home/giorgio/Webots/install/webots/lib/python3.12/site-packages:/home/giorgio/Webots/install/util/lib/python3.12/site-packages:/home/giorgio/Webots/install/aruco_msgs/lib/python3.12/site-packages:/home/serl/.local/share/pipx/venvs/pytransform3d/lib/python3.12/site-packages:/home/serl/.local/share/pipx/venvs/pyquaternion/lib/python3.12/site-packages:/opt/ros/jazzy/lib/python3.12/site-packages /usr/bin/python3 -W ignore:setup.py install is deprecated -W ignore:easy_install command is deprecated setup.py egg_info --egg-base ../../build/webots_hospital_youbot build --build-base /home/giorgio/Webots/build/webots_hospital_youbot/build install --record /home/giorgio/Webots/build/webots_hospital_youbot/install.log --single-version-externally-managed install_data
[5.005s] Level 1:colcon.colcon_core.environment:checking '/home/giorgio/Webots/install/webots_hospital_youbot' for CMake config files
[5.006s] Level 1:colcon.colcon_core.environment:checking '/home/giorgio/Webots/install/webots_hospital_youbot/lib'
[5.007s] Level 1:colcon.colcon_core.environment:checking '/home/giorgio/Webots/install/webots_hospital_youbot/bin'
[5.007s] Level 1:colcon.colcon_core.environment:checking '/home/giorgio/Webots/install/webots_hospital_youbot/lib/pkgconfig/webots_hospital_youbot.pc'
[5.007s] Level 1:colcon.colcon_core.environment:checking '/home/giorgio/Webots/install/webots_hospital_youbot/lib/python3.12/site-packages'
[5.007s] Level 1:colcon.colcon_core.shell:create_environment_hook('webots_hospital_youbot', 'pythonpath')
[5.007s] INFO:colcon.colcon_core.shell:Creating environment descriptor '/home/giorgio/Webots/install/webots_hospital_youbot/share/webots_hospital_youbot/hook/pythonpath.dsv'
[5.007s] INFO:colcon.colcon_core.shell:Creating environment hook '/home/giorgio/Webots/install/webots_hospital_youbot/share/webots_hospital_youbot/hook/pythonpath.sh'
[5.008s] Level 1:colcon.colcon_core.environment:checking '/home/giorgio/Webots/install/webots_hospital_youbot/bin'
[5.008s] Level 1:colcon.colcon_core.environment:create_environment_scripts_only(webots_hospital_youbot)
[5.008s] INFO:colcon.colcon_core.shell:Creating package descriptor '/home/giorgio/Webots/install/webots_hospital_youbot/share/webots_hospital_youbot/package.dsv'
[5.008s] INFO:colcon.colcon_core.shell:Creating package script '/home/giorgio/Webots/install/webots_hospital_youbot/share/webots_hospital_youbot/package.sh'
[5.009s] INFO:colcon.colcon_core.shell:Creating package script '/home/giorgio/Webots/install/webots_hospital_youbot/share/webots_hospital_youbot/package.bash'
[5.009s] INFO:colcon.colcon_core.shell:Creating package script '/home/giorgio/Webots/install/webots_hospital_youbot/share/webots_hospital_youbot/package.zsh'
[5.009s] Level 1:colcon.colcon_core.environment:create_file_with_runtime_dependencies(/home/giorgio/Webots/install/webots_hospital_youbot/share/colcon-core/packages/webots_hospital_youbot)
[5.010s] DEBUG:colcon.colcon_parallel_executor.executor.parallel:closing loop
[5.010s] DEBUG:colcon.colcon_parallel_executor.executor.parallel:loop closed
[5.010s] DEBUG:colcon.colcon_parallel_executor.executor.parallel:run_until_complete finished with '0'
[5.012s] DEBUG:colcon.colcon_core.event_reactor:joining thread
[5.023s] INFO:colcon.colcon_core.plugin_system:Skipping extension 'colcon_notification.desktop_notification.terminal_notifier': Not used on non-Darwin systems
[5.023s] INFO:colcon.colcon_core.plugin_system:Skipping extension 'colcon_notification.desktop_notification.win32': Not used on non-Windows systems
[5.023s] INFO:colcon.colcon_notification.desktop_notification:Sending desktop notification using 'notify2'
[5.043s] DEBUG:colcon.colcon_core.event_reactor:joined thread
[5.043s] INFO:colcon.colcon_core.shell:Creating prefix script '/home/giorgio/Webots/install/local_setup.sh'
[5.046s] INFO:colcon.colcon_core.shell:Creating prefix util module '/home/giorgio/Webots/install/_local_setup_util_sh.py'
[5.050s] INFO:colcon.colcon_core.shell:Creating prefix chain script '/home/giorgio/Webots/install/setup.sh'
[5.051s] INFO:colcon.colcon_core.shell:Creating prefix script '/home/giorgio/Webots/install/local_setup.bash'
[5.053s] INFO:colcon.colcon_core.shell:Creating prefix chain script '/home/giorgio/Webots/install/setup.bash'
[5.055s] INFO:colcon.colcon_core.shell:Creating prefix script '/home/giorgio/Webots/install/local_setup.zsh'
[5.056s] INFO:colcon.colcon_core.shell:Creating prefix chain script '/home/giorgio/Webots/install/setup.zsh'
