[0.030s] Invoking command in '/home/giorgio/Webots/build/aruco_msgs': CMAKE_PREFIX_PATH=${CMAKE_PREFIX_PATH}:/home/giorgio/Webots/install/webots_hospital_youbot:/home/giorgio/Webots/install/webots:/home/giorgio/Webots/install/util:/opt/ros/jazzy DEBUGINFOD_URLS=https://debuginfod.ubuntu.com /usr/bin/cmake --build /home/giorgio/Webots/build/aruco_msgs -- -j2 -l2
[0.132s] [  2%] Built target aruco_msgs__rosidl_generator_type_description
[0.143s] [  2%] Built target ament_cmake_python_copy_aruco_msgs
[0.171s] [  4%] Built target aruco_msgs__cpp
[0.195s] [ 22%] Built target aruco_msgs__rosidl_generator_c
[0.236s] [ 31%] Built target aruco_msgs__rosidl_typesupport_cpp
[0.299s] [ 40%] Built target aruco_msgs__rosidl_typesupport_fastrtps_c
[0.360s] [ 50%] Built target aruco_msgs__rosidl_typesupport_fastrtps_cpp
[0.419s] [ 59%] Built target aruco_msgs__rosidl_typesupport_introspection_c
[0.464s] running egg_info
[0.477s] writing aruco_msgs.egg-info/PKG-INFO
[0.478s] writing dependency_links to aruco_msgs.egg-info/dependency_links.txt
[0.479s] writing top-level names to aruco_msgs.egg-info/top_level.txt
[0.484s] [ 68%] Built target aruco_msgs__rosidl_typesupport_c
[0.523s] reading manifest file 'aruco_msgs.egg-info/SOURCES.txt'
[0.525s] writing manifest file 'aruco_msgs.egg-info/SOURCES.txt'
[0.541s] [ 77%] Built target aruco_msgs__rosidl_typesupport_introspection_cpp
[0.554s] [ 77%] Built target ament_cmake_python_build_aruco_msgs_egg
[0.577s] [ 77%] Built target aruco_msgs
[0.607s] [ 79%] Built target aruco_msgs__py
[0.643s] [ 86%] Built target aruco_msgs__rosidl_generator_py
[0.688s] [ 90%] Built target aruco_msgs_s__rosidl_typesupport_fastrtps_c
[0.693s] [ 95%] Built target aruco_msgs_s__rosidl_typesupport_introspection_c
[0.719s] [100%] Built target aruco_msgs_s__rosidl_typesupport_c
[0.730s] Invoked command in '/home/giorgio/Webots/build/aruco_msgs' returned '0': CMAKE_PREFIX_PATH=${CMAKE_PREFIX_PATH}:/home/giorgio/Webots/install/webots_hospital_youbot:/home/giorgio/Webots/install/webots:/home/giorgio/Webots/install/util:/opt/ros/jazzy DEBUGINFOD_URLS=https://debuginfod.ubuntu.com /usr/bin/cmake --build /home/giorgio/Webots/build/aruco_msgs -- -j2 -l2
[0.733s] Invoking command in '/home/giorgio/Webots/build/aruco_msgs': CMAKE_PREFIX_PATH=${CMAKE_PREFIX_PATH}:/home/giorgio/Webots/install/webots_hospital_youbot:/home/giorgio/Webots/install/webots:/home/giorgio/Webots/install/util:/opt/ros/jazzy DEBUGINFOD_URLS=https://debuginfod.ubuntu.com /usr/bin/cmake --install /home/giorgio/Webots/build/aruco_msgs
[0.743s] -- Install configuration: ""
[0.745s] -- Up-to-date: /home/giorgio/Webots/install/aruco_msgs/share/ament_index/resource_index/rosidl_interfaces/aruco_msgs
[0.746s] -- Up-to-date: /home/giorgio/Webots/install/aruco_msgs/share/aruco_msgs/msg/Marker.json
[0.746s] -- Up-to-date: /home/giorgio/Webots/install/aruco_msgs/share/aruco_msgs/msg/MarkerArray.json
[0.748s] -- Up-to-date: /home/giorgio/Webots/install/aruco_msgs/include/aruco_msgs/aruco_msgs
[0.749s] -- Up-to-date: /home/giorgio/Webots/install/aruco_msgs/include/aruco_msgs/aruco_msgs/msg
[0.750s] -- Up-to-date: /home/giorgio/Webots/install/aruco_msgs/include/aruco_msgs/aruco_msgs/msg/rosidl_generator_c__visibility_control.h
[0.750s] -- Up-to-date: /home/giorgio/Webots/install/aruco_msgs/include/aruco_msgs/aruco_msgs/msg/marker.h
[0.750s] -- Up-to-date: /home/giorgio/Webots/install/aruco_msgs/include/aruco_msgs/aruco_msgs/msg/detail
[0.751s] -- Up-to-date: /home/giorgio/Webots/install/aruco_msgs/include/aruco_msgs/aruco_msgs/msg/detail/marker_array__type_support.h
[0.751s] -- Up-to-date: /home/giorgio/Webots/install/aruco_msgs/include/aruco_msgs/aruco_msgs/msg/detail/marker_array__struct.h
[0.751s] -- Up-to-date: /home/giorgio/Webots/install/aruco_msgs/include/aruco_msgs/aruco_msgs/msg/detail/marker__type_support.h
[0.751s] -- Up-to-date: /home/giorgio/Webots/install/aruco_msgs/include/aruco_msgs/aruco_msgs/msg/detail/marker_array__description.c
[0.751s] -- Up-to-date: /home/giorgio/Webots/install/aruco_msgs/include/aruco_msgs/aruco_msgs/msg/detail/marker__functions.h
[0.751s] -- Up-to-date: /home/giorgio/Webots/install/aruco_msgs/include/aruco_msgs/aruco_msgs/msg/detail/marker_array__functions.c
[0.751s] -- Installing: /home/giorgio/Webots/install/aruco_msgs/include/aruco_msgs/aruco_msgs/msg/detail/marker__type_support.c
[0.751s] -- Up-to-date: /home/giorgio/Webots/install/aruco_msgs/include/aruco_msgs/aruco_msgs/msg/detail/marker__struct.h
[0.751s] -- Up-to-date: /home/giorgio/Webots/install/aruco_msgs/include/aruco_msgs/aruco_msgs/msg/detail/marker_array__functions.h
[0.751s] -- Up-to-date: /home/giorgio/Webots/install/aruco_msgs/include/aruco_msgs/aruco_msgs/msg/detail/marker__functions.c
[0.752s] -- Up-to-date: /home/giorgio/Webots/install/aruco_msgs/include/aruco_msgs/aruco_msgs/msg/detail/marker__description.c
[0.752s] -- Installing: /home/giorgio/Webots/install/aruco_msgs/include/aruco_msgs/aruco_msgs/msg/detail/marker_array__type_support.c
[0.752s] -- Up-to-date: /home/giorgio/Webots/install/aruco_msgs/include/aruco_msgs/aruco_msgs/msg/marker_array.h
[0.752s] -- Up-to-date: /home/giorgio/Webots/install/aruco_msgs/share/aruco_msgs/environment/library_path.sh
[0.752s] -- Up-to-date: /home/giorgio/Webots/install/aruco_msgs/share/aruco_msgs/environment/library_path.dsv
[0.754s] -- Up-to-date: /home/giorgio/Webots/install/aruco_msgs/lib/libaruco_msgs__rosidl_generator_c.so
[0.756s] -- Up-to-date: /home/giorgio/Webots/install/aruco_msgs/include/aruco_msgs/aruco_msgs
[0.756s] -- Up-to-date: /home/giorgio/Webots/install/aruco_msgs/include/aruco_msgs/aruco_msgs/msg
[0.756s] -- Up-to-date: /home/giorgio/Webots/install/aruco_msgs/include/aruco_msgs/aruco_msgs/msg/detail
[0.757s] -- Up-to-date: /home/giorgio/Webots/install/aruco_msgs/include/aruco_msgs/aruco_msgs/msg/detail/marker_array__rosidl_typesupport_fastrtps_c.h
[0.757s] -- Up-to-date: /home/giorgio/Webots/install/aruco_msgs/include/aruco_msgs/aruco_msgs/msg/detail/marker__rosidl_typesupport_fastrtps_c.h
[0.757s] -- Up-to-date: /home/giorgio/Webots/install/aruco_msgs/include/aruco_msgs/aruco_msgs/msg/rosidl_typesupport_fastrtps_c__visibility_control.h
[0.759s] -- Up-to-date: /home/giorgio/Webots/install/aruco_msgs/lib/libaruco_msgs__rosidl_typesupport_fastrtps_c.so
[0.760s] -- Up-to-date: /home/giorgio/Webots/install/aruco_msgs/include/aruco_msgs/aruco_msgs
[0.761s] -- Up-to-date: /home/giorgio/Webots/install/aruco_msgs/include/aruco_msgs/aruco_msgs/msg
[0.761s] -- Up-to-date: /home/giorgio/Webots/install/aruco_msgs/include/aruco_msgs/aruco_msgs/msg/detail
[0.761s] -- Up-to-date: /home/giorgio/Webots/install/aruco_msgs/include/aruco_msgs/aruco_msgs/msg/detail/marker_array__builder.hpp
[0.761s] -- Up-to-date: /home/giorgio/Webots/install/aruco_msgs/include/aruco_msgs/aruco_msgs/msg/detail/marker__builder.hpp
[0.761s] -- Up-to-date: /home/giorgio/Webots/install/aruco_msgs/include/aruco_msgs/aruco_msgs/msg/detail/marker__struct.hpp
[0.761s] -- Up-to-date: /home/giorgio/Webots/install/aruco_msgs/include/aruco_msgs/aruco_msgs/msg/detail/marker_array__type_support.hpp
[0.761s] -- Up-to-date: /home/giorgio/Webots/install/aruco_msgs/include/aruco_msgs/aruco_msgs/msg/detail/marker__type_support.hpp
[0.761s] -- Up-to-date: /home/giorgio/Webots/install/aruco_msgs/include/aruco_msgs/aruco_msgs/msg/detail/marker__traits.hpp
[0.762s] -- Up-to-date: /home/giorgio/Webots/install/aruco_msgs/include/aruco_msgs/aruco_msgs/msg/detail/marker_array__struct.hpp
[0.762s] -- Up-to-date: /home/giorgio/Webots/install/aruco_msgs/include/aruco_msgs/aruco_msgs/msg/detail/marker_array__traits.hpp
[0.762s] -- Up-to-date: /home/giorgio/Webots/install/aruco_msgs/include/aruco_msgs/aruco_msgs/msg/marker.hpp
[0.762s] -- Up-to-date: /home/giorgio/Webots/install/aruco_msgs/include/aruco_msgs/aruco_msgs/msg/rosidl_generator_cpp__visibility_control.hpp
[0.762s] -- Up-to-date: /home/giorgio/Webots/install/aruco_msgs/include/aruco_msgs/aruco_msgs/msg/marker_array.hpp
[0.762s] -- Up-to-date: /home/giorgio/Webots/install/aruco_msgs/include/aruco_msgs/aruco_msgs
[0.762s] -- Up-to-date: /home/giorgio/Webots/install/aruco_msgs/include/aruco_msgs/aruco_msgs/msg
[0.762s] -- Up-to-date: /home/giorgio/Webots/install/aruco_msgs/include/aruco_msgs/aruco_msgs/msg/detail
[0.762s] -- Up-to-date: /home/giorgio/Webots/install/aruco_msgs/include/aruco_msgs/aruco_msgs/msg/detail/dds_fastrtps
[0.762s] -- Up-to-date: /home/giorgio/Webots/install/aruco_msgs/include/aruco_msgs/aruco_msgs/msg/detail/marker__rosidl_typesupport_fastrtps_cpp.hpp
[0.762s] -- Up-to-date: /home/giorgio/Webots/install/aruco_msgs/include/aruco_msgs/aruco_msgs/msg/detail/marker_array__rosidl_typesupport_fastrtps_cpp.hpp
[0.762s] -- Up-to-date: /home/giorgio/Webots/install/aruco_msgs/include/aruco_msgs/aruco_msgs/msg/rosidl_typesupport_fastrtps_cpp__visibility_control.h
[0.763s] -- Up-to-date: /home/giorgio/Webots/install/aruco_msgs/lib/libaruco_msgs__rosidl_typesupport_fastrtps_cpp.so
[0.763s] -- Up-to-date: /home/giorgio/Webots/install/aruco_msgs/include/aruco_msgs/aruco_msgs
[0.764s] -- Up-to-date: /home/giorgio/Webots/install/aruco_msgs/include/aruco_msgs/aruco_msgs/msg
[0.764s] -- Up-to-date: /home/giorgio/Webots/install/aruco_msgs/include/aruco_msgs/aruco_msgs/msg/rosidl_typesupport_introspection_c__visibility_control.h
[0.764s] -- Up-to-date: /home/giorgio/Webots/install/aruco_msgs/include/aruco_msgs/aruco_msgs/msg/detail
[0.764s] -- Installing: /home/giorgio/Webots/install/aruco_msgs/include/aruco_msgs/aruco_msgs/msg/detail/marker__type_support.c
[0.764s] -- Up-to-date: /home/giorgio/Webots/install/aruco_msgs/include/aruco_msgs/aruco_msgs/msg/detail/marker__rosidl_typesupport_introspection_c.h
[0.765s] -- Up-to-date: /home/giorgio/Webots/install/aruco_msgs/include/aruco_msgs/aruco_msgs/msg/detail/marker_array__rosidl_typesupport_introspection_c.h
[0.765s] -- Installing: /home/giorgio/Webots/install/aruco_msgs/include/aruco_msgs/aruco_msgs/msg/detail/marker_array__type_support.c
[0.767s] -- Up-to-date: /home/giorgio/Webots/install/aruco_msgs/lib/libaruco_msgs__rosidl_typesupport_introspection_c.so
[0.768s] -- Up-to-date: /home/giorgio/Webots/install/aruco_msgs/lib/libaruco_msgs__rosidl_typesupport_c.so
[0.768s] -- Up-to-date: /home/giorgio/Webots/install/aruco_msgs/include/aruco_msgs/aruco_msgs
[0.768s] -- Up-to-date: /home/giorgio/Webots/install/aruco_msgs/include/aruco_msgs/aruco_msgs/msg
[0.768s] -- Up-to-date: /home/giorgio/Webots/install/aruco_msgs/include/aruco_msgs/aruco_msgs/msg/detail
[0.769s] -- Up-to-date: /home/giorgio/Webots/install/aruco_msgs/include/aruco_msgs/aruco_msgs/msg/detail/marker__type_support.cpp
[0.769s] -- Up-to-date: /home/giorgio/Webots/install/aruco_msgs/include/aruco_msgs/aruco_msgs/msg/detail/marker_array__rosidl_typesupport_introspection_cpp.hpp
[0.769s] -- Up-to-date: /home/giorgio/Webots/install/aruco_msgs/include/aruco_msgs/aruco_msgs/msg/detail/marker__rosidl_typesupport_introspection_cpp.hpp
[0.769s] -- Up-to-date: /home/giorgio/Webots/install/aruco_msgs/include/aruco_msgs/aruco_msgs/msg/detail/marker_array__type_support.cpp
[0.770s] -- Up-to-date: /home/giorgio/Webots/install/aruco_msgs/lib/libaruco_msgs__rosidl_typesupport_introspection_cpp.so
[0.772s] -- Up-to-date: /home/giorgio/Webots/install/aruco_msgs/lib/libaruco_msgs__rosidl_typesupport_cpp.so
[0.772s] -- Up-to-date: /home/giorgio/Webots/install/aruco_msgs/share/aruco_msgs/environment/pythonpath.sh
[0.772s] -- Up-to-date: /home/giorgio/Webots/install/aruco_msgs/share/aruco_msgs/environment/pythonpath.dsv
[0.772s] -- Up-to-date: /home/giorgio/Webots/install/aruco_msgs/lib/python3.12/site-packages/aruco_msgs-5.0.4-py3.12.egg-info
[0.772s] -- Installing: /home/giorgio/Webots/install/aruco_msgs/lib/python3.12/site-packages/aruco_msgs-5.0.4-py3.12.egg-info/PKG-INFO
[0.773s] -- Installing: /home/giorgio/Webots/install/aruco_msgs/lib/python3.12/site-packages/aruco_msgs-5.0.4-py3.12.egg-info/dependency_links.txt
[0.773s] -- Installing: /home/giorgio/Webots/install/aruco_msgs/lib/python3.12/site-packages/aruco_msgs-5.0.4-py3.12.egg-info/SOURCES.txt
[0.773s] -- Installing: /home/giorgio/Webots/install/aruco_msgs/lib/python3.12/site-packages/aruco_msgs-5.0.4-py3.12.egg-info/top_level.txt
[0.773s] -- Up-to-date: /home/giorgio/Webots/install/aruco_msgs/lib/python3.12/site-packages/aruco_msgs
[0.774s] -- Up-to-date: /home/giorgio/Webots/install/aruco_msgs/lib/python3.12/site-packages/aruco_msgs/aruco_msgs_s__rosidl_typesupport_introspection_c.so
[0.774s] -- Up-to-date: /home/giorgio/Webots/install/aruco_msgs/lib/python3.12/site-packages/aruco_msgs/_aruco_msgs_s.ep.rosidl_typesupport_fastrtps_c.c
[0.774s] -- Up-to-date: /home/giorgio/Webots/install/aruco_msgs/lib/python3.12/site-packages/aruco_msgs/msg
[0.774s] -- Up-to-date: /home/giorgio/Webots/install/aruco_msgs/lib/python3.12/site-packages/aruco_msgs/msg/__init__.py
[0.774s] -- Up-to-date: /home/giorgio/Webots/install/aruco_msgs/lib/python3.12/site-packages/aruco_msgs/msg/_marker_array_s.c
[0.775s] -- Up-to-date: /home/giorgio/Webots/install/aruco_msgs/lib/python3.12/site-packages/aruco_msgs/msg/_marker_s.c
[0.775s] -- Up-to-date: /home/giorgio/Webots/install/aruco_msgs/lib/python3.12/site-packages/aruco_msgs/msg/_marker_array.py
[0.775s] -- Up-to-date: /home/giorgio/Webots/install/aruco_msgs/lib/python3.12/site-packages/aruco_msgs/msg/_marker.py
[0.775s] -- Up-to-date: /home/giorgio/Webots/install/aruco_msgs/lib/python3.12/site-packages/aruco_msgs/__init__.py
[0.775s] -- Up-to-date: /home/giorgio/Webots/install/aruco_msgs/lib/python3.12/site-packages/aruco_msgs/aruco_msgs_s__rosidl_typesupport_c.so
[0.775s] -- Up-to-date: /home/giorgio/Webots/install/aruco_msgs/lib/python3.12/site-packages/aruco_msgs/_aruco_msgs_s.ep.rosidl_typesupport_introspection_c.c
[0.775s] -- Up-to-date: /home/giorgio/Webots/install/aruco_msgs/lib/python3.12/site-packages/aruco_msgs/_aruco_msgs_s.ep.rosidl_typesupport_c.c
[0.776s] -- Up-to-date: /home/giorgio/Webots/install/aruco_msgs/lib/python3.12/site-packages/aruco_msgs/aruco_msgs_s__rosidl_typesupport_fastrtps_c.so
[0.816s] Listing '/home/giorgio/Webots/install/aruco_msgs/lib/python3.12/site-packages/aruco_msgs'...
[0.816s] Listing '/home/giorgio/Webots/install/aruco_msgs/lib/python3.12/site-packages/aruco_msgs/msg'...
[0.823s] -- Up-to-date: /home/giorgio/Webots/install/aruco_msgs/lib/python3.12/site-packages/aruco_msgs/aruco_msgs_s__rosidl_typesupport_fastrtps_c.so
[0.824s] -- Up-to-date: /home/giorgio/Webots/install/aruco_msgs/lib/python3.12/site-packages/aruco_msgs/aruco_msgs_s__rosidl_typesupport_introspection_c.so
[0.825s] -- Up-to-date: /home/giorgio/Webots/install/aruco_msgs/lib/python3.12/site-packages/aruco_msgs/aruco_msgs_s__rosidl_typesupport_c.so
[0.827s] -- Up-to-date: /home/giorgio/Webots/install/aruco_msgs/lib/libaruco_msgs__rosidl_generator_py.so
[0.827s] -- Up-to-date: /home/giorgio/Webots/install/aruco_msgs/share/aruco_msgs/msg/Marker.idl
[0.827s] -- Up-to-date: /home/giorgio/Webots/install/aruco_msgs/share/aruco_msgs/msg/MarkerArray.idl
[0.828s] -- Up-to-date: /home/giorgio/Webots/install/aruco_msgs/share/aruco_msgs/msg/Marker.msg
[0.828s] -- Up-to-date: /home/giorgio/Webots/install/aruco_msgs/share/aruco_msgs/msg/MarkerArray.msg
[0.828s] -- Up-to-date: /home/giorgio/Webots/install/aruco_msgs/share/ament_index/resource_index/package_run_dependencies/aruco_msgs
[0.829s] -- Up-to-date: /home/giorgio/Webots/install/aruco_msgs/share/ament_index/resource_index/parent_prefix_path/aruco_msgs
[0.829s] -- Up-to-date: /home/giorgio/Webots/install/aruco_msgs/share/aruco_msgs/environment/ament_prefix_path.sh
[0.829s] -- Up-to-date: /home/giorgio/Webots/install/aruco_msgs/share/aruco_msgs/environment/ament_prefix_path.dsv
[0.830s] -- Up-to-date: /home/giorgio/Webots/install/aruco_msgs/share/aruco_msgs/environment/path.sh
[0.830s] -- Up-to-date: /home/giorgio/Webots/install/aruco_msgs/share/aruco_msgs/environment/path.dsv
[0.830s] -- Up-to-date: /home/giorgio/Webots/install/aruco_msgs/share/aruco_msgs/local_setup.bash
[0.830s] -- Up-to-date: /home/giorgio/Webots/install/aruco_msgs/share/aruco_msgs/local_setup.sh
[0.830s] -- Up-to-date: /home/giorgio/Webots/install/aruco_msgs/share/aruco_msgs/local_setup.zsh
[0.831s] -- Up-to-date: /home/giorgio/Webots/install/aruco_msgs/share/aruco_msgs/local_setup.dsv
[0.831s] -- Installing: /home/giorgio/Webots/install/aruco_msgs/share/aruco_msgs/package.dsv
[0.831s] -- Up-to-date: /home/giorgio/Webots/install/aruco_msgs/share/ament_index/resource_index/packages/aruco_msgs
[0.833s] -- Up-to-date: /home/giorgio/Webots/install/aruco_msgs/share/aruco_msgs/cmake/export_aruco_msgs__rosidl_generator_cExport.cmake
[0.834s] -- Up-to-date: /home/giorgio/Webots/install/aruco_msgs/share/aruco_msgs/cmake/export_aruco_msgs__rosidl_generator_cExport-noconfig.cmake
[0.835s] -- Up-to-date: /home/giorgio/Webots/install/aruco_msgs/share/aruco_msgs/cmake/export_aruco_msgs__rosidl_typesupport_fastrtps_cExport.cmake
[0.835s] -- Up-to-date: /home/giorgio/Webots/install/aruco_msgs/share/aruco_msgs/cmake/export_aruco_msgs__rosidl_typesupport_fastrtps_cExport-noconfig.cmake
[0.836s] -- Up-to-date: /home/giorgio/Webots/install/aruco_msgs/share/aruco_msgs/cmake/export_aruco_msgs__rosidl_generator_cppExport.cmake
[0.837s] -- Up-to-date: /home/giorgio/Webots/install/aruco_msgs/share/aruco_msgs/cmake/export_aruco_msgs__rosidl_typesupport_fastrtps_cppExport.cmake
[0.837s] -- Up-to-date: /home/giorgio/Webots/install/aruco_msgs/share/aruco_msgs/cmake/export_aruco_msgs__rosidl_typesupport_fastrtps_cppExport-noconfig.cmake
[0.838s] -- Up-to-date: /home/giorgio/Webots/install/aruco_msgs/share/aruco_msgs/cmake/aruco_msgs__rosidl_typesupport_introspection_cExport.cmake
[0.838s] -- Up-to-date: /home/giorgio/Webots/install/aruco_msgs/share/aruco_msgs/cmake/aruco_msgs__rosidl_typesupport_introspection_cExport-noconfig.cmake
[0.839s] -- Up-to-date: /home/giorgio/Webots/install/aruco_msgs/share/aruco_msgs/cmake/aruco_msgs__rosidl_typesupport_cExport.cmake
[0.839s] -- Up-to-date: /home/giorgio/Webots/install/aruco_msgs/share/aruco_msgs/cmake/aruco_msgs__rosidl_typesupport_cExport-noconfig.cmake
[0.840s] -- Up-to-date: /home/giorgio/Webots/install/aruco_msgs/share/aruco_msgs/cmake/aruco_msgs__rosidl_typesupport_introspection_cppExport.cmake
[0.840s] -- Up-to-date: /home/giorgio/Webots/install/aruco_msgs/share/aruco_msgs/cmake/aruco_msgs__rosidl_typesupport_introspection_cppExport-noconfig.cmake
[0.841s] -- Up-to-date: /home/giorgio/Webots/install/aruco_msgs/share/aruco_msgs/cmake/aruco_msgs__rosidl_typesupport_cppExport.cmake
[0.841s] -- Up-to-date: /home/giorgio/Webots/install/aruco_msgs/share/aruco_msgs/cmake/aruco_msgs__rosidl_typesupport_cppExport-noconfig.cmake
[0.842s] -- Up-to-date: /home/giorgio/Webots/install/aruco_msgs/share/aruco_msgs/cmake/export_aruco_msgs__rosidl_generator_pyExport.cmake
[0.842s] -- Up-to-date: /home/giorgio/Webots/install/aruco_msgs/share/aruco_msgs/cmake/export_aruco_msgs__rosidl_generator_pyExport-noconfig.cmake
[0.842s] -- Up-to-date: /home/giorgio/Webots/install/aruco_msgs/share/aruco_msgs/cmake/rosidl_cmake-extras.cmake
[0.842s] -- Up-to-date: /home/giorgio/Webots/install/aruco_msgs/share/aruco_msgs/cmake/ament_cmake_export_dependencies-extras.cmake
[0.842s] -- Up-to-date: /home/giorgio/Webots/install/aruco_msgs/share/aruco_msgs/cmake/ament_cmake_export_include_directories-extras.cmake
[0.843s] -- Up-to-date: /home/giorgio/Webots/install/aruco_msgs/share/aruco_msgs/cmake/ament_cmake_export_libraries-extras.cmake
[0.843s] -- Up-to-date: /home/giorgio/Webots/install/aruco_msgs/share/aruco_msgs/cmake/ament_cmake_export_targets-extras.cmake
[0.843s] -- Up-to-date: /home/giorgio/Webots/install/aruco_msgs/share/aruco_msgs/cmake/rosidl_cmake_export_typesupport_targets-extras.cmake
[0.843s] -- Up-to-date: /home/giorgio/Webots/install/aruco_msgs/share/aruco_msgs/cmake/rosidl_cmake_export_typesupport_libraries-extras.cmake
[0.843s] -- Up-to-date: /home/giorgio/Webots/install/aruco_msgs/share/aruco_msgs/cmake/aruco_msgsConfig.cmake
[0.843s] -- Up-to-date: /home/giorgio/Webots/install/aruco_msgs/share/aruco_msgs/cmake/aruco_msgsConfig-version.cmake
[0.843s] -- Up-to-date: /home/giorgio/Webots/install/aruco_msgs/share/aruco_msgs/package.xml
[0.847s] Invoked command in '/home/giorgio/Webots/build/aruco_msgs' returned '0': CMAKE_PREFIX_PATH=${CMAKE_PREFIX_PATH}:/home/giorgio/Webots/install/webots_hospital_youbot:/home/giorgio/Webots/install/webots:/home/giorgio/Webots/install/util:/opt/ros/jazzy DEBUGINFOD_URLS=https://debuginfod.ubuntu.com /usr/bin/cmake --install /home/giorgio/Webots/build/aruco_msgs
