[1.115s] Invoking command in '/home/giorgio/Webots/src/webots_tutorial': DEBUGINFOD_URLS=https://debuginfod.ubuntu.com PYTHONPATH=/home/giorgio/Webots/build/webots/prefix_override:/usr/lib/python3/dist-packages/colcon_core/task/python/colcon_distutils_commands:/home/giorgio/Webots/install/webots/lib/python3.12/site-packages:${PYTHONPATH} /usr/bin/python3 -W ignore:setup.py install is deprecated -W ignore:easy_install command is deprecated setup.py egg_info --egg-base ../../build/webots build --build-base /home/giorgio/Webots/build/webots/build install --record /home/giorgio/Webots/build/webots/install.log --single-version-externally-managed install_data
[1.498s] running egg_info
[1.523s] writing ../../build/webots/webots.egg-info/PKG-INFO
[1.525s] writing dependency_links to ../../build/webots/webots.egg-info/dependency_links.txt
[1.526s] writing requirements to ../../build/webots/webots.egg-info/requires.txt
[1.527s] writing top-level names to ../../build/webots/webots.egg-info/top_level.txt
[1.568s] reading manifest file '../../build/webots/webots.egg-info/SOURCES.txt'
[1.569s] adding license file 'LICENSE'
[1.570s] writing manifest file '../../build/webots/webots.egg-info/SOURCES.txt'
[1.571s] running build
[1.571s] running build_py
[1.572s] running install
[1.577s] running install_lib
[1.609s] running install_data
[1.610s] running install_egg_info
[1.643s] removing '/home/giorgio/Webots/install/webots/lib/python3.12/site-packages/webots-0.0.0-py3.12.egg-info' (and everything under it)
[1.644s] Copying ../../build/webots/webots.egg-info to /home/giorgio/Webots/install/webots/lib/python3.12/site-packages/webots-0.0.0-py3.12.egg-info
[1.644s] running install_scripts
[1.809s] writing list of installed files to '/home/giorgio/Webots/build/webots/install.log'
[1.859s] Invoked command in '/home/giorgio/Webots/src/webots_tutorial' returned '0': DEBUGINFOD_URLS=https://debuginfod.ubuntu.com PYTHONPATH=/home/giorgio/Webots/build/webots/prefix_override:/usr/lib/python3/dist-packages/colcon_core/task/python/colcon_distutils_commands:/home/giorgio/Webots/install/webots/lib/python3.12/site-packages:${PYTHONPATH} /usr/bin/python3 -W ignore:setup.py install is deprecated -W ignore:easy_install command is deprecated setup.py egg_info --egg-base ../../build/webots build --build-base /home/giorgio/Webots/build/webots/build install --record /home/giorgio/Webots/build/webots/install.log --single-version-externally-managed install_data
