[0.010s] Invoking command in '/home/giorgio/Webots/build/aruco_msgs': CMAKE_PREFIX_PATH=${CMAKE_PREFIX_PATH}:/opt/ros/jazzy DEBUGINFOD_URLS=https://debuginfod.ubuntu.com /usr/bin/cmake /home/giorgio/Webots/src/aruco_msgs -DCMAKE_INSTALL_PREFIX=/home/giorgio/Webots/install/aruco_msgs
[0.089s] -- The C compiler identification is GNU 13.3.0
[0.135s] -- The CXX compiler identification is GNU 13.3.0
[0.153s] -- Detecting C compiler ABI info
[0.306s] -- Detecting C compiler ABI info - done
[0.315s] -- Check for working C compiler: /usr/bin/cc - skipped
[0.315s] -- Detecting C compile features
[0.315s] -- Detecting C compile features - done
[0.325s] -- Detecting CXX compiler ABI info
[0.419s] -- Detecting CXX compiler ABI info - done
[0.424s] -- Check for working CXX compiler: /usr/bin/c++ - skipped
[0.425s] -- Detecting CXX compile features
[0.425s] -- Detecting CXX compile features - done
[0.427s] -- Found ament_cmake: 2.5.4 (/opt/ros/jazzy/share/ament_cmake/cmake)
[0.552s] -- Found Python3: /usr/bin/python3 (found version "3.12.3") found components: Interpreter 
[0.636s] -- Found std_msgs: 5.3.6 (/opt/ros/jazzy/share/std_msgs/cmake)
[0.665s] -- Found rosidl_generator_c: 4.6.6 (/opt/ros/jazzy/share/rosidl_generator_c/cmake)
[0.676s] -- Found rosidl_generator_cpp: 4.6.6 (/opt/ros/jazzy/share/rosidl_generator_cpp/cmake)
[0.688s] -- Using all available rosidl_typesupport_c: rosidl_typesupport_fastrtps_c;rosidl_typesupport_introspection_c
[0.703s] -- Using all available rosidl_typesupport_cpp: rosidl_typesupport_fastrtps_cpp;rosidl_typesupport_introspection_cpp
[0.730s] -- Found geometry_msgs: 5.3.6 (/opt/ros/jazzy/share/geometry_msgs/cmake)
[0.743s] -- Found rosidl_default_generators: 1.6.0 (/opt/ros/jazzy/share/rosidl_default_generators/cmake)
[0.756s] -- Found rosidl_adapter: 4.6.6 (/opt/ros/jazzy/share/rosidl_adapter/cmake)
[1.281s] -- Found ament_cmake_ros: 0.12.0 (/opt/ros/jazzy/share/ament_cmake_ros/cmake)
[1.997s] -- Using all available rosidl_typesupport_c: rosidl_typesupport_fastrtps_c;rosidl_typesupport_introspection_c
[2.322s] -- Using all available rosidl_typesupport_cpp: rosidl_typesupport_fastrtps_cpp;rosidl_typesupport_introspection_cpp
[2.329s] -- Found python_cmake_module: 0.11.1 (/opt/ros/jazzy/share/python_cmake_module/cmake)
[2.510s] -- Found PythonExtra: /usr/bin/python3  
[3.171s] -- Found Python3: /usr/bin/python3 (found version "3.12.3") found components: Interpreter Development NumPy Development.Module Development.Embed 
[3.282s] -- Found ament_lint_auto: 0.17.3 (/opt/ros/jazzy/share/ament_lint_auto/cmake)
[3.320s] -- Added test 'copyright' to check source files copyright and LICENSE
[3.322s] -- Added test 'lint_cmake' to check CMake code style
[3.325s] -- Added test 'xmllint' to check XML markup files
[3.329s] -- Configuring done (3.3s)
[3.389s] -- Generating done (0.0s)
[3.400s] -- Build files have been written to: /home/giorgio/Webots/build/aruco_msgs
[3.408s] Invoked command in '/home/giorgio/Webots/build/aruco_msgs' returned '0': CMAKE_PREFIX_PATH=${CMAKE_PREFIX_PATH}:/opt/ros/jazzy DEBUGINFOD_URLS=https://debuginfod.ubuntu.com /usr/bin/cmake /home/giorgio/Webots/src/aruco_msgs -DCMAKE_INSTALL_PREFIX=/home/giorgio/Webots/install/aruco_msgs
[3.409s] Invoking command in '/home/giorgio/Webots/build/aruco_msgs': CMAKE_PREFIX_PATH=${CMAKE_PREFIX_PATH}:/opt/ros/jazzy DEBUGINFOD_URLS=https://debuginfod.ubuntu.com /usr/bin/cmake --build /home/giorgio/Webots/build/aruco_msgs -- -j2 -l2
[3.475s] [  2%] [34m[1mGenerating type hashes for ROS interfaces[0m
[3.507s] [  2%] Built target ament_cmake_python_copy_aruco_msgs
[3.723s] [  2%] Built target aruco_msgs__rosidl_generator_type_description
[3.742s] [  4%] [34m[1mGenerating C++ code for ROS interfaces[0m
[3.966s] running egg_info
[3.970s] creating aruco_msgs.egg-info
[4.002s] writing aruco_msgs.egg-info/PKG-INFO
[4.003s] writing dependency_links to aruco_msgs.egg-info/dependency_links.txt
[4.003s] writing top-level names to aruco_msgs.egg-info/top_level.txt
[4.003s] writing manifest file 'aruco_msgs.egg-info/SOURCES.txt'
[4.084s] reading manifest file 'aruco_msgs.egg-info/SOURCES.txt'
[4.084s] writing manifest file 'aruco_msgs.egg-info/SOURCES.txt'
[4.137s] [  4%] Built target ament_cmake_python_build_aruco_msgs_egg
[4.163s] [  6%] [34m[1mGenerating C code for ROS interfaces[0m
[4.329s] [  6%] Built target aruco_msgs__cpp
[4.629s] [  9%] [32mBuilding C object CMakeFiles/aruco_msgs__rosidl_generator_c.dir/rosidl_generator_c/aruco_msgs/msg/detail/marker__functions.c.o[0m
[4.632s] [ 11%] [32mBuilding C object CMakeFiles/aruco_msgs__rosidl_generator_c.dir/rosidl_generator_c/aruco_msgs/msg/detail/marker__description.c.o[0m
[4.708s] [ 13%] [32mBuilding C object CMakeFiles/aruco_msgs__rosidl_generator_c.dir/rosidl_generator_c/aruco_msgs/msg/detail/marker__type_support.c.o[0m
[4.713s] [ 15%] [32mBuilding C object CMakeFiles/aruco_msgs__rosidl_generator_c.dir/rosidl_generator_c/aruco_msgs/msg/detail/marker_array__description.c.o[0m
[4.761s] [ 18%] [32mBuilding C object CMakeFiles/aruco_msgs__rosidl_generator_c.dir/rosidl_generator_c/aruco_msgs/msg/detail/marker_array__functions.c.o[0m
[4.793s] [ 20%] [32mBuilding C object CMakeFiles/aruco_msgs__rosidl_generator_c.dir/rosidl_generator_c/aruco_msgs/msg/detail/marker_array__type_support.c.o[0m
[4.850s] [ 22%] [32m[1mLinking C shared library libaruco_msgs__rosidl_generator_c.so[0m
[4.952s] [ 22%] Built target aruco_msgs__rosidl_generator_c
[4.972s] [ 25%] [34m[1mGenerating C++ type support dispatch for ROS interfaces[0m
[4.983s] [ 27%] [34m[1mGenerating C type support for eProsima Fast-RTPS[0m
[5.418s] [ 29%] [32mBuilding CXX object CMakeFiles/aruco_msgs__rosidl_typesupport_cpp.dir/rosidl_typesupport_cpp/aruco_msgs/msg/marker__type_support.cpp.o[0m
[5.510s] [ 31%] [32mBuilding CXX object CMakeFiles/aruco_msgs__rosidl_typesupport_fastrtps_c.dir/rosidl_typesupport_fastrtps_c/aruco_msgs/msg/detail/marker__type_support_c.cpp.o[0m
[5.843s] [ 34%] [32mBuilding CXX object CMakeFiles/aruco_msgs__rosidl_typesupport_cpp.dir/rosidl_typesupport_cpp/aruco_msgs/msg/marker_array__type_support.cpp.o[0m
[6.222s] [ 36%] [32m[1mLinking CXX shared library libaruco_msgs__rosidl_typesupport_cpp.so[0m
[6.309s] [ 36%] Built target aruco_msgs__rosidl_typesupport_cpp
[6.309s] [ 38%] [32mBuilding CXX object CMakeFiles/aruco_msgs__rosidl_typesupport_fastrtps_c.dir/rosidl_typesupport_fastrtps_c/aruco_msgs/msg/detail/marker_array__type_support_c.cpp.o[0m
[6.329s] [ 40%] [34m[1mGenerating C++ type support for eProsima Fast-RTPS[0m
[6.844s] [ 43%] [32mBuilding CXX object CMakeFiles/aruco_msgs__rosidl_typesupport_fastrtps_cpp.dir/rosidl_typesupport_fastrtps_cpp/aruco_msgs/msg/detail/dds_fastrtps/marker__type_support.cpp.o[0m
[7.152s] [ 45%] [32m[1mLinking CXX shared library libaruco_msgs__rosidl_typesupport_fastrtps_c.so[0m
[7.257s] [ 45%] Built target aruco_msgs__rosidl_typesupport_fastrtps_c
[7.282s] [ 47%] [34m[1mGenerating C introspection for ROS interfaces[0m
[7.838s] [ 50%] [32mBuilding CXX object CMakeFiles/aruco_msgs__rosidl_typesupport_fastrtps_cpp.dir/rosidl_typesupport_fastrtps_cpp/aruco_msgs/msg/detail/dds_fastrtps/marker_array__type_support.cpp.o[0m
[7.891s] [ 52%] [32mBuilding C object CMakeFiles/aruco_msgs__rosidl_typesupport_introspection_c.dir/rosidl_typesupport_introspection_c/aruco_msgs/msg/detail/marker__type_support.c.o[0m
[7.977s] [ 54%] [32mBuilding C object CMakeFiles/aruco_msgs__rosidl_typesupport_introspection_c.dir/rosidl_typesupport_introspection_c/aruco_msgs/msg/detail/marker_array__type_support.c.o[0m
[8.068s] [ 56%] [32m[1mLinking C shared library libaruco_msgs__rosidl_typesupport_introspection_c.so[0m
[8.147s] [ 56%] Built target aruco_msgs__rosidl_typesupport_introspection_c
[8.172s] [ 59%] [34m[1mGenerating C type support dispatch for ROS interfaces[0m
[8.644s] [ 61%] [32mBuilding CXX object CMakeFiles/aruco_msgs__rosidl_typesupport_c.dir/rosidl_typesupport_c/aruco_msgs/msg/marker__type_support.cpp.o[0m
[8.721s] [ 63%] [32mBuilding CXX object CMakeFiles/aruco_msgs__rosidl_typesupport_c.dir/rosidl_typesupport_c/aruco_msgs/msg/marker_array__type_support.cpp.o[0m
[8.804s] [ 65%] [32m[1mLinking CXX shared library libaruco_msgs__rosidl_typesupport_c.so[0m
[8.856s] [ 68%] [32m[1mLinking CXX shared library libaruco_msgs__rosidl_typesupport_fastrtps_cpp.so[0m
[8.914s] [ 68%] Built target aruco_msgs__rosidl_typesupport_c
[8.934s] [ 70%] [34m[1mGenerating C++ introspection for ROS interfaces[0m
[9.030s] [ 70%] Built target aruco_msgs__rosidl_typesupport_fastrtps_cpp
[9.299s] [ 72%] [32mBuilding CXX object CMakeFiles/aruco_msgs__rosidl_typesupport_introspection_cpp.dir/rosidl_typesupport_introspection_cpp/aruco_msgs/msg/detail/marker_array__type_support.cpp.o[0m
[9.299s] [ 75%] [32mBuilding CXX object CMakeFiles/aruco_msgs__rosidl_typesupport_introspection_cpp.dir/rosidl_typesupport_introspection_cpp/aruco_msgs/msg/detail/marker__type_support.cpp.o[0m
[9.844s] [ 77%] [32m[1mLinking CXX shared library libaruco_msgs__rosidl_typesupport_introspection_cpp.so[0m
[10.012s] [ 77%] Built target aruco_msgs__rosidl_typesupport_introspection_cpp
[10.036s] [ 77%] Built target aruco_msgs
[10.058s] [ 79%] [34m[1mGenerating Python code for ROS interfaces[0m
[10.353s] [ 79%] Built target aruco_msgs__py
[10.374s] [ 81%] [32mBuilding C object CMakeFiles/aruco_msgs__rosidl_generator_py.dir/rosidl_generator_py/aruco_msgs/msg/_marker_s.c.o[0m
[10.380s] [ 84%] [32mBuilding C object CMakeFiles/aruco_msgs__rosidl_generator_py.dir/rosidl_generator_py/aruco_msgs/msg/_marker_array_s.c.o[0m
[10.523s] [ 86%] [32m[1mLinking C shared library libaruco_msgs__rosidl_generator_py.so[0m
[10.565s] [ 86%] Built target aruco_msgs__rosidl_generator_py
[10.585s] [ 88%] [32mBuilding C object CMakeFiles/aruco_msgs_s__rosidl_typesupport_introspection_c.dir/rosidl_generator_py/aruco_msgs/_aruco_msgs_s.ep.rosidl_typesupport_introspection_c.c.o[0m
[10.610s] [ 90%] [32mBuilding C object CMakeFiles/aruco_msgs_s__rosidl_typesupport_fastrtps_c.dir/rosidl_generator_py/aruco_msgs/_aruco_msgs_s.ep.rosidl_typesupport_fastrtps_c.c.o[0m
[10.694s] [ 93%] [32m[1mLinking C shared module rosidl_generator_py/aruco_msgs/aruco_msgs_s__rosidl_typesupport_introspection_c.so[0m
[10.723s] [ 93%] Built target aruco_msgs_s__rosidl_typesupport_introspection_c
[10.749s] [ 95%] [32mBuilding C object CMakeFiles/aruco_msgs_s__rosidl_typesupport_c.dir/rosidl_generator_py/aruco_msgs/_aruco_msgs_s.ep.rosidl_typesupport_c.c.o[0m
[10.797s] [ 97%] [32m[1mLinking C shared module rosidl_generator_py/aruco_msgs/aruco_msgs_s__rosidl_typesupport_fastrtps_c.so[0m
[10.845s] [100%] [32m[1mLinking C shared module rosidl_generator_py/aruco_msgs/aruco_msgs_s__rosidl_typesupport_c.so[0m
[10.862s] [100%] Built target aruco_msgs_s__rosidl_typesupport_fastrtps_c
[10.883s] [100%] Built target aruco_msgs_s__rosidl_typesupport_c
[10.893s] Invoked command in '/home/giorgio/Webots/build/aruco_msgs' returned '0': CMAKE_PREFIX_PATH=${CMAKE_PREFIX_PATH}:/opt/ros/jazzy DEBUGINFOD_URLS=https://debuginfod.ubuntu.com /usr/bin/cmake --build /home/giorgio/Webots/build/aruco_msgs -- -j2 -l2
[10.894s] Invoking command in '/home/giorgio/Webots/build/aruco_msgs': CMAKE_PREFIX_PATH=${CMAKE_PREFIX_PATH}:/opt/ros/jazzy DEBUGINFOD_URLS=https://debuginfod.ubuntu.com /usr/bin/cmake --install /home/giorgio/Webots/build/aruco_msgs
[10.902s] -- Install configuration: ""
[10.902s] -- Installing: /home/giorgio/Webots/install/aruco_msgs/share/ament_index/resource_index/rosidl_interfaces/aruco_msgs
[10.903s] -- Installing: /home/giorgio/Webots/install/aruco_msgs/share/aruco_msgs/msg/Marker.json
[10.903s] -- Installing: /home/giorgio/Webots/install/aruco_msgs/share/aruco_msgs/msg/MarkerArray.json
[10.903s] -- Installing: /home/giorgio/Webots/install/aruco_msgs/include/aruco_msgs/aruco_msgs
[10.903s] -- Installing: /home/giorgio/Webots/install/aruco_msgs/include/aruco_msgs/aruco_msgs/msg
[10.903s] -- Installing: /home/giorgio/Webots/install/aruco_msgs/include/aruco_msgs/aruco_msgs/msg/rosidl_generator_c__visibility_control.h
[10.904s] -- Installing: /home/giorgio/Webots/install/aruco_msgs/include/aruco_msgs/aruco_msgs/msg/marker.h
[10.904s] -- Installing: /home/giorgio/Webots/install/aruco_msgs/include/aruco_msgs/aruco_msgs/msg/detail
[10.904s] -- Installing: /home/giorgio/Webots/install/aruco_msgs/include/aruco_msgs/aruco_msgs/msg/detail/marker_array__type_support.h
[10.904s] -- Installing: /home/giorgio/Webots/install/aruco_msgs/include/aruco_msgs/aruco_msgs/msg/detail/marker_array__struct.h
[10.904s] -- Installing: /home/giorgio/Webots/install/aruco_msgs/include/aruco_msgs/aruco_msgs/msg/detail/marker__type_support.h
[10.904s] -- Installing: /home/giorgio/Webots/install/aruco_msgs/include/aruco_msgs/aruco_msgs/msg/detail/marker_array__description.c
[10.904s] -- Installing: /home/giorgio/Webots/install/aruco_msgs/include/aruco_msgs/aruco_msgs/msg/detail/marker__functions.h
[10.905s] -- Installing: /home/giorgio/Webots/install/aruco_msgs/include/aruco_msgs/aruco_msgs/msg/detail/marker_array__functions.c
[10.905s] -- Installing: /home/giorgio/Webots/install/aruco_msgs/include/aruco_msgs/aruco_msgs/msg/detail/marker__type_support.c
[10.905s] -- Installing: /home/giorgio/Webots/install/aruco_msgs/include/aruco_msgs/aruco_msgs/msg/detail/marker__struct.h
[10.905s] -- Installing: /home/giorgio/Webots/install/aruco_msgs/include/aruco_msgs/aruco_msgs/msg/detail/marker_array__functions.h
[10.906s] -- Installing: /home/giorgio/Webots/install/aruco_msgs/include/aruco_msgs/aruco_msgs/msg/detail/marker__functions.c
[10.907s] -- Installing: /home/giorgio/Webots/install/aruco_msgs/include/aruco_msgs/aruco_msgs/msg/detail/marker__description.c
[10.907s] -- Installing: /home/giorgio/Webots/install/aruco_msgs/include/aruco_msgs/aruco_msgs/msg/detail/marker_array__type_support.c
[10.907s] -- Installing: /home/giorgio/Webots/install/aruco_msgs/include/aruco_msgs/aruco_msgs/msg/marker_array.h
[10.907s] -- Installing: /home/giorgio/Webots/install/aruco_msgs/share/aruco_msgs/environment/library_path.sh
[10.907s] -- Installing: /home/giorgio/Webots/install/aruco_msgs/share/aruco_msgs/environment/library_path.dsv
[10.907s] -- Installing: /home/giorgio/Webots/install/aruco_msgs/lib/libaruco_msgs__rosidl_generator_c.so
[10.908s] -- Set non-toolchain portion of runtime path of "/home/giorgio/Webots/install/aruco_msgs/lib/libaruco_msgs__rosidl_generator_c.so" to ""
[10.908s] -- Up-to-date: /home/giorgio/Webots/install/aruco_msgs/include/aruco_msgs/aruco_msgs
[10.908s] -- Up-to-date: /home/giorgio/Webots/install/aruco_msgs/include/aruco_msgs/aruco_msgs/msg
[10.908s] -- Up-to-date: /home/giorgio/Webots/install/aruco_msgs/include/aruco_msgs/aruco_msgs/msg/detail
[10.908s] -- Installing: /home/giorgio/Webots/install/aruco_msgs/include/aruco_msgs/aruco_msgs/msg/detail/marker_array__rosidl_typesupport_fastrtps_c.h
[10.908s] -- Installing: /home/giorgio/Webots/install/aruco_msgs/include/aruco_msgs/aruco_msgs/msg/detail/marker__rosidl_typesupport_fastrtps_c.h
[10.908s] -- Installing: /home/giorgio/Webots/install/aruco_msgs/include/aruco_msgs/aruco_msgs/msg/rosidl_typesupport_fastrtps_c__visibility_control.h
[10.909s] -- Installing: /home/giorgio/Webots/install/aruco_msgs/lib/libaruco_msgs__rosidl_typesupport_fastrtps_c.so
[10.909s] -- Set non-toolchain portion of runtime path of "/home/giorgio/Webots/install/aruco_msgs/lib/libaruco_msgs__rosidl_typesupport_fastrtps_c.so" to ""
[10.909s] -- Up-to-date: /home/giorgio/Webots/install/aruco_msgs/include/aruco_msgs/aruco_msgs
[10.909s] -- Up-to-date: /home/giorgio/Webots/install/aruco_msgs/include/aruco_msgs/aruco_msgs/msg
[10.909s] -- Up-to-date: /home/giorgio/Webots/install/aruco_msgs/include/aruco_msgs/aruco_msgs/msg/detail
[10.909s] -- Installing: /home/giorgio/Webots/install/aruco_msgs/include/aruco_msgs/aruco_msgs/msg/detail/marker_array__builder.hpp
[10.910s] -- Installing: /home/giorgio/Webots/install/aruco_msgs/include/aruco_msgs/aruco_msgs/msg/detail/marker__builder.hpp
[10.910s] -- Installing: /home/giorgio/Webots/install/aruco_msgs/include/aruco_msgs/aruco_msgs/msg/detail/marker__struct.hpp
[10.910s] -- Installing: /home/giorgio/Webots/install/aruco_msgs/include/aruco_msgs/aruco_msgs/msg/detail/marker_array__type_support.hpp
[10.910s] -- Installing: /home/giorgio/Webots/install/aruco_msgs/include/aruco_msgs/aruco_msgs/msg/detail/marker__type_support.hpp
[10.910s] -- Installing: /home/giorgio/Webots/install/aruco_msgs/include/aruco_msgs/aruco_msgs/msg/detail/marker__traits.hpp
[10.910s] -- Installing: /home/giorgio/Webots/install/aruco_msgs/include/aruco_msgs/aruco_msgs/msg/detail/marker_array__struct.hpp
[10.910s] -- Installing: /home/giorgio/Webots/install/aruco_msgs/include/aruco_msgs/aruco_msgs/msg/detail/marker_array__traits.hpp
[10.910s] -- Installing: /home/giorgio/Webots/install/aruco_msgs/include/aruco_msgs/aruco_msgs/msg/marker.hpp
[10.911s] -- Installing: /home/giorgio/Webots/install/aruco_msgs/include/aruco_msgs/aruco_msgs/msg/rosidl_generator_cpp__visibility_control.hpp
[10.911s] -- Installing: /home/giorgio/Webots/install/aruco_msgs/include/aruco_msgs/aruco_msgs/msg/marker_array.hpp
[10.911s] -- Up-to-date: /home/giorgio/Webots/install/aruco_msgs/include/aruco_msgs/aruco_msgs
[10.911s] -- Up-to-date: /home/giorgio/Webots/install/aruco_msgs/include/aruco_msgs/aruco_msgs/msg
[10.911s] -- Up-to-date: /home/giorgio/Webots/install/aruco_msgs/include/aruco_msgs/aruco_msgs/msg/detail
[10.911s] -- Installing: /home/giorgio/Webots/install/aruco_msgs/include/aruco_msgs/aruco_msgs/msg/detail/dds_fastrtps
[10.911s] -- Installing: /home/giorgio/Webots/install/aruco_msgs/include/aruco_msgs/aruco_msgs/msg/detail/marker__rosidl_typesupport_fastrtps_cpp.hpp
[10.912s] -- Installing: /home/giorgio/Webots/install/aruco_msgs/include/aruco_msgs/aruco_msgs/msg/detail/marker_array__rosidl_typesupport_fastrtps_cpp.hpp
[10.912s] -- Installing: /home/giorgio/Webots/install/aruco_msgs/include/aruco_msgs/aruco_msgs/msg/rosidl_typesupport_fastrtps_cpp__visibility_control.h
[10.912s] -- Installing: /home/giorgio/Webots/install/aruco_msgs/lib/libaruco_msgs__rosidl_typesupport_fastrtps_cpp.so
[10.912s] -- Set non-toolchain portion of runtime path of "/home/giorgio/Webots/install/aruco_msgs/lib/libaruco_msgs__rosidl_typesupport_fastrtps_cpp.so" to ""
[10.912s] -- Up-to-date: /home/giorgio/Webots/install/aruco_msgs/include/aruco_msgs/aruco_msgs
[10.912s] -- Up-to-date: /home/giorgio/Webots/install/aruco_msgs/include/aruco_msgs/aruco_msgs/msg
[10.913s] -- Installing: /home/giorgio/Webots/install/aruco_msgs/include/aruco_msgs/aruco_msgs/msg/rosidl_typesupport_introspection_c__visibility_control.h
[10.913s] -- Up-to-date: /home/giorgio/Webots/install/aruco_msgs/include/aruco_msgs/aruco_msgs/msg/detail
[10.913s] -- Installing: /home/giorgio/Webots/install/aruco_msgs/include/aruco_msgs/aruco_msgs/msg/detail/marker__type_support.c
[10.913s] -- Installing: /home/giorgio/Webots/install/aruco_msgs/include/aruco_msgs/aruco_msgs/msg/detail/marker__rosidl_typesupport_introspection_c.h
[10.913s] -- Installing: /home/giorgio/Webots/install/aruco_msgs/include/aruco_msgs/aruco_msgs/msg/detail/marker_array__rosidl_typesupport_introspection_c.h
[10.913s] -- Installing: /home/giorgio/Webots/install/aruco_msgs/include/aruco_msgs/aruco_msgs/msg/detail/marker_array__type_support.c
[10.913s] -- Installing: /home/giorgio/Webots/install/aruco_msgs/lib/libaruco_msgs__rosidl_typesupport_introspection_c.so
[10.914s] -- Set non-toolchain portion of runtime path of "/home/giorgio/Webots/install/aruco_msgs/lib/libaruco_msgs__rosidl_typesupport_introspection_c.so" to ""
[10.914s] -- Installing: /home/giorgio/Webots/install/aruco_msgs/lib/libaruco_msgs__rosidl_typesupport_c.so
[10.914s] -- Set non-toolchain portion of runtime path of "/home/giorgio/Webots/install/aruco_msgs/lib/libaruco_msgs__rosidl_typesupport_c.so" to ""
[10.914s] -- Up-to-date: /home/giorgio/Webots/install/aruco_msgs/include/aruco_msgs/aruco_msgs
[10.915s] -- Up-to-date: /home/giorgio/Webots/install/aruco_msgs/include/aruco_msgs/aruco_msgs/msg
[10.915s] -- Up-to-date: /home/giorgio/Webots/install/aruco_msgs/include/aruco_msgs/aruco_msgs/msg/detail
[10.915s] -- Installing: /home/giorgio/Webots/install/aruco_msgs/include/aruco_msgs/aruco_msgs/msg/detail/marker__type_support.cpp
[10.915s] -- Installing: /home/giorgio/Webots/install/aruco_msgs/include/aruco_msgs/aruco_msgs/msg/detail/marker_array__rosidl_typesupport_introspection_cpp.hpp
[10.915s] -- Installing: /home/giorgio/Webots/install/aruco_msgs/include/aruco_msgs/aruco_msgs/msg/detail/marker__rosidl_typesupport_introspection_cpp.hpp
[10.915s] -- Installing: /home/giorgio/Webots/install/aruco_msgs/include/aruco_msgs/aruco_msgs/msg/detail/marker_array__type_support.cpp
[10.915s] -- Installing: /home/giorgio/Webots/install/aruco_msgs/lib/libaruco_msgs__rosidl_typesupport_introspection_cpp.so
[10.916s] -- Set non-toolchain portion of runtime path of "/home/giorgio/Webots/install/aruco_msgs/lib/libaruco_msgs__rosidl_typesupport_introspection_cpp.so" to ""
[10.916s] -- Installing: /home/giorgio/Webots/install/aruco_msgs/lib/libaruco_msgs__rosidl_typesupport_cpp.so
[10.916s] -- Set non-toolchain portion of runtime path of "/home/giorgio/Webots/install/aruco_msgs/lib/libaruco_msgs__rosidl_typesupport_cpp.so" to ""
[10.916s] -- Installing: /home/giorgio/Webots/install/aruco_msgs/share/aruco_msgs/environment/pythonpath.sh
[10.917s] -- Installing: /home/giorgio/Webots/install/aruco_msgs/share/aruco_msgs/environment/pythonpath.dsv
[10.917s] -- Installing: /home/giorgio/Webots/install/aruco_msgs/lib/python3.12/site-packages/aruco_msgs-5.0.4-py3.12.egg-info
[10.917s] -- Installing: /home/giorgio/Webots/install/aruco_msgs/lib/python3.12/site-packages/aruco_msgs-5.0.4-py3.12.egg-info/PKG-INFO
[10.917s] -- Installing: /home/giorgio/Webots/install/aruco_msgs/lib/python3.12/site-packages/aruco_msgs-5.0.4-py3.12.egg-info/dependency_links.txt
[10.917s] -- Installing: /home/giorgio/Webots/install/aruco_msgs/lib/python3.12/site-packages/aruco_msgs-5.0.4-py3.12.egg-info/SOURCES.txt
[10.918s] -- Installing: /home/giorgio/Webots/install/aruco_msgs/lib/python3.12/site-packages/aruco_msgs-5.0.4-py3.12.egg-info/top_level.txt
[10.918s] -- Installing: /home/giorgio/Webots/install/aruco_msgs/lib/python3.12/site-packages/aruco_msgs
[10.919s] -- Installing: /home/giorgio/Webots/install/aruco_msgs/lib/python3.12/site-packages/aruco_msgs/aruco_msgs_s__rosidl_typesupport_introspection_c.so
[10.919s] -- Installing: /home/giorgio/Webots/install/aruco_msgs/lib/python3.12/site-packages/aruco_msgs/_aruco_msgs_s.ep.rosidl_typesupport_fastrtps_c.c
[10.919s] -- Installing: /home/giorgio/Webots/install/aruco_msgs/lib/python3.12/site-packages/aruco_msgs/msg
[10.920s] -- Installing: /home/giorgio/Webots/install/aruco_msgs/lib/python3.12/site-packages/aruco_msgs/msg/__init__.py
[10.920s] -- Installing: /home/giorgio/Webots/install/aruco_msgs/lib/python3.12/site-packages/aruco_msgs/msg/_marker_array_s.c
[10.921s] -- Installing: /home/giorgio/Webots/install/aruco_msgs/lib/python3.12/site-packages/aruco_msgs/msg/_marker_s.c
[10.921s] -- Installing: /home/giorgio/Webots/install/aruco_msgs/lib/python3.12/site-packages/aruco_msgs/msg/_marker_array.py
[10.921s] -- Installing: /home/giorgio/Webots/install/aruco_msgs/lib/python3.12/site-packages/aruco_msgs/msg/_marker.py
[10.921s] -- Installing: /home/giorgio/Webots/install/aruco_msgs/lib/python3.12/site-packages/aruco_msgs/__init__.py
[10.921s] -- Installing: /home/giorgio/Webots/install/aruco_msgs/lib/python3.12/site-packages/aruco_msgs/aruco_msgs_s__rosidl_typesupport_c.so
[10.922s] -- Installing: /home/giorgio/Webots/install/aruco_msgs/lib/python3.12/site-packages/aruco_msgs/_aruco_msgs_s.ep.rosidl_typesupport_introspection_c.c
[10.922s] -- Installing: /home/giorgio/Webots/install/aruco_msgs/lib/python3.12/site-packages/aruco_msgs/_aruco_msgs_s.ep.rosidl_typesupport_c.c
[10.922s] -- Installing: /home/giorgio/Webots/install/aruco_msgs/lib/python3.12/site-packages/aruco_msgs/aruco_msgs_s__rosidl_typesupport_fastrtps_c.so
[10.959s] Listing '/home/giorgio/Webots/install/aruco_msgs/lib/python3.12/site-packages/aruco_msgs'...
[10.959s] Compiling '/home/giorgio/Webots/install/aruco_msgs/lib/python3.12/site-packages/aruco_msgs/__init__.py'...
[10.959s] Listing '/home/giorgio/Webots/install/aruco_msgs/lib/python3.12/site-packages/aruco_msgs/msg'...
[10.960s] Compiling '/home/giorgio/Webots/install/aruco_msgs/lib/python3.12/site-packages/aruco_msgs/msg/__init__.py'...
[10.960s] Compiling '/home/giorgio/Webots/install/aruco_msgs/lib/python3.12/site-packages/aruco_msgs/msg/_marker.py'...
[10.960s] Compiling '/home/giorgio/Webots/install/aruco_msgs/lib/python3.12/site-packages/aruco_msgs/msg/_marker_array.py'...
[10.964s] -- Installing: /home/giorgio/Webots/install/aruco_msgs/lib/python3.12/site-packages/aruco_msgs/aruco_msgs_s__rosidl_typesupport_fastrtps_c.so
[10.964s] -- Set non-toolchain portion of runtime path of "/home/giorgio/Webots/install/aruco_msgs/lib/python3.12/site-packages/aruco_msgs/aruco_msgs_s__rosidl_typesupport_fastrtps_c.so" to ""
[10.965s] -- Installing: /home/giorgio/Webots/install/aruco_msgs/lib/python3.12/site-packages/aruco_msgs/aruco_msgs_s__rosidl_typesupport_introspection_c.so
[10.965s] -- Set non-toolchain portion of runtime path of "/home/giorgio/Webots/install/aruco_msgs/lib/python3.12/site-packages/aruco_msgs/aruco_msgs_s__rosidl_typesupport_introspection_c.so" to ""
[10.965s] -- Installing: /home/giorgio/Webots/install/aruco_msgs/lib/python3.12/site-packages/aruco_msgs/aruco_msgs_s__rosidl_typesupport_c.so
[10.965s] -- Set non-toolchain portion of runtime path of "/home/giorgio/Webots/install/aruco_msgs/lib/python3.12/site-packages/aruco_msgs/aruco_msgs_s__rosidl_typesupport_c.so" to ""
[10.967s] -- Installing: /home/giorgio/Webots/install/aruco_msgs/lib/libaruco_msgs__rosidl_generator_py.so
[10.967s] -- Set non-toolchain portion of runtime path of "/home/giorgio/Webots/install/aruco_msgs/lib/libaruco_msgs__rosidl_generator_py.so" to ""
[10.967s] -- Installing: /home/giorgio/Webots/install/aruco_msgs/share/aruco_msgs/msg/Marker.idl
[10.967s] -- Installing: /home/giorgio/Webots/install/aruco_msgs/share/aruco_msgs/msg/MarkerArray.idl
[10.967s] -- Installing: /home/giorgio/Webots/install/aruco_msgs/share/aruco_msgs/msg/Marker.msg
[10.968s] -- Installing: /home/giorgio/Webots/install/aruco_msgs/share/aruco_msgs/msg/MarkerArray.msg
[10.968s] -- Installing: /home/giorgio/Webots/install/aruco_msgs/share/ament_index/resource_index/package_run_dependencies/aruco_msgs
[10.968s] -- Installing: /home/giorgio/Webots/install/aruco_msgs/share/ament_index/resource_index/parent_prefix_path/aruco_msgs
[10.968s] -- Installing: /home/giorgio/Webots/install/aruco_msgs/share/aruco_msgs/environment/ament_prefix_path.sh
[10.968s] -- Installing: /home/giorgio/Webots/install/aruco_msgs/share/aruco_msgs/environment/ament_prefix_path.dsv
[10.968s] -- Installing: /home/giorgio/Webots/install/aruco_msgs/share/aruco_msgs/environment/path.sh
[10.968s] -- Installing: /home/giorgio/Webots/install/aruco_msgs/share/aruco_msgs/environment/path.dsv
[10.968s] -- Installing: /home/giorgio/Webots/install/aruco_msgs/share/aruco_msgs/local_setup.bash
[10.968s] -- Installing: /home/giorgio/Webots/install/aruco_msgs/share/aruco_msgs/local_setup.sh
[10.968s] -- Installing: /home/giorgio/Webots/install/aruco_msgs/share/aruco_msgs/local_setup.zsh
[10.968s] -- Installing: /home/giorgio/Webots/install/aruco_msgs/share/aruco_msgs/local_setup.dsv
[10.968s] -- Installing: /home/giorgio/Webots/install/aruco_msgs/share/aruco_msgs/package.dsv
[10.968s] -- Installing: /home/giorgio/Webots/install/aruco_msgs/share/ament_index/resource_index/packages/aruco_msgs
[10.968s] -- Installing: /home/giorgio/Webots/install/aruco_msgs/share/aruco_msgs/cmake/export_aruco_msgs__rosidl_generator_cExport.cmake
[10.968s] -- Installing: /home/giorgio/Webots/install/aruco_msgs/share/aruco_msgs/cmake/export_aruco_msgs__rosidl_generator_cExport-noconfig.cmake
[10.969s] -- Installing: /home/giorgio/Webots/install/aruco_msgs/share/aruco_msgs/cmake/export_aruco_msgs__rosidl_typesupport_fastrtps_cExport.cmake
[10.969s] -- Installing: /home/giorgio/Webots/install/aruco_msgs/share/aruco_msgs/cmake/export_aruco_msgs__rosidl_typesupport_fastrtps_cExport-noconfig.cmake
[10.969s] -- Installing: /home/giorgio/Webots/install/aruco_msgs/share/aruco_msgs/cmake/export_aruco_msgs__rosidl_generator_cppExport.cmake
[10.969s] -- Installing: /home/giorgio/Webots/install/aruco_msgs/share/aruco_msgs/cmake/export_aruco_msgs__rosidl_typesupport_fastrtps_cppExport.cmake
[10.969s] -- Installing: /home/giorgio/Webots/install/aruco_msgs/share/aruco_msgs/cmake/export_aruco_msgs__rosidl_typesupport_fastrtps_cppExport-noconfig.cmake
[10.969s] -- Installing: /home/giorgio/Webots/install/aruco_msgs/share/aruco_msgs/cmake/aruco_msgs__rosidl_typesupport_introspection_cExport.cmake
[10.969s] -- Installing: /home/giorgio/Webots/install/aruco_msgs/share/aruco_msgs/cmake/aruco_msgs__rosidl_typesupport_introspection_cExport-noconfig.cmake
[10.969s] -- Installing: /home/giorgio/Webots/install/aruco_msgs/share/aruco_msgs/cmake/aruco_msgs__rosidl_typesupport_cExport.cmake
[10.969s] -- Installing: /home/giorgio/Webots/install/aruco_msgs/share/aruco_msgs/cmake/aruco_msgs__rosidl_typesupport_cExport-noconfig.cmake
[10.969s] -- Installing: /home/giorgio/Webots/install/aruco_msgs/share/aruco_msgs/cmake/aruco_msgs__rosidl_typesupport_introspection_cppExport.cmake
[10.969s] -- Installing: /home/giorgio/Webots/install/aruco_msgs/share/aruco_msgs/cmake/aruco_msgs__rosidl_typesupport_introspection_cppExport-noconfig.cmake
[10.970s] -- Installing: /home/giorgio/Webots/install/aruco_msgs/share/aruco_msgs/cmake/aruco_msgs__rosidl_typesupport_cppExport.cmake
[10.970s] -- Installing: /home/giorgio/Webots/install/aruco_msgs/share/aruco_msgs/cmake/aruco_msgs__rosidl_typesupport_cppExport-noconfig.cmake
[10.970s] -- Installing: /home/giorgio/Webots/install/aruco_msgs/share/aruco_msgs/cmake/export_aruco_msgs__rosidl_generator_pyExport.cmake
[10.970s] -- Installing: /home/giorgio/Webots/install/aruco_msgs/share/aruco_msgs/cmake/export_aruco_msgs__rosidl_generator_pyExport-noconfig.cmake
[10.971s] -- Installing: /home/giorgio/Webots/install/aruco_msgs/share/aruco_msgs/cmake/rosidl_cmake-extras.cmake
[10.971s] -- Installing: /home/giorgio/Webots/install/aruco_msgs/share/aruco_msgs/cmake/ament_cmake_export_dependencies-extras.cmake
[10.971s] -- Installing: /home/giorgio/Webots/install/aruco_msgs/share/aruco_msgs/cmake/ament_cmake_export_include_directories-extras.cmake
[10.971s] -- Installing: /home/giorgio/Webots/install/aruco_msgs/share/aruco_msgs/cmake/ament_cmake_export_libraries-extras.cmake
[10.971s] -- Installing: /home/giorgio/Webots/install/aruco_msgs/share/aruco_msgs/cmake/ament_cmake_export_targets-extras.cmake
[10.971s] -- Installing: /home/giorgio/Webots/install/aruco_msgs/share/aruco_msgs/cmake/rosidl_cmake_export_typesupport_targets-extras.cmake
[10.971s] -- Installing: /home/giorgio/Webots/install/aruco_msgs/share/aruco_msgs/cmake/rosidl_cmake_export_typesupport_libraries-extras.cmake
[10.971s] -- Installing: /home/giorgio/Webots/install/aruco_msgs/share/aruco_msgs/cmake/aruco_msgsConfig.cmake
[10.971s] -- Installing: /home/giorgio/Webots/install/aruco_msgs/share/aruco_msgs/cmake/aruco_msgsConfig-version.cmake
[10.971s] -- Installing: /home/giorgio/Webots/install/aruco_msgs/share/aruco_msgs/package.xml
[10.974s] Invoked command in '/home/giorgio/Webots/build/aruco_msgs' returned '0': CMAKE_PREFIX_PATH=${CMAKE_PREFIX_PATH}:/opt/ros/jazzy DEBUGINFOD_URLS=https://debuginfod.ubuntu.com /usr/bin/cmake --install /home/giorgio/Webots/build/aruco_msgs
