[0.104s] DEBUG:colcon:Command line arguments: ['/usr/bin/colcon', 'build']
[0.104s] DEBUG:colcon:Parsed command line arguments: Namespace(log_base=None, log_level=None, verb_name='build', build_base='build', install_base='install', merge_install=False, symlink_install=False, test_result_base=None, continue_on_error=False, executor='parallel', parallel_workers=2, event_handlers=None, ignore_user_meta=False, metas=['./colcon.meta'], base_paths=['.'], packages_ignore=None, packages_ignore_regex=None, paths=None, packages_up_to=None, packages_up_to_regex=None, packages_above=None, packages_above_and_dependencies=None, packages_above_depth=None, packages_select_by_dep=None, packages_skip_by_dep=None, packages_skip_up_to=None, packages_select_build_failed=False, packages_skip_build_finished=False, packages_select_test_failures=False, packages_skip_test_passed=False, packages_select=None, packages_skip=None, packages_select_regex=None, packages_skip_regex=None, packages_start=None, packages_end=None, cmake_args=None, cmake_target=None, cmake_target_skip_unavailable=False, cmake_clean_cache=False, cmake_clean_first=False, cmake_force_configure=False, ament_cmake_args=None, catkin_cmake_args=None, catkin_skip_building_tests=False, verb_parser=<colcon_defaults.argument_parser.defaults.DefaultArgumentsDecorator object at 0x7545a0ec52e0>, verb_extension=<colcon_core.verb.build.BuildVerb object at 0x7545a0ec5100>, main=<bound method BuildVerb.main of <colcon_core.verb.build.BuildVerb object at 0x7545a0ec5100>>)
[0.136s] Level 1:colcon.colcon_core.package_discovery:discover_packages(colcon_meta) check parameters
[0.136s] Level 1:colcon.colcon_core.package_discovery:discover_packages(recursive) check parameters
[0.136s] Level 1:colcon.colcon_core.package_discovery:discover_packages(ignore) check parameters
[0.136s] Level 1:colcon.colcon_core.package_discovery:discover_packages(path) check parameters
[0.136s] Level 1:colcon.colcon_core.package_discovery:discover_packages(colcon_meta) discover
[0.136s] Level 1:colcon.colcon_core.package_discovery:discover_packages(recursive) discover
[0.136s] INFO:colcon.colcon_core.package_discovery:Crawling recursively for packages in '/home/giorgio/Webots'
[0.136s] Level 1:colcon.colcon_core.package_identification:_identify(.) by extensions ['ignore', 'ignore_ament_install']
[0.137s] Level 1:colcon.colcon_core.package_identification:_identify(.) by extension 'ignore'
[0.137s] Level 1:colcon.colcon_core.package_identification:_identify(.) by extension 'ignore_ament_install'
[0.137s] Level 1:colcon.colcon_core.package_identification:_identify(.) by extensions ['colcon_pkg']
[0.137s] Level 1:colcon.colcon_core.package_identification:_identify(.) by extension 'colcon_pkg'
[0.137s] Level 1:colcon.colcon_core.package_identification:_identify(.) by extensions ['colcon_meta']
[0.137s] Level 1:colcon.colcon_core.package_identification:_identify(.) by extension 'colcon_meta'
[0.137s] Level 1:colcon.colcon_core.package_identification:_identify(.) by extensions ['ros']
[0.137s] Level 1:colcon.colcon_core.package_identification:_identify(.) by extension 'ros'
[0.157s] Level 1:colcon.colcon_core.package_identification:_identify(.) by extensions ['cmake', 'python']
[0.157s] Level 1:colcon.colcon_core.package_identification:_identify(.) by extension 'cmake'
[0.157s] Level 1:colcon.colcon_core.package_identification:_identify(.) by extension 'python'
[0.157s] Level 1:colcon.colcon_core.package_identification:_identify(.) by extensions ['python_setup_py']
[0.157s] Level 1:colcon.colcon_core.package_identification:_identify(.) by extension 'python_setup_py'
[0.158s] Level 1:colcon.colcon_core.package_identification:_identify(build) by extensions ['ignore', 'ignore_ament_install']
[0.158s] Level 1:colcon.colcon_core.package_identification:_identify(build) by extension 'ignore'
[0.158s] Level 1:colcon.colcon_core.package_identification:_identify(build) ignored
[0.158s] Level 1:colcon.colcon_core.package_identification:_identify(install) by extensions ['ignore', 'ignore_ament_install']
[0.158s] Level 1:colcon.colcon_core.package_identification:_identify(install) by extension 'ignore'
[0.158s] Level 1:colcon.colcon_core.package_identification:_identify(install) ignored
[0.158s] Level 1:colcon.colcon_core.package_identification:_identify(log) by extensions ['ignore', 'ignore_ament_install']
[0.158s] Level 1:colcon.colcon_core.package_identification:_identify(log) by extension 'ignore'
[0.158s] Level 1:colcon.colcon_core.package_identification:_identify(log) ignored
[0.158s] Level 1:colcon.colcon_core.package_identification:_identify(src) by extensions ['ignore', 'ignore_ament_install']
[0.158s] Level 1:colcon.colcon_core.package_identification:_identify(src) by extension 'ignore'
[0.158s] Level 1:colcon.colcon_core.package_identification:_identify(src) by extension 'ignore_ament_install'
[0.158s] Level 1:colcon.colcon_core.package_identification:_identify(src) by extensions ['colcon_pkg']
[0.158s] Level 1:colcon.colcon_core.package_identification:_identify(src) by extension 'colcon_pkg'
[0.158s] Level 1:colcon.colcon_core.package_identification:_identify(src) by extensions ['colcon_meta']
[0.158s] Level 1:colcon.colcon_core.package_identification:_identify(src) by extension 'colcon_meta'
[0.158s] Level 1:colcon.colcon_core.package_identification:_identify(src) by extensions ['ros']
[0.158s] Level 1:colcon.colcon_core.package_identification:_identify(src) by extension 'ros'
[0.158s] Level 1:colcon.colcon_core.package_identification:_identify(src) by extensions ['cmake', 'python']
[0.158s] Level 1:colcon.colcon_core.package_identification:_identify(src) by extension 'cmake'
[0.158s] Level 1:colcon.colcon_core.package_identification:_identify(src) by extension 'python'
[0.158s] Level 1:colcon.colcon_core.package_identification:_identify(src) by extensions ['python_setup_py']
[0.158s] Level 1:colcon.colcon_core.package_identification:_identify(src) by extension 'python_setup_py'
[0.158s] Level 1:colcon.colcon_core.package_identification:_identify(src/aruco_msgs) by extensions ['ignore', 'ignore_ament_install']
[0.158s] Level 1:colcon.colcon_core.package_identification:_identify(src/aruco_msgs) by extension 'ignore'
[0.158s] Level 1:colcon.colcon_core.package_identification:_identify(src/aruco_msgs) by extension 'ignore_ament_install'
[0.158s] Level 1:colcon.colcon_core.package_identification:_identify(src/aruco_msgs) by extensions ['colcon_pkg']
[0.158s] Level 1:colcon.colcon_core.package_identification:_identify(src/aruco_msgs) by extension 'colcon_pkg'
[0.158s] Level 1:colcon.colcon_core.package_identification:_identify(src/aruco_msgs) by extensions ['colcon_meta']
[0.158s] Level 1:colcon.colcon_core.package_identification:_identify(src/aruco_msgs) by extension 'colcon_meta'
[0.159s] Level 1:colcon.colcon_core.package_identification:_identify(src/aruco_msgs) by extensions ['ros']
[0.159s] Level 1:colcon.colcon_core.package_identification:_identify(src/aruco_msgs) by extension 'ros'
[0.161s] DEBUG:colcon.colcon_core.package_identification:Package 'src/aruco_msgs' with type 'ros.ament_cmake' and name 'aruco_msgs'
[0.161s] Level 1:colcon.colcon_core.package_identification:_identify(src/aurora_msgs) by extensions ['ignore', 'ignore_ament_install']
[0.161s] Level 1:colcon.colcon_core.package_identification:_identify(src/aurora_msgs) by extension 'ignore'
[0.161s] Level 1:colcon.colcon_core.package_identification:_identify(src/aurora_msgs) by extension 'ignore_ament_install'
[0.161s] Level 1:colcon.colcon_core.package_identification:_identify(src/aurora_msgs) by extensions ['colcon_pkg']
[0.161s] Level 1:colcon.colcon_core.package_identification:_identify(src/aurora_msgs) by extension 'colcon_pkg'
[0.161s] Level 1:colcon.colcon_core.package_identification:_identify(src/aurora_msgs) by extensions ['colcon_meta']
[0.161s] Level 1:colcon.colcon_core.package_identification:_identify(src/aurora_msgs) by extension 'colcon_meta'
[0.161s] Level 1:colcon.colcon_core.package_identification:_identify(src/aurora_msgs) by extensions ['ros']
[0.161s] Level 1:colcon.colcon_core.package_identification:_identify(src/aurora_msgs) by extension 'ros'
[0.162s] DEBUG:colcon.colcon_core.package_identification:Package 'src/aurora_msgs' with type 'ros.ament_cmake' and name 'aurora_msgs'
[0.162s] Level 1:colcon.colcon_core.package_identification:_identify(src/cpp_pubsub) by extensions ['ignore', 'ignore_ament_install']
[0.162s] Level 1:colcon.colcon_core.package_identification:_identify(src/cpp_pubsub) by extension 'ignore'
[0.162s] Level 1:colcon.colcon_core.package_identification:_identify(src/cpp_pubsub) by extension 'ignore_ament_install'
[0.162s] Level 1:colcon.colcon_core.package_identification:_identify(src/cpp_pubsub) by extensions ['colcon_pkg']
[0.162s] Level 1:colcon.colcon_core.package_identification:_identify(src/cpp_pubsub) by extension 'colcon_pkg'
[0.162s] Level 1:colcon.colcon_core.package_identification:_identify(src/cpp_pubsub) by extensions ['colcon_meta']
[0.162s] Level 1:colcon.colcon_core.package_identification:_identify(src/cpp_pubsub) by extension 'colcon_meta'
[0.162s] Level 1:colcon.colcon_core.package_identification:_identify(src/cpp_pubsub) by extensions ['ros']
[0.162s] Level 1:colcon.colcon_core.package_identification:_identify(src/cpp_pubsub) by extension 'ros'
[0.163s] DEBUG:colcon.colcon_core.package_identification:Package 'src/cpp_pubsub' with type 'ros.ament_cmake' and name 'cpp_pubsub'
[0.163s] Level 1:colcon.colcon_core.package_identification:_identify(src/rover_msgs) by extensions ['ignore', 'ignore_ament_install']
[0.163s] Level 1:colcon.colcon_core.package_identification:_identify(src/rover_msgs) by extension 'ignore'
[0.163s] Level 1:colcon.colcon_core.package_identification:_identify(src/rover_msgs) by extension 'ignore_ament_install'
[0.163s] Level 1:colcon.colcon_core.package_identification:_identify(src/rover_msgs) by extensions ['colcon_pkg']
[0.163s] Level 1:colcon.colcon_core.package_identification:_identify(src/rover_msgs) by extension 'colcon_pkg'
[0.163s] Level 1:colcon.colcon_core.package_identification:_identify(src/rover_msgs) by extensions ['colcon_meta']
[0.163s] Level 1:colcon.colcon_core.package_identification:_identify(src/rover_msgs) by extension 'colcon_meta'
[0.163s] Level 1:colcon.colcon_core.package_identification:_identify(src/rover_msgs) by extensions ['ros']
[0.163s] Level 1:colcon.colcon_core.package_identification:_identify(src/rover_msgs) by extension 'ros'
[0.163s] DEBUG:colcon.colcon_core.package_identification:Package 'src/rover_msgs' with type 'ros.ament_cmake' and name 'rover_msgs'
[0.163s] Level 1:colcon.colcon_core.package_identification:_identify(src/util) by extensions ['ignore', 'ignore_ament_install']
[0.164s] Level 1:colcon.colcon_core.package_identification:_identify(src/util) by extension 'ignore'
[0.164s] Level 1:colcon.colcon_core.package_identification:_identify(src/util) by extension 'ignore_ament_install'
[0.164s] Level 1:colcon.colcon_core.package_identification:_identify(src/util) by extensions ['colcon_pkg']
[0.164s] Level 1:colcon.colcon_core.package_identification:_identify(src/util) by extension 'colcon_pkg'
[0.164s] Level 1:colcon.colcon_core.package_identification:_identify(src/util) by extensions ['colcon_meta']
[0.164s] Level 1:colcon.colcon_core.package_identification:_identify(src/util) by extension 'colcon_meta'
[0.164s] Level 1:colcon.colcon_core.package_identification:_identify(src/util) by extensions ['ros']
[0.164s] Level 1:colcon.colcon_core.package_identification:_identify(src/util) by extension 'ros'
[0.164s] DEBUG:colcon.colcon_core.package_identification:Package 'src/util' with type 'ros.ament_python' and name 'util'
[0.164s] Level 1:colcon.colcon_core.package_identification:_identify(src/webots_hospital_youbot) by extensions ['ignore', 'ignore_ament_install']
[0.164s] Level 1:colcon.colcon_core.package_identification:_identify(src/webots_hospital_youbot) by extension 'ignore'
[0.164s] Level 1:colcon.colcon_core.package_identification:_identify(src/webots_hospital_youbot) by extension 'ignore_ament_install'
[0.164s] Level 1:colcon.colcon_core.package_identification:_identify(src/webots_hospital_youbot) by extensions ['colcon_pkg']
[0.164s] Level 1:colcon.colcon_core.package_identification:_identify(src/webots_hospital_youbot) by extension 'colcon_pkg'
[0.164s] Level 1:colcon.colcon_core.package_identification:_identify(src/webots_hospital_youbot) by extensions ['colcon_meta']
[0.164s] Level 1:colcon.colcon_core.package_identification:_identify(src/webots_hospital_youbot) by extension 'colcon_meta'
[0.164s] Level 1:colcon.colcon_core.package_identification:_identify(src/webots_hospital_youbot) by extensions ['ros']
[0.164s] Level 1:colcon.colcon_core.package_identification:_identify(src/webots_hospital_youbot) by extension 'ros'
[0.165s] DEBUG:colcon.colcon_core.package_identification:Package 'src/webots_hospital_youbot' with type 'ros.ament_python' and name 'webots_hospital_youbot'
[0.165s] Level 1:colcon.colcon_core.package_identification:_identify(src/webots_tutorial) by extensions ['ignore', 'ignore_ament_install']
[0.165s] Level 1:colcon.colcon_core.package_identification:_identify(src/webots_tutorial) by extension 'ignore'
[0.165s] Level 1:colcon.colcon_core.package_identification:_identify(src/webots_tutorial) by extension 'ignore_ament_install'
[0.165s] Level 1:colcon.colcon_core.package_identification:_identify(src/webots_tutorial) by extensions ['colcon_pkg']
[0.165s] Level 1:colcon.colcon_core.package_identification:_identify(src/webots_tutorial) by extension 'colcon_pkg'
[0.165s] Level 1:colcon.colcon_core.package_identification:_identify(src/webots_tutorial) by extensions ['colcon_meta']
[0.165s] Level 1:colcon.colcon_core.package_identification:_identify(src/webots_tutorial) by extension 'colcon_meta'
[0.165s] Level 1:colcon.colcon_core.package_identification:_identify(src/webots_tutorial) by extensions ['ros']
[0.165s] Level 1:colcon.colcon_core.package_identification:_identify(src/webots_tutorial) by extension 'ros'
[0.165s] DEBUG:colcon.colcon_core.package_identification:Package 'src/webots_tutorial' with type 'ros.ament_python' and name 'webots'
[0.165s] Level 1:colcon.colcon_core.package_discovery:discover_packages(recursive) using defaults
[0.165s] Level 1:colcon.colcon_core.package_discovery:discover_packages(ignore) discover
[0.165s] Level 1:colcon.colcon_core.package_discovery:discover_packages(ignore) using defaults
[0.165s] Level 1:colcon.colcon_core.package_discovery:discover_packages(path) discover
[0.165s] Level 1:colcon.colcon_core.package_discovery:discover_packages(path) using defaults
[0.185s] Level 5:colcon.colcon_core.verb:set package 'aruco_msgs' build argument 'cmake_args' from command line to 'None'
[0.185s] Level 5:colcon.colcon_core.verb:set package 'aruco_msgs' build argument 'cmake_target' from command line to 'None'
[0.185s] Level 5:colcon.colcon_core.verb:set package 'aruco_msgs' build argument 'cmake_target_skip_unavailable' from command line to 'False'
[0.185s] Level 5:colcon.colcon_core.verb:set package 'aruco_msgs' build argument 'cmake_clean_cache' from command line to 'False'
[0.185s] Level 5:colcon.colcon_core.verb:set package 'aruco_msgs' build argument 'cmake_clean_first' from command line to 'False'
[0.185s] Level 5:colcon.colcon_core.verb:set package 'aruco_msgs' build argument 'cmake_force_configure' from command line to 'False'
[0.185s] Level 5:colcon.colcon_core.verb:set package 'aruco_msgs' build argument 'ament_cmake_args' from command line to 'None'
[0.185s] Level 5:colcon.colcon_core.verb:set package 'aruco_msgs' build argument 'catkin_cmake_args' from command line to 'None'
[0.185s] Level 5:colcon.colcon_core.verb:set package 'aruco_msgs' build argument 'catkin_skip_building_tests' from command line to 'False'
[0.185s] DEBUG:colcon.colcon_core.verb:Building package 'aruco_msgs' with the following arguments: {'ament_cmake_args': None, 'build_base': '/home/giorgio/Webots/build/aruco_msgs', 'catkin_cmake_args': None, 'catkin_skip_building_tests': False, 'cmake_args': None, 'cmake_clean_cache': False, 'cmake_clean_first': False, 'cmake_force_configure': False, 'cmake_target': None, 'cmake_target_skip_unavailable': False, 'install_base': '/home/giorgio/Webots/install/aruco_msgs', 'merge_install': False, 'path': '/home/giorgio/Webots/src/aruco_msgs', 'symlink_install': False, 'test_result_base': None}
[0.186s] Level 5:colcon.colcon_core.verb:set package 'aurora_msgs' build argument 'cmake_args' from command line to 'None'
[0.186s] Level 5:colcon.colcon_core.verb:set package 'aurora_msgs' build argument 'cmake_target' from command line to 'None'
[0.186s] Level 5:colcon.colcon_core.verb:set package 'aurora_msgs' build argument 'cmake_target_skip_unavailable' from command line to 'False'
[0.186s] Level 5:colcon.colcon_core.verb:set package 'aurora_msgs' build argument 'cmake_clean_cache' from command line to 'False'
[0.186s] Level 5:colcon.colcon_core.verb:set package 'aurora_msgs' build argument 'cmake_clean_first' from command line to 'False'
[0.186s] Level 5:colcon.colcon_core.verb:set package 'aurora_msgs' build argument 'cmake_force_configure' from command line to 'False'
[0.186s] Level 5:colcon.colcon_core.verb:set package 'aurora_msgs' build argument 'ament_cmake_args' from command line to 'None'
[0.186s] Level 5:colcon.colcon_core.verb:set package 'aurora_msgs' build argument 'catkin_cmake_args' from command line to 'None'
[0.186s] Level 5:colcon.colcon_core.verb:set package 'aurora_msgs' build argument 'catkin_skip_building_tests' from command line to 'False'
[0.186s] DEBUG:colcon.colcon_core.verb:Building package 'aurora_msgs' with the following arguments: {'ament_cmake_args': None, 'build_base': '/home/giorgio/Webots/build/aurora_msgs', 'catkin_cmake_args': None, 'catkin_skip_building_tests': False, 'cmake_args': None, 'cmake_clean_cache': False, 'cmake_clean_first': False, 'cmake_force_configure': False, 'cmake_target': None, 'cmake_target_skip_unavailable': False, 'install_base': '/home/giorgio/Webots/install/aurora_msgs', 'merge_install': False, 'path': '/home/giorgio/Webots/src/aurora_msgs', 'symlink_install': False, 'test_result_base': None}
[0.186s] Level 5:colcon.colcon_core.verb:set package 'cpp_pubsub' build argument 'cmake_args' from command line to 'None'
[0.186s] Level 5:colcon.colcon_core.verb:set package 'cpp_pubsub' build argument 'cmake_target' from command line to 'None'
[0.186s] Level 5:colcon.colcon_core.verb:set package 'cpp_pubsub' build argument 'cmake_target_skip_unavailable' from command line to 'False'
[0.186s] Level 5:colcon.colcon_core.verb:set package 'cpp_pubsub' build argument 'cmake_clean_cache' from command line to 'False'
[0.186s] Level 5:colcon.colcon_core.verb:set package 'cpp_pubsub' build argument 'cmake_clean_first' from command line to 'False'
[0.186s] Level 5:colcon.colcon_core.verb:set package 'cpp_pubsub' build argument 'cmake_force_configure' from command line to 'False'
[0.186s] Level 5:colcon.colcon_core.verb:set package 'cpp_pubsub' build argument 'ament_cmake_args' from command line to 'None'
[0.186s] Level 5:colcon.colcon_core.verb:set package 'cpp_pubsub' build argument 'catkin_cmake_args' from command line to 'None'
[0.186s] Level 5:colcon.colcon_core.verb:set package 'cpp_pubsub' build argument 'catkin_skip_building_tests' from command line to 'False'
[0.186s] DEBUG:colcon.colcon_core.verb:Building package 'cpp_pubsub' with the following arguments: {'ament_cmake_args': None, 'build_base': '/home/giorgio/Webots/build/cpp_pubsub', 'catkin_cmake_args': None, 'catkin_skip_building_tests': False, 'cmake_args': None, 'cmake_clean_cache': False, 'cmake_clean_first': False, 'cmake_force_configure': False, 'cmake_target': None, 'cmake_target_skip_unavailable': False, 'install_base': '/home/giorgio/Webots/install/cpp_pubsub', 'merge_install': False, 'path': '/home/giorgio/Webots/src/cpp_pubsub', 'symlink_install': False, 'test_result_base': None}
[0.186s] Level 5:colcon.colcon_core.verb:set package 'rover_msgs' build argument 'cmake_args' from command line to 'None'
[0.186s] Level 5:colcon.colcon_core.verb:set package 'rover_msgs' build argument 'cmake_target' from command line to 'None'
[0.186s] Level 5:colcon.colcon_core.verb:set package 'rover_msgs' build argument 'cmake_target_skip_unavailable' from command line to 'False'
[0.186s] Level 5:colcon.colcon_core.verb:set package 'rover_msgs' build argument 'cmake_clean_cache' from command line to 'False'
[0.186s] Level 5:colcon.colcon_core.verb:set package 'rover_msgs' build argument 'cmake_clean_first' from command line to 'False'
[0.186s] Level 5:colcon.colcon_core.verb:set package 'rover_msgs' build argument 'cmake_force_configure' from command line to 'False'
[0.186s] Level 5:colcon.colcon_core.verb:set package 'rover_msgs' build argument 'ament_cmake_args' from command line to 'None'
[0.186s] Level 5:colcon.colcon_core.verb:set package 'rover_msgs' build argument 'catkin_cmake_args' from command line to 'None'
[0.186s] Level 5:colcon.colcon_core.verb:set package 'rover_msgs' build argument 'catkin_skip_building_tests' from command line to 'False'
[0.186s] DEBUG:colcon.colcon_core.verb:Building package 'rover_msgs' with the following arguments: {'ament_cmake_args': None, 'build_base': '/home/giorgio/Webots/build/rover_msgs', 'catkin_cmake_args': None, 'catkin_skip_building_tests': False, 'cmake_args': None, 'cmake_clean_cache': False, 'cmake_clean_first': False, 'cmake_force_configure': False, 'cmake_target': None, 'cmake_target_skip_unavailable': False, 'install_base': '/home/giorgio/Webots/install/rover_msgs', 'merge_install': False, 'path': '/home/giorgio/Webots/src/rover_msgs', 'symlink_install': False, 'test_result_base': None}
[0.186s] Level 5:colcon.colcon_core.verb:set package 'util' build argument 'cmake_args' from command line to 'None'
[0.186s] Level 5:colcon.colcon_core.verb:set package 'util' build argument 'cmake_target' from command line to 'None'
[0.186s] Level 5:colcon.colcon_core.verb:set package 'util' build argument 'cmake_target_skip_unavailable' from command line to 'False'
[0.186s] Level 5:colcon.colcon_core.verb:set package 'util' build argument 'cmake_clean_cache' from command line to 'False'
[0.186s] Level 5:colcon.colcon_core.verb:set package 'util' build argument 'cmake_clean_first' from command line to 'False'
[0.186s] Level 5:colcon.colcon_core.verb:set package 'util' build argument 'cmake_force_configure' from command line to 'False'
[0.186s] Level 5:colcon.colcon_core.verb:set package 'util' build argument 'ament_cmake_args' from command line to 'None'
[0.187s] Level 5:colcon.colcon_core.verb:set package 'util' build argument 'catkin_cmake_args' from command line to 'None'
[0.187s] Level 5:colcon.colcon_core.verb:set package 'util' build argument 'catkin_skip_building_tests' from command line to 'False'
[0.187s] DEBUG:colcon.colcon_core.verb:Building package 'util' with the following arguments: {'ament_cmake_args': None, 'build_base': '/home/giorgio/Webots/build/util', 'catkin_cmake_args': None, 'catkin_skip_building_tests': False, 'cmake_args': None, 'cmake_clean_cache': False, 'cmake_clean_first': False, 'cmake_force_configure': False, 'cmake_target': None, 'cmake_target_skip_unavailable': False, 'install_base': '/home/giorgio/Webots/install/util', 'merge_install': False, 'path': '/home/giorgio/Webots/src/util', 'symlink_install': False, 'test_result_base': None}
[0.187s] Level 5:colcon.colcon_core.verb:set package 'webots' build argument 'cmake_args' from command line to 'None'
[0.187s] Level 5:colcon.colcon_core.verb:set package 'webots' build argument 'cmake_target' from command line to 'None'
[0.187s] Level 5:colcon.colcon_core.verb:set package 'webots' build argument 'cmake_target_skip_unavailable' from command line to 'False'
[0.187s] Level 5:colcon.colcon_core.verb:set package 'webots' build argument 'cmake_clean_cache' from command line to 'False'
[0.187s] Level 5:colcon.colcon_core.verb:set package 'webots' build argument 'cmake_clean_first' from command line to 'False'
[0.187s] Level 5:colcon.colcon_core.verb:set package 'webots' build argument 'cmake_force_configure' from command line to 'False'
[0.187s] Level 5:colcon.colcon_core.verb:set package 'webots' build argument 'ament_cmake_args' from command line to 'None'
[0.187s] Level 5:colcon.colcon_core.verb:set package 'webots' build argument 'catkin_cmake_args' from command line to 'None'
[0.187s] Level 5:colcon.colcon_core.verb:set package 'webots' build argument 'catkin_skip_building_tests' from command line to 'False'
[0.187s] DEBUG:colcon.colcon_core.verb:Building package 'webots' with the following arguments: {'ament_cmake_args': None, 'build_base': '/home/giorgio/Webots/build/webots', 'catkin_cmake_args': None, 'catkin_skip_building_tests': False, 'cmake_args': None, 'cmake_clean_cache': False, 'cmake_clean_first': False, 'cmake_force_configure': False, 'cmake_target': None, 'cmake_target_skip_unavailable': False, 'install_base': '/home/giorgio/Webots/install/webots', 'merge_install': False, 'path': '/home/giorgio/Webots/src/webots_tutorial', 'symlink_install': False, 'test_result_base': None}
[0.187s] Level 5:colcon.colcon_core.verb:set package 'webots_hospital_youbot' build argument 'cmake_args' from command line to 'None'
[0.187s] Level 5:colcon.colcon_core.verb:set package 'webots_hospital_youbot' build argument 'cmake_target' from command line to 'None'
[0.187s] Level 5:colcon.colcon_core.verb:set package 'webots_hospital_youbot' build argument 'cmake_target_skip_unavailable' from command line to 'False'
[0.187s] Level 5:colcon.colcon_core.verb:set package 'webots_hospital_youbot' build argument 'cmake_clean_cache' from command line to 'False'
[0.187s] Level 5:colcon.colcon_core.verb:set package 'webots_hospital_youbot' build argument 'cmake_clean_first' from command line to 'False'
[0.187s] Level 5:colcon.colcon_core.verb:set package 'webots_hospital_youbot' build argument 'cmake_force_configure' from command line to 'False'
[0.187s] Level 5:colcon.colcon_core.verb:set package 'webots_hospital_youbot' build argument 'ament_cmake_args' from command line to 'None'
[0.187s] Level 5:colcon.colcon_core.verb:set package 'webots_hospital_youbot' build argument 'catkin_cmake_args' from command line to 'None'
[0.187s] Level 5:colcon.colcon_core.verb:set package 'webots_hospital_youbot' build argument 'catkin_skip_building_tests' from command line to 'False'
[0.187s] DEBUG:colcon.colcon_core.verb:Building package 'webots_hospital_youbot' with the following arguments: {'ament_cmake_args': None, 'build_base': '/home/giorgio/Webots/build/webots_hospital_youbot', 'catkin_cmake_args': None, 'catkin_skip_building_tests': False, 'cmake_args': None, 'cmake_clean_cache': False, 'cmake_clean_first': False, 'cmake_force_configure': False, 'cmake_target': None, 'cmake_target_skip_unavailable': False, 'install_base': '/home/giorgio/Webots/install/webots_hospital_youbot', 'merge_install': False, 'path': '/home/giorgio/Webots/src/webots_hospital_youbot', 'symlink_install': False, 'test_result_base': None}
[0.187s] INFO:colcon.colcon_core.executor:Executing jobs using 'parallel' executor
[0.188s] DEBUG:colcon.colcon_parallel_executor.executor.parallel:run_until_complete
[0.188s] INFO:colcon.colcon_ros.task.ament_cmake.build:Building ROS package in '/home/giorgio/Webots/src/aurora_msgs' with build type 'ament_cmake'
[0.188s] INFO:colcon.colcon_cmake.task.cmake.build:Building CMake package in '/home/giorgio/Webots/src/aurora_msgs'
[0.191s] INFO:colcon.colcon_core.plugin_system:Skipping extension 'colcon_core.shell.bat': Not used on non-Windows systems
[0.192s] DEBUG:colcon.colcon_core.shell:Skip shell extension 'dsv' for command environment
[0.201s] INFO:colcon.colcon_ros.task.ament_cmake.build:Building ROS package in '/home/giorgio/Webots/src/rover_msgs' with build type 'ament_cmake'
[0.201s] INFO:colcon.colcon_cmake.task.cmake.build:Building CMake package in '/home/giorgio/Webots/src/rover_msgs'
[0.202s] DEBUG:colcon.colcon_core.shell:Skip shell extension 'dsv' for command environment
[0.209s] DEBUG:colcon.colcon_core.event_handler.log_command:Invoking command in '/home/giorgio/Webots/build/aurora_msgs': CMAKE_PREFIX_PATH=${CMAKE_PREFIX_PATH}:/home/giorgio/Webots/install/webots_hospital_youbot:/home/giorgio/Webots/install/webots:/home/giorgio/Webots/install/util:/opt/ros/jazzy DEBUGINFOD_URLS=https://debuginfod.ubuntu.com /usr/bin/cmake --build /home/giorgio/Webots/build/aurora_msgs -- -j2 -l2
[0.218s] DEBUG:colcon.colcon_core.event_handler.log_command:Invoking command in '/home/giorgio/Webots/build/rover_msgs': CMAKE_PREFIX_PATH=${CMAKE_PREFIX_PATH}:/home/giorgio/Webots/install/webots_hospital_youbot:/home/giorgio/Webots/install/webots:/home/giorgio/Webots/install/util:/opt/ros/jazzy DEBUGINFOD_URLS=https://debuginfod.ubuntu.com /usr/bin/cmake --build /home/giorgio/Webots/build/rover_msgs -- -j2 -l2
[0.892s] DEBUG:colcon.colcon_core.event_handler.log_command:Invoked command in '/home/giorgio/Webots/build/aurora_msgs' returned '0': CMAKE_PREFIX_PATH=${CMAKE_PREFIX_PATH}:/home/giorgio/Webots/install/webots_hospital_youbot:/home/giorgio/Webots/install/webots:/home/giorgio/Webots/install/util:/opt/ros/jazzy DEBUGINFOD_URLS=https://debuginfod.ubuntu.com /usr/bin/cmake --build /home/giorgio/Webots/build/aurora_msgs -- -j2 -l2
[0.905s] DEBUG:colcon.colcon_core.event_handler.log_command:Invoking command in '/home/giorgio/Webots/build/aurora_msgs': CMAKE_PREFIX_PATH=${CMAKE_PREFIX_PATH}:/home/giorgio/Webots/install/webots_hospital_youbot:/home/giorgio/Webots/install/webots:/home/giorgio/Webots/install/util:/opt/ros/jazzy DEBUGINFOD_URLS=https://debuginfod.ubuntu.com /usr/bin/cmake --install /home/giorgio/Webots/build/aurora_msgs
[0.913s] DEBUG:colcon.colcon_core.event_handler.log_command:Invoked command in '/home/giorgio/Webots/build/rover_msgs' returned '0': CMAKE_PREFIX_PATH=${CMAKE_PREFIX_PATH}:/home/giorgio/Webots/install/webots_hospital_youbot:/home/giorgio/Webots/install/webots:/home/giorgio/Webots/install/util:/opt/ros/jazzy DEBUGINFOD_URLS=https://debuginfod.ubuntu.com /usr/bin/cmake --build /home/giorgio/Webots/build/rover_msgs -- -j2 -l2
[0.914s] DEBUG:colcon.colcon_core.event_handler.log_command:Invoking command in '/home/giorgio/Webots/build/rover_msgs': CMAKE_PREFIX_PATH=${CMAKE_PREFIX_PATH}:/home/giorgio/Webots/install/webots_hospital_youbot:/home/giorgio/Webots/install/webots:/home/giorgio/Webots/install/util:/opt/ros/jazzy DEBUGINFOD_URLS=https://debuginfod.ubuntu.com /usr/bin/cmake --install /home/giorgio/Webots/build/rover_msgs
[0.964s] Level 1:colcon.colcon_core.environment:create_environment_scripts_only(aurora_msgs)
[0.964s] DEBUG:colcon.colcon_core.event_handler.log_command:Invoked command in '/home/giorgio/Webots/build/aurora_msgs' returned '0': CMAKE_PREFIX_PATH=${CMAKE_PREFIX_PATH}:/home/giorgio/Webots/install/webots_hospital_youbot:/home/giorgio/Webots/install/webots:/home/giorgio/Webots/install/util:/opt/ros/jazzy DEBUGINFOD_URLS=https://debuginfod.ubuntu.com /usr/bin/cmake --install /home/giorgio/Webots/build/aurora_msgs
[0.970s] Level 1:colcon.colcon_core.environment:checking '/home/giorgio/Webots/install/aurora_msgs' for CMake module files
[0.971s] Level 1:colcon.colcon_core.environment:checking '/home/giorgio/Webots/install/aurora_msgs' for CMake config files
[0.971s] Level 1:colcon.colcon_core.shell:create_environment_hook('aurora_msgs', 'cmake_prefix_path')
[0.971s] INFO:colcon.colcon_core.shell:Creating environment descriptor '/home/giorgio/Webots/install/aurora_msgs/share/aurora_msgs/hook/cmake_prefix_path.dsv'
[0.972s] INFO:colcon.colcon_core.shell:Creating environment hook '/home/giorgio/Webots/install/aurora_msgs/share/aurora_msgs/hook/cmake_prefix_path.sh'
[0.973s] Level 1:colcon.colcon_core.environment:checking '/home/giorgio/Webots/install/aurora_msgs/lib'
[0.974s] Level 1:colcon.colcon_core.shell:create_environment_hook('aurora_msgs', 'ld_library_path_lib')
[0.974s] INFO:colcon.colcon_core.shell:Creating environment descriptor '/home/giorgio/Webots/install/aurora_msgs/share/aurora_msgs/hook/ld_library_path_lib.dsv'
[0.974s] INFO:colcon.colcon_core.shell:Creating environment hook '/home/giorgio/Webots/install/aurora_msgs/share/aurora_msgs/hook/ld_library_path_lib.sh'
[0.976s] Level 1:colcon.colcon_core.environment:checking '/home/giorgio/Webots/install/aurora_msgs/bin'
[0.976s] Level 1:colcon.colcon_core.environment:checking '/home/giorgio/Webots/install/aurora_msgs/lib/pkgconfig/aurora_msgs.pc'
[0.978s] Level 1:colcon.colcon_core.environment:checking '/home/giorgio/Webots/install/aurora_msgs/lib/python3.12/site-packages'
[0.978s] Level 1:colcon.colcon_core.shell:create_environment_hook('aurora_msgs', 'pythonpath')
[0.978s] INFO:colcon.colcon_core.shell:Creating environment descriptor '/home/giorgio/Webots/install/aurora_msgs/share/aurora_msgs/hook/pythonpath.dsv'
[0.979s] INFO:colcon.colcon_core.shell:Creating environment hook '/home/giorgio/Webots/install/aurora_msgs/share/aurora_msgs/hook/pythonpath.sh'
[0.979s] Level 1:colcon.colcon_core.environment:checking '/home/giorgio/Webots/install/aurora_msgs/bin'
[0.980s] INFO:colcon.colcon_core.shell:Creating package descriptor '/home/giorgio/Webots/install/aurora_msgs/share/aurora_msgs/package.dsv'
[0.980s] INFO:colcon.colcon_core.shell:Creating package script '/home/giorgio/Webots/install/aurora_msgs/share/aurora_msgs/package.sh'
[0.981s] INFO:colcon.colcon_core.shell:Creating package script '/home/giorgio/Webots/install/aurora_msgs/share/aurora_msgs/package.bash'
[0.981s] INFO:colcon.colcon_core.shell:Creating package script '/home/giorgio/Webots/install/aurora_msgs/share/aurora_msgs/package.zsh'
[0.982s] Level 1:colcon.colcon_core.environment:create_file_with_runtime_dependencies(/home/giorgio/Webots/install/aurora_msgs/share/colcon-core/packages/aurora_msgs)
[0.982s] Level 1:colcon.colcon_core.environment:create_environment_scripts_only(aurora_msgs)
[0.982s] Level 1:colcon.colcon_core.environment:checking '/home/giorgio/Webots/install/aurora_msgs' for CMake module files
[0.983s] Level 1:colcon.colcon_core.environment:checking '/home/giorgio/Webots/install/aurora_msgs' for CMake config files
[0.983s] Level 1:colcon.colcon_core.shell:create_environment_hook('aurora_msgs', 'cmake_prefix_path')
[0.983s] INFO:colcon.colcon_core.shell:Creating environment descriptor '/home/giorgio/Webots/install/aurora_msgs/share/aurora_msgs/hook/cmake_prefix_path.dsv'
[0.983s] INFO:colcon.colcon_core.shell:Creating environment hook '/home/giorgio/Webots/install/aurora_msgs/share/aurora_msgs/hook/cmake_prefix_path.sh'
[0.984s] Level 1:colcon.colcon_core.environment:checking '/home/giorgio/Webots/install/aurora_msgs/lib'
[0.984s] Level 1:colcon.colcon_core.shell:create_environment_hook('aurora_msgs', 'ld_library_path_lib')
[0.984s] INFO:colcon.colcon_core.shell:Creating environment descriptor '/home/giorgio/Webots/install/aurora_msgs/share/aurora_msgs/hook/ld_library_path_lib.dsv'
[0.984s] INFO:colcon.colcon_core.shell:Creating environment hook '/home/giorgio/Webots/install/aurora_msgs/share/aurora_msgs/hook/ld_library_path_lib.sh'
[0.985s] Level 1:colcon.colcon_core.environment:checking '/home/giorgio/Webots/install/aurora_msgs/bin'
[0.985s] Level 1:colcon.colcon_core.environment:checking '/home/giorgio/Webots/install/aurora_msgs/lib/pkgconfig/aurora_msgs.pc'
[0.985s] Level 1:colcon.colcon_core.environment:checking '/home/giorgio/Webots/install/aurora_msgs/lib/python3.12/site-packages'
[0.985s] Level 1:colcon.colcon_core.shell:create_environment_hook('aurora_msgs', 'pythonpath')
[0.985s] INFO:colcon.colcon_core.shell:Creating environment descriptor '/home/giorgio/Webots/install/aurora_msgs/share/aurora_msgs/hook/pythonpath.dsv'
[0.985s] INFO:colcon.colcon_core.shell:Creating environment hook '/home/giorgio/Webots/install/aurora_msgs/share/aurora_msgs/hook/pythonpath.sh'
[0.986s] Level 1:colcon.colcon_core.environment:checking '/home/giorgio/Webots/install/aurora_msgs/bin'
[0.986s] INFO:colcon.colcon_core.shell:Creating package descriptor '/home/giorgio/Webots/install/aurora_msgs/share/aurora_msgs/package.dsv'
[0.986s] INFO:colcon.colcon_core.shell:Creating package script '/home/giorgio/Webots/install/aurora_msgs/share/aurora_msgs/package.sh'
[0.987s] INFO:colcon.colcon_core.shell:Creating package script '/home/giorgio/Webots/install/aurora_msgs/share/aurora_msgs/package.bash'
[0.987s] INFO:colcon.colcon_core.shell:Creating package script '/home/giorgio/Webots/install/aurora_msgs/share/aurora_msgs/package.zsh'
[0.988s] Level 1:colcon.colcon_core.environment:create_file_with_runtime_dependencies(/home/giorgio/Webots/install/aurora_msgs/share/colcon-core/packages/aurora_msgs)
[0.988s] INFO:colcon.colcon_ros.task.ament_cmake.build:Building ROS package in '/home/giorgio/Webots/src/aruco_msgs' with build type 'ament_cmake'
[0.988s] INFO:colcon.colcon_cmake.task.cmake.build:Building CMake package in '/home/giorgio/Webots/src/aruco_msgs'
[0.988s] DEBUG:colcon.colcon_core.shell:Skip shell extension 'dsv' for command environment
[0.993s] Level 1:colcon.colcon_core.environment:create_environment_scripts_only(rover_msgs)
[0.994s] Level 1:colcon.colcon_core.environment:checking '/home/giorgio/Webots/install/rover_msgs' for CMake module files
[0.993s] DEBUG:colcon.colcon_core.event_handler.log_command:Invoked command in '/home/giorgio/Webots/build/rover_msgs' returned '0': CMAKE_PREFIX_PATH=${CMAKE_PREFIX_PATH}:/home/giorgio/Webots/install/webots_hospital_youbot:/home/giorgio/Webots/install/webots:/home/giorgio/Webots/install/util:/opt/ros/jazzy DEBUGINFOD_URLS=https://debuginfod.ubuntu.com /usr/bin/cmake --install /home/giorgio/Webots/build/rover_msgs
[0.997s] Level 1:colcon.colcon_core.environment:checking '/home/giorgio/Webots/install/rover_msgs' for CMake config files
[0.997s] Level 1:colcon.colcon_core.shell:create_environment_hook('rover_msgs', 'cmake_prefix_path')
[0.997s] INFO:colcon.colcon_core.shell:Creating environment descriptor '/home/giorgio/Webots/install/rover_msgs/share/rover_msgs/hook/cmake_prefix_path.dsv'
[0.998s] INFO:colcon.colcon_core.shell:Creating environment hook '/home/giorgio/Webots/install/rover_msgs/share/rover_msgs/hook/cmake_prefix_path.sh'
[0.999s] Level 1:colcon.colcon_core.environment:checking '/home/giorgio/Webots/install/rover_msgs/lib'
[0.999s] Level 1:colcon.colcon_core.shell:create_environment_hook('rover_msgs', 'ld_library_path_lib')
[0.999s] INFO:colcon.colcon_core.shell:Creating environment descriptor '/home/giorgio/Webots/install/rover_msgs/share/rover_msgs/hook/ld_library_path_lib.dsv'
[1.000s] INFO:colcon.colcon_core.shell:Creating environment hook '/home/giorgio/Webots/install/rover_msgs/share/rover_msgs/hook/ld_library_path_lib.sh'
[1.001s] Level 1:colcon.colcon_core.environment:checking '/home/giorgio/Webots/install/rover_msgs/bin'
[1.001s] Level 1:colcon.colcon_core.environment:checking '/home/giorgio/Webots/install/rover_msgs/lib/pkgconfig/rover_msgs.pc'
[1.001s] Level 1:colcon.colcon_core.environment:checking '/home/giorgio/Webots/install/rover_msgs/lib/python3.12/site-packages'
[1.001s] Level 1:colcon.colcon_core.shell:create_environment_hook('rover_msgs', 'pythonpath')
[1.002s] INFO:colcon.colcon_core.shell:Creating environment descriptor '/home/giorgio/Webots/install/rover_msgs/share/rover_msgs/hook/pythonpath.dsv'
[1.002s] INFO:colcon.colcon_core.shell:Creating environment hook '/home/giorgio/Webots/install/rover_msgs/share/rover_msgs/hook/pythonpath.sh'
[1.003s] Level 1:colcon.colcon_core.environment:checking '/home/giorgio/Webots/install/rover_msgs/bin'
[1.003s] INFO:colcon.colcon_core.shell:Creating package descriptor '/home/giorgio/Webots/install/rover_msgs/share/rover_msgs/package.dsv'
[1.004s] INFO:colcon.colcon_core.shell:Creating package script '/home/giorgio/Webots/install/rover_msgs/share/rover_msgs/package.sh'
[1.004s] INFO:colcon.colcon_core.shell:Creating package script '/home/giorgio/Webots/install/rover_msgs/share/rover_msgs/package.bash'
[1.005s] INFO:colcon.colcon_core.shell:Creating package script '/home/giorgio/Webots/install/rover_msgs/share/rover_msgs/package.zsh'
[1.005s] Level 1:colcon.colcon_core.environment:create_file_with_runtime_dependencies(/home/giorgio/Webots/install/rover_msgs/share/colcon-core/packages/rover_msgs)
[1.006s] Level 1:colcon.colcon_core.environment:create_environment_scripts_only(rover_msgs)
[1.006s] Level 1:colcon.colcon_core.environment:checking '/home/giorgio/Webots/install/rover_msgs' for CMake module files
[1.006s] Level 1:colcon.colcon_core.environment:checking '/home/giorgio/Webots/install/rover_msgs' for CMake config files
[1.007s] Level 1:colcon.colcon_core.shell:create_environment_hook('rover_msgs', 'cmake_prefix_path')
[1.007s] INFO:colcon.colcon_core.shell:Creating environment descriptor '/home/giorgio/Webots/install/rover_msgs/share/rover_msgs/hook/cmake_prefix_path.dsv'
[1.007s] INFO:colcon.colcon_core.shell:Creating environment hook '/home/giorgio/Webots/install/rover_msgs/share/rover_msgs/hook/cmake_prefix_path.sh'
[1.008s] Level 1:colcon.colcon_core.environment:checking '/home/giorgio/Webots/install/rover_msgs/lib'
[1.008s] Level 1:colcon.colcon_core.shell:create_environment_hook('rover_msgs', 'ld_library_path_lib')
[1.008s] INFO:colcon.colcon_core.shell:Creating environment descriptor '/home/giorgio/Webots/install/rover_msgs/share/rover_msgs/hook/ld_library_path_lib.dsv'
[1.009s] INFO:colcon.colcon_core.shell:Creating environment hook '/home/giorgio/Webots/install/rover_msgs/share/rover_msgs/hook/ld_library_path_lib.sh'
[1.009s] Level 1:colcon.colcon_core.environment:checking '/home/giorgio/Webots/install/rover_msgs/bin'
[1.009s] Level 1:colcon.colcon_core.environment:checking '/home/giorgio/Webots/install/rover_msgs/lib/pkgconfig/rover_msgs.pc'
[1.009s] Level 1:colcon.colcon_core.environment:checking '/home/giorgio/Webots/install/rover_msgs/lib/python3.12/site-packages'
[1.009s] Level 1:colcon.colcon_core.shell:create_environment_hook('rover_msgs', 'pythonpath')
[1.010s] INFO:colcon.colcon_core.shell:Creating environment descriptor '/home/giorgio/Webots/install/rover_msgs/share/rover_msgs/hook/pythonpath.dsv'
[1.010s] INFO:colcon.colcon_core.shell:Creating environment hook '/home/giorgio/Webots/install/rover_msgs/share/rover_msgs/hook/pythonpath.sh'
[1.010s] Level 1:colcon.colcon_core.environment:checking '/home/giorgio/Webots/install/rover_msgs/bin'
[1.011s] INFO:colcon.colcon_core.shell:Creating package descriptor '/home/giorgio/Webots/install/rover_msgs/share/rover_msgs/package.dsv'
[1.011s] INFO:colcon.colcon_core.shell:Creating package script '/home/giorgio/Webots/install/rover_msgs/share/rover_msgs/package.sh'
[1.011s] INFO:colcon.colcon_core.shell:Creating package script '/home/giorgio/Webots/install/rover_msgs/share/rover_msgs/package.bash'
[1.012s] INFO:colcon.colcon_core.shell:Creating package script '/home/giorgio/Webots/install/rover_msgs/share/rover_msgs/package.zsh'
[1.012s] Level 1:colcon.colcon_core.environment:create_file_with_runtime_dependencies(/home/giorgio/Webots/install/rover_msgs/share/colcon-core/packages/rover_msgs)
[1.013s] INFO:colcon.colcon_ros.task.ament_cmake.build:Building ROS package in '/home/giorgio/Webots/src/cpp_pubsub' with build type 'ament_cmake'
[1.013s] INFO:colcon.colcon_cmake.task.cmake.build:Building CMake package in '/home/giorgio/Webots/src/cpp_pubsub'
[1.014s] DEBUG:colcon.colcon_core.shell:Skip shell extension 'dsv' for command environment
[1.019s] DEBUG:colcon.colcon_core.event_handler.log_command:Invoking command in '/home/giorgio/Webots/build/aruco_msgs': CMAKE_PREFIX_PATH=${CMAKE_PREFIX_PATH}:/home/giorgio/Webots/install/webots_hospital_youbot:/home/giorgio/Webots/install/webots:/home/giorgio/Webots/install/util:/opt/ros/jazzy DEBUGINFOD_URLS=https://debuginfod.ubuntu.com /usr/bin/cmake --build /home/giorgio/Webots/build/aruco_msgs -- -j2 -l2
[1.025s] DEBUG:colcon.colcon_core.event_handler.log_command:Invoking command in '/home/giorgio/Webots/build/cpp_pubsub': CMAKE_PREFIX_PATH=${CMAKE_PREFIX_PATH}:/home/giorgio/Webots/install/webots_hospital_youbot:/home/giorgio/Webots/install/webots:/home/giorgio/Webots/install/util:/opt/ros/jazzy DEBUGINFOD_URLS=https://debuginfod.ubuntu.com /usr/bin/cmake --build /home/giorgio/Webots/build/cpp_pubsub -- -j2 -l2
[1.120s] DEBUG:colcon.colcon_core.event_handler.log_command:Invoked command in '/home/giorgio/Webots/build/cpp_pubsub' returned '0': CMAKE_PREFIX_PATH=${CMAKE_PREFIX_PATH}:/home/giorgio/Webots/install/webots_hospital_youbot:/home/giorgio/Webots/install/webots:/home/giorgio/Webots/install/util:/opt/ros/jazzy DEBUGINFOD_URLS=https://debuginfod.ubuntu.com /usr/bin/cmake --build /home/giorgio/Webots/build/cpp_pubsub -- -j2 -l2
[1.120s] DEBUG:colcon.colcon_core.event_handler.log_command:Invoking command in '/home/giorgio/Webots/build/cpp_pubsub': CMAKE_PREFIX_PATH=${CMAKE_PREFIX_PATH}:/home/giorgio/Webots/install/webots_hospital_youbot:/home/giorgio/Webots/install/webots:/home/giorgio/Webots/install/util:/opt/ros/jazzy DEBUGINFOD_URLS=https://debuginfod.ubuntu.com /usr/bin/cmake --install /home/giorgio/Webots/build/cpp_pubsub
[1.134s] Level 1:colcon.colcon_core.environment:create_environment_scripts_only(cpp_pubsub)
[1.134s] Level 1:colcon.colcon_core.environment:checking '/home/giorgio/Webots/install/cpp_pubsub' for CMake module files
[1.134s] DEBUG:colcon.colcon_core.event_handler.log_command:Invoked command in '/home/giorgio/Webots/build/cpp_pubsub' returned '0': CMAKE_PREFIX_PATH=${CMAKE_PREFIX_PATH}:/home/giorgio/Webots/install/webots_hospital_youbot:/home/giorgio/Webots/install/webots:/home/giorgio/Webots/install/util:/opt/ros/jazzy DEBUGINFOD_URLS=https://debuginfod.ubuntu.com /usr/bin/cmake --install /home/giorgio/Webots/build/cpp_pubsub
[1.134s] Level 1:colcon.colcon_core.environment:checking '/home/giorgio/Webots/install/cpp_pubsub' for CMake config files
[1.135s] Level 1:colcon.colcon_core.shell:create_environment_hook('cpp_pubsub', 'cmake_prefix_path')
[1.135s] INFO:colcon.colcon_core.shell:Creating environment descriptor '/home/giorgio/Webots/install/cpp_pubsub/share/cpp_pubsub/hook/cmake_prefix_path.dsv'
[1.135s] INFO:colcon.colcon_core.shell:Creating environment hook '/home/giorgio/Webots/install/cpp_pubsub/share/cpp_pubsub/hook/cmake_prefix_path.sh'
[1.137s] Level 1:colcon.colcon_core.environment:checking '/home/giorgio/Webots/install/cpp_pubsub/lib'
[1.137s] Level 1:colcon.colcon_core.environment:checking '/home/giorgio/Webots/install/cpp_pubsub/bin'
[1.139s] Level 1:colcon.colcon_core.environment:checking '/home/giorgio/Webots/install/cpp_pubsub/lib/pkgconfig/cpp_pubsub.pc'
[1.139s] Level 1:colcon.colcon_core.environment:checking '/home/giorgio/Webots/install/cpp_pubsub/lib/python3.12/site-packages'
[1.139s] Level 1:colcon.colcon_core.environment:checking '/home/giorgio/Webots/install/cpp_pubsub/bin'
[1.139s] INFO:colcon.colcon_core.shell:Creating package descriptor '/home/giorgio/Webots/install/cpp_pubsub/share/cpp_pubsub/package.dsv'
[1.141s] INFO:colcon.colcon_core.shell:Creating package script '/home/giorgio/Webots/install/cpp_pubsub/share/cpp_pubsub/package.sh'
[1.141s] INFO:colcon.colcon_core.shell:Creating package script '/home/giorgio/Webots/install/cpp_pubsub/share/cpp_pubsub/package.bash'
[1.142s] INFO:colcon.colcon_core.shell:Creating package script '/home/giorgio/Webots/install/cpp_pubsub/share/cpp_pubsub/package.zsh'
[1.142s] Level 1:colcon.colcon_core.environment:create_file_with_runtime_dependencies(/home/giorgio/Webots/install/cpp_pubsub/share/colcon-core/packages/cpp_pubsub)
[1.142s] Level 1:colcon.colcon_core.environment:create_environment_scripts_only(cpp_pubsub)
[1.143s] Level 1:colcon.colcon_core.environment:checking '/home/giorgio/Webots/install/cpp_pubsub' for CMake module files
[1.143s] Level 1:colcon.colcon_core.environment:checking '/home/giorgio/Webots/install/cpp_pubsub' for CMake config files
[1.143s] Level 1:colcon.colcon_core.shell:create_environment_hook('cpp_pubsub', 'cmake_prefix_path')
[1.143s] INFO:colcon.colcon_core.shell:Creating environment descriptor '/home/giorgio/Webots/install/cpp_pubsub/share/cpp_pubsub/hook/cmake_prefix_path.dsv'
[1.143s] INFO:colcon.colcon_core.shell:Creating environment hook '/home/giorgio/Webots/install/cpp_pubsub/share/cpp_pubsub/hook/cmake_prefix_path.sh'
[1.144s] Level 1:colcon.colcon_core.environment:checking '/home/giorgio/Webots/install/cpp_pubsub/lib'
[1.144s] Level 1:colcon.colcon_core.environment:checking '/home/giorgio/Webots/install/cpp_pubsub/bin'
[1.144s] Level 1:colcon.colcon_core.environment:checking '/home/giorgio/Webots/install/cpp_pubsub/lib/pkgconfig/cpp_pubsub.pc'
[1.144s] Level 1:colcon.colcon_core.environment:checking '/home/giorgio/Webots/install/cpp_pubsub/lib/python3.12/site-packages'
[1.145s] Level 1:colcon.colcon_core.environment:checking '/home/giorgio/Webots/install/cpp_pubsub/bin'
[1.145s] INFO:colcon.colcon_core.shell:Creating package descriptor '/home/giorgio/Webots/install/cpp_pubsub/share/cpp_pubsub/package.dsv'
[1.145s] INFO:colcon.colcon_core.shell:Creating package script '/home/giorgio/Webots/install/cpp_pubsub/share/cpp_pubsub/package.sh'
[1.146s] INFO:colcon.colcon_core.shell:Creating package script '/home/giorgio/Webots/install/cpp_pubsub/share/cpp_pubsub/package.bash'
[1.146s] INFO:colcon.colcon_core.shell:Creating package script '/home/giorgio/Webots/install/cpp_pubsub/share/cpp_pubsub/package.zsh'
[1.146s] Level 1:colcon.colcon_core.environment:create_file_with_runtime_dependencies(/home/giorgio/Webots/install/cpp_pubsub/share/colcon-core/packages/cpp_pubsub)
[1.147s] INFO:colcon.colcon_ros.task.ament_python.build:Building ROS package in '/home/giorgio/Webots/src/util' with build type 'ament_python'
[1.147s] Level 1:colcon.colcon_core.shell:create_environment_hook('util', 'ament_prefix_path')
[1.147s] INFO:colcon.colcon_core.shell:Creating environment descriptor '/home/giorgio/Webots/install/util/share/util/hook/ament_prefix_path.dsv'
[1.147s] INFO:colcon.colcon_core.shell:Creating environment hook '/home/giorgio/Webots/install/util/share/util/hook/ament_prefix_path.sh'
[1.150s] DEBUG:colcon.colcon_core.shell:Skip shell extension 'dsv' for command environment
[1.346s] INFO:colcon.colcon_core.task.python.build:Building Python package in '/home/giorgio/Webots/src/util'
[1.346s] DEBUG:colcon.colcon_core.shell:Skip shell extension 'dsv' for command environment
[1.618s] DEBUG:colcon.colcon_core.event_handler.log_command:Invoked command in '/home/giorgio/Webots/build/aruco_msgs' returned '0': CMAKE_PREFIX_PATH=${CMAKE_PREFIX_PATH}:/home/giorgio/Webots/install/webots_hospital_youbot:/home/giorgio/Webots/install/webots:/home/giorgio/Webots/install/util:/opt/ros/jazzy DEBUGINFOD_URLS=https://debuginfod.ubuntu.com /usr/bin/cmake --build /home/giorgio/Webots/build/aruco_msgs -- -j2 -l2
[1.619s] DEBUG:colcon.colcon_core.event_handler.log_command:Invoking command in '/home/giorgio/Webots/build/aruco_msgs': CMAKE_PREFIX_PATH=${CMAKE_PREFIX_PATH}:/home/giorgio/Webots/install/webots_hospital_youbot:/home/giorgio/Webots/install/webots:/home/giorgio/Webots/install/util:/opt/ros/jazzy DEBUGINFOD_URLS=https://debuginfod.ubuntu.com /usr/bin/cmake --install /home/giorgio/Webots/build/aruco_msgs
[1.688s] Level 1:colcon.colcon_core.environment:create_environment_scripts_only(aruco_msgs)
[1.688s] Level 1:colcon.colcon_core.environment:checking '/home/giorgio/Webots/install/aruco_msgs' for CMake module files
[1.689s] Level 1:colcon.colcon_core.environment:checking '/home/giorgio/Webots/install/aruco_msgs' for CMake config files
[1.689s] Level 1:colcon.colcon_core.shell:create_environment_hook('aruco_msgs', 'cmake_prefix_path')
[1.689s] DEBUG:colcon.colcon_core.event_handler.log_command:Invoked command in '/home/giorgio/Webots/build/aruco_msgs' returned '0': CMAKE_PREFIX_PATH=${CMAKE_PREFIX_PATH}:/home/giorgio/Webots/install/webots_hospital_youbot:/home/giorgio/Webots/install/webots:/home/giorgio/Webots/install/util:/opt/ros/jazzy DEBUGINFOD_URLS=https://debuginfod.ubuntu.com /usr/bin/cmake --install /home/giorgio/Webots/build/aruco_msgs
[1.689s] INFO:colcon.colcon_core.shell:Creating environment descriptor '/home/giorgio/Webots/install/aruco_msgs/share/aruco_msgs/hook/cmake_prefix_path.dsv'
[1.690s] INFO:colcon.colcon_core.shell:Creating environment hook '/home/giorgio/Webots/install/aruco_msgs/share/aruco_msgs/hook/cmake_prefix_path.sh'
[1.690s] Level 1:colcon.colcon_core.environment:checking '/home/giorgio/Webots/install/aruco_msgs/lib'
[1.690s] Level 1:colcon.colcon_core.shell:create_environment_hook('aruco_msgs', 'ld_library_path_lib')
[1.690s] INFO:colcon.colcon_core.shell:Creating environment descriptor '/home/giorgio/Webots/install/aruco_msgs/share/aruco_msgs/hook/ld_library_path_lib.dsv'
[1.691s] INFO:colcon.colcon_core.shell:Creating environment hook '/home/giorgio/Webots/install/aruco_msgs/share/aruco_msgs/hook/ld_library_path_lib.sh'
[1.691s] Level 1:colcon.colcon_core.environment:checking '/home/giorgio/Webots/install/aruco_msgs/bin'
[1.691s] Level 1:colcon.colcon_core.environment:checking '/home/giorgio/Webots/install/aruco_msgs/lib/pkgconfig/aruco_msgs.pc'
[1.691s] Level 1:colcon.colcon_core.environment:checking '/home/giorgio/Webots/install/aruco_msgs/lib/python3.12/site-packages'
[1.692s] Level 1:colcon.colcon_core.shell:create_environment_hook('aruco_msgs', 'pythonpath')
[1.692s] INFO:colcon.colcon_core.shell:Creating environment descriptor '/home/giorgio/Webots/install/aruco_msgs/share/aruco_msgs/hook/pythonpath.dsv'
[1.692s] INFO:colcon.colcon_core.shell:Creating environment hook '/home/giorgio/Webots/install/aruco_msgs/share/aruco_msgs/hook/pythonpath.sh'
[1.693s] Level 1:colcon.colcon_core.environment:checking '/home/giorgio/Webots/install/aruco_msgs/bin'
[1.693s] INFO:colcon.colcon_core.shell:Creating package descriptor '/home/giorgio/Webots/install/aruco_msgs/share/aruco_msgs/package.dsv'
[1.693s] INFO:colcon.colcon_core.shell:Creating package script '/home/giorgio/Webots/install/aruco_msgs/share/aruco_msgs/package.sh'
[1.694s] INFO:colcon.colcon_core.shell:Creating package script '/home/giorgio/Webots/install/aruco_msgs/share/aruco_msgs/package.bash'
[1.694s] INFO:colcon.colcon_core.shell:Creating package script '/home/giorgio/Webots/install/aruco_msgs/share/aruco_msgs/package.zsh'
[1.695s] Level 1:colcon.colcon_core.environment:create_file_with_runtime_dependencies(/home/giorgio/Webots/install/aruco_msgs/share/colcon-core/packages/aruco_msgs)
[1.695s] Level 1:colcon.colcon_core.environment:create_environment_scripts_only(aruco_msgs)
[1.695s] Level 1:colcon.colcon_core.environment:checking '/home/giorgio/Webots/install/aruco_msgs' for CMake module files
[1.696s] Level 1:colcon.colcon_core.environment:checking '/home/giorgio/Webots/install/aruco_msgs' for CMake config files
[1.696s] Level 1:colcon.colcon_core.shell:create_environment_hook('aruco_msgs', 'cmake_prefix_path')
[1.696s] INFO:colcon.colcon_core.shell:Creating environment descriptor '/home/giorgio/Webots/install/aruco_msgs/share/aruco_msgs/hook/cmake_prefix_path.dsv'
[1.696s] INFO:colcon.colcon_core.shell:Creating environment hook '/home/giorgio/Webots/install/aruco_msgs/share/aruco_msgs/hook/cmake_prefix_path.sh'
[1.697s] Level 1:colcon.colcon_core.environment:checking '/home/giorgio/Webots/install/aruco_msgs/lib'
[1.697s] Level 1:colcon.colcon_core.shell:create_environment_hook('aruco_msgs', 'ld_library_path_lib')
[1.697s] INFO:colcon.colcon_core.shell:Creating environment descriptor '/home/giorgio/Webots/install/aruco_msgs/share/aruco_msgs/hook/ld_library_path_lib.dsv'
[1.697s] INFO:colcon.colcon_core.shell:Creating environment hook '/home/giorgio/Webots/install/aruco_msgs/share/aruco_msgs/hook/ld_library_path_lib.sh'
[1.698s] Level 1:colcon.colcon_core.environment:checking '/home/giorgio/Webots/install/aruco_msgs/bin'
[1.698s] Level 1:colcon.colcon_core.environment:checking '/home/giorgio/Webots/install/aruco_msgs/lib/pkgconfig/aruco_msgs.pc'
[1.698s] Level 1:colcon.colcon_core.environment:checking '/home/giorgio/Webots/install/aruco_msgs/lib/python3.12/site-packages'
[1.698s] Level 1:colcon.colcon_core.shell:create_environment_hook('aruco_msgs', 'pythonpath')
[1.698s] INFO:colcon.colcon_core.shell:Creating environment descriptor '/home/giorgio/Webots/install/aruco_msgs/share/aruco_msgs/hook/pythonpath.dsv'
[1.699s] INFO:colcon.colcon_core.shell:Creating environment hook '/home/giorgio/Webots/install/aruco_msgs/share/aruco_msgs/hook/pythonpath.sh'
[1.699s] Level 1:colcon.colcon_core.environment:checking '/home/giorgio/Webots/install/aruco_msgs/bin'
[1.699s] INFO:colcon.colcon_core.shell:Creating package descriptor '/home/giorgio/Webots/install/aruco_msgs/share/aruco_msgs/package.dsv'
[1.700s] INFO:colcon.colcon_core.shell:Creating package script '/home/giorgio/Webots/install/aruco_msgs/share/aruco_msgs/package.sh'
[1.700s] INFO:colcon.colcon_core.shell:Creating package script '/home/giorgio/Webots/install/aruco_msgs/share/aruco_msgs/package.bash'
[1.701s] INFO:colcon.colcon_core.shell:Creating package script '/home/giorgio/Webots/install/aruco_msgs/share/aruco_msgs/package.zsh'
[1.701s] Level 1:colcon.colcon_core.environment:create_file_with_runtime_dependencies(/home/giorgio/Webots/install/aruco_msgs/share/colcon-core/packages/aruco_msgs)
[1.702s] INFO:colcon.colcon_ros.task.ament_python.build:Building ROS package in '/home/giorgio/Webots/src/webots_tutorial' with build type 'ament_python'
[1.702s] Level 1:colcon.colcon_core.shell:create_environment_hook('webots', 'ament_prefix_path')
[1.702s] INFO:colcon.colcon_core.shell:Creating environment descriptor '/home/giorgio/Webots/install/webots/share/webots/hook/ament_prefix_path.dsv'
[1.703s] INFO:colcon.colcon_core.shell:Creating environment hook '/home/giorgio/Webots/install/webots/share/webots/hook/ament_prefix_path.sh'
[1.703s] DEBUG:colcon.colcon_core.shell:Skip shell extension 'dsv' for command environment
[1.911s] INFO:colcon.colcon_core.task.python.build:Building Python package in '/home/giorgio/Webots/src/webots_tutorial'
[1.911s] DEBUG:colcon.colcon_core.shell:Skip shell extension 'dsv' for command environment
[1.921s] DEBUG:colcon.colcon_core.event_handler.log_command:Invoking command in '/home/giorgio/Webots/src/util': DEBUGINFOD_URLS=https://debuginfod.ubuntu.com PYTHONPATH=/home/giorgio/Webots/build/util/prefix_override:/usr/lib/python3/dist-packages/colcon_core/task/python/colcon_distutils_commands:/home/giorgio/Webots/install/util/lib/python3.12/site-packages:${PYTHONPATH} /usr/bin/python3 -W ignore:setup.py install is deprecated -W ignore:easy_install command is deprecated setup.py egg_info --egg-base ../../build/util build --build-base /home/giorgio/Webots/build/util/build install --record /home/giorgio/Webots/build/util/install.log --single-version-externally-managed install_data
[2.319s] Level 1:colcon.colcon_core.environment:checking '/home/giorgio/Webots/install/util' for CMake module files
[2.319s] DEBUG:colcon.colcon_core.event_handler.log_command:Invoked command in '/home/giorgio/Webots/src/util' returned '0': DEBUGINFOD_URLS=https://debuginfod.ubuntu.com PYTHONPATH=/home/giorgio/Webots/build/util/prefix_override:/usr/lib/python3/dist-packages/colcon_core/task/python/colcon_distutils_commands:/home/giorgio/Webots/install/util/lib/python3.12/site-packages:${PYTHONPATH} /usr/bin/python3 -W ignore:setup.py install is deprecated -W ignore:easy_install command is deprecated setup.py egg_info --egg-base ../../build/util build --build-base /home/giorgio/Webots/build/util/build install --record /home/giorgio/Webots/build/util/install.log --single-version-externally-managed install_data
[2.319s] Level 1:colcon.colcon_core.environment:checking '/home/giorgio/Webots/install/util' for CMake config files
[2.320s] Level 1:colcon.colcon_core.environment:checking '/home/giorgio/Webots/install/util/lib'
[2.320s] Level 1:colcon.colcon_core.environment:checking '/home/giorgio/Webots/install/util/bin'
[2.320s] Level 1:colcon.colcon_core.environment:checking '/home/giorgio/Webots/install/util/lib/pkgconfig/util.pc'
[2.320s] Level 1:colcon.colcon_core.environment:checking '/home/giorgio/Webots/install/util/lib/python3.12/site-packages'
[2.320s] Level 1:colcon.colcon_core.shell:create_environment_hook('util', 'pythonpath')
[2.320s] INFO:colcon.colcon_core.shell:Creating environment descriptor '/home/giorgio/Webots/install/util/share/util/hook/pythonpath.dsv'
[2.321s] INFO:colcon.colcon_core.shell:Creating environment hook '/home/giorgio/Webots/install/util/share/util/hook/pythonpath.sh'
[2.321s] Level 1:colcon.colcon_core.environment:checking '/home/giorgio/Webots/install/util/bin'
[2.321s] Level 1:colcon.colcon_core.environment:create_environment_scripts_only(util)
[2.321s] INFO:colcon.colcon_core.shell:Creating package descriptor '/home/giorgio/Webots/install/util/share/util/package.dsv'
[2.322s] INFO:colcon.colcon_core.shell:Creating package script '/home/giorgio/Webots/install/util/share/util/package.sh'
[2.322s] INFO:colcon.colcon_core.shell:Creating package script '/home/giorgio/Webots/install/util/share/util/package.bash'
[2.323s] INFO:colcon.colcon_core.shell:Creating package script '/home/giorgio/Webots/install/util/share/util/package.zsh'
[2.323s] Level 1:colcon.colcon_core.environment:create_file_with_runtime_dependencies(/home/giorgio/Webots/install/util/share/colcon-core/packages/util)
[2.323s] INFO:colcon.colcon_ros.task.ament_python.build:Building ROS package in '/home/giorgio/Webots/src/webots_hospital_youbot' with build type 'ament_python'
[2.325s] Level 1:colcon.colcon_core.shell:create_environment_hook('webots_hospital_youbot', 'ament_prefix_path')
[2.325s] INFO:colcon.colcon_core.shell:Creating environment descriptor '/home/giorgio/Webots/install/webots_hospital_youbot/share/webots_hospital_youbot/hook/ament_prefix_path.dsv'
[2.325s] INFO:colcon.colcon_core.shell:Creating environment hook '/home/giorgio/Webots/install/webots_hospital_youbot/share/webots_hospital_youbot/hook/ament_prefix_path.sh'
[2.326s] DEBUG:colcon.colcon_core.shell:Skip shell extension 'dsv' for command environment
[2.512s] INFO:colcon.colcon_core.task.python.build:Building Python package in '/home/giorgio/Webots/src/webots_hospital_youbot'
[2.513s] DEBUG:colcon.colcon_core.shell:Skip shell extension 'dsv' for command environment
[2.517s] DEBUG:colcon.colcon_core.event_handler.log_command:Invoking command in '/home/giorgio/Webots/src/webots_tutorial': DEBUGINFOD_URLS=https://debuginfod.ubuntu.com PYTHONPATH=/home/giorgio/Webots/build/webots/prefix_override:/usr/lib/python3/dist-packages/colcon_core/task/python/colcon_distutils_commands:/home/giorgio/Webots/install/webots/lib/python3.12/site-packages:${PYTHONPATH} /usr/bin/python3 -W ignore:setup.py install is deprecated -W ignore:easy_install command is deprecated setup.py egg_info --egg-base ../../build/webots build --build-base /home/giorgio/Webots/build/webots/build install --record /home/giorgio/Webots/build/webots/install.log --single-version-externally-managed install_data
[2.953s] Level 1:colcon.colcon_core.environment:checking '/home/giorgio/Webots/install/webots' for CMake module files
[2.954s] DEBUG:colcon.colcon_core.event_handler.log_command:Invoked command in '/home/giorgio/Webots/src/webots_tutorial' returned '0': DEBUGINFOD_URLS=https://debuginfod.ubuntu.com PYTHONPATH=/home/giorgio/Webots/build/webots/prefix_override:/usr/lib/python3/dist-packages/colcon_core/task/python/colcon_distutils_commands:/home/giorgio/Webots/install/webots/lib/python3.12/site-packages:${PYTHONPATH} /usr/bin/python3 -W ignore:setup.py install is deprecated -W ignore:easy_install command is deprecated setup.py egg_info --egg-base ../../build/webots build --build-base /home/giorgio/Webots/build/webots/build install --record /home/giorgio/Webots/build/webots/install.log --single-version-externally-managed install_data
[2.954s] Level 1:colcon.colcon_core.environment:checking '/home/giorgio/Webots/install/webots' for CMake config files
[2.955s] Level 1:colcon.colcon_core.environment:checking '/home/giorgio/Webots/install/webots/lib'
[2.955s] Level 1:colcon.colcon_core.environment:checking '/home/giorgio/Webots/install/webots/bin'
[2.955s] Level 1:colcon.colcon_core.environment:checking '/home/giorgio/Webots/install/webots/lib/pkgconfig/webots.pc'
[2.955s] Level 1:colcon.colcon_core.environment:checking '/home/giorgio/Webots/install/webots/lib/python3.12/site-packages'
[2.955s] Level 1:colcon.colcon_core.shell:create_environment_hook('webots', 'pythonpath')
[2.955s] INFO:colcon.colcon_core.shell:Creating environment descriptor '/home/giorgio/Webots/install/webots/share/webots/hook/pythonpath.dsv'
[2.955s] INFO:colcon.colcon_core.shell:Creating environment hook '/home/giorgio/Webots/install/webots/share/webots/hook/pythonpath.sh'
[2.956s] Level 1:colcon.colcon_core.environment:checking '/home/giorgio/Webots/install/webots/bin'
[2.956s] Level 1:colcon.colcon_core.environment:create_environment_scripts_only(webots)
[2.956s] INFO:colcon.colcon_core.shell:Creating package descriptor '/home/giorgio/Webots/install/webots/share/webots/package.dsv'
[2.957s] INFO:colcon.colcon_core.shell:Creating package script '/home/giorgio/Webots/install/webots/share/webots/package.sh'
[2.958s] INFO:colcon.colcon_core.shell:Creating package script '/home/giorgio/Webots/install/webots/share/webots/package.bash'
[2.958s] INFO:colcon.colcon_core.shell:Creating package script '/home/giorgio/Webots/install/webots/share/webots/package.zsh'
[2.959s] Level 1:colcon.colcon_core.environment:create_file_with_runtime_dependencies(/home/giorgio/Webots/install/webots/share/colcon-core/packages/webots)
[3.077s] DEBUG:colcon.colcon_core.event_handler.log_command:Invoking command in '/home/giorgio/Webots/src/webots_hospital_youbot': CMAKE_PREFIX_PATH=/home/giorgio/Webots/install/rover_msgs:/home/giorgio/Webots/install/aurora_msgs:/home/giorgio/Webots/install/cpp_pubsub:/home/giorgio/Webots/install/aruco_msgs:/opt/ros/jazzy/opt/sdformat_vendor:/opt/ros/jazzy/opt/gz_math_vendor:/opt/ros/jazzy/opt/gz_utils_vendor:/opt/ros/jazzy/opt/gz_tools_vendor:/opt/ros/jazzy/opt/gz_cmake_vendor DEBUGINFOD_URLS=https://debuginfod.ubuntu.com PYTHONPATH=/home/giorgio/Webots/build/webots_hospital_youbot/prefix_override:/usr/lib/python3/dist-packages/colcon_core/task/python/colcon_distutils_commands:/home/giorgio/Webots/install/webots_hospital_youbot/lib/python3.12/site-packages:/home/giorgio/Webots/install/rover_msgs/lib/python3.12/site-packages:/home/giorgio/Webots/install/aurora_msgs/lib/python3.12/site-packages:/home/giorgio/Webots/install/webots_hospital_youbot/lib/python3.12/site-packages:/home/giorgio/Webots/install/webots/lib/python3.12/site-packages:/home/giorgio/Webots/install/util/lib/python3.12/site-packages:/home/giorgio/Webots/install/aruco_msgs/lib/python3.12/site-packages:/home/serl/.local/share/pipx/venvs/pytransform3d/lib/python3.12/site-packages:/home/serl/.local/share/pipx/venvs/pyquaternion/lib/python3.12/site-packages:/home/serl/.local/share/pipx/venvs/pytransform3d/lib/python3.12/site-packages:/home/serl/.local/share/pipx/venvs/pyquaternion/lib/python3.12/site-packages:/opt/ros/jazzy/lib/python3.12/site-packages /usr/bin/python3 -W ignore:setup.py install is deprecated -W ignore:easy_install command is deprecated setup.py egg_info --egg-base ../../build/webots_hospital_youbot build --build-base /home/giorgio/Webots/build/webots_hospital_youbot/build install --record /home/giorgio/Webots/build/webots_hospital_youbot/install.log --single-version-externally-managed install_data
[3.733s] Level 1:colcon.colcon_core.environment:checking '/home/giorgio/Webots/install/webots_hospital_youbot' for CMake module files
[3.733s] Level 1:colcon.colcon_core.environment:checking '/home/giorgio/Webots/install/webots_hospital_youbot' for CMake config files
[3.734s] Level 1:colcon.colcon_core.environment:checking '/home/giorgio/Webots/install/webots_hospital_youbot/lib'
[3.734s] Level 1:colcon.colcon_core.environment:checking '/home/giorgio/Webots/install/webots_hospital_youbot/bin'
[3.734s] Level 1:colcon.colcon_core.environment:checking '/home/giorgio/Webots/install/webots_hospital_youbot/lib/pkgconfig/webots_hospital_youbot.pc'
[3.733s] DEBUG:colcon.colcon_core.event_handler.log_command:Invoked command in '/home/giorgio/Webots/src/webots_hospital_youbot' returned '0': CMAKE_PREFIX_PATH=/home/giorgio/Webots/install/rover_msgs:/home/giorgio/Webots/install/aurora_msgs:/home/giorgio/Webots/install/cpp_pubsub:/home/giorgio/Webots/install/aruco_msgs:/opt/ros/jazzy/opt/sdformat_vendor:/opt/ros/jazzy/opt/gz_math_vendor:/opt/ros/jazzy/opt/gz_utils_vendor:/opt/ros/jazzy/opt/gz_tools_vendor:/opt/ros/jazzy/opt/gz_cmake_vendor DEBUGINFOD_URLS=https://debuginfod.ubuntu.com PYTHONPATH=/home/giorgio/Webots/build/webots_hospital_youbot/prefix_override:/usr/lib/python3/dist-packages/colcon_core/task/python/colcon_distutils_commands:/home/giorgio/Webots/install/webots_hospital_youbot/lib/python3.12/site-packages:/home/giorgio/Webots/install/rover_msgs/lib/python3.12/site-packages:/home/giorgio/Webots/install/aurora_msgs/lib/python3.12/site-packages:/home/giorgio/Webots/install/webots_hospital_youbot/lib/python3.12/site-packages:/home/giorgio/Webots/install/webots/lib/python3.12/site-packages:/home/giorgio/Webots/install/util/lib/python3.12/site-packages:/home/giorgio/Webots/install/aruco_msgs/lib/python3.12/site-packages:/home/serl/.local/share/pipx/venvs/pytransform3d/lib/python3.12/site-packages:/home/serl/.local/share/pipx/venvs/pyquaternion/lib/python3.12/site-packages:/home/serl/.local/share/pipx/venvs/pytransform3d/lib/python3.12/site-packages:/home/serl/.local/share/pipx/venvs/pyquaternion/lib/python3.12/site-packages:/opt/ros/jazzy/lib/python3.12/site-packages /usr/bin/python3 -W ignore:setup.py install is deprecated -W ignore:easy_install command is deprecated setup.py egg_info --egg-base ../../build/webots_hospital_youbot build --build-base /home/giorgio/Webots/build/webots_hospital_youbot/build install --record /home/giorgio/Webots/build/webots_hospital_youbot/install.log --single-version-externally-managed install_data
[3.734s] Level 1:colcon.colcon_core.environment:checking '/home/giorgio/Webots/install/webots_hospital_youbot/lib/python3.12/site-packages'
[3.734s] Level 1:colcon.colcon_core.shell:create_environment_hook('webots_hospital_youbot', 'pythonpath')
[3.734s] INFO:colcon.colcon_core.shell:Creating environment descriptor '/home/giorgio/Webots/install/webots_hospital_youbot/share/webots_hospital_youbot/hook/pythonpath.dsv'
[3.735s] INFO:colcon.colcon_core.shell:Creating environment hook '/home/giorgio/Webots/install/webots_hospital_youbot/share/webots_hospital_youbot/hook/pythonpath.sh'
[3.736s] Level 1:colcon.colcon_core.environment:checking '/home/giorgio/Webots/install/webots_hospital_youbot/bin'
[3.736s] Level 1:colcon.colcon_core.environment:create_environment_scripts_only(webots_hospital_youbot)
[3.736s] INFO:colcon.colcon_core.shell:Creating package descriptor '/home/giorgio/Webots/install/webots_hospital_youbot/share/webots_hospital_youbot/package.dsv'
[3.736s] INFO:colcon.colcon_core.shell:Creating package script '/home/giorgio/Webots/install/webots_hospital_youbot/share/webots_hospital_youbot/package.sh'
[3.737s] INFO:colcon.colcon_core.shell:Creating package script '/home/giorgio/Webots/install/webots_hospital_youbot/share/webots_hospital_youbot/package.bash'
[3.737s] INFO:colcon.colcon_core.shell:Creating package script '/home/giorgio/Webots/install/webots_hospital_youbot/share/webots_hospital_youbot/package.zsh'
[3.737s] Level 1:colcon.colcon_core.environment:create_file_with_runtime_dependencies(/home/giorgio/Webots/install/webots_hospital_youbot/share/colcon-core/packages/webots_hospital_youbot)
[3.740s] DEBUG:colcon.colcon_parallel_executor.executor.parallel:closing loop
[3.740s] DEBUG:colcon.colcon_parallel_executor.executor.parallel:loop closed
[3.740s] DEBUG:colcon.colcon_parallel_executor.executor.parallel:run_until_complete finished with '0'
[3.740s] DEBUG:colcon.colcon_core.event_reactor:joining thread
[3.746s] INFO:colcon.colcon_core.plugin_system:Skipping extension 'colcon_notification.desktop_notification.terminal_notifier': Not used on non-Darwin systems
[3.746s] INFO:colcon.colcon_core.plugin_system:Skipping extension 'colcon_notification.desktop_notification.win32': Not used on non-Windows systems
[3.746s] INFO:colcon.colcon_notification.desktop_notification:Sending desktop notification using 'notify2'
[3.762s] DEBUG:colcon.colcon_core.event_reactor:joined thread
[3.762s] INFO:colcon.colcon_core.shell:Creating prefix script '/home/giorgio/Webots/install/local_setup.sh'
[3.764s] INFO:colcon.colcon_core.shell:Creating prefix util module '/home/giorgio/Webots/install/_local_setup_util_sh.py'
[3.770s] INFO:colcon.colcon_core.shell:Creating prefix chain script '/home/giorgio/Webots/install/setup.sh'
[3.771s] INFO:colcon.colcon_core.shell:Creating prefix script '/home/giorgio/Webots/install/local_setup.bash'
[3.772s] INFO:colcon.colcon_core.shell:Creating prefix chain script '/home/giorgio/Webots/install/setup.bash'
[3.772s] INFO:colcon.colcon_core.shell:Creating prefix script '/home/giorgio/Webots/install/local_setup.zsh'
[3.773s] INFO:colcon.colcon_core.shell:Creating prefix chain script '/home/giorgio/Webots/install/setup.zsh'
