[0.014s] Invoking command in '/home/giorgio/Webots/build/cpp_pubsub': CMAKE_PREFIX_PATH=${CMAKE_PREFIX_PATH}:/home/giorgio/Webots/install/webots_hospital_youbot:/home/giorgio/Webots/install/webots:/home/giorgio/Webots/install/util:/opt/ros/jazzy DEBUGINFOD_URLS=https://debuginfod.ubuntu.com /usr/bin/cmake --build /home/giorgio/Webots/build/cpp_pubsub -- -j2 -l2
[0.164s] [ 50%] Built target talker
[0.166s] [100%] Built target listener
[0.196s] Invoked command in '/home/giorgio/Webots/build/cpp_pubsub' returned '0': CMAKE_PREFIX_PATH=${CMAKE_PREFIX_PATH}:/home/giorgio/Webots/install/webots_hospital_youbot:/home/giorgio/Webots/install/webots:/home/giorgio/Webots/install/util:/opt/ros/jazzy DEBUGINFOD_URLS=https://debuginfod.ubuntu.com /usr/bin/cmake --build /home/giorgio/Webots/build/cpp_pubsub -- -j2 -l2
[0.196s] Invoking command in '/home/giorgio/Webots/build/cpp_pubsub': CMAKE_PREFIX_PATH=${CMAKE_PREFIX_PATH}:/home/giorgio/Webots/install/webots_hospital_youbot:/home/giorgio/Webots/install/webots:/home/giorgio/Webots/install/util:/opt/ros/jazzy DEBUGINFOD_URLS=https://debuginfod.ubuntu.com /usr/bin/cmake --install /home/giorgio/Webots/build/cpp_pubsub
[0.225s] -- Install configuration: ""
[0.227s] -- Up-to-date: /home/giorgio/Webots/install/cpp_pubsub/lib/cpp_pubsub/talker
[0.227s] -- Up-to-date: /home/giorgio/Webots/install/cpp_pubsub/lib/cpp_pubsub/listener
[0.228s] -- Up-to-date: /home/giorgio/Webots/install/cpp_pubsub/share/ament_index/resource_index/package_run_dependencies/cpp_pubsub
[0.228s] -- Up-to-date: /home/giorgio/Webots/install/cpp_pubsub/share/ament_index/resource_index/parent_prefix_path/cpp_pubsub
[0.228s] -- Up-to-date: /home/giorgio/Webots/install/cpp_pubsub/share/cpp_pubsub/environment/ament_prefix_path.sh
[0.228s] -- Up-to-date: /home/giorgio/Webots/install/cpp_pubsub/share/cpp_pubsub/environment/ament_prefix_path.dsv
[0.228s] -- Up-to-date: /home/giorgio/Webots/install/cpp_pubsub/share/cpp_pubsub/environment/path.sh
[0.228s] -- Up-to-date: /home/giorgio/Webots/install/cpp_pubsub/share/cpp_pubsub/environment/path.dsv
[0.228s] -- Up-to-date: /home/giorgio/Webots/install/cpp_pubsub/share/cpp_pubsub/local_setup.bash
[0.228s] -- Up-to-date: /home/giorgio/Webots/install/cpp_pubsub/share/cpp_pubsub/local_setup.sh
[0.229s] -- Up-to-date: /home/giorgio/Webots/install/cpp_pubsub/share/cpp_pubsub/local_setup.zsh
[0.229s] -- Up-to-date: /home/giorgio/Webots/install/cpp_pubsub/share/cpp_pubsub/local_setup.dsv
[0.229s] -- Installing: /home/giorgio/Webots/install/cpp_pubsub/share/cpp_pubsub/package.dsv
[0.229s] -- Up-to-date: /home/giorgio/Webots/install/cpp_pubsub/share/ament_index/resource_index/packages/cpp_pubsub
[0.230s] -- Up-to-date: /home/giorgio/Webots/install/cpp_pubsub/share/cpp_pubsub/cmake/cpp_pubsubConfig.cmake
[0.230s] -- Up-to-date: /home/giorgio/Webots/install/cpp_pubsub/share/cpp_pubsub/cmake/cpp_pubsubConfig-version.cmake
[0.230s] -- Up-to-date: /home/giorgio/Webots/install/cpp_pubsub/share/cpp_pubsub/package.xml
[0.242s] Invoked command in '/home/giorgio/Webots/build/cpp_pubsub' returned '0': CMAKE_PREFIX_PATH=${CMAKE_PREFIX_PATH}:/home/giorgio/Webots/install/webots_hospital_youbot:/home/giorgio/Webots/install/webots:/home/giorgio/Webots/install/util:/opt/ros/jazzy DEBUGINFOD_URLS=https://debuginfod.ubuntu.com /usr/bin/cmake --install /home/giorgio/Webots/build/cpp_pubsub
