[0.582s] Invoking command in '/home/giorgio/Webots/src/webots_tutorial': DEBUGINFOD_URLS=https://debuginfod.ubuntu.com PYTHONPATH=/home/giorgio/Webots/build/webots/prefix_override:/usr/lib/python3/dist-packages/colcon_core/task/python/colcon_distutils_commands:/home/giorgio/Webots/install/webots/lib/python3.12/site-packages:${PYTHONPATH} /usr/bin/python3 -W ignore:setup.py install is deprecated -W ignore:easy_install command is deprecated setup.py egg_info --egg-base ../../build/webots build --build-base /home/giorgio/Webots/build/webots/build install --record /home/giorgio/Webots/build/webots/install.log --single-version-externally-managed install_data
[0.756s] running egg_info
[0.756s] creating ../../build/webots/webots.egg-info
[0.768s] writing ../../build/webots/webots.egg-info/PKG-INFO
[0.768s] writing dependency_links to ../../build/webots/webots.egg-info/dependency_links.txt
[0.769s] writing requirements to ../../build/webots/webots.egg-info/requires.txt
[0.769s] writing top-level names to ../../build/webots/webots.egg-info/top_level.txt
[0.769s] writing manifest file '../../build/webots/webots.egg-info/SOURCES.txt'
[0.803s] reading manifest file '../../build/webots/webots.egg-info/SOURCES.txt'
[0.803s] adding license file 'LICENSE'
[0.803s] writing manifest file '../../build/webots/webots.egg-info/SOURCES.txt'
[0.803s] running build
[0.803s] running build_py
[0.803s] creating /home/giorgio/Webots/build/webots/build
[0.803s] creating /home/giorgio/Webots/build/webots/build/lib
[0.803s] creating /home/giorgio/Webots/build/webots/build/lib/webots
[0.804s] copying webots/my_robot_driver.py -> /home/giorgio/Webots/build/webots/build/lib/webots
[0.804s] copying webots/__init__.py -> /home/giorgio/Webots/build/webots/build/lib/webots
[0.804s] running install
[0.808s] running install_lib
[0.820s] creating /home/giorgio/Webots/install/webots/lib/python3.12/site-packages/webots
[0.821s] copying /home/giorgio/Webots/build/webots/build/lib/webots/my_robot_driver.py -> /home/giorgio/Webots/install/webots/lib/python3.12/site-packages/webots
[0.821s] copying /home/giorgio/Webots/build/webots/build/lib/webots/__init__.py -> /home/giorgio/Webots/install/webots/lib/python3.12/site-packages/webots
[0.821s] byte-compiling /home/giorgio/Webots/install/webots/lib/python3.12/site-packages/webots/my_robot_driver.py to my_robot_driver.cpython-312.pyc
[0.822s] byte-compiling /home/giorgio/Webots/install/webots/lib/python3.12/site-packages/webots/__init__.py to __init__.cpython-312.pyc
[0.822s] running install_data
[0.822s] creating /home/giorgio/Webots/install/webots/share/ament_index
[0.824s] creating /home/giorgio/Webots/install/webots/share/ament_index/resource_index
[0.824s] creating /home/giorgio/Webots/install/webots/share/ament_index/resource_index/packages
[0.824s] copying resource/webots -> /home/giorgio/Webots/install/webots/share/ament_index/resource_index/packages
[0.824s] creating /home/giorgio/Webots/install/webots/share/webots/launch
[0.824s] copying launch/robot_launch_open.py -> /home/giorgio/Webots/install/webots/share/webots/launch
[0.824s] copying launch/robot_launch.py -> /home/giorgio/Webots/install/webots/share/webots/launch
[0.824s] copying launch/robot_launch_obstacle.py -> /home/giorgio/Webots/install/webots/share/webots/launch
[0.824s] creating /home/giorgio/Webots/install/webots/share/webots/worlds
[0.825s] copying worlds/progetto.wbt -> /home/giorgio/Webots/install/webots/share/webots/worlds
[0.826s] copying worlds/progetto_monza.wbt -> /home/giorgio/Webots/install/webots/share/webots/worlds
[0.826s] copying worlds/progetto_canada.wbt -> /home/giorgio/Webots/install/webots/share/webots/worlds
[0.827s] copying worlds/progetto_silverstone.wbt -> /home/giorgio/Webots/install/webots/share/webots/worlds
[0.827s] copying worlds/progetto_spa.wbt -> /home/giorgio/Webots/install/webots/share/webots/worlds
[0.827s] copying worlds/progetto_final_path.wbt -> /home/giorgio/Webots/install/webots/share/webots/worlds
[0.828s] copying worlds/progetto_level3.wbt -> /home/giorgio/Webots/install/webots/share/webots/worlds
[0.830s] copying worlds/progetto_level3_obstacle.wbt -> /home/giorgio/Webots/install/webots/share/webots/worlds
[0.830s] creating /home/giorgio/Webots/install/webots/share/webots/resource
[0.830s] copying resource/Pioneer2.urdf -> /home/giorgio/Webots/install/webots/share/webots/resource
[0.831s] copying resource/tinker.obj -> /home/giorgio/Webots/install/webots/share/webots/resource
[0.831s] copying resource/canada.obj -> /home/giorgio/Webots/install/webots/share/webots/resource
[0.832s] copying resource/monza.obj -> /home/giorgio/Webots/install/webots/share/webots/resource
[0.832s] copying resource/silverstone.obj -> /home/giorgio/Webots/install/webots/share/webots/resource
[0.834s] copying resource/spa.obj -> /home/giorgio/Webots/install/webots/share/webots/resource
[0.834s] copying resource/final_path.obj -> /home/giorgio/Webots/install/webots/share/webots/resource
[0.835s] copying resource/level1.obj -> /home/giorgio/Webots/install/webots/share/webots/resource
[0.836s] copying resource/level2.obj -> /home/giorgio/Webots/install/webots/share/webots/resource
[0.837s] copying package.xml -> /home/giorgio/Webots/install/webots/share/webots
[0.838s] running install_egg_info
[0.851s] Copying ../../build/webots/webots.egg-info to /home/giorgio/Webots/install/webots/lib/python3.12/site-packages/webots-0.0.0-py3.12.egg-info
[0.852s] running install_scripts
[0.950s] writing list of installed files to '/home/giorgio/Webots/build/webots/install.log'
[0.972s] Invoked command in '/home/giorgio/Webots/src/webots_tutorial' returned '0': DEBUGINFOD_URLS=https://debuginfod.ubuntu.com PYTHONPATH=/home/giorgio/Webots/build/webots/prefix_override:/usr/lib/python3/dist-packages/colcon_core/task/python/colcon_distutils_commands:/home/giorgio/Webots/install/webots/lib/python3.12/site-packages:${PYTHONPATH} /usr/bin/python3 -W ignore:setup.py install is deprecated -W ignore:easy_install command is deprecated setup.py egg_info --egg-base ../../build/webots build --build-base /home/giorgio/Webots/build/webots/build install --record /home/giorgio/Webots/build/webots/install.log --single-version-externally-managed install_data
