[0.034s] Invoking command in '/home/giorgio/Webots/build/aruco_msgs': CMAKE_PREFIX_PATH=${CMAKE_PREFIX_PATH}:/home/giorgio/Webots/install/webots_hospital_youbot:/home/giorgio/Webots/install/webots:/home/giorgio/Webots/install/util:/opt/ros/jazzy DEBUGINFOD_URLS=https://debuginfod.ubuntu.com /usr/bin/cmake --build /home/giorgio/Webots/build/aruco_msgs -- -j2 -l2
[0.126s] [  2%] Built target aruco_msgs__rosidl_generator_type_description
[0.186s] [  2%] Built target ament_cmake_python_copy_aruco_msgs
[0.198s] [  4%] Built target aruco_msgs__cpp
[0.281s] [ 22%] Built target aruco_msgs__rosidl_generator_c
[0.360s] [ 31%] Built target aruco_msgs__rosidl_typesupport_cpp
[0.449s] [ 40%] Built target aruco_msgs__rosidl_typesupport_fastrtps_c
[0.522s] [ 50%] Built target aruco_msgs__rosidl_typesupport_fastrtps_cpp
[0.590s] [ 59%] Built target aruco_msgs__rosidl_typesupport_introspection_c
[0.654s] [ 68%] Built target aruco_msgs__rosidl_typesupport_c
[0.714s] [ 77%] Built target aruco_msgs__rosidl_typesupport_introspection_cpp
[0.725s] running egg_info
[0.774s] [ 77%] Built target aruco_msgs
[0.784s] writing aruco_msgs.egg-info/PKG-INFO
[0.785s] writing dependency_links to aruco_msgs.egg-info/dependency_links.txt
[0.786s] writing top-level names to aruco_msgs.egg-info/top_level.txt
[0.806s] [ 79%] Built target aruco_msgs__py
[0.873s] [ 86%] Built target aruco_msgs__rosidl_generator_py
[0.932s] [ 90%] Built target aruco_msgs_s__rosidl_typesupport_fastrtps_c
[0.945s] reading manifest file 'aruco_msgs.egg-info/SOURCES.txt'
[0.951s] writing manifest file 'aruco_msgs.egg-info/SOURCES.txt'
[0.994s] [ 95%] Built target aruco_msgs_s__rosidl_typesupport_introspection_c
[1.013s] [ 95%] Built target ament_cmake_python_build_aruco_msgs_egg
[1.059s] [100%] Built target aruco_msgs_s__rosidl_typesupport_c
[1.087s] Invoked command in '/home/giorgio/Webots/build/aruco_msgs' returned '0': CMAKE_PREFIX_PATH=${CMAKE_PREFIX_PATH}:/home/giorgio/Webots/install/webots_hospital_youbot:/home/giorgio/Webots/install/webots:/home/giorgio/Webots/install/util:/opt/ros/jazzy DEBUGINFOD_URLS=https://debuginfod.ubuntu.com /usr/bin/cmake --build /home/giorgio/Webots/build/aruco_msgs -- -j2 -l2
[1.093s] Invoking command in '/home/giorgio/Webots/build/aruco_msgs': CMAKE_PREFIX_PATH=${CMAKE_PREFIX_PATH}:/home/giorgio/Webots/install/webots_hospital_youbot:/home/giorgio/Webots/install/webots:/home/giorgio/Webots/install/util:/opt/ros/jazzy DEBUGINFOD_URLS=https://debuginfod.ubuntu.com /usr/bin/cmake --install /home/giorgio/Webots/build/aruco_msgs
[1.117s] -- Install configuration: ""
[1.118s] -- Up-to-date: /home/giorgio/Webots/install/aruco_msgs/share/ament_index/resource_index/rosidl_interfaces/aruco_msgs
[1.119s] -- Up-to-date: /home/giorgio/Webots/install/aruco_msgs/share/aruco_msgs/msg/Marker.json
[1.119s] -- Up-to-date: /home/giorgio/Webots/install/aruco_msgs/share/aruco_msgs/msg/MarkerArray.json
[1.121s] -- Up-to-date: /home/giorgio/Webots/install/aruco_msgs/include/aruco_msgs/aruco_msgs
[1.122s] -- Up-to-date: /home/giorgio/Webots/install/aruco_msgs/include/aruco_msgs/aruco_msgs/msg
[1.122s] -- Up-to-date: /home/giorgio/Webots/install/aruco_msgs/include/aruco_msgs/aruco_msgs/msg/rosidl_generator_c__visibility_control.h
[1.122s] -- Up-to-date: /home/giorgio/Webots/install/aruco_msgs/include/aruco_msgs/aruco_msgs/msg/marker.h
[1.123s] -- Up-to-date: /home/giorgio/Webots/install/aruco_msgs/include/aruco_msgs/aruco_msgs/msg/detail
[1.123s] -- Up-to-date: /home/giorgio/Webots/install/aruco_msgs/include/aruco_msgs/aruco_msgs/msg/detail/marker_array__type_support.h
[1.123s] -- Up-to-date: /home/giorgio/Webots/install/aruco_msgs/include/aruco_msgs/aruco_msgs/msg/detail/marker_array__struct.h
[1.123s] -- Up-to-date: /home/giorgio/Webots/install/aruco_msgs/include/aruco_msgs/aruco_msgs/msg/detail/marker__type_support.h
[1.123s] -- Up-to-date: /home/giorgio/Webots/install/aruco_msgs/include/aruco_msgs/aruco_msgs/msg/detail/marker_array__description.c
[1.123s] -- Up-to-date: /home/giorgio/Webots/install/aruco_msgs/include/aruco_msgs/aruco_msgs/msg/detail/marker__functions.h
[1.123s] -- Up-to-date: /home/giorgio/Webots/install/aruco_msgs/include/aruco_msgs/aruco_msgs/msg/detail/marker_array__functions.c
[1.126s] -- Installing: /home/giorgio/Webots/install/aruco_msgs/include/aruco_msgs/aruco_msgs/msg/detail/marker__type_support.c
[1.126s] -- Up-to-date: /home/giorgio/Webots/install/aruco_msgs/include/aruco_msgs/aruco_msgs/msg/detail/marker__struct.h
[1.126s] -- Up-to-date: /home/giorgio/Webots/install/aruco_msgs/include/aruco_msgs/aruco_msgs/msg/detail/marker_array__functions.h
[1.126s] -- Up-to-date: /home/giorgio/Webots/install/aruco_msgs/include/aruco_msgs/aruco_msgs/msg/detail/marker__functions.c
[1.126s] -- Up-to-date: /home/giorgio/Webots/install/aruco_msgs/include/aruco_msgs/aruco_msgs/msg/detail/marker__description.c
[1.126s] -- Installing: /home/giorgio/Webots/install/aruco_msgs/include/aruco_msgs/aruco_msgs/msg/detail/marker_array__type_support.c
[1.126s] -- Up-to-date: /home/giorgio/Webots/install/aruco_msgs/include/aruco_msgs/aruco_msgs/msg/marker_array.h
[1.126s] -- Up-to-date: /home/giorgio/Webots/install/aruco_msgs/share/aruco_msgs/environment/library_path.sh
[1.126s] -- Up-to-date: /home/giorgio/Webots/install/aruco_msgs/share/aruco_msgs/environment/library_path.dsv
[1.130s] -- Up-to-date: /home/giorgio/Webots/install/aruco_msgs/lib/libaruco_msgs__rosidl_generator_c.so
[1.130s] -- Up-to-date: /home/giorgio/Webots/install/aruco_msgs/include/aruco_msgs/aruco_msgs
[1.132s] -- Up-to-date: /home/giorgio/Webots/install/aruco_msgs/include/aruco_msgs/aruco_msgs/msg
[1.132s] -- Up-to-date: /home/giorgio/Webots/install/aruco_msgs/include/aruco_msgs/aruco_msgs/msg/detail
[1.132s] -- Up-to-date: /home/giorgio/Webots/install/aruco_msgs/include/aruco_msgs/aruco_msgs/msg/detail/marker_array__rosidl_typesupport_fastrtps_c.h
[1.132s] -- Up-to-date: /home/giorgio/Webots/install/aruco_msgs/include/aruco_msgs/aruco_msgs/msg/detail/marker__rosidl_typesupport_fastrtps_c.h
[1.132s] -- Up-to-date: /home/giorgio/Webots/install/aruco_msgs/include/aruco_msgs/aruco_msgs/msg/rosidl_typesupport_fastrtps_c__visibility_control.h
[1.132s] -- Up-to-date: /home/giorgio/Webots/install/aruco_msgs/lib/libaruco_msgs__rosidl_typesupport_fastrtps_c.so
[1.132s] -- Up-to-date: /home/giorgio/Webots/install/aruco_msgs/include/aruco_msgs/aruco_msgs
[1.132s] -- Up-to-date: /home/giorgio/Webots/install/aruco_msgs/include/aruco_msgs/aruco_msgs/msg
[1.132s] -- Up-to-date: /home/giorgio/Webots/install/aruco_msgs/include/aruco_msgs/aruco_msgs/msg/detail
[1.132s] -- Up-to-date: /home/giorgio/Webots/install/aruco_msgs/include/aruco_msgs/aruco_msgs/msg/detail/marker_array__builder.hpp
[1.133s] -- Up-to-date: /home/giorgio/Webots/install/aruco_msgs/include/aruco_msgs/aruco_msgs/msg/detail/marker__builder.hpp
[1.136s] -- Up-to-date: /home/giorgio/Webots/install/aruco_msgs/include/aruco_msgs/aruco_msgs/msg/detail/marker__struct.hpp
[1.136s] -- Up-to-date: /home/giorgio/Webots/install/aruco_msgs/include/aruco_msgs/aruco_msgs/msg/detail/marker_array__type_support.hpp
[1.136s] -- Up-to-date: /home/giorgio/Webots/install/aruco_msgs/include/aruco_msgs/aruco_msgs/msg/detail/marker__type_support.hpp
[1.136s] -- Up-to-date: /home/giorgio/Webots/install/aruco_msgs/include/aruco_msgs/aruco_msgs/msg/detail/marker__traits.hpp
[1.136s] -- Up-to-date: /home/giorgio/Webots/install/aruco_msgs/include/aruco_msgs/aruco_msgs/msg/detail/marker_array__struct.hpp
[1.138s] -- Up-to-date: /home/giorgio/Webots/install/aruco_msgs/include/aruco_msgs/aruco_msgs/msg/detail/marker_array__traits.hpp
[1.138s] -- Up-to-date: /home/giorgio/Webots/install/aruco_msgs/include/aruco_msgs/aruco_msgs/msg/marker.hpp
[1.138s] -- Up-to-date: /home/giorgio/Webots/install/aruco_msgs/include/aruco_msgs/aruco_msgs/msg/rosidl_generator_cpp__visibility_control.hpp
[1.138s] -- Up-to-date: /home/giorgio/Webots/install/aruco_msgs/include/aruco_msgs/aruco_msgs/msg/marker_array.hpp
[1.138s] -- Up-to-date: /home/giorgio/Webots/install/aruco_msgs/include/aruco_msgs/aruco_msgs
[1.138s] -- Up-to-date: /home/giorgio/Webots/install/aruco_msgs/include/aruco_msgs/aruco_msgs/msg
[1.138s] -- Up-to-date: /home/giorgio/Webots/install/aruco_msgs/include/aruco_msgs/aruco_msgs/msg/detail
[1.139s] -- Up-to-date: /home/giorgio/Webots/install/aruco_msgs/include/aruco_msgs/aruco_msgs/msg/detail/dds_fastrtps
[1.139s] -- Up-to-date: /home/giorgio/Webots/install/aruco_msgs/include/aruco_msgs/aruco_msgs/msg/detail/marker__rosidl_typesupport_fastrtps_cpp.hpp
[1.139s] -- Up-to-date: /home/giorgio/Webots/install/aruco_msgs/include/aruco_msgs/aruco_msgs/msg/detail/marker_array__rosidl_typesupport_fastrtps_cpp.hpp
[1.139s] -- Up-to-date: /home/giorgio/Webots/install/aruco_msgs/include/aruco_msgs/aruco_msgs/msg/rosidl_typesupport_fastrtps_cpp__visibility_control.h
[1.139s] -- Up-to-date: /home/giorgio/Webots/install/aruco_msgs/lib/libaruco_msgs__rosidl_typesupport_fastrtps_cpp.so
[1.139s] -- Up-to-date: /home/giorgio/Webots/install/aruco_msgs/include/aruco_msgs/aruco_msgs
[1.139s] -- Up-to-date: /home/giorgio/Webots/install/aruco_msgs/include/aruco_msgs/aruco_msgs/msg
[1.140s] -- Up-to-date: /home/giorgio/Webots/install/aruco_msgs/include/aruco_msgs/aruco_msgs/msg/rosidl_typesupport_introspection_c__visibility_control.h
[1.142s] -- Up-to-date: /home/giorgio/Webots/install/aruco_msgs/include/aruco_msgs/aruco_msgs/msg/detail
[1.142s] -- Installing: /home/giorgio/Webots/install/aruco_msgs/include/aruco_msgs/aruco_msgs/msg/detail/marker__type_support.c
[1.143s] -- Up-to-date: /home/giorgio/Webots/install/aruco_msgs/include/aruco_msgs/aruco_msgs/msg/detail/marker__rosidl_typesupport_introspection_c.h
[1.143s] -- Up-to-date: /home/giorgio/Webots/install/aruco_msgs/include/aruco_msgs/aruco_msgs/msg/detail/marker_array__rosidl_typesupport_introspection_c.h
[1.144s] -- Installing: /home/giorgio/Webots/install/aruco_msgs/include/aruco_msgs/aruco_msgs/msg/detail/marker_array__type_support.c
[1.144s] -- Up-to-date: /home/giorgio/Webots/install/aruco_msgs/lib/libaruco_msgs__rosidl_typesupport_introspection_c.so
[1.144s] -- Up-to-date: /home/giorgio/Webots/install/aruco_msgs/lib/libaruco_msgs__rosidl_typesupport_c.so
[1.145s] -- Up-to-date: /home/giorgio/Webots/install/aruco_msgs/include/aruco_msgs/aruco_msgs
[1.146s] -- Up-to-date: /home/giorgio/Webots/install/aruco_msgs/include/aruco_msgs/aruco_msgs/msg
[1.146s] -- Up-to-date: /home/giorgio/Webots/install/aruco_msgs/include/aruco_msgs/aruco_msgs/msg/detail
[1.146s] -- Up-to-date: /home/giorgio/Webots/install/aruco_msgs/include/aruco_msgs/aruco_msgs/msg/detail/marker__type_support.cpp
[1.146s] -- Up-to-date: /home/giorgio/Webots/install/aruco_msgs/include/aruco_msgs/aruco_msgs/msg/detail/marker_array__rosidl_typesupport_introspection_cpp.hpp
[1.146s] -- Up-to-date: /home/giorgio/Webots/install/aruco_msgs/include/aruco_msgs/aruco_msgs/msg/detail/marker__rosidl_typesupport_introspection_cpp.hpp
[1.146s] -- Up-to-date: /home/giorgio/Webots/install/aruco_msgs/include/aruco_msgs/aruco_msgs/msg/detail/marker_array__type_support.cpp
[1.146s] -- Up-to-date: /home/giorgio/Webots/install/aruco_msgs/lib/libaruco_msgs__rosidl_typesupport_introspection_cpp.so
[1.146s] -- Up-to-date: /home/giorgio/Webots/install/aruco_msgs/lib/libaruco_msgs__rosidl_typesupport_cpp.so
[1.147s] -- Up-to-date: /home/giorgio/Webots/install/aruco_msgs/share/aruco_msgs/environment/pythonpath.sh
[1.147s] -- Up-to-date: /home/giorgio/Webots/install/aruco_msgs/share/aruco_msgs/environment/pythonpath.dsv
[1.147s] -- Up-to-date: /home/giorgio/Webots/install/aruco_msgs/lib/python3.12/site-packages/aruco_msgs-5.0.4-py3.12.egg-info
[1.147s] -- Installing: /home/giorgio/Webots/install/aruco_msgs/lib/python3.12/site-packages/aruco_msgs-5.0.4-py3.12.egg-info/PKG-INFO
[1.147s] -- Installing: /home/giorgio/Webots/install/aruco_msgs/lib/python3.12/site-packages/aruco_msgs-5.0.4-py3.12.egg-info/dependency_links.txt
[1.147s] -- Installing: /home/giorgio/Webots/install/aruco_msgs/lib/python3.12/site-packages/aruco_msgs-5.0.4-py3.12.egg-info/SOURCES.txt
[1.147s] -- Installing: /home/giorgio/Webots/install/aruco_msgs/lib/python3.12/site-packages/aruco_msgs-5.0.4-py3.12.egg-info/top_level.txt
[1.147s] -- Up-to-date: /home/giorgio/Webots/install/aruco_msgs/lib/python3.12/site-packages/aruco_msgs
[1.147s] -- Up-to-date: /home/giorgio/Webots/install/aruco_msgs/lib/python3.12/site-packages/aruco_msgs/aruco_msgs_s__rosidl_typesupport_introspection_c.so
[1.147s] -- Up-to-date: /home/giorgio/Webots/install/aruco_msgs/lib/python3.12/site-packages/aruco_msgs/_aruco_msgs_s.ep.rosidl_typesupport_fastrtps_c.c
[1.148s] -- Up-to-date: /home/giorgio/Webots/install/aruco_msgs/lib/python3.12/site-packages/aruco_msgs/msg
[1.148s] -- Up-to-date: /home/giorgio/Webots/install/aruco_msgs/lib/python3.12/site-packages/aruco_msgs/msg/__init__.py
[1.149s] -- Up-to-date: /home/giorgio/Webots/install/aruco_msgs/lib/python3.12/site-packages/aruco_msgs/msg/_marker_array_s.c
[1.149s] -- Up-to-date: /home/giorgio/Webots/install/aruco_msgs/lib/python3.12/site-packages/aruco_msgs/msg/_marker_s.c
[1.149s] -- Up-to-date: /home/giorgio/Webots/install/aruco_msgs/lib/python3.12/site-packages/aruco_msgs/msg/_marker_array.py
[1.149s] -- Up-to-date: /home/giorgio/Webots/install/aruco_msgs/lib/python3.12/site-packages/aruco_msgs/msg/_marker.py
[1.149s] -- Up-to-date: /home/giorgio/Webots/install/aruco_msgs/lib/python3.12/site-packages/aruco_msgs/__init__.py
[1.149s] -- Up-to-date: /home/giorgio/Webots/install/aruco_msgs/lib/python3.12/site-packages/aruco_msgs/aruco_msgs_s__rosidl_typesupport_c.so
[1.150s] -- Up-to-date: /home/giorgio/Webots/install/aruco_msgs/lib/python3.12/site-packages/aruco_msgs/_aruco_msgs_s.ep.rosidl_typesupport_introspection_c.c
[1.150s] -- Up-to-date: /home/giorgio/Webots/install/aruco_msgs/lib/python3.12/site-packages/aruco_msgs/_aruco_msgs_s.ep.rosidl_typesupport_c.c
[1.150s] -- Up-to-date: /home/giorgio/Webots/install/aruco_msgs/lib/python3.12/site-packages/aruco_msgs/aruco_msgs_s__rosidl_typesupport_fastrtps_c.so
[1.208s] Listing '/home/giorgio/Webots/install/aruco_msgs/lib/python3.12/site-packages/aruco_msgs'...
[1.208s] Listing '/home/giorgio/Webots/install/aruco_msgs/lib/python3.12/site-packages/aruco_msgs/msg'...
[1.216s] -- Up-to-date: /home/giorgio/Webots/install/aruco_msgs/lib/python3.12/site-packages/aruco_msgs/aruco_msgs_s__rosidl_typesupport_fastrtps_c.so
[1.217s] -- Up-to-date: /home/giorgio/Webots/install/aruco_msgs/lib/python3.12/site-packages/aruco_msgs/aruco_msgs_s__rosidl_typesupport_introspection_c.so
[1.219s] -- Up-to-date: /home/giorgio/Webots/install/aruco_msgs/lib/python3.12/site-packages/aruco_msgs/aruco_msgs_s__rosidl_typesupport_c.so
[1.219s] -- Up-to-date: /home/giorgio/Webots/install/aruco_msgs/lib/libaruco_msgs__rosidl_generator_py.so
[1.220s] -- Up-to-date: /home/giorgio/Webots/install/aruco_msgs/share/aruco_msgs/msg/Marker.idl
[1.220s] -- Up-to-date: /home/giorgio/Webots/install/aruco_msgs/share/aruco_msgs/msg/MarkerArray.idl
[1.221s] -- Up-to-date: /home/giorgio/Webots/install/aruco_msgs/share/aruco_msgs/msg/Marker.msg
[1.222s] -- Up-to-date: /home/giorgio/Webots/install/aruco_msgs/share/aruco_msgs/msg/MarkerArray.msg
[1.222s] -- Up-to-date: /home/giorgio/Webots/install/aruco_msgs/share/ament_index/resource_index/package_run_dependencies/aruco_msgs
[1.224s] -- Up-to-date: /home/giorgio/Webots/install/aruco_msgs/share/ament_index/resource_index/parent_prefix_path/aruco_msgs
[1.224s] -- Up-to-date: /home/giorgio/Webots/install/aruco_msgs/share/aruco_msgs/environment/ament_prefix_path.sh
[1.224s] -- Up-to-date: /home/giorgio/Webots/install/aruco_msgs/share/aruco_msgs/environment/ament_prefix_path.dsv
[1.225s] -- Up-to-date: /home/giorgio/Webots/install/aruco_msgs/share/aruco_msgs/environment/path.sh
[1.225s] -- Up-to-date: /home/giorgio/Webots/install/aruco_msgs/share/aruco_msgs/environment/path.dsv
[1.226s] -- Up-to-date: /home/giorgio/Webots/install/aruco_msgs/share/aruco_msgs/local_setup.bash
[1.227s] -- Up-to-date: /home/giorgio/Webots/install/aruco_msgs/share/aruco_msgs/local_setup.sh
[1.227s] -- Up-to-date: /home/giorgio/Webots/install/aruco_msgs/share/aruco_msgs/local_setup.zsh
[1.227s] -- Up-to-date: /home/giorgio/Webots/install/aruco_msgs/share/aruco_msgs/local_setup.dsv
[1.227s] -- Installing: /home/giorgio/Webots/install/aruco_msgs/share/aruco_msgs/package.dsv
[1.228s] -- Up-to-date: /home/giorgio/Webots/install/aruco_msgs/share/ament_index/resource_index/packages/aruco_msgs
[1.229s] -- Up-to-date: /home/giorgio/Webots/install/aruco_msgs/share/aruco_msgs/cmake/export_aruco_msgs__rosidl_generator_cExport.cmake
[1.230s] -- Up-to-date: /home/giorgio/Webots/install/aruco_msgs/share/aruco_msgs/cmake/export_aruco_msgs__rosidl_generator_cExport-noconfig.cmake
[1.230s] -- Up-to-date: /home/giorgio/Webots/install/aruco_msgs/share/aruco_msgs/cmake/export_aruco_msgs__rosidl_typesupport_fastrtps_cExport.cmake
[1.230s] -- Up-to-date: /home/giorgio/Webots/install/aruco_msgs/share/aruco_msgs/cmake/export_aruco_msgs__rosidl_typesupport_fastrtps_cExport-noconfig.cmake
[1.230s] -- Up-to-date: /home/giorgio/Webots/install/aruco_msgs/share/aruco_msgs/cmake/export_aruco_msgs__rosidl_generator_cppExport.cmake
[1.231s] -- Up-to-date: /home/giorgio/Webots/install/aruco_msgs/share/aruco_msgs/cmake/export_aruco_msgs__rosidl_typesupport_fastrtps_cppExport.cmake
[1.231s] -- Up-to-date: /home/giorgio/Webots/install/aruco_msgs/share/aruco_msgs/cmake/export_aruco_msgs__rosidl_typesupport_fastrtps_cppExport-noconfig.cmake
[1.232s] -- Up-to-date: /home/giorgio/Webots/install/aruco_msgs/share/aruco_msgs/cmake/aruco_msgs__rosidl_typesupport_introspection_cExport.cmake
[1.233s] -- Up-to-date: /home/giorgio/Webots/install/aruco_msgs/share/aruco_msgs/cmake/aruco_msgs__rosidl_typesupport_introspection_cExport-noconfig.cmake
[1.235s] -- Up-to-date: /home/giorgio/Webots/install/aruco_msgs/share/aruco_msgs/cmake/aruco_msgs__rosidl_typesupport_cExport.cmake
[1.235s] -- Up-to-date: /home/giorgio/Webots/install/aruco_msgs/share/aruco_msgs/cmake/aruco_msgs__rosidl_typesupport_cExport-noconfig.cmake
[1.235s] -- Up-to-date: /home/giorgio/Webots/install/aruco_msgs/share/aruco_msgs/cmake/aruco_msgs__rosidl_typesupport_introspection_cppExport.cmake
[1.235s] -- Up-to-date: /home/giorgio/Webots/install/aruco_msgs/share/aruco_msgs/cmake/aruco_msgs__rosidl_typesupport_introspection_cppExport-noconfig.cmake
[1.238s] -- Up-to-date: /home/giorgio/Webots/install/aruco_msgs/share/aruco_msgs/cmake/aruco_msgs__rosidl_typesupport_cppExport.cmake
[1.238s] -- Up-to-date: /home/giorgio/Webots/install/aruco_msgs/share/aruco_msgs/cmake/aruco_msgs__rosidl_typesupport_cppExport-noconfig.cmake
[1.238s] -- Up-to-date: /home/giorgio/Webots/install/aruco_msgs/share/aruco_msgs/cmake/export_aruco_msgs__rosidl_generator_pyExport.cmake
[1.238s] -- Up-to-date: /home/giorgio/Webots/install/aruco_msgs/share/aruco_msgs/cmake/export_aruco_msgs__rosidl_generator_pyExport-noconfig.cmake
[1.238s] -- Up-to-date: /home/giorgio/Webots/install/aruco_msgs/share/aruco_msgs/cmake/rosidl_cmake-extras.cmake
[1.238s] -- Up-to-date: /home/giorgio/Webots/install/aruco_msgs/share/aruco_msgs/cmake/ament_cmake_export_dependencies-extras.cmake
[1.238s] -- Up-to-date: /home/giorgio/Webots/install/aruco_msgs/share/aruco_msgs/cmake/ament_cmake_export_include_directories-extras.cmake
[1.238s] -- Up-to-date: /home/giorgio/Webots/install/aruco_msgs/share/aruco_msgs/cmake/ament_cmake_export_libraries-extras.cmake
[1.241s] -- Up-to-date: /home/giorgio/Webots/install/aruco_msgs/share/aruco_msgs/cmake/ament_cmake_export_targets-extras.cmake
[1.242s] -- Up-to-date: /home/giorgio/Webots/install/aruco_msgs/share/aruco_msgs/cmake/rosidl_cmake_export_typesupport_targets-extras.cmake
[1.243s] -- Up-to-date: /home/giorgio/Webots/install/aruco_msgs/share/aruco_msgs/cmake/rosidl_cmake_export_typesupport_libraries-extras.cmake
[1.243s] -- Up-to-date: /home/giorgio/Webots/install/aruco_msgs/share/aruco_msgs/cmake/aruco_msgsConfig.cmake
[1.243s] -- Up-to-date: /home/giorgio/Webots/install/aruco_msgs/share/aruco_msgs/cmake/aruco_msgsConfig-version.cmake
[1.243s] -- Up-to-date: /home/giorgio/Webots/install/aruco_msgs/share/aruco_msgs/package.xml
[1.248s] Invoked command in '/home/giorgio/Webots/build/aruco_msgs' returned '0': CMAKE_PREFIX_PATH=${CMAKE_PREFIX_PATH}:/home/giorgio/Webots/install/webots_hospital_youbot:/home/giorgio/Webots/install/webots:/home/giorgio/Webots/install/util:/opt/ros/jazzy DEBUGINFOD_URLS=https://debuginfod.ubuntu.com /usr/bin/cmake --install /home/giorgio/Webots/build/aruco_msgs
