[0.019s] Invoking command in '/home/giorgio/Webots/build/rover_msgs': CMAKE_PREFIX_PATH=${CMAKE_PREFIX_PATH}:/home/giorgio/Webots/install/webots_hospital_youbot:/home/giorgio/Webots/install/webots:/home/giorgio/Webots/install/util:/opt/ros/jazzy DEBUGINFOD_URLS=https://debuginfod.ubuntu.com /usr/bin/cmake --build /home/giorgio/Webots/build/rover_msgs -- -j2 -l2
[0.201s] [  2%] Built target rover_msgs__rosidl_generator_type_description
[0.217s] [  2%] Built target ament_cmake_python_copy_rover_msgs
[0.240s] [  4%] Built target rover_msgs__cpp
[0.291s] [ 22%] Built target rover_msgs__rosidl_generator_c
[0.379s] [ 31%] Built target rover_msgs__rosidl_typesupport_fastrtps_cpp
[0.444s] [ 40%] Built target rover_msgs__rosidl_typesupport_introspection_cpp
[0.510s] [ 50%] Built target rover_msgs__rosidl_typesupport_cpp
[0.573s] running egg_info
[0.575s] [ 59%] Built target rover_msgs__rosidl_typesupport_fastrtps_c
[0.606s] writing rover_msgs.egg-info/PKG-INFO
[0.607s] writing dependency_links to rover_msgs.egg-info/dependency_links.txt
[0.608s] writing top-level names to rover_msgs.egg-info/top_level.txt
[0.630s] [ 68%] Built target rover_msgs__rosidl_typesupport_introspection_c
[0.686s] [ 77%] Built target rover_msgs__rosidl_typesupport_c
[0.689s] reading manifest file 'rover_msgs.egg-info/SOURCES.txt'
[0.690s] writing manifest file 'rover_msgs.egg-info/SOURCES.txt'
[0.736s] [ 77%] Built target rover_msgs
[0.751s] [ 77%] Built target ament_cmake_python_build_rover_msgs_egg
[0.765s] [ 79%] Built target rover_msgs__py
[0.807s] [ 86%] Built target rover_msgs__rosidl_generator_py
[0.853s] [ 90%] Built target rover_msgs_s__rosidl_typesupport_introspection_c
[0.854s] [ 95%] Built target rover_msgs_s__rosidl_typesupport_fastrtps_c
[0.877s] [100%] Built target rover_msgs_s__rosidl_typesupport_c
[0.889s] Invoked command in '/home/giorgio/Webots/build/rover_msgs' returned '0': CMAKE_PREFIX_PATH=${CMAKE_PREFIX_PATH}:/home/giorgio/Webots/install/webots_hospital_youbot:/home/giorgio/Webots/install/webots:/home/giorgio/Webots/install/util:/opt/ros/jazzy DEBUGINFOD_URLS=https://debuginfod.ubuntu.com /usr/bin/cmake --build /home/giorgio/Webots/build/rover_msgs -- -j2 -l2
[0.902s] Invoking command in '/home/giorgio/Webots/build/rover_msgs': CMAKE_PREFIX_PATH=${CMAKE_PREFIX_PATH}:/home/giorgio/Webots/install/webots_hospital_youbot:/home/giorgio/Webots/install/webots:/home/giorgio/Webots/install/util:/opt/ros/jazzy DEBUGINFOD_URLS=https://debuginfod.ubuntu.com /usr/bin/cmake --install /home/giorgio/Webots/build/rover_msgs
[0.914s] -- Install configuration: ""
[0.916s] -- Up-to-date: /home/giorgio/Webots/install/rover_msgs/share/ament_index/resource_index/rosidl_interfaces/rover_msgs
[0.917s] -- Up-to-date: /home/giorgio/Webots/install/rover_msgs/share/rover_msgs/msg/RoverInfo.json
[0.917s] -- Up-to-date: /home/giorgio/Webots/install/rover_msgs/share/rover_msgs/msg/EmergencyStop.json
[0.918s] -- Up-to-date: /home/giorgio/Webots/install/rover_msgs/include/rover_msgs/rover_msgs
[0.918s] -- Up-to-date: /home/giorgio/Webots/install/rover_msgs/include/rover_msgs/rover_msgs/msg
[0.919s] -- Up-to-date: /home/giorgio/Webots/install/rover_msgs/include/rover_msgs/rover_msgs/msg/rosidl_generator_c__visibility_control.h
[0.919s] -- Up-to-date: /home/giorgio/Webots/install/rover_msgs/include/rover_msgs/rover_msgs/msg/emergency_stop.h
[0.919s] -- Up-to-date: /home/giorgio/Webots/install/rover_msgs/include/rover_msgs/rover_msgs/msg/detail
[0.919s] -- Up-to-date: /home/giorgio/Webots/install/rover_msgs/include/rover_msgs/rover_msgs/msg/detail/emergency_stop__struct.h
[0.920s] -- Installing: /home/giorgio/Webots/install/rover_msgs/include/rover_msgs/rover_msgs/msg/detail/emergency_stop__type_support.c
[0.920s] -- Up-to-date: /home/giorgio/Webots/install/rover_msgs/include/rover_msgs/rover_msgs/msg/detail/rover_info__functions.c
[0.920s] -- Up-to-date: /home/giorgio/Webots/install/rover_msgs/include/rover_msgs/rover_msgs/msg/detail/rover_info__functions.h
[0.920s] -- Up-to-date: /home/giorgio/Webots/install/rover_msgs/include/rover_msgs/rover_msgs/msg/detail/rover_info__struct.h
[0.921s] -- Up-to-date: /home/giorgio/Webots/install/rover_msgs/include/rover_msgs/rover_msgs/msg/detail/emergency_stop__description.c
[0.921s] -- Up-to-date: /home/giorgio/Webots/install/rover_msgs/include/rover_msgs/rover_msgs/msg/detail/rover_info__type_support.h
[0.921s] -- Up-to-date: /home/giorgio/Webots/install/rover_msgs/include/rover_msgs/rover_msgs/msg/detail/rover_info__description.c
[0.921s] -- Up-to-date: /home/giorgio/Webots/install/rover_msgs/include/rover_msgs/rover_msgs/msg/detail/emergency_stop__type_support.h
[0.921s] -- Installing: /home/giorgio/Webots/install/rover_msgs/include/rover_msgs/rover_msgs/msg/detail/rover_info__type_support.c
[0.922s] -- Up-to-date: /home/giorgio/Webots/install/rover_msgs/include/rover_msgs/rover_msgs/msg/detail/emergency_stop__functions.h
[0.922s] -- Up-to-date: /home/giorgio/Webots/install/rover_msgs/include/rover_msgs/rover_msgs/msg/detail/emergency_stop__functions.c
[0.922s] -- Up-to-date: /home/giorgio/Webots/install/rover_msgs/include/rover_msgs/rover_msgs/msg/rover_info.h
[0.922s] -- Up-to-date: /home/giorgio/Webots/install/rover_msgs/share/rover_msgs/environment/library_path.sh
[0.922s] -- Up-to-date: /home/giorgio/Webots/install/rover_msgs/share/rover_msgs/environment/library_path.dsv
[0.924s] -- Up-to-date: /home/giorgio/Webots/install/rover_msgs/lib/librover_msgs__rosidl_generator_c.so
[0.925s] -- Up-to-date: /home/giorgio/Webots/install/rover_msgs/include/rover_msgs/rover_msgs
[0.925s] -- Up-to-date: /home/giorgio/Webots/install/rover_msgs/include/rover_msgs/rover_msgs/msg
[0.925s] -- Up-to-date: /home/giorgio/Webots/install/rover_msgs/include/rover_msgs/rover_msgs/msg/detail
[0.925s] -- Up-to-date: /home/giorgio/Webots/install/rover_msgs/include/rover_msgs/rover_msgs/msg/detail/rover_info__rosidl_typesupport_fastrtps_c.h
[0.925s] -- Up-to-date: /home/giorgio/Webots/install/rover_msgs/include/rover_msgs/rover_msgs/msg/detail/emergency_stop__rosidl_typesupport_fastrtps_c.h
[0.925s] -- Up-to-date: /home/giorgio/Webots/install/rover_msgs/include/rover_msgs/rover_msgs/msg/rosidl_typesupport_fastrtps_c__visibility_control.h
[0.927s] -- Up-to-date: /home/giorgio/Webots/install/rover_msgs/lib/librover_msgs__rosidl_typesupport_fastrtps_c.so
[0.927s] -- Up-to-date: /home/giorgio/Webots/install/rover_msgs/include/rover_msgs/rover_msgs
[0.929s] -- Up-to-date: /home/giorgio/Webots/install/rover_msgs/include/rover_msgs/rover_msgs/msg
[0.929s] -- Up-to-date: /home/giorgio/Webots/install/rover_msgs/include/rover_msgs/rover_msgs/msg/rosidl_typesupport_introspection_c__visibility_control.h
[0.929s] -- Up-to-date: /home/giorgio/Webots/install/rover_msgs/include/rover_msgs/rover_msgs/msg/detail
[0.929s] -- Installing: /home/giorgio/Webots/install/rover_msgs/include/rover_msgs/rover_msgs/msg/detail/emergency_stop__type_support.c
[0.929s] -- Up-to-date: /home/giorgio/Webots/install/rover_msgs/include/rover_msgs/rover_msgs/msg/detail/rover_info__rosidl_typesupport_introspection_c.h
[0.929s] -- Installing: /home/giorgio/Webots/install/rover_msgs/include/rover_msgs/rover_msgs/msg/detail/rover_info__type_support.c
[0.929s] -- Up-to-date: /home/giorgio/Webots/install/rover_msgs/include/rover_msgs/rover_msgs/msg/detail/emergency_stop__rosidl_typesupport_introspection_c.h
[0.930s] -- Up-to-date: /home/giorgio/Webots/install/rover_msgs/lib/librover_msgs__rosidl_typesupport_introspection_c.so
[0.931s] -- Up-to-date: /home/giorgio/Webots/install/rover_msgs/lib/librover_msgs__rosidl_typesupport_c.so
[0.931s] -- Up-to-date: /home/giorgio/Webots/install/rover_msgs/include/rover_msgs/rover_msgs
[0.931s] -- Up-to-date: /home/giorgio/Webots/install/rover_msgs/include/rover_msgs/rover_msgs/msg
[0.931s] -- Up-to-date: /home/giorgio/Webots/install/rover_msgs/include/rover_msgs/rover_msgs/msg/detail
[0.931s] -- Up-to-date: /home/giorgio/Webots/install/rover_msgs/include/rover_msgs/rover_msgs/msg/detail/emergency_stop__struct.hpp
[0.931s] -- Up-to-date: /home/giorgio/Webots/install/rover_msgs/include/rover_msgs/rover_msgs/msg/detail/rover_info__struct.hpp
[0.932s] -- Up-to-date: /home/giorgio/Webots/install/rover_msgs/include/rover_msgs/rover_msgs/msg/detail/emergency_stop__builder.hpp
[0.932s] -- Up-to-date: /home/giorgio/Webots/install/rover_msgs/include/rover_msgs/rover_msgs/msg/detail/rover_info__builder.hpp
[0.932s] -- Up-to-date: /home/giorgio/Webots/install/rover_msgs/include/rover_msgs/rover_msgs/msg/detail/rover_info__traits.hpp
[0.932s] -- Up-to-date: /home/giorgio/Webots/install/rover_msgs/include/rover_msgs/rover_msgs/msg/detail/rover_info__type_support.hpp
[0.932s] -- Up-to-date: /home/giorgio/Webots/install/rover_msgs/include/rover_msgs/rover_msgs/msg/detail/emergency_stop__type_support.hpp
[0.932s] -- Up-to-date: /home/giorgio/Webots/install/rover_msgs/include/rover_msgs/rover_msgs/msg/detail/emergency_stop__traits.hpp
[0.933s] -- Up-to-date: /home/giorgio/Webots/install/rover_msgs/include/rover_msgs/rover_msgs/msg/rover_info.hpp
[0.933s] -- Up-to-date: /home/giorgio/Webots/install/rover_msgs/include/rover_msgs/rover_msgs/msg/emergency_stop.hpp
[0.933s] -- Up-to-date: /home/giorgio/Webots/install/rover_msgs/include/rover_msgs/rover_msgs/msg/rosidl_generator_cpp__visibility_control.hpp
[0.933s] -- Up-to-date: /home/giorgio/Webots/install/rover_msgs/include/rover_msgs/rover_msgs
[0.933s] -- Up-to-date: /home/giorgio/Webots/install/rover_msgs/include/rover_msgs/rover_msgs/msg
[0.933s] -- Up-to-date: /home/giorgio/Webots/install/rover_msgs/include/rover_msgs/rover_msgs/msg/detail
[0.933s] -- Up-to-date: /home/giorgio/Webots/install/rover_msgs/include/rover_msgs/rover_msgs/msg/detail/dds_fastrtps
[0.933s] -- Up-to-date: /home/giorgio/Webots/install/rover_msgs/include/rover_msgs/rover_msgs/msg/detail/emergency_stop__rosidl_typesupport_fastrtps_cpp.hpp
[0.933s] -- Up-to-date: /home/giorgio/Webots/install/rover_msgs/include/rover_msgs/rover_msgs/msg/detail/rover_info__rosidl_typesupport_fastrtps_cpp.hpp
[0.934s] -- Up-to-date: /home/giorgio/Webots/install/rover_msgs/include/rover_msgs/rover_msgs/msg/rosidl_typesupport_fastrtps_cpp__visibility_control.h
[0.934s] -- Up-to-date: /home/giorgio/Webots/install/rover_msgs/lib/librover_msgs__rosidl_typesupport_fastrtps_cpp.so
[0.934s] -- Up-to-date: /home/giorgio/Webots/install/rover_msgs/include/rover_msgs/rover_msgs
[0.935s] -- Up-to-date: /home/giorgio/Webots/install/rover_msgs/include/rover_msgs/rover_msgs/msg
[0.935s] -- Up-to-date: /home/giorgio/Webots/install/rover_msgs/include/rover_msgs/rover_msgs/msg/detail
[0.935s] -- Up-to-date: /home/giorgio/Webots/install/rover_msgs/include/rover_msgs/rover_msgs/msg/detail/emergency_stop__type_support.cpp
[0.935s] -- Up-to-date: /home/giorgio/Webots/install/rover_msgs/include/rover_msgs/rover_msgs/msg/detail/emergency_stop__rosidl_typesupport_introspection_cpp.hpp
[0.935s] -- Up-to-date: /home/giorgio/Webots/install/rover_msgs/include/rover_msgs/rover_msgs/msg/detail/rover_info__type_support.cpp
[0.936s] -- Up-to-date: /home/giorgio/Webots/install/rover_msgs/include/rover_msgs/rover_msgs/msg/detail/rover_info__rosidl_typesupport_introspection_cpp.hpp
[0.936s] -- Up-to-date: /home/giorgio/Webots/install/rover_msgs/lib/librover_msgs__rosidl_typesupport_introspection_cpp.so
[0.937s] -- Up-to-date: /home/giorgio/Webots/install/rover_msgs/lib/librover_msgs__rosidl_typesupport_cpp.so
[0.939s] -- Up-to-date: /home/giorgio/Webots/install/rover_msgs/share/rover_msgs/environment/pythonpath.sh
[0.941s] -- Up-to-date: /home/giorgio/Webots/install/rover_msgs/share/rover_msgs/environment/pythonpath.dsv
[0.941s] -- Up-to-date: /home/giorgio/Webots/install/rover_msgs/lib/python3.12/site-packages/rover_msgs-5.2.0-py3.12.egg-info
[0.941s] -- Installing: /home/giorgio/Webots/install/rover_msgs/lib/python3.12/site-packages/rover_msgs-5.2.0-py3.12.egg-info/PKG-INFO
[0.941s] -- Installing: /home/giorgio/Webots/install/rover_msgs/lib/python3.12/site-packages/rover_msgs-5.2.0-py3.12.egg-info/dependency_links.txt
[0.941s] -- Installing: /home/giorgio/Webots/install/rover_msgs/lib/python3.12/site-packages/rover_msgs-5.2.0-py3.12.egg-info/SOURCES.txt
[0.941s] -- Installing: /home/giorgio/Webots/install/rover_msgs/lib/python3.12/site-packages/rover_msgs-5.2.0-py3.12.egg-info/top_level.txt
[0.941s] -- Up-to-date: /home/giorgio/Webots/install/rover_msgs/lib/python3.12/site-packages/rover_msgs
[0.941s] -- Up-to-date: /home/giorgio/Webots/install/rover_msgs/lib/python3.12/site-packages/rover_msgs/rover_msgs_s__rosidl_typesupport_c.so
[0.941s] -- Up-to-date: /home/giorgio/Webots/install/rover_msgs/lib/python3.12/site-packages/rover_msgs/msg
[0.941s] -- Up-to-date: /home/giorgio/Webots/install/rover_msgs/lib/python3.12/site-packages/rover_msgs/msg/__init__.py
[0.941s] -- Up-to-date: /home/giorgio/Webots/install/rover_msgs/lib/python3.12/site-packages/rover_msgs/msg/_rover_info_s.c
[0.941s] -- Up-to-date: /home/giorgio/Webots/install/rover_msgs/lib/python3.12/site-packages/rover_msgs/msg/_emergency_stop_s.c
[0.941s] -- Up-to-date: /home/giorgio/Webots/install/rover_msgs/lib/python3.12/site-packages/rover_msgs/msg/_rover_info.py
[0.941s] -- Up-to-date: /home/giorgio/Webots/install/rover_msgs/lib/python3.12/site-packages/rover_msgs/msg/_emergency_stop.py
[0.941s] -- Up-to-date: /home/giorgio/Webots/install/rover_msgs/lib/python3.12/site-packages/rover_msgs/__init__.py
[0.941s] -- Up-to-date: /home/giorgio/Webots/install/rover_msgs/lib/python3.12/site-packages/rover_msgs/_rover_msgs_s.ep.rosidl_typesupport_introspection_c.c
[0.941s] -- Up-to-date: /home/giorgio/Webots/install/rover_msgs/lib/python3.12/site-packages/rover_msgs/rover_msgs_s__rosidl_typesupport_fastrtps_c.so
[0.941s] -- Up-to-date: /home/giorgio/Webots/install/rover_msgs/lib/python3.12/site-packages/rover_msgs/_rover_msgs_s.ep.rosidl_typesupport_c.c
[0.941s] -- Up-to-date: /home/giorgio/Webots/install/rover_msgs/lib/python3.12/site-packages/rover_msgs/rover_msgs_s__rosidl_typesupport_introspection_c.so
[0.941s] -- Up-to-date: /home/giorgio/Webots/install/rover_msgs/lib/python3.12/site-packages/rover_msgs/_rover_msgs_s.ep.rosidl_typesupport_fastrtps_c.c
[0.971s] Listing '/home/giorgio/Webots/install/rover_msgs/lib/python3.12/site-packages/rover_msgs'...
[0.971s] Listing '/home/giorgio/Webots/install/rover_msgs/lib/python3.12/site-packages/rover_msgs/msg'...
[0.977s] -- Up-to-date: /home/giorgio/Webots/install/rover_msgs/lib/python3.12/site-packages/rover_msgs/rover_msgs_s__rosidl_typesupport_fastrtps_c.so
[0.978s] -- Up-to-date: /home/giorgio/Webots/install/rover_msgs/lib/python3.12/site-packages/rover_msgs/rover_msgs_s__rosidl_typesupport_introspection_c.so
[0.980s] -- Up-to-date: /home/giorgio/Webots/install/rover_msgs/lib/python3.12/site-packages/rover_msgs/rover_msgs_s__rosidl_typesupport_c.so
[0.984s] -- Up-to-date: /home/giorgio/Webots/install/rover_msgs/lib/librover_msgs__rosidl_generator_py.so
[0.984s] -- Up-to-date: /home/giorgio/Webots/install/rover_msgs/share/rover_msgs/msg/RoverInfo.idl
[0.984s] -- Up-to-date: /home/giorgio/Webots/install/rover_msgs/share/rover_msgs/msg/EmergencyStop.idl
[0.984s] -- Up-to-date: /home/giorgio/Webots/install/rover_msgs/share/ament_index/resource_index/package_run_dependencies/rover_msgs
[0.984s] -- Up-to-date: /home/giorgio/Webots/install/rover_msgs/share/ament_index/resource_index/parent_prefix_path/rover_msgs
[0.984s] -- Up-to-date: /home/giorgio/Webots/install/rover_msgs/share/rover_msgs/environment/ament_prefix_path.sh
[0.984s] -- Up-to-date: /home/giorgio/Webots/install/rover_msgs/share/rover_msgs/environment/ament_prefix_path.dsv
[0.985s] -- Up-to-date: /home/giorgio/Webots/install/rover_msgs/share/rover_msgs/environment/path.sh
[0.985s] -- Up-to-date: /home/giorgio/Webots/install/rover_msgs/share/rover_msgs/environment/path.dsv
[0.985s] -- Up-to-date: /home/giorgio/Webots/install/rover_msgs/share/rover_msgs/local_setup.bash
[0.985s] -- Up-to-date: /home/giorgio/Webots/install/rover_msgs/share/rover_msgs/local_setup.sh
[0.985s] -- Up-to-date: /home/giorgio/Webots/install/rover_msgs/share/rover_msgs/local_setup.zsh
[0.985s] -- Up-to-date: /home/giorgio/Webots/install/rover_msgs/share/rover_msgs/local_setup.dsv
[0.985s] -- Installing: /home/giorgio/Webots/install/rover_msgs/share/rover_msgs/package.dsv
[0.986s] -- Up-to-date: /home/giorgio/Webots/install/rover_msgs/share/ament_index/resource_index/packages/rover_msgs
[0.990s] -- Up-to-date: /home/giorgio/Webots/install/rover_msgs/share/rover_msgs/cmake/export_rover_msgs__rosidl_generator_cExport.cmake
[0.990s] -- Up-to-date: /home/giorgio/Webots/install/rover_msgs/share/rover_msgs/cmake/export_rover_msgs__rosidl_generator_cExport-noconfig.cmake
[0.991s] -- Up-to-date: /home/giorgio/Webots/install/rover_msgs/share/rover_msgs/cmake/export_rover_msgs__rosidl_typesupport_fastrtps_cExport.cmake
[0.991s] -- Up-to-date: /home/giorgio/Webots/install/rover_msgs/share/rover_msgs/cmake/export_rover_msgs__rosidl_typesupport_fastrtps_cExport-noconfig.cmake
[0.992s] -- Up-to-date: /home/giorgio/Webots/install/rover_msgs/share/rover_msgs/cmake/rover_msgs__rosidl_typesupport_introspection_cExport.cmake
[0.992s] -- Up-to-date: /home/giorgio/Webots/install/rover_msgs/share/rover_msgs/cmake/rover_msgs__rosidl_typesupport_introspection_cExport-noconfig.cmake
[0.993s] -- Up-to-date: /home/giorgio/Webots/install/rover_msgs/share/rover_msgs/cmake/rover_msgs__rosidl_typesupport_cExport.cmake
[0.993s] -- Up-to-date: /home/giorgio/Webots/install/rover_msgs/share/rover_msgs/cmake/rover_msgs__rosidl_typesupport_cExport-noconfig.cmake
[0.994s] -- Up-to-date: /home/giorgio/Webots/install/rover_msgs/share/rover_msgs/cmake/export_rover_msgs__rosidl_generator_cppExport.cmake
[0.995s] -- Up-to-date: /home/giorgio/Webots/install/rover_msgs/share/rover_msgs/cmake/export_rover_msgs__rosidl_typesupport_fastrtps_cppExport.cmake
[0.997s] -- Up-to-date: /home/giorgio/Webots/install/rover_msgs/share/rover_msgs/cmake/export_rover_msgs__rosidl_typesupport_fastrtps_cppExport-noconfig.cmake
[0.997s] -- Up-to-date: /home/giorgio/Webots/install/rover_msgs/share/rover_msgs/cmake/rover_msgs__rosidl_typesupport_introspection_cppExport.cmake
[0.997s] -- Up-to-date: /home/giorgio/Webots/install/rover_msgs/share/rover_msgs/cmake/rover_msgs__rosidl_typesupport_introspection_cppExport-noconfig.cmake
[0.999s] -- Up-to-date: /home/giorgio/Webots/install/rover_msgs/share/rover_msgs/cmake/rover_msgs__rosidl_typesupport_cppExport.cmake
[1.000s] -- Up-to-date: /home/giorgio/Webots/install/rover_msgs/share/rover_msgs/cmake/rover_msgs__rosidl_typesupport_cppExport-noconfig.cmake
[1.001s] -- Up-to-date: /home/giorgio/Webots/install/rover_msgs/share/rover_msgs/cmake/export_rover_msgs__rosidl_generator_pyExport.cmake
[1.001s] -- Up-to-date: /home/giorgio/Webots/install/rover_msgs/share/rover_msgs/cmake/export_rover_msgs__rosidl_generator_pyExport-noconfig.cmake
[1.001s] -- Up-to-date: /home/giorgio/Webots/install/rover_msgs/share/rover_msgs/cmake/rosidl_cmake-extras.cmake
[1.001s] -- Up-to-date: /home/giorgio/Webots/install/rover_msgs/share/rover_msgs/cmake/ament_cmake_export_include_directories-extras.cmake
[1.001s] -- Up-to-date: /home/giorgio/Webots/install/rover_msgs/share/rover_msgs/cmake/ament_cmake_export_libraries-extras.cmake
[1.001s] -- Up-to-date: /home/giorgio/Webots/install/rover_msgs/share/rover_msgs/cmake/ament_cmake_export_targets-extras.cmake
[1.001s] -- Up-to-date: /home/giorgio/Webots/install/rover_msgs/share/rover_msgs/cmake/rosidl_cmake_export_typesupport_targets-extras.cmake
[1.001s] -- Up-to-date: /home/giorgio/Webots/install/rover_msgs/share/rover_msgs/cmake/ament_cmake_export_dependencies-extras.cmake
[1.001s] -- Up-to-date: /home/giorgio/Webots/install/rover_msgs/share/rover_msgs/cmake/rosidl_cmake_export_typesupport_libraries-extras.cmake
[1.001s] -- Up-to-date: /home/giorgio/Webots/install/rover_msgs/share/rover_msgs/cmake/rover_msgsConfig.cmake
[1.001s] -- Up-to-date: /home/giorgio/Webots/install/rover_msgs/share/rover_msgs/cmake/rover_msgsConfig-version.cmake
[1.001s] -- Up-to-date: /home/giorgio/Webots/install/rover_msgs/share/rover_msgs/package.xml
[1.004s] Invoked command in '/home/giorgio/Webots/build/rover_msgs' returned '0': CMAKE_PREFIX_PATH=${CMAKE_PREFIX_PATH}:/home/giorgio/Webots/install/webots_hospital_youbot:/home/giorgio/Webots/install/webots:/home/giorgio/Webots/install/util:/opt/ros/jazzy DEBUGINFOD_URLS=https://debuginfod.ubuntu.com /usr/bin/cmake --install /home/giorgio/Webots/build/rover_msgs
