[0.013s] Invoking command in '/home/giorgio/Webots/build/rover_msgs': CMAKE_PREFIX_PATH=${CMAKE_PREFIX_PATH}:/opt/ros/jazzy DEBUGINFOD_URLS=https://debuginfod.ubuntu.com /usr/bin/cmake /home/giorgio/Webots/src/rover_msgs -DCMAKE_INSTALL_PREFIX=/home/giorgio/Webots/install/rover_msgs
[0.177s] -- The C compiler identification is GNU 13.3.0
[0.309s] -- The CXX compiler identification is GNU 13.3.0
[0.330s] -- Detecting C compiler ABI info
[0.432s] -- Detecting C compiler ABI info - done
[0.440s] -- Check for working C compiler: /usr/bin/cc - skipped
[0.442s] -- Detecting C compile features
[0.443s] -- Detecting C compile features - done
[0.454s] -- Detecting CXX compiler ABI info
[0.550s] -- Detecting CXX compiler ABI info - done
[0.557s] -- Check for working CXX compiler: /usr/bin/c++ - skipped
[0.557s] -- Detecting CXX compile features
[0.558s] -- Detecting CXX compile features - done
[0.560s] -- Found ament_cmake: 2.5.4 (/opt/ros/jazzy/share/ament_cmake/cmake)
[0.676s] -- Found Python3: /usr/bin/python3 (found version "3.12.3") found components: Interpreter 
[0.778s] -- Found rosidl_default_generators: 1.6.0 (/opt/ros/jazzy/share/rosidl_default_generators/cmake)
[0.787s] -- Using all available rosidl_typesupport_c: rosidl_typesupport_fastrtps_c;rosidl_typesupport_introspection_c
[0.839s] -- Using all available rosidl_typesupport_cpp: rosidl_typesupport_fastrtps_cpp;rosidl_typesupport_introspection_cpp
[0.878s] -- Found rosidl_adapter: 4.6.6 (/opt/ros/jazzy/share/rosidl_adapter/cmake)
[1.180s] -- Found ament_cmake_cppcheck: 0.17.3 (/opt/ros/jazzy/share/ament_cmake_cppcheck/cmake)
[1.183s] -- Found ament_cmake_cpplint: 0.17.3 (/opt/ros/jazzy/share/ament_cmake_cpplint/cmake)
[1.186s] -- Found ament_cmake_uncrustify: 0.17.3 (/opt/ros/jazzy/share/ament_cmake_uncrustify/cmake)
[1.190s] -- Found ament_cmake_ros: 0.12.0 (/opt/ros/jazzy/share/ament_cmake_ros/cmake)
[1.561s] -- Using all available rosidl_typesupport_c: rosidl_typesupport_fastrtps_c;rosidl_typesupport_introspection_c
[2.035s] -- Using all available rosidl_typesupport_cpp: rosidl_typesupport_fastrtps_cpp;rosidl_typesupport_introspection_cpp
[2.040s] -- Found python_cmake_module: 0.11.1 (/opt/ros/jazzy/share/python_cmake_module/cmake)
[2.148s] -- Found PythonExtra: /usr/bin/python3  
[2.633s] -- Found Python3: /usr/bin/python3 (found version "3.12.3") found components: Interpreter Development NumPy Development.Module Development.Embed 
[2.662s] -- Found ament_cmake_flake8: 0.17.3 (/opt/ros/jazzy/share/ament_cmake_flake8/cmake)
[2.666s] -- Found ament_cmake_pep257: 0.17.3 (/opt/ros/jazzy/share/ament_cmake_pep257/cmake)
[2.680s] -- Configuring done (2.6s)
[2.714s] -- Generating done (0.0s)
[2.723s] -- Build files have been written to: /home/giorgio/Webots/build/rover_msgs
[2.730s] Invoked command in '/home/giorgio/Webots/build/rover_msgs' returned '0': CMAKE_PREFIX_PATH=${CMAKE_PREFIX_PATH}:/opt/ros/jazzy DEBUGINFOD_URLS=https://debuginfod.ubuntu.com /usr/bin/cmake /home/giorgio/Webots/src/rover_msgs -DCMAKE_INSTALL_PREFIX=/home/giorgio/Webots/install/rover_msgs
[2.732s] Invoking command in '/home/giorgio/Webots/build/rover_msgs': CMAKE_PREFIX_PATH=${CMAKE_PREFIX_PATH}:/opt/ros/jazzy DEBUGINFOD_URLS=https://debuginfod.ubuntu.com /usr/bin/cmake --build /home/giorgio/Webots/build/rover_msgs -- -j2 -l2
[2.777s] [  2%] [34m[1mGenerating type hashes for ROS interfaces[0m
[2.818s] [  2%] Built target ament_cmake_python_copy_rover_msgs
[3.078s] [  2%] Built target rover_msgs__rosidl_generator_type_description
[3.080s] running egg_info
[3.084s] creating rover_msgs.egg-info
[3.104s] writing rover_msgs.egg-info/PKG-INFO
[3.110s] writing dependency_links to rover_msgs.egg-info/dependency_links.txt
[3.110s] writing top-level names to rover_msgs.egg-info/top_level.txt
[3.110s] writing manifest file 'rover_msgs.egg-info/SOURCES.txt'
[3.131s] [  4%] [34m[1mGenerating C++ code for ROS interfaces[0m
[3.163s] reading manifest file 'rover_msgs.egg-info/SOURCES.txt'
[3.163s] writing manifest file 'rover_msgs.egg-info/SOURCES.txt'
[3.191s] [  4%] Built target ament_cmake_python_build_rover_msgs_egg
[3.213s] [  6%] [34m[1mGenerating C code for ROS interfaces[0m
[3.731s] [  6%] Built target rover_msgs__cpp
[3.857s] [  9%] [32mBuilding C object CMakeFiles/rover_msgs__rosidl_generator_c.dir/rosidl_generator_c/rover_msgs/msg/detail/rover_info__description.c.o[0m
[3.876s] [ 11%] [32mBuilding C object CMakeFiles/rover_msgs__rosidl_generator_c.dir/rosidl_generator_c/rover_msgs/msg/detail/rover_info__functions.c.o[0m
[4.033s] [ 13%] [32mBuilding C object CMakeFiles/rover_msgs__rosidl_generator_c.dir/rosidl_generator_c/rover_msgs/msg/detail/rover_info__type_support.c.o[0m
[4.070s] [ 15%] [32mBuilding C object CMakeFiles/rover_msgs__rosidl_generator_c.dir/rosidl_generator_c/rover_msgs/msg/detail/emergency_stop__description.c.o[0m
[4.081s] [ 18%] [32mBuilding C object CMakeFiles/rover_msgs__rosidl_generator_c.dir/rosidl_generator_c/rover_msgs/msg/detail/emergency_stop__functions.c.o[0m
[4.136s] [ 20%] [32mBuilding C object CMakeFiles/rover_msgs__rosidl_generator_c.dir/rosidl_generator_c/rover_msgs/msg/detail/emergency_stop__type_support.c.o[0m
[4.162s] [ 22%] [32m[1mLinking C shared library librover_msgs__rosidl_generator_c.so[0m
[4.201s] [ 22%] Built target rover_msgs__rosidl_generator_c
[4.217s] [ 25%] [34m[1mGenerating C++ type support for eProsima Fast-RTPS[0m
[4.224s] [ 27%] [34m[1mGenerating C++ introspection for ROS interfaces[0m
[4.620s] [ 29%] [32mBuilding CXX object CMakeFiles/rover_msgs__rosidl_typesupport_introspection_cpp.dir/rosidl_typesupport_introspection_cpp/rover_msgs/msg/detail/rover_info__type_support.cpp.o[0m
[4.625s] [ 31%] [32mBuilding CXX object CMakeFiles/rover_msgs__rosidl_typesupport_fastrtps_cpp.dir/rosidl_typesupport_fastrtps_cpp/rover_msgs/msg/detail/dds_fastrtps/rover_info__type_support.cpp.o[0m
[5.303s] [ 34%] [32mBuilding CXX object CMakeFiles/rover_msgs__rosidl_typesupport_introspection_cpp.dir/rosidl_typesupport_introspection_cpp/rover_msgs/msg/detail/emergency_stop__type_support.cpp.o[0m
[5.635s] [ 36%] [32mBuilding CXX object CMakeFiles/rover_msgs__rosidl_typesupport_fastrtps_cpp.dir/rosidl_typesupport_fastrtps_cpp/rover_msgs/msg/detail/dds_fastrtps/emergency_stop__type_support.cpp.o[0m
[5.829s] [ 38%] [32m[1mLinking CXX shared library librover_msgs__rosidl_typesupport_introspection_cpp.so[0m
[5.965s] [ 38%] Built target rover_msgs__rosidl_typesupport_introspection_cpp
[5.984s] [ 40%] [34m[1mGenerating C++ type support dispatch for ROS interfaces[0m
[6.336s] [ 43%] [32m[1mLinking CXX shared library librover_msgs__rosidl_typesupport_fastrtps_cpp.so[0m
[6.383s] [ 45%] [32mBuilding CXX object CMakeFiles/rover_msgs__rosidl_typesupport_cpp.dir/rosidl_typesupport_cpp/rover_msgs/msg/rover_info__type_support.cpp.o[0m
[6.493s] [ 45%] Built target rover_msgs__rosidl_typesupport_fastrtps_cpp
[6.514s] [ 47%] [34m[1mGenerating C type support for eProsima Fast-RTPS[0m
[6.835s] [ 50%] [32mBuilding CXX object CMakeFiles/rover_msgs__rosidl_typesupport_cpp.dir/rosidl_typesupport_cpp/rover_msgs/msg/emergency_stop__type_support.cpp.o[0m
[7.046s] [ 52%] [32mBuilding CXX object CMakeFiles/rover_msgs__rosidl_typesupport_fastrtps_c.dir/rosidl_typesupport_fastrtps_c/rover_msgs/msg/detail/rover_info__type_support_c.cpp.o[0m
[7.109s] [ 54%] [32m[1mLinking CXX shared library librover_msgs__rosidl_typesupport_cpp.so[0m
[7.179s] [ 54%] Built target rover_msgs__rosidl_typesupport_cpp
[7.187s] [ 56%] [32mBuilding CXX object CMakeFiles/rover_msgs__rosidl_typesupport_fastrtps_c.dir/rosidl_typesupport_fastrtps_c/rover_msgs/msg/detail/emergency_stop__type_support_c.cpp.o[0m
[7.781s] [ 59%] [34m[1mGenerating C introspection for ROS interfaces[0m
[7.827s] [ 61%] [32m[1mLinking CXX shared library librover_msgs__rosidl_typesupport_fastrtps_c.so[0m
[7.918s] [ 61%] Built target rover_msgs__rosidl_typesupport_fastrtps_c
[7.943s] [ 63%] [34m[1mGenerating C type support dispatch for ROS interfaces[0m
[8.147s] [ 65%] [32mBuilding C object CMakeFiles/rover_msgs__rosidl_typesupport_introspection_c.dir/rosidl_typesupport_introspection_c/rover_msgs/msg/detail/rover_info__type_support.c.o[0m
[8.222s] [ 68%] [32mBuilding C object CMakeFiles/rover_msgs__rosidl_typesupport_introspection_c.dir/rosidl_typesupport_introspection_c/rover_msgs/msg/detail/emergency_stop__type_support.c.o[0m
[8.293s] [ 70%] [32m[1mLinking C shared library librover_msgs__rosidl_typesupport_introspection_c.so[0m
[8.330s] [ 72%] [32mBuilding CXX object CMakeFiles/rover_msgs__rosidl_typesupport_c.dir/rosidl_typesupport_c/rover_msgs/msg/rover_info__type_support.cpp.o[0m
[8.357s] [ 72%] Built target rover_msgs__rosidl_typesupport_introspection_c
[8.375s] [ 75%] [32mBuilding CXX object CMakeFiles/rover_msgs__rosidl_typesupport_c.dir/rosidl_typesupport_c/rover_msgs/msg/emergency_stop__type_support.cpp.o[0m
[8.429s] [ 77%] [32m[1mLinking CXX shared library librover_msgs__rosidl_typesupport_c.so[0m
[8.492s] [ 77%] Built target rover_msgs__rosidl_typesupport_c
[8.527s] [ 77%] Built target rover_msgs
[8.551s] [ 79%] [34m[1mGenerating Python code for ROS interfaces[0m
[8.915s] [ 79%] Built target rover_msgs__py
[8.966s] [ 81%] [32mBuilding C object CMakeFiles/rover_msgs__rosidl_generator_py.dir/rosidl_generator_py/rover_msgs/msg/_rover_info_s.c.o[0m
[8.969s] [ 84%] [32mBuilding C object CMakeFiles/rover_msgs__rosidl_generator_py.dir/rosidl_generator_py/rover_msgs/msg/_emergency_stop_s.c.o[0m
[9.178s] [ 86%] [32m[1mLinking C shared library librover_msgs__rosidl_generator_py.so[0m
[9.217s] [ 86%] Built target rover_msgs__rosidl_generator_py
[9.245s] [ 88%] [32mBuilding C object CMakeFiles/rover_msgs_s__rosidl_typesupport_fastrtps_c.dir/rosidl_generator_py/rover_msgs/_rover_msgs_s.ep.rosidl_typesupport_fastrtps_c.c.o[0m
[9.260s] [ 90%] [32mBuilding C object CMakeFiles/rover_msgs_s__rosidl_typesupport_introspection_c.dir/rosidl_generator_py/rover_msgs/_rover_msgs_s.ep.rosidl_typesupport_introspection_c.c.o[0m
[9.339s] [ 93%] [32m[1mLinking C shared module rosidl_generator_py/rover_msgs/rover_msgs_s__rosidl_typesupport_introspection_c.so[0m
[9.366s] [ 93%] Built target rover_msgs_s__rosidl_typesupport_introspection_c
[9.394s] [ 95%] [32mBuilding C object CMakeFiles/rover_msgs_s__rosidl_typesupport_c.dir/rosidl_generator_py/rover_msgs/_rover_msgs_s.ep.rosidl_typesupport_c.c.o[0m
[9.403s] [ 97%] [32m[1mLinking C shared module rosidl_generator_py/rover_msgs/rover_msgs_s__rosidl_typesupport_fastrtps_c.so[0m
[9.463s] [ 97%] Built target rover_msgs_s__rosidl_typesupport_fastrtps_c
[9.501s] [100%] [32m[1mLinking C shared module rosidl_generator_py/rover_msgs/rover_msgs_s__rosidl_typesupport_c.so[0m
[9.528s] [100%] Built target rover_msgs_s__rosidl_typesupport_c
[9.546s] Invoked command in '/home/giorgio/Webots/build/rover_msgs' returned '0': CMAKE_PREFIX_PATH=${CMAKE_PREFIX_PATH}:/opt/ros/jazzy DEBUGINFOD_URLS=https://debuginfod.ubuntu.com /usr/bin/cmake --build /home/giorgio/Webots/build/rover_msgs -- -j2 -l2
[9.556s] Invoking command in '/home/giorgio/Webots/build/rover_msgs': CMAKE_PREFIX_PATH=${CMAKE_PREFIX_PATH}:/opt/ros/jazzy DEBUGINFOD_URLS=https://debuginfod.ubuntu.com /usr/bin/cmake --install /home/giorgio/Webots/build/rover_msgs
[9.565s] -- Install configuration: ""
[9.565s] -- Installing: /home/giorgio/Webots/install/rover_msgs/share/ament_index/resource_index/rosidl_interfaces/rover_msgs
[9.566s] -- Installing: /home/giorgio/Webots/install/rover_msgs/share/rover_msgs/msg/RoverInfo.json
[9.566s] -- Installing: /home/giorgio/Webots/install/rover_msgs/share/rover_msgs/msg/EmergencyStop.json
[9.566s] -- Installing: /home/giorgio/Webots/install/rover_msgs/include/rover_msgs/rover_msgs
[9.566s] -- Installing: /home/giorgio/Webots/install/rover_msgs/include/rover_msgs/rover_msgs/msg
[9.566s] -- Installing: /home/giorgio/Webots/install/rover_msgs/include/rover_msgs/rover_msgs/msg/rosidl_generator_c__visibility_control.h
[9.567s] -- Installing: /home/giorgio/Webots/install/rover_msgs/include/rover_msgs/rover_msgs/msg/emergency_stop.h
[9.567s] -- Installing: /home/giorgio/Webots/install/rover_msgs/include/rover_msgs/rover_msgs/msg/detail
[9.567s] -- Installing: /home/giorgio/Webots/install/rover_msgs/include/rover_msgs/rover_msgs/msg/detail/emergency_stop__struct.h
[9.567s] -- Installing: /home/giorgio/Webots/install/rover_msgs/include/rover_msgs/rover_msgs/msg/detail/emergency_stop__type_support.c
[9.567s] -- Installing: /home/giorgio/Webots/install/rover_msgs/include/rover_msgs/rover_msgs/msg/detail/rover_info__functions.c
[9.567s] -- Installing: /home/giorgio/Webots/install/rover_msgs/include/rover_msgs/rover_msgs/msg/detail/rover_info__functions.h
[9.568s] -- Installing: /home/giorgio/Webots/install/rover_msgs/include/rover_msgs/rover_msgs/msg/detail/rover_info__struct.h
[9.568s] -- Installing: /home/giorgio/Webots/install/rover_msgs/include/rover_msgs/rover_msgs/msg/detail/emergency_stop__description.c
[9.568s] -- Installing: /home/giorgio/Webots/install/rover_msgs/include/rover_msgs/rover_msgs/msg/detail/rover_info__type_support.h
[9.568s] -- Installing: /home/giorgio/Webots/install/rover_msgs/include/rover_msgs/rover_msgs/msg/detail/rover_info__description.c
[9.568s] -- Installing: /home/giorgio/Webots/install/rover_msgs/include/rover_msgs/rover_msgs/msg/detail/emergency_stop__type_support.h
[9.568s] -- Installing: /home/giorgio/Webots/install/rover_msgs/include/rover_msgs/rover_msgs/msg/detail/rover_info__type_support.c
[9.568s] -- Installing: /home/giorgio/Webots/install/rover_msgs/include/rover_msgs/rover_msgs/msg/detail/emergency_stop__functions.h
[9.569s] -- Installing: /home/giorgio/Webots/install/rover_msgs/include/rover_msgs/rover_msgs/msg/detail/emergency_stop__functions.c
[9.569s] -- Installing: /home/giorgio/Webots/install/rover_msgs/include/rover_msgs/rover_msgs/msg/rover_info.h
[9.569s] -- Installing: /home/giorgio/Webots/install/rover_msgs/share/rover_msgs/environment/library_path.sh
[9.569s] -- Installing: /home/giorgio/Webots/install/rover_msgs/share/rover_msgs/environment/library_path.dsv
[9.569s] -- Installing: /home/giorgio/Webots/install/rover_msgs/lib/librover_msgs__rosidl_generator_c.so
[9.570s] -- Set non-toolchain portion of runtime path of "/home/giorgio/Webots/install/rover_msgs/lib/librover_msgs__rosidl_generator_c.so" to ""
[9.570s] -- Up-to-date: /home/giorgio/Webots/install/rover_msgs/include/rover_msgs/rover_msgs
[9.570s] -- Up-to-date: /home/giorgio/Webots/install/rover_msgs/include/rover_msgs/rover_msgs/msg
[9.570s] -- Up-to-date: /home/giorgio/Webots/install/rover_msgs/include/rover_msgs/rover_msgs/msg/detail
[9.570s] -- Installing: /home/giorgio/Webots/install/rover_msgs/include/rover_msgs/rover_msgs/msg/detail/rover_info__rosidl_typesupport_fastrtps_c.h
[9.570s] -- Installing: /home/giorgio/Webots/install/rover_msgs/include/rover_msgs/rover_msgs/msg/detail/emergency_stop__rosidl_typesupport_fastrtps_c.h
[9.571s] -- Installing: /home/giorgio/Webots/install/rover_msgs/include/rover_msgs/rover_msgs/msg/rosidl_typesupport_fastrtps_c__visibility_control.h
[9.571s] -- Installing: /home/giorgio/Webots/install/rover_msgs/lib/librover_msgs__rosidl_typesupport_fastrtps_c.so
[9.571s] -- Set non-toolchain portion of runtime path of "/home/giorgio/Webots/install/rover_msgs/lib/librover_msgs__rosidl_typesupport_fastrtps_c.so" to ""
[9.571s] -- Up-to-date: /home/giorgio/Webots/install/rover_msgs/include/rover_msgs/rover_msgs
[9.571s] -- Up-to-date: /home/giorgio/Webots/install/rover_msgs/include/rover_msgs/rover_msgs/msg
[9.571s] -- Installing: /home/giorgio/Webots/install/rover_msgs/include/rover_msgs/rover_msgs/msg/rosidl_typesupport_introspection_c__visibility_control.h
[9.572s] -- Up-to-date: /home/giorgio/Webots/install/rover_msgs/include/rover_msgs/rover_msgs/msg/detail
[9.572s] -- Installing: /home/giorgio/Webots/install/rover_msgs/include/rover_msgs/rover_msgs/msg/detail/emergency_stop__type_support.c
[9.572s] -- Installing: /home/giorgio/Webots/install/rover_msgs/include/rover_msgs/rover_msgs/msg/detail/rover_info__rosidl_typesupport_introspection_c.h
[9.572s] -- Installing: /home/giorgio/Webots/install/rover_msgs/include/rover_msgs/rover_msgs/msg/detail/rover_info__type_support.c
[9.572s] -- Installing: /home/giorgio/Webots/install/rover_msgs/include/rover_msgs/rover_msgs/msg/detail/emergency_stop__rosidl_typesupport_introspection_c.h
[9.572s] -- Installing: /home/giorgio/Webots/install/rover_msgs/lib/librover_msgs__rosidl_typesupport_introspection_c.so
[9.573s] -- Set non-toolchain portion of runtime path of "/home/giorgio/Webots/install/rover_msgs/lib/librover_msgs__rosidl_typesupport_introspection_c.so" to ""
[9.573s] -- Installing: /home/giorgio/Webots/install/rover_msgs/lib/librover_msgs__rosidl_typesupport_c.so
[9.573s] -- Set non-toolchain portion of runtime path of "/home/giorgio/Webots/install/rover_msgs/lib/librover_msgs__rosidl_typesupport_c.so" to ""
[9.573s] -- Up-to-date: /home/giorgio/Webots/install/rover_msgs/include/rover_msgs/rover_msgs
[9.573s] -- Up-to-date: /home/giorgio/Webots/install/rover_msgs/include/rover_msgs/rover_msgs/msg
[9.574s] -- Up-to-date: /home/giorgio/Webots/install/rover_msgs/include/rover_msgs/rover_msgs/msg/detail
[9.574s] -- Installing: /home/giorgio/Webots/install/rover_msgs/include/rover_msgs/rover_msgs/msg/detail/emergency_stop__struct.hpp
[9.574s] -- Installing: /home/giorgio/Webots/install/rover_msgs/include/rover_msgs/rover_msgs/msg/detail/rover_info__struct.hpp
[9.574s] -- Installing: /home/giorgio/Webots/install/rover_msgs/include/rover_msgs/rover_msgs/msg/detail/emergency_stop__builder.hpp
[9.574s] -- Installing: /home/giorgio/Webots/install/rover_msgs/include/rover_msgs/rover_msgs/msg/detail/rover_info__builder.hpp
[9.574s] -- Installing: /home/giorgio/Webots/install/rover_msgs/include/rover_msgs/rover_msgs/msg/detail/rover_info__traits.hpp
[9.574s] -- Installing: /home/giorgio/Webots/install/rover_msgs/include/rover_msgs/rover_msgs/msg/detail/rover_info__type_support.hpp
[9.575s] -- Installing: /home/giorgio/Webots/install/rover_msgs/include/rover_msgs/rover_msgs/msg/detail/emergency_stop__type_support.hpp
[9.575s] -- Installing: /home/giorgio/Webots/install/rover_msgs/include/rover_msgs/rover_msgs/msg/detail/emergency_stop__traits.hpp
[9.575s] -- Installing: /home/giorgio/Webots/install/rover_msgs/include/rover_msgs/rover_msgs/msg/rover_info.hpp
[9.575s] -- Installing: /home/giorgio/Webots/install/rover_msgs/include/rover_msgs/rover_msgs/msg/emergency_stop.hpp
[9.575s] -- Installing: /home/giorgio/Webots/install/rover_msgs/include/rover_msgs/rover_msgs/msg/rosidl_generator_cpp__visibility_control.hpp
[9.576s] -- Up-to-date: /home/giorgio/Webots/install/rover_msgs/include/rover_msgs/rover_msgs
[9.576s] -- Up-to-date: /home/giorgio/Webots/install/rover_msgs/include/rover_msgs/rover_msgs/msg
[9.576s] -- Up-to-date: /home/giorgio/Webots/install/rover_msgs/include/rover_msgs/rover_msgs/msg/detail
[9.576s] -- Installing: /home/giorgio/Webots/install/rover_msgs/include/rover_msgs/rover_msgs/msg/detail/dds_fastrtps
[9.576s] -- Installing: /home/giorgio/Webots/install/rover_msgs/include/rover_msgs/rover_msgs/msg/detail/emergency_stop__rosidl_typesupport_fastrtps_cpp.hpp
[9.576s] -- Installing: /home/giorgio/Webots/install/rover_msgs/include/rover_msgs/rover_msgs/msg/detail/rover_info__rosidl_typesupport_fastrtps_cpp.hpp
[9.576s] -- Installing: /home/giorgio/Webots/install/rover_msgs/include/rover_msgs/rover_msgs/msg/rosidl_typesupport_fastrtps_cpp__visibility_control.h
[9.576s] -- Installing: /home/giorgio/Webots/install/rover_msgs/lib/librover_msgs__rosidl_typesupport_fastrtps_cpp.so
[9.577s] -- Set non-toolchain portion of runtime path of "/home/giorgio/Webots/install/rover_msgs/lib/librover_msgs__rosidl_typesupport_fastrtps_cpp.so" to ""
[9.577s] -- Up-to-date: /home/giorgio/Webots/install/rover_msgs/include/rover_msgs/rover_msgs
[9.578s] -- Up-to-date: /home/giorgio/Webots/install/rover_msgs/include/rover_msgs/rover_msgs/msg
[9.578s] -- Up-to-date: /home/giorgio/Webots/install/rover_msgs/include/rover_msgs/rover_msgs/msg/detail
[9.578s] -- Installing: /home/giorgio/Webots/install/rover_msgs/include/rover_msgs/rover_msgs/msg/detail/emergency_stop__type_support.cpp
[9.578s] -- Installing: /home/giorgio/Webots/install/rover_msgs/include/rover_msgs/rover_msgs/msg/detail/emergency_stop__rosidl_typesupport_introspection_cpp.hpp
[9.578s] -- Installing: /home/giorgio/Webots/install/rover_msgs/include/rover_msgs/rover_msgs/msg/detail/rover_info__type_support.cpp
[9.578s] -- Installing: /home/giorgio/Webots/install/rover_msgs/include/rover_msgs/rover_msgs/msg/detail/rover_info__rosidl_typesupport_introspection_cpp.hpp
[9.579s] -- Installing: /home/giorgio/Webots/install/rover_msgs/lib/librover_msgs__rosidl_typesupport_introspection_cpp.so
[9.579s] -- Set non-toolchain portion of runtime path of "/home/giorgio/Webots/install/rover_msgs/lib/librover_msgs__rosidl_typesupport_introspection_cpp.so" to ""
[9.579s] -- Installing: /home/giorgio/Webots/install/rover_msgs/lib/librover_msgs__rosidl_typesupport_cpp.so
[9.579s] -- Set non-toolchain portion of runtime path of "/home/giorgio/Webots/install/rover_msgs/lib/librover_msgs__rosidl_typesupport_cpp.so" to ""
[9.579s] -- Installing: /home/giorgio/Webots/install/rover_msgs/share/rover_msgs/environment/pythonpath.sh
[9.580s] -- Installing: /home/giorgio/Webots/install/rover_msgs/share/rover_msgs/environment/pythonpath.dsv
[9.580s] -- Installing: /home/giorgio/Webots/install/rover_msgs/lib/python3.12/site-packages/rover_msgs-5.2.0-py3.12.egg-info
[9.580s] -- Installing: /home/giorgio/Webots/install/rover_msgs/lib/python3.12/site-packages/rover_msgs-5.2.0-py3.12.egg-info/PKG-INFO
[9.580s] -- Installing: /home/giorgio/Webots/install/rover_msgs/lib/python3.12/site-packages/rover_msgs-5.2.0-py3.12.egg-info/dependency_links.txt
[9.580s] -- Installing: /home/giorgio/Webots/install/rover_msgs/lib/python3.12/site-packages/rover_msgs-5.2.0-py3.12.egg-info/SOURCES.txt
[9.580s] -- Installing: /home/giorgio/Webots/install/rover_msgs/lib/python3.12/site-packages/rover_msgs-5.2.0-py3.12.egg-info/top_level.txt
[9.580s] -- Installing: /home/giorgio/Webots/install/rover_msgs/lib/python3.12/site-packages/rover_msgs
[9.581s] -- Installing: /home/giorgio/Webots/install/rover_msgs/lib/python3.12/site-packages/rover_msgs/rover_msgs_s__rosidl_typesupport_c.so
[9.581s] -- Installing: /home/giorgio/Webots/install/rover_msgs/lib/python3.12/site-packages/rover_msgs/msg
[9.581s] -- Installing: /home/giorgio/Webots/install/rover_msgs/lib/python3.12/site-packages/rover_msgs/msg/__init__.py
[9.581s] -- Installing: /home/giorgio/Webots/install/rover_msgs/lib/python3.12/site-packages/rover_msgs/msg/_rover_info_s.c
[9.581s] -- Installing: /home/giorgio/Webots/install/rover_msgs/lib/python3.12/site-packages/rover_msgs/msg/_emergency_stop_s.c
[9.581s] -- Installing: /home/giorgio/Webots/install/rover_msgs/lib/python3.12/site-packages/rover_msgs/msg/_rover_info.py
[9.582s] -- Installing: /home/giorgio/Webots/install/rover_msgs/lib/python3.12/site-packages/rover_msgs/msg/_emergency_stop.py
[9.582s] -- Installing: /home/giorgio/Webots/install/rover_msgs/lib/python3.12/site-packages/rover_msgs/__init__.py
[9.582s] -- Installing: /home/giorgio/Webots/install/rover_msgs/lib/python3.12/site-packages/rover_msgs/_rover_msgs_s.ep.rosidl_typesupport_introspection_c.c
[9.582s] -- Installing: /home/giorgio/Webots/install/rover_msgs/lib/python3.12/site-packages/rover_msgs/rover_msgs_s__rosidl_typesupport_fastrtps_c.so
[9.582s] -- Installing: /home/giorgio/Webots/install/rover_msgs/lib/python3.12/site-packages/rover_msgs/_rover_msgs_s.ep.rosidl_typesupport_c.c
[9.582s] -- Installing: /home/giorgio/Webots/install/rover_msgs/lib/python3.12/site-packages/rover_msgs/rover_msgs_s__rosidl_typesupport_introspection_c.so
[9.582s] -- Installing: /home/giorgio/Webots/install/rover_msgs/lib/python3.12/site-packages/rover_msgs/_rover_msgs_s.ep.rosidl_typesupport_fastrtps_c.c
[9.619s] Listing '/home/giorgio/Webots/install/rover_msgs/lib/python3.12/site-packages/rover_msgs'...
[9.619s] Compiling '/home/giorgio/Webots/install/rover_msgs/lib/python3.12/site-packages/rover_msgs/__init__.py'...
[9.619s] Listing '/home/giorgio/Webots/install/rover_msgs/lib/python3.12/site-packages/rover_msgs/msg'...
[9.619s] Compiling '/home/giorgio/Webots/install/rover_msgs/lib/python3.12/site-packages/rover_msgs/msg/__init__.py'...
[9.619s] Compiling '/home/giorgio/Webots/install/rover_msgs/lib/python3.12/site-packages/rover_msgs/msg/_emergency_stop.py'...
[9.619s] Compiling '/home/giorgio/Webots/install/rover_msgs/lib/python3.12/site-packages/rover_msgs/msg/_rover_info.py'...
[9.624s] -- Installing: /home/giorgio/Webots/install/rover_msgs/lib/python3.12/site-packages/rover_msgs/rover_msgs_s__rosidl_typesupport_fastrtps_c.so
[9.625s] -- Set non-toolchain portion of runtime path of "/home/giorgio/Webots/install/rover_msgs/lib/python3.12/site-packages/rover_msgs/rover_msgs_s__rosidl_typesupport_fastrtps_c.so" to ""
[9.625s] -- Installing: /home/giorgio/Webots/install/rover_msgs/lib/python3.12/site-packages/rover_msgs/rover_msgs_s__rosidl_typesupport_introspection_c.so
[9.626s] -- Set non-toolchain portion of runtime path of "/home/giorgio/Webots/install/rover_msgs/lib/python3.12/site-packages/rover_msgs/rover_msgs_s__rosidl_typesupport_introspection_c.so" to ""
[9.626s] -- Installing: /home/giorgio/Webots/install/rover_msgs/lib/python3.12/site-packages/rover_msgs/rover_msgs_s__rosidl_typesupport_c.so
[9.626s] -- Set non-toolchain portion of runtime path of "/home/giorgio/Webots/install/rover_msgs/lib/python3.12/site-packages/rover_msgs/rover_msgs_s__rosidl_typesupport_c.so" to ""
[9.626s] -- Installing: /home/giorgio/Webots/install/rover_msgs/lib/librover_msgs__rosidl_generator_py.so
[9.627s] -- Set non-toolchain portion of runtime path of "/home/giorgio/Webots/install/rover_msgs/lib/librover_msgs__rosidl_generator_py.so" to ""
[9.627s] -- Installing: /home/giorgio/Webots/install/rover_msgs/share/rover_msgs/msg/RoverInfo.idl
[9.627s] -- Installing: /home/giorgio/Webots/install/rover_msgs/share/rover_msgs/msg/EmergencyStop.idl
[9.627s] -- Installing: /home/giorgio/Webots/install/rover_msgs/share/ament_index/resource_index/package_run_dependencies/rover_msgs
[9.628s] -- Installing: /home/giorgio/Webots/install/rover_msgs/share/ament_index/resource_index/parent_prefix_path/rover_msgs
[9.628s] -- Installing: /home/giorgio/Webots/install/rover_msgs/share/rover_msgs/environment/ament_prefix_path.sh
[9.628s] -- Installing: /home/giorgio/Webots/install/rover_msgs/share/rover_msgs/environment/ament_prefix_path.dsv
[9.628s] -- Installing: /home/giorgio/Webots/install/rover_msgs/share/rover_msgs/environment/path.sh
[9.629s] -- Installing: /home/giorgio/Webots/install/rover_msgs/share/rover_msgs/environment/path.dsv
[9.629s] -- Installing: /home/giorgio/Webots/install/rover_msgs/share/rover_msgs/local_setup.bash
[9.629s] -- Installing: /home/giorgio/Webots/install/rover_msgs/share/rover_msgs/local_setup.sh
[9.629s] -- Installing: /home/giorgio/Webots/install/rover_msgs/share/rover_msgs/local_setup.zsh
[9.629s] -- Installing: /home/giorgio/Webots/install/rover_msgs/share/rover_msgs/local_setup.dsv
[9.629s] -- Installing: /home/giorgio/Webots/install/rover_msgs/share/rover_msgs/package.dsv
[9.630s] -- Installing: /home/giorgio/Webots/install/rover_msgs/share/ament_index/resource_index/packages/rover_msgs
[9.630s] -- Installing: /home/giorgio/Webots/install/rover_msgs/share/rover_msgs/cmake/export_rover_msgs__rosidl_generator_cExport.cmake
[9.630s] -- Installing: /home/giorgio/Webots/install/rover_msgs/share/rover_msgs/cmake/export_rover_msgs__rosidl_generator_cExport-noconfig.cmake
[9.630s] -- Installing: /home/giorgio/Webots/install/rover_msgs/share/rover_msgs/cmake/export_rover_msgs__rosidl_typesupport_fastrtps_cExport.cmake
[9.631s] -- Installing: /home/giorgio/Webots/install/rover_msgs/share/rover_msgs/cmake/export_rover_msgs__rosidl_typesupport_fastrtps_cExport-noconfig.cmake
[9.631s] -- Installing: /home/giorgio/Webots/install/rover_msgs/share/rover_msgs/cmake/rover_msgs__rosidl_typesupport_introspection_cExport.cmake
[9.631s] -- Installing: /home/giorgio/Webots/install/rover_msgs/share/rover_msgs/cmake/rover_msgs__rosidl_typesupport_introspection_cExport-noconfig.cmake
[9.631s] -- Installing: /home/giorgio/Webots/install/rover_msgs/share/rover_msgs/cmake/rover_msgs__rosidl_typesupport_cExport.cmake
[9.631s] -- Installing: /home/giorgio/Webots/install/rover_msgs/share/rover_msgs/cmake/rover_msgs__rosidl_typesupport_cExport-noconfig.cmake
[9.631s] -- Installing: /home/giorgio/Webots/install/rover_msgs/share/rover_msgs/cmake/export_rover_msgs__rosidl_generator_cppExport.cmake
[9.632s] -- Installing: /home/giorgio/Webots/install/rover_msgs/share/rover_msgs/cmake/export_rover_msgs__rosidl_typesupport_fastrtps_cppExport.cmake
[9.632s] -- Installing: /home/giorgio/Webots/install/rover_msgs/share/rover_msgs/cmake/export_rover_msgs__rosidl_typesupport_fastrtps_cppExport-noconfig.cmake
[9.632s] -- Installing: /home/giorgio/Webots/install/rover_msgs/share/rover_msgs/cmake/rover_msgs__rosidl_typesupport_introspection_cppExport.cmake
[9.632s] -- Installing: /home/giorgio/Webots/install/rover_msgs/share/rover_msgs/cmake/rover_msgs__rosidl_typesupport_introspection_cppExport-noconfig.cmake
[9.632s] -- Installing: /home/giorgio/Webots/install/rover_msgs/share/rover_msgs/cmake/rover_msgs__rosidl_typesupport_cppExport.cmake
[9.633s] -- Installing: /home/giorgio/Webots/install/rover_msgs/share/rover_msgs/cmake/rover_msgs__rosidl_typesupport_cppExport-noconfig.cmake
[9.633s] -- Installing: /home/giorgio/Webots/install/rover_msgs/share/rover_msgs/cmake/export_rover_msgs__rosidl_generator_pyExport.cmake
[9.633s] -- Installing: /home/giorgio/Webots/install/rover_msgs/share/rover_msgs/cmake/export_rover_msgs__rosidl_generator_pyExport-noconfig.cmake
[9.635s] -- Installing: /home/giorgio/Webots/install/rover_msgs/share/rover_msgs/cmake/rosidl_cmake-extras.cmake
[9.639s] -- Installing: /home/giorgio/Webots/install/rover_msgs/share/rover_msgs/cmake/ament_cmake_export_include_directories-extras.cmake
[9.639s] -- Installing: /home/giorgio/Webots/install/rover_msgs/share/rover_msgs/cmake/ament_cmake_export_libraries-extras.cmake
[9.639s] -- Installing: /home/giorgio/Webots/install/rover_msgs/share/rover_msgs/cmake/ament_cmake_export_targets-extras.cmake
[9.639s] -- Installing: /home/giorgio/Webots/install/rover_msgs/share/rover_msgs/cmake/rosidl_cmake_export_typesupport_targets-extras.cmake
[9.639s] -- Installing: /home/giorgio/Webots/install/rover_msgs/share/rover_msgs/cmake/ament_cmake_export_dependencies-extras.cmake
[9.642s] -- Installing: /home/giorgio/Webots/install/rover_msgs/share/rover_msgs/cmake/rosidl_cmake_export_typesupport_libraries-extras.cmake
[9.643s] -- Installing: /home/giorgio/Webots/install/rover_msgs/share/rover_msgs/cmake/rover_msgsConfig.cmake
[9.643s] -- Installing: /home/giorgio/Webots/install/rover_msgs/share/rover_msgs/cmake/rover_msgsConfig-version.cmake
[9.643s] -- Installing: /home/giorgio/Webots/install/rover_msgs/share/rover_msgs/package.xml
[9.647s] Invoked command in '/home/giorgio/Webots/build/rover_msgs' returned '0': CMAKE_PREFIX_PATH=${CMAKE_PREFIX_PATH}:/opt/ros/jazzy DEBUGINFOD_URLS=https://debuginfod.ubuntu.com /usr/bin/cmake --install /home/giorgio/Webots/build/rover_msgs
