[0.815s] Invoking command in '/home/giorgio/Webots/src/webots_tutorial': DEBUGINFOD_URLS=https://debuginfod.ubuntu.com PYTHONPATH=/home/giorgio/Webots/build/webots/prefix_override:/usr/lib/python3/dist-packages/colcon_core/task/python/colcon_distutils_commands:/home/giorgio/Webots/install/webots/lib/python3.12/site-packages:${PYTHONPATH} /usr/bin/python3 -W ignore:setup.py install is deprecated -W ignore:easy_install command is deprecated setup.py egg_info --egg-base ../../build/webots build --build-base /home/giorgio/Webots/build/webots/build install --record /home/giorgio/Webots/build/webots/install.log --single-version-externally-managed install_data
[1.021s] running egg_info
[1.041s] writing ../../build/webots/webots.egg-info/PKG-INFO
[1.041s] writing dependency_links to ../../build/webots/webots.egg-info/dependency_links.txt
[1.041s] writing requirements to ../../build/webots/webots.egg-info/requires.txt
[1.041s] writing top-level names to ../../build/webots/webots.egg-info/top_level.txt
[1.071s] reading manifest file '../../build/webots/webots.egg-info/SOURCES.txt'
[1.071s] adding license file 'LICENSE'
[1.071s] writing manifest file '../../build/webots/webots.egg-info/SOURCES.txt'
[1.072s] running build
[1.072s] running build_py
[1.072s] running install
[1.077s] running install_lib
[1.093s] running install_data
[1.095s] running install_egg_info
[1.114s] removing '/home/giorgio/Webots/install/webots/lib/python3.12/site-packages/webots-0.0.0-py3.12.egg-info' (and everything under it)
[1.114s] Copying ../../build/webots/webots.egg-info to /home/giorgio/Webots/install/webots/lib/python3.12/site-packages/webots-0.0.0-py3.12.egg-info
[1.114s] running install_scripts
[1.227s] writing list of installed files to '/home/giorgio/Webots/build/webots/install.log'
[1.252s] Invoked command in '/home/giorgio/Webots/src/webots_tutorial' returned '0': DEBUGINFOD_URLS=https://debuginfod.ubuntu.com PYTHONPATH=/home/giorgio/Webots/build/webots/prefix_override:/usr/lib/python3/dist-packages/colcon_core/task/python/colcon_distutils_commands:/home/giorgio/Webots/install/webots/lib/python3.12/site-packages:${PYTHONPATH} /usr/bin/python3 -W ignore:setup.py install is deprecated -W ignore:easy_install command is deprecated setup.py egg_info --egg-base ../../build/webots build --build-base /home/giorgio/Webots/build/webots/build install --record /home/giorgio/Webots/build/webots/install.log --single-version-externally-managed install_data
