[0.021s] Invoking command in '/home/giorgio/Webots/build/aruco_msgs': CMAKE_PREFIX_PATH=${CMAKE_PREFIX_PATH}:/home/giorgio/Webots/install/webots_hospital_youbot:/home/giorgio/Webots/install/webots:/home/giorgio/Webots/install/util:/opt/ros/jazzy DEBUGINFOD_URLS=https://debuginfod.ubuntu.com /usr/bin/cmake --build /home/giorgio/Webots/build/aruco_msgs -- -j2 -l2
[0.141s] [  2%] Built target aruco_msgs__rosidl_generator_type_description
[0.163s] [  2%] Built target ament_cmake_python_copy_aruco_msgs
[0.225s] [  4%] Built target aruco_msgs__cpp
[0.236s] [ 22%] Built target aruco_msgs__rosidl_generator_c
[0.314s] [ 31%] Built target aruco_msgs__rosidl_typesupport_cpp
[0.380s] [ 40%] Built target aruco_msgs__rosidl_typesupport_fastrtps_c
[0.469s] [ 50%] Built target aruco_msgs__rosidl_typesupport_fastrtps_cpp
[0.554s] [ 59%] Built target aruco_msgs__rosidl_typesupport_introspection_c
[0.623s] [ 68%] Built target aruco_msgs__rosidl_typesupport_c
[0.665s] running egg_info
[0.691s] [ 77%] Built target aruco_msgs__rosidl_typesupport_introspection_cpp
[0.734s] writing aruco_msgs.egg-info/PKG-INFO
[0.737s] writing dependency_links to aruco_msgs.egg-info/dependency_links.txt
[0.737s] writing top-level names to aruco_msgs.egg-info/top_level.txt
[0.773s] [ 77%] Built target aruco_msgs
[0.838s] [ 79%] Built target aruco_msgs__py
[0.859s] reading manifest file 'aruco_msgs.egg-info/SOURCES.txt'
[0.860s] writing manifest file 'aruco_msgs.egg-info/SOURCES.txt'
[0.925s] [ 86%] Built target aruco_msgs__rosidl_generator_py
[0.941s] [ 86%] Built target ament_cmake_python_build_aruco_msgs_egg
[0.973s] [ 90%] Built target aruco_msgs_s__rosidl_typesupport_introspection_c
[1.005s] [ 95%] Built target aruco_msgs_s__rosidl_typesupport_fastrtps_c
[1.022s] [100%] Built target aruco_msgs_s__rosidl_typesupport_c
[1.045s] Invoked command in '/home/giorgio/Webots/build/aruco_msgs' returned '0': CMAKE_PREFIX_PATH=${CMAKE_PREFIX_PATH}:/home/giorgio/Webots/install/webots_hospital_youbot:/home/giorgio/Webots/install/webots:/home/giorgio/Webots/install/util:/opt/ros/jazzy DEBUGINFOD_URLS=https://debuginfod.ubuntu.com /usr/bin/cmake --build /home/giorgio/Webots/build/aruco_msgs -- -j2 -l2
[1.048s] Invoking command in '/home/giorgio/Webots/build/aruco_msgs': CMAKE_PREFIX_PATH=${CMAKE_PREFIX_PATH}:/home/giorgio/Webots/install/webots_hospital_youbot:/home/giorgio/Webots/install/webots:/home/giorgio/Webots/install/util:/opt/ros/jazzy DEBUGINFOD_URLS=https://debuginfod.ubuntu.com /usr/bin/cmake --install /home/giorgio/Webots/build/aruco_msgs
[1.066s] -- Install configuration: ""
[1.066s] -- Up-to-date: /home/giorgio/Webots/install/aruco_msgs/share/ament_index/resource_index/rosidl_interfaces/aruco_msgs
[1.066s] -- Up-to-date: /home/giorgio/Webots/install/aruco_msgs/share/aruco_msgs/msg/Marker.json
[1.067s] -- Up-to-date: /home/giorgio/Webots/install/aruco_msgs/share/aruco_msgs/msg/MarkerArray.json
[1.067s] -- Up-to-date: /home/giorgio/Webots/install/aruco_msgs/include/aruco_msgs/aruco_msgs
[1.067s] -- Up-to-date: /home/giorgio/Webots/install/aruco_msgs/include/aruco_msgs/aruco_msgs/msg
[1.067s] -- Up-to-date: /home/giorgio/Webots/install/aruco_msgs/include/aruco_msgs/aruco_msgs/msg/rosidl_generator_c__visibility_control.h
[1.067s] -- Up-to-date: /home/giorgio/Webots/install/aruco_msgs/include/aruco_msgs/aruco_msgs/msg/marker.h
[1.067s] -- Up-to-date: /home/giorgio/Webots/install/aruco_msgs/include/aruco_msgs/aruco_msgs/msg/detail
[1.067s] -- Up-to-date: /home/giorgio/Webots/install/aruco_msgs/include/aruco_msgs/aruco_msgs/msg/detail/marker_array__type_support.h
[1.067s] -- Up-to-date: /home/giorgio/Webots/install/aruco_msgs/include/aruco_msgs/aruco_msgs/msg/detail/marker_array__struct.h
[1.068s] -- Up-to-date: /home/giorgio/Webots/install/aruco_msgs/include/aruco_msgs/aruco_msgs/msg/detail/marker__type_support.h
[1.068s] -- Up-to-date: /home/giorgio/Webots/install/aruco_msgs/include/aruco_msgs/aruco_msgs/msg/detail/marker_array__description.c
[1.068s] -- Up-to-date: /home/giorgio/Webots/install/aruco_msgs/include/aruco_msgs/aruco_msgs/msg/detail/marker__functions.h
[1.068s] -- Up-to-date: /home/giorgio/Webots/install/aruco_msgs/include/aruco_msgs/aruco_msgs/msg/detail/marker_array__functions.c
[1.068s] -- Installing: /home/giorgio/Webots/install/aruco_msgs/include/aruco_msgs/aruco_msgs/msg/detail/marker__type_support.c
[1.069s] -- Up-to-date: /home/giorgio/Webots/install/aruco_msgs/include/aruco_msgs/aruco_msgs/msg/detail/marker__struct.h
[1.069s] -- Up-to-date: /home/giorgio/Webots/install/aruco_msgs/include/aruco_msgs/aruco_msgs/msg/detail/marker_array__functions.h
[1.069s] -- Up-to-date: /home/giorgio/Webots/install/aruco_msgs/include/aruco_msgs/aruco_msgs/msg/detail/marker__functions.c
[1.069s] -- Up-to-date: /home/giorgio/Webots/install/aruco_msgs/include/aruco_msgs/aruco_msgs/msg/detail/marker__description.c
[1.069s] -- Installing: /home/giorgio/Webots/install/aruco_msgs/include/aruco_msgs/aruco_msgs/msg/detail/marker_array__type_support.c
[1.069s] -- Up-to-date: /home/giorgio/Webots/install/aruco_msgs/include/aruco_msgs/aruco_msgs/msg/marker_array.h
[1.069s] -- Up-to-date: /home/giorgio/Webots/install/aruco_msgs/share/aruco_msgs/environment/library_path.sh
[1.069s] -- Up-to-date: /home/giorgio/Webots/install/aruco_msgs/share/aruco_msgs/environment/library_path.dsv
[1.070s] -- Up-to-date: /home/giorgio/Webots/install/aruco_msgs/lib/libaruco_msgs__rosidl_generator_c.so
[1.070s] -- Up-to-date: /home/giorgio/Webots/install/aruco_msgs/include/aruco_msgs/aruco_msgs
[1.070s] -- Up-to-date: /home/giorgio/Webots/install/aruco_msgs/include/aruco_msgs/aruco_msgs/msg
[1.070s] -- Up-to-date: /home/giorgio/Webots/install/aruco_msgs/include/aruco_msgs/aruco_msgs/msg/detail
[1.070s] -- Up-to-date: /home/giorgio/Webots/install/aruco_msgs/include/aruco_msgs/aruco_msgs/msg/detail/marker_array__rosidl_typesupport_fastrtps_c.h
[1.070s] -- Up-to-date: /home/giorgio/Webots/install/aruco_msgs/include/aruco_msgs/aruco_msgs/msg/detail/marker__rosidl_typesupport_fastrtps_c.h
[1.070s] -- Up-to-date: /home/giorgio/Webots/install/aruco_msgs/include/aruco_msgs/aruco_msgs/msg/rosidl_typesupport_fastrtps_c__visibility_control.h
[1.071s] -- Up-to-date: /home/giorgio/Webots/install/aruco_msgs/lib/libaruco_msgs__rosidl_typesupport_fastrtps_c.so
[1.071s] -- Up-to-date: /home/giorgio/Webots/install/aruco_msgs/include/aruco_msgs/aruco_msgs
[1.071s] -- Up-to-date: /home/giorgio/Webots/install/aruco_msgs/include/aruco_msgs/aruco_msgs/msg
[1.071s] -- Up-to-date: /home/giorgio/Webots/install/aruco_msgs/include/aruco_msgs/aruco_msgs/msg/detail
[1.071s] -- Up-to-date: /home/giorgio/Webots/install/aruco_msgs/include/aruco_msgs/aruco_msgs/msg/detail/marker_array__builder.hpp
[1.072s] -- Up-to-date: /home/giorgio/Webots/install/aruco_msgs/include/aruco_msgs/aruco_msgs/msg/detail/marker__builder.hpp
[1.072s] -- Up-to-date: /home/giorgio/Webots/install/aruco_msgs/include/aruco_msgs/aruco_msgs/msg/detail/marker__struct.hpp
[1.072s] -- Up-to-date: /home/giorgio/Webots/install/aruco_msgs/include/aruco_msgs/aruco_msgs/msg/detail/marker_array__type_support.hpp
[1.072s] -- Up-to-date: /home/giorgio/Webots/install/aruco_msgs/include/aruco_msgs/aruco_msgs/msg/detail/marker__type_support.hpp
[1.072s] -- Up-to-date: /home/giorgio/Webots/install/aruco_msgs/include/aruco_msgs/aruco_msgs/msg/detail/marker__traits.hpp
[1.072s] -- Up-to-date: /home/giorgio/Webots/install/aruco_msgs/include/aruco_msgs/aruco_msgs/msg/detail/marker_array__struct.hpp
[1.072s] -- Up-to-date: /home/giorgio/Webots/install/aruco_msgs/include/aruco_msgs/aruco_msgs/msg/detail/marker_array__traits.hpp
[1.072s] -- Up-to-date: /home/giorgio/Webots/install/aruco_msgs/include/aruco_msgs/aruco_msgs/msg/marker.hpp
[1.072s] -- Up-to-date: /home/giorgio/Webots/install/aruco_msgs/include/aruco_msgs/aruco_msgs/msg/rosidl_generator_cpp__visibility_control.hpp
[1.072s] -- Up-to-date: /home/giorgio/Webots/install/aruco_msgs/include/aruco_msgs/aruco_msgs/msg/marker_array.hpp
[1.073s] -- Up-to-date: /home/giorgio/Webots/install/aruco_msgs/include/aruco_msgs/aruco_msgs
[1.073s] -- Up-to-date: /home/giorgio/Webots/install/aruco_msgs/include/aruco_msgs/aruco_msgs/msg
[1.073s] -- Up-to-date: /home/giorgio/Webots/install/aruco_msgs/include/aruco_msgs/aruco_msgs/msg/detail
[1.073s] -- Up-to-date: /home/giorgio/Webots/install/aruco_msgs/include/aruco_msgs/aruco_msgs/msg/detail/dds_fastrtps
[1.073s] -- Up-to-date: /home/giorgio/Webots/install/aruco_msgs/include/aruco_msgs/aruco_msgs/msg/detail/marker__rosidl_typesupport_fastrtps_cpp.hpp
[1.073s] -- Up-to-date: /home/giorgio/Webots/install/aruco_msgs/include/aruco_msgs/aruco_msgs/msg/detail/marker_array__rosidl_typesupport_fastrtps_cpp.hpp
[1.073s] -- Up-to-date: /home/giorgio/Webots/install/aruco_msgs/include/aruco_msgs/aruco_msgs/msg/rosidl_typesupport_fastrtps_cpp__visibility_control.h
[1.073s] -- Up-to-date: /home/giorgio/Webots/install/aruco_msgs/lib/libaruco_msgs__rosidl_typesupport_fastrtps_cpp.so
[1.073s] -- Up-to-date: /home/giorgio/Webots/install/aruco_msgs/include/aruco_msgs/aruco_msgs
[1.073s] -- Up-to-date: /home/giorgio/Webots/install/aruco_msgs/include/aruco_msgs/aruco_msgs/msg
[1.073s] -- Up-to-date: /home/giorgio/Webots/install/aruco_msgs/include/aruco_msgs/aruco_msgs/msg/rosidl_typesupport_introspection_c__visibility_control.h
[1.074s] -- Up-to-date: /home/giorgio/Webots/install/aruco_msgs/include/aruco_msgs/aruco_msgs/msg/detail
[1.074s] -- Installing: /home/giorgio/Webots/install/aruco_msgs/include/aruco_msgs/aruco_msgs/msg/detail/marker__type_support.c
[1.074s] -- Up-to-date: /home/giorgio/Webots/install/aruco_msgs/include/aruco_msgs/aruco_msgs/msg/detail/marker__rosidl_typesupport_introspection_c.h
[1.074s] -- Up-to-date: /home/giorgio/Webots/install/aruco_msgs/include/aruco_msgs/aruco_msgs/msg/detail/marker_array__rosidl_typesupport_introspection_c.h
[1.074s] -- Installing: /home/giorgio/Webots/install/aruco_msgs/include/aruco_msgs/aruco_msgs/msg/detail/marker_array__type_support.c
[1.074s] -- Up-to-date: /home/giorgio/Webots/install/aruco_msgs/lib/libaruco_msgs__rosidl_typesupport_introspection_c.so
[1.075s] -- Up-to-date: /home/giorgio/Webots/install/aruco_msgs/lib/libaruco_msgs__rosidl_typesupport_c.so
[1.076s] -- Up-to-date: /home/giorgio/Webots/install/aruco_msgs/include/aruco_msgs/aruco_msgs
[1.076s] -- Up-to-date: /home/giorgio/Webots/install/aruco_msgs/include/aruco_msgs/aruco_msgs/msg
[1.076s] -- Up-to-date: /home/giorgio/Webots/install/aruco_msgs/include/aruco_msgs/aruco_msgs/msg/detail
[1.077s] -- Up-to-date: /home/giorgio/Webots/install/aruco_msgs/include/aruco_msgs/aruco_msgs/msg/detail/marker__type_support.cpp
[1.077s] -- Up-to-date: /home/giorgio/Webots/install/aruco_msgs/include/aruco_msgs/aruco_msgs/msg/detail/marker_array__rosidl_typesupport_introspection_cpp.hpp
[1.077s] -- Up-to-date: /home/giorgio/Webots/install/aruco_msgs/include/aruco_msgs/aruco_msgs/msg/detail/marker__rosidl_typesupport_introspection_cpp.hpp
[1.077s] -- Up-to-date: /home/giorgio/Webots/install/aruco_msgs/include/aruco_msgs/aruco_msgs/msg/detail/marker_array__type_support.cpp
[1.077s] -- Up-to-date: /home/giorgio/Webots/install/aruco_msgs/lib/libaruco_msgs__rosidl_typesupport_introspection_cpp.so
[1.078s] -- Up-to-date: /home/giorgio/Webots/install/aruco_msgs/lib/libaruco_msgs__rosidl_typesupport_cpp.so
[1.078s] -- Up-to-date: /home/giorgio/Webots/install/aruco_msgs/share/aruco_msgs/environment/pythonpath.sh
[1.079s] -- Up-to-date: /home/giorgio/Webots/install/aruco_msgs/share/aruco_msgs/environment/pythonpath.dsv
[1.079s] -- Up-to-date: /home/giorgio/Webots/install/aruco_msgs/lib/python3.12/site-packages/aruco_msgs-5.0.4-py3.12.egg-info
[1.079s] -- Installing: /home/giorgio/Webots/install/aruco_msgs/lib/python3.12/site-packages/aruco_msgs-5.0.4-py3.12.egg-info/PKG-INFO
[1.079s] -- Installing: /home/giorgio/Webots/install/aruco_msgs/lib/python3.12/site-packages/aruco_msgs-5.0.4-py3.12.egg-info/dependency_links.txt
[1.080s] -- Installing: /home/giorgio/Webots/install/aruco_msgs/lib/python3.12/site-packages/aruco_msgs-5.0.4-py3.12.egg-info/SOURCES.txt
[1.080s] -- Installing: /home/giorgio/Webots/install/aruco_msgs/lib/python3.12/site-packages/aruco_msgs-5.0.4-py3.12.egg-info/top_level.txt
[1.080s] -- Up-to-date: /home/giorgio/Webots/install/aruco_msgs/lib/python3.12/site-packages/aruco_msgs
[1.080s] -- Up-to-date: /home/giorgio/Webots/install/aruco_msgs/lib/python3.12/site-packages/aruco_msgs/aruco_msgs_s__rosidl_typesupport_introspection_c.so
[1.081s] -- Up-to-date: /home/giorgio/Webots/install/aruco_msgs/lib/python3.12/site-packages/aruco_msgs/_aruco_msgs_s.ep.rosidl_typesupport_fastrtps_c.c
[1.081s] -- Up-to-date: /home/giorgio/Webots/install/aruco_msgs/lib/python3.12/site-packages/aruco_msgs/msg
[1.081s] -- Up-to-date: /home/giorgio/Webots/install/aruco_msgs/lib/python3.12/site-packages/aruco_msgs/msg/__init__.py
[1.081s] -- Up-to-date: /home/giorgio/Webots/install/aruco_msgs/lib/python3.12/site-packages/aruco_msgs/msg/_marker_array_s.c
[1.082s] -- Up-to-date: /home/giorgio/Webots/install/aruco_msgs/lib/python3.12/site-packages/aruco_msgs/msg/_marker_s.c
[1.082s] -- Up-to-date: /home/giorgio/Webots/install/aruco_msgs/lib/python3.12/site-packages/aruco_msgs/msg/_marker_array.py
[1.082s] -- Up-to-date: /home/giorgio/Webots/install/aruco_msgs/lib/python3.12/site-packages/aruco_msgs/msg/_marker.py
[1.082s] -- Up-to-date: /home/giorgio/Webots/install/aruco_msgs/lib/python3.12/site-packages/aruco_msgs/__init__.py
[1.082s] -- Up-to-date: /home/giorgio/Webots/install/aruco_msgs/lib/python3.12/site-packages/aruco_msgs/aruco_msgs_s__rosidl_typesupport_c.so
[1.082s] -- Up-to-date: /home/giorgio/Webots/install/aruco_msgs/lib/python3.12/site-packages/aruco_msgs/_aruco_msgs_s.ep.rosidl_typesupport_introspection_c.c
[1.082s] -- Up-to-date: /home/giorgio/Webots/install/aruco_msgs/lib/python3.12/site-packages/aruco_msgs/_aruco_msgs_s.ep.rosidl_typesupport_c.c
[1.082s] -- Up-to-date: /home/giorgio/Webots/install/aruco_msgs/lib/python3.12/site-packages/aruco_msgs/aruco_msgs_s__rosidl_typesupport_fastrtps_c.so
[1.144s] Listing '/home/giorgio/Webots/install/aruco_msgs/lib/python3.12/site-packages/aruco_msgs'...
[1.144s] Listing '/home/giorgio/Webots/install/aruco_msgs/lib/python3.12/site-packages/aruco_msgs/msg'...
[1.149s] -- Up-to-date: /home/giorgio/Webots/install/aruco_msgs/lib/python3.12/site-packages/aruco_msgs/aruco_msgs_s__rosidl_typesupport_fastrtps_c.so
[1.151s] -- Up-to-date: /home/giorgio/Webots/install/aruco_msgs/lib/python3.12/site-packages/aruco_msgs/aruco_msgs_s__rosidl_typesupport_introspection_c.so
[1.153s] -- Up-to-date: /home/giorgio/Webots/install/aruco_msgs/lib/python3.12/site-packages/aruco_msgs/aruco_msgs_s__rosidl_typesupport_c.so
[1.154s] -- Up-to-date: /home/giorgio/Webots/install/aruco_msgs/lib/libaruco_msgs__rosidl_generator_py.so
[1.154s] -- Up-to-date: /home/giorgio/Webots/install/aruco_msgs/share/aruco_msgs/msg/Marker.idl
[1.154s] -- Up-to-date: /home/giorgio/Webots/install/aruco_msgs/share/aruco_msgs/msg/MarkerArray.idl
[1.154s] -- Up-to-date: /home/giorgio/Webots/install/aruco_msgs/share/aruco_msgs/msg/Marker.msg
[1.155s] -- Up-to-date: /home/giorgio/Webots/install/aruco_msgs/share/aruco_msgs/msg/MarkerArray.msg
[1.155s] -- Up-to-date: /home/giorgio/Webots/install/aruco_msgs/share/ament_index/resource_index/package_run_dependencies/aruco_msgs
[1.155s] -- Up-to-date: /home/giorgio/Webots/install/aruco_msgs/share/ament_index/resource_index/parent_prefix_path/aruco_msgs
[1.155s] -- Up-to-date: /home/giorgio/Webots/install/aruco_msgs/share/aruco_msgs/environment/ament_prefix_path.sh
[1.155s] -- Up-to-date: /home/giorgio/Webots/install/aruco_msgs/share/aruco_msgs/environment/ament_prefix_path.dsv
[1.155s] -- Up-to-date: /home/giorgio/Webots/install/aruco_msgs/share/aruco_msgs/environment/path.sh
[1.155s] -- Up-to-date: /home/giorgio/Webots/install/aruco_msgs/share/aruco_msgs/environment/path.dsv
[1.155s] -- Up-to-date: /home/giorgio/Webots/install/aruco_msgs/share/aruco_msgs/local_setup.bash
[1.156s] -- Up-to-date: /home/giorgio/Webots/install/aruco_msgs/share/aruco_msgs/local_setup.sh
[1.156s] -- Up-to-date: /home/giorgio/Webots/install/aruco_msgs/share/aruco_msgs/local_setup.zsh
[1.156s] -- Up-to-date: /home/giorgio/Webots/install/aruco_msgs/share/aruco_msgs/local_setup.dsv
[1.156s] -- Installing: /home/giorgio/Webots/install/aruco_msgs/share/aruco_msgs/package.dsv
[1.156s] -- Up-to-date: /home/giorgio/Webots/install/aruco_msgs/share/ament_index/resource_index/packages/aruco_msgs
[1.157s] -- Up-to-date: /home/giorgio/Webots/install/aruco_msgs/share/aruco_msgs/cmake/export_aruco_msgs__rosidl_generator_cExport.cmake
[1.157s] -- Up-to-date: /home/giorgio/Webots/install/aruco_msgs/share/aruco_msgs/cmake/export_aruco_msgs__rosidl_generator_cExport-noconfig.cmake
[1.157s] -- Up-to-date: /home/giorgio/Webots/install/aruco_msgs/share/aruco_msgs/cmake/export_aruco_msgs__rosidl_typesupport_fastrtps_cExport.cmake
[1.157s] -- Up-to-date: /home/giorgio/Webots/install/aruco_msgs/share/aruco_msgs/cmake/export_aruco_msgs__rosidl_typesupport_fastrtps_cExport-noconfig.cmake
[1.157s] -- Up-to-date: /home/giorgio/Webots/install/aruco_msgs/share/aruco_msgs/cmake/export_aruco_msgs__rosidl_generator_cppExport.cmake
[1.157s] -- Up-to-date: /home/giorgio/Webots/install/aruco_msgs/share/aruco_msgs/cmake/export_aruco_msgs__rosidl_typesupport_fastrtps_cppExport.cmake
[1.157s] -- Up-to-date: /home/giorgio/Webots/install/aruco_msgs/share/aruco_msgs/cmake/export_aruco_msgs__rosidl_typesupport_fastrtps_cppExport-noconfig.cmake
[1.158s] -- Up-to-date: /home/giorgio/Webots/install/aruco_msgs/share/aruco_msgs/cmake/aruco_msgs__rosidl_typesupport_introspection_cExport.cmake
[1.158s] -- Up-to-date: /home/giorgio/Webots/install/aruco_msgs/share/aruco_msgs/cmake/aruco_msgs__rosidl_typesupport_introspection_cExport-noconfig.cmake
[1.158s] -- Up-to-date: /home/giorgio/Webots/install/aruco_msgs/share/aruco_msgs/cmake/aruco_msgs__rosidl_typesupport_cExport.cmake
[1.158s] -- Up-to-date: /home/giorgio/Webots/install/aruco_msgs/share/aruco_msgs/cmake/aruco_msgs__rosidl_typesupport_cExport-noconfig.cmake
[1.158s] -- Up-to-date: /home/giorgio/Webots/install/aruco_msgs/share/aruco_msgs/cmake/aruco_msgs__rosidl_typesupport_introspection_cppExport.cmake
[1.158s] -- Up-to-date: /home/giorgio/Webots/install/aruco_msgs/share/aruco_msgs/cmake/aruco_msgs__rosidl_typesupport_introspection_cppExport-noconfig.cmake
[1.158s] -- Up-to-date: /home/giorgio/Webots/install/aruco_msgs/share/aruco_msgs/cmake/aruco_msgs__rosidl_typesupport_cppExport.cmake
[1.159s] -- Up-to-date: /home/giorgio/Webots/install/aruco_msgs/share/aruco_msgs/cmake/aruco_msgs__rosidl_typesupport_cppExport-noconfig.cmake
[1.159s] -- Up-to-date: /home/giorgio/Webots/install/aruco_msgs/share/aruco_msgs/cmake/export_aruco_msgs__rosidl_generator_pyExport.cmake
[1.159s] -- Up-to-date: /home/giorgio/Webots/install/aruco_msgs/share/aruco_msgs/cmake/export_aruco_msgs__rosidl_generator_pyExport-noconfig.cmake
[1.159s] -- Up-to-date: /home/giorgio/Webots/install/aruco_msgs/share/aruco_msgs/cmake/rosidl_cmake-extras.cmake
[1.159s] -- Up-to-date: /home/giorgio/Webots/install/aruco_msgs/share/aruco_msgs/cmake/ament_cmake_export_dependencies-extras.cmake
[1.159s] -- Up-to-date: /home/giorgio/Webots/install/aruco_msgs/share/aruco_msgs/cmake/ament_cmake_export_include_directories-extras.cmake
[1.159s] -- Up-to-date: /home/giorgio/Webots/install/aruco_msgs/share/aruco_msgs/cmake/ament_cmake_export_libraries-extras.cmake
[1.159s] -- Up-to-date: /home/giorgio/Webots/install/aruco_msgs/share/aruco_msgs/cmake/ament_cmake_export_targets-extras.cmake
[1.159s] -- Up-to-date: /home/giorgio/Webots/install/aruco_msgs/share/aruco_msgs/cmake/rosidl_cmake_export_typesupport_targets-extras.cmake
[1.160s] -- Up-to-date: /home/giorgio/Webots/install/aruco_msgs/share/aruco_msgs/cmake/rosidl_cmake_export_typesupport_libraries-extras.cmake
[1.160s] -- Up-to-date: /home/giorgio/Webots/install/aruco_msgs/share/aruco_msgs/cmake/aruco_msgsConfig.cmake
[1.160s] -- Up-to-date: /home/giorgio/Webots/install/aruco_msgs/share/aruco_msgs/cmake/aruco_msgsConfig-version.cmake
[1.160s] -- Up-to-date: /home/giorgio/Webots/install/aruco_msgs/share/aruco_msgs/package.xml
[1.162s] Invoked command in '/home/giorgio/Webots/build/aruco_msgs' returned '0': CMAKE_PREFIX_PATH=${CMAKE_PREFIX_PATH}:/home/giorgio/Webots/install/webots_hospital_youbot:/home/giorgio/Webots/install/webots:/home/giorgio/Webots/install/util:/opt/ros/jazzy DEBUGINFOD_URLS=https://debuginfod.ubuntu.com /usr/bin/cmake --install /home/giorgio/Webots/build/aruco_msgs
