[  2%] Built target rover_msgs__rosidl_generator_type_description
[  2%] Built target ament_cmake_python_copy_rover_msgs
[  4%] Built target rover_msgs__cpp
[ 22%] Built target rover_msgs__rosidl_generator_c
[ 31%] Built target rover_msgs__rosidl_typesupport_fastrtps_cpp
[ 40%] Built target rover_msgs__rosidl_typesupport_introspection_cpp
[ 50%] Built target rover_msgs__rosidl_typesupport_cpp
[ 59%] Built target rover_msgs__rosidl_typesupport_fastrtps_c
[ 68%] Built target rover_msgs__rosidl_typesupport_introspection_c
[ 77%] Built target rover_msgs__rosidl_typesupport_c
[ 77%] Built target rover_msgs
running egg_info
writing rover_msgs.egg-info/PKG-INFO
writing dependency_links to rover_msgs.egg-info/dependency_links.txt
writing top-level names to rover_msgs.egg-info/top_level.txt
[ 79%] Built target rover_msgs__py
[ 86%] Built target rover_msgs__rosidl_generator_py
reading manifest file 'rover_msgs.egg-info/SOURCES.txt'
writing manifest file 'rover_msgs.egg-info/SOURCES.txt'
[ 90%] Built target rover_msgs_s__rosidl_typesupport_fastrtps_c
[ 90%] Built target ament_cmake_python_build_rover_msgs_egg
[ 95%] Built target rover_msgs_s__rosidl_typesupport_introspection_c
[100%] Built target rover_msgs_s__rosidl_typesupport_c
-- Install configuration: ""
-- Up-to-date: /home/giorgio/Webots/install/rover_msgs/share/ament_index/resource_index/rosidl_interfaces/rover_msgs
-- Up-to-date: /home/giorgio/Webots/install/rover_msgs/share/rover_msgs/msg/RoverInfo.json
-- Up-to-date: /home/giorgio/Webots/install/rover_msgs/share/rover_msgs/msg/EmergencyStop.json
-- Up-to-date: /home/giorgio/Webots/install/rover_msgs/include/rover_msgs/rover_msgs
-- Up-to-date: /home/giorgio/Webots/install/rover_msgs/include/rover_msgs/rover_msgs/msg
-- Up-to-date: /home/giorgio/Webots/install/rover_msgs/include/rover_msgs/rover_msgs/msg/rosidl_generator_c__visibility_control.h
-- Up-to-date: /home/giorgio/Webots/install/rover_msgs/include/rover_msgs/rover_msgs/msg/emergency_stop.h
-- Up-to-date: /home/giorgio/Webots/install/rover_msgs/include/rover_msgs/rover_msgs/msg/detail
-- Up-to-date: /home/giorgio/Webots/install/rover_msgs/include/rover_msgs/rover_msgs/msg/detail/emergency_stop__struct.h
-- Installing: /home/giorgio/Webots/install/rover_msgs/include/rover_msgs/rover_msgs/msg/detail/emergency_stop__type_support.c
-- Up-to-date: /home/giorgio/Webots/install/rover_msgs/include/rover_msgs/rover_msgs/msg/detail/rover_info__functions.c
-- Up-to-date: /home/giorgio/Webots/install/rover_msgs/include/rover_msgs/rover_msgs/msg/detail/rover_info__functions.h
-- Up-to-date: /home/giorgio/Webots/install/rover_msgs/include/rover_msgs/rover_msgs/msg/detail/rover_info__struct.h
-- Up-to-date: /home/giorgio/Webots/install/rover_msgs/include/rover_msgs/rover_msgs/msg/detail/emergency_stop__description.c
-- Up-to-date: /home/giorgio/Webots/install/rover_msgs/include/rover_msgs/rover_msgs/msg/detail/rover_info__type_support.h
-- Up-to-date: /home/giorgio/Webots/install/rover_msgs/include/rover_msgs/rover_msgs/msg/detail/rover_info__description.c
-- Up-to-date: /home/giorgio/Webots/install/rover_msgs/include/rover_msgs/rover_msgs/msg/detail/emergency_stop__type_support.h
-- Installing: /home/giorgio/Webots/install/rover_msgs/include/rover_msgs/rover_msgs/msg/detail/rover_info__type_support.c
-- Up-to-date: /home/giorgio/Webots/install/rover_msgs/include/rover_msgs/rover_msgs/msg/detail/emergency_stop__functions.h
-- Up-to-date: /home/giorgio/Webots/install/rover_msgs/include/rover_msgs/rover_msgs/msg/detail/emergency_stop__functions.c
-- Up-to-date: /home/giorgio/Webots/install/rover_msgs/include/rover_msgs/rover_msgs/msg/rover_info.h
-- Up-to-date: /home/giorgio/Webots/install/rover_msgs/share/rover_msgs/environment/library_path.sh
-- Up-to-date: /home/giorgio/Webots/install/rover_msgs/share/rover_msgs/environment/library_path.dsv
-- Up-to-date: /home/giorgio/Webots/install/rover_msgs/lib/librover_msgs__rosidl_generator_c.so
-- Up-to-date: /home/giorgio/Webots/install/rover_msgs/include/rover_msgs/rover_msgs
-- Up-to-date: /home/giorgio/Webots/install/rover_msgs/include/rover_msgs/rover_msgs/msg
-- Up-to-date: /home/giorgio/Webots/install/rover_msgs/include/rover_msgs/rover_msgs/msg/detail
-- Up-to-date: /home/giorgio/Webots/install/rover_msgs/include/rover_msgs/rover_msgs/msg/detail/rover_info__rosidl_typesupport_fastrtps_c.h
-- Up-to-date: /home/giorgio/Webots/install/rover_msgs/include/rover_msgs/rover_msgs/msg/detail/emergency_stop__rosidl_typesupport_fastrtps_c.h
-- Up-to-date: /home/giorgio/Webots/install/rover_msgs/include/rover_msgs/rover_msgs/msg/rosidl_typesupport_fastrtps_c__visibility_control.h
-- Up-to-date: /home/giorgio/Webots/install/rover_msgs/lib/librover_msgs__rosidl_typesupport_fastrtps_c.so
-- Up-to-date: /home/giorgio/Webots/install/rover_msgs/include/rover_msgs/rover_msgs
-- Up-to-date: /home/giorgio/Webots/install/rover_msgs/include/rover_msgs/rover_msgs/msg
-- Up-to-date: /home/giorgio/Webots/install/rover_msgs/include/rover_msgs/rover_msgs/msg/rosidl_typesupport_introspection_c__visibility_control.h
-- Up-to-date: /home/giorgio/Webots/install/rover_msgs/include/rover_msgs/rover_msgs/msg/detail
-- Installing: /home/giorgio/Webots/install/rover_msgs/include/rover_msgs/rover_msgs/msg/detail/emergency_stop__type_support.c
-- Up-to-date: /home/giorgio/Webots/install/rover_msgs/include/rover_msgs/rover_msgs/msg/detail/rover_info__rosidl_typesupport_introspection_c.h
-- Installing: /home/giorgio/Webots/install/rover_msgs/include/rover_msgs/rover_msgs/msg/detail/rover_info__type_support.c
-- Up-to-date: /home/giorgio/Webots/install/rover_msgs/include/rover_msgs/rover_msgs/msg/detail/emergency_stop__rosidl_typesupport_introspection_c.h
-- Up-to-date: /home/giorgio/Webots/install/rover_msgs/lib/librover_msgs__rosidl_typesupport_introspection_c.so
-- Up-to-date: /home/giorgio/Webots/install/rover_msgs/lib/librover_msgs__rosidl_typesupport_c.so
-- Up-to-date: /home/giorgio/Webots/install/rover_msgs/include/rover_msgs/rover_msgs
-- Up-to-date: /home/giorgio/Webots/install/rover_msgs/include/rover_msgs/rover_msgs/msg
-- Up-to-date: /home/giorgio/Webots/install/rover_msgs/include/rover_msgs/rover_msgs/msg/detail
-- Up-to-date: /home/giorgio/Webots/install/rover_msgs/include/rover_msgs/rover_msgs/msg/detail/emergency_stop__struct.hpp
-- Up-to-date: /home/giorgio/Webots/install/rover_msgs/include/rover_msgs/rover_msgs/msg/detail/rover_info__struct.hpp
-- Up-to-date: /home/giorgio/Webots/install/rover_msgs/include/rover_msgs/rover_msgs/msg/detail/emergency_stop__builder.hpp
-- Up-to-date: /home/giorgio/Webots/install/rover_msgs/include/rover_msgs/rover_msgs/msg/detail/rover_info__builder.hpp
-- Up-to-date: /home/giorgio/Webots/install/rover_msgs/include/rover_msgs/rover_msgs/msg/detail/rover_info__traits.hpp
-- Up-to-date: /home/giorgio/Webots/install/rover_msgs/include/rover_msgs/rover_msgs/msg/detail/rover_info__type_support.hpp
-- Up-to-date: /home/giorgio/Webots/install/rover_msgs/include/rover_msgs/rover_msgs/msg/detail/emergency_stop__type_support.hpp
-- Up-to-date: /home/giorgio/Webots/install/rover_msgs/include/rover_msgs/rover_msgs/msg/detail/emergency_stop__traits.hpp
-- Up-to-date: /home/giorgio/Webots/install/rover_msgs/include/rover_msgs/rover_msgs/msg/rover_info.hpp
-- Up-to-date: /home/giorgio/Webots/install/rover_msgs/include/rover_msgs/rover_msgs/msg/emergency_stop.hpp
-- Up-to-date: /home/giorgio/Webots/install/rover_msgs/include/rover_msgs/rover_msgs/msg/rosidl_generator_cpp__visibility_control.hpp
-- Up-to-date: /home/giorgio/Webots/install/rover_msgs/include/rover_msgs/rover_msgs
-- Up-to-date: /home/giorgio/Webots/install/rover_msgs/include/rover_msgs/rover_msgs/msg
-- Up-to-date: /home/giorgio/Webots/install/rover_msgs/include/rover_msgs/rover_msgs/msg/detail
-- Up-to-date: /home/giorgio/Webots/install/rover_msgs/include/rover_msgs/rover_msgs/msg/detail/dds_fastrtps
-- Up-to-date: /home/giorgio/Webots/install/rover_msgs/include/rover_msgs/rover_msgs/msg/detail/emergency_stop__rosidl_typesupport_fastrtps_cpp.hpp
-- Up-to-date: /home/giorgio/Webots/install/rover_msgs/include/rover_msgs/rover_msgs/msg/detail/rover_info__rosidl_typesupport_fastrtps_cpp.hpp
-- Up-to-date: /home/giorgio/Webots/install/rover_msgs/include/rover_msgs/rover_msgs/msg/rosidl_typesupport_fastrtps_cpp__visibility_control.h
-- Up-to-date: /home/giorgio/Webots/install/rover_msgs/lib/librover_msgs__rosidl_typesupport_fastrtps_cpp.so
-- Up-to-date: /home/giorgio/Webots/install/rover_msgs/include/rover_msgs/rover_msgs
-- Up-to-date: /home/giorgio/Webots/install/rover_msgs/include/rover_msgs/rover_msgs/msg
-- Up-to-date: /home/giorgio/Webots/install/rover_msgs/include/rover_msgs/rover_msgs/msg/detail
-- Up-to-date: /home/giorgio/Webots/install/rover_msgs/include/rover_msgs/rover_msgs/msg/detail/emergency_stop__type_support.cpp
-- Up-to-date: /home/giorgio/Webots/install/rover_msgs/include/rover_msgs/rover_msgs/msg/detail/emergency_stop__rosidl_typesupport_introspection_cpp.hpp
-- Up-to-date: /home/giorgio/Webots/install/rover_msgs/include/rover_msgs/rover_msgs/msg/detail/rover_info__type_support.cpp
-- Up-to-date: /home/giorgio/Webots/install/rover_msgs/include/rover_msgs/rover_msgs/msg/detail/rover_info__rosidl_typesupport_introspection_cpp.hpp
-- Up-to-date: /home/giorgio/Webots/install/rover_msgs/lib/librover_msgs__rosidl_typesupport_introspection_cpp.so
-- Up-to-date: /home/giorgio/Webots/install/rover_msgs/lib/librover_msgs__rosidl_typesupport_cpp.so
-- Up-to-date: /home/giorgio/Webots/install/rover_msgs/share/rover_msgs/environment/pythonpath.sh
-- Up-to-date: /home/giorgio/Webots/install/rover_msgs/share/rover_msgs/environment/pythonpath.dsv
-- Up-to-date: /home/giorgio/Webots/install/rover_msgs/lib/python3.12/site-packages/rover_msgs-5.2.0-py3.12.egg-info
-- Installing: /home/giorgio/Webots/install/rover_msgs/lib/python3.12/site-packages/rover_msgs-5.2.0-py3.12.egg-info/PKG-INFO
-- Installing: /home/giorgio/Webots/install/rover_msgs/lib/python3.12/site-packages/rover_msgs-5.2.0-py3.12.egg-info/dependency_links.txt
-- Installing: /home/giorgio/Webots/install/rover_msgs/lib/python3.12/site-packages/rover_msgs-5.2.0-py3.12.egg-info/SOURCES.txt
-- Installing: /home/giorgio/Webots/install/rover_msgs/lib/python3.12/site-packages/rover_msgs-5.2.0-py3.12.egg-info/top_level.txt
-- Up-to-date: /home/giorgio/Webots/install/rover_msgs/lib/python3.12/site-packages/rover_msgs
-- Up-to-date: /home/giorgio/Webots/install/rover_msgs/lib/python3.12/site-packages/rover_msgs/rover_msgs_s__rosidl_typesupport_c.so
-- Up-to-date: /home/giorgio/Webots/install/rover_msgs/lib/python3.12/site-packages/rover_msgs/msg
-- Up-to-date: /home/giorgio/Webots/install/rover_msgs/lib/python3.12/site-packages/rover_msgs/msg/__init__.py
-- Up-to-date: /home/giorgio/Webots/install/rover_msgs/lib/python3.12/site-packages/rover_msgs/msg/_rover_info_s.c
-- Up-to-date: /home/giorgio/Webots/install/rover_msgs/lib/python3.12/site-packages/rover_msgs/msg/_emergency_stop_s.c
-- Up-to-date: /home/giorgio/Webots/install/rover_msgs/lib/python3.12/site-packages/rover_msgs/msg/_rover_info.py
-- Up-to-date: /home/giorgio/Webots/install/rover_msgs/lib/python3.12/site-packages/rover_msgs/msg/_emergency_stop.py
-- Up-to-date: /home/giorgio/Webots/install/rover_msgs/lib/python3.12/site-packages/rover_msgs/__init__.py
-- Up-to-date: /home/giorgio/Webots/install/rover_msgs/lib/python3.12/site-packages/rover_msgs/_rover_msgs_s.ep.rosidl_typesupport_introspection_c.c
-- Up-to-date: /home/giorgio/Webots/install/rover_msgs/lib/python3.12/site-packages/rover_msgs/rover_msgs_s__rosidl_typesupport_fastrtps_c.so
-- Up-to-date: /home/giorgio/Webots/install/rover_msgs/lib/python3.12/site-packages/rover_msgs/_rover_msgs_s.ep.rosidl_typesupport_c.c
-- Up-to-date: /home/giorgio/Webots/install/rover_msgs/lib/python3.12/site-packages/rover_msgs/rover_msgs_s__rosidl_typesupport_introspection_c.so
-- Up-to-date: /home/giorgio/Webots/install/rover_msgs/lib/python3.12/site-packages/rover_msgs/_rover_msgs_s.ep.rosidl_typesupport_fastrtps_c.c
Listing '/home/giorgio/Webots/install/rover_msgs/lib/python3.12/site-packages/rover_msgs'...
Listing '/home/giorgio/Webots/install/rover_msgs/lib/python3.12/site-packages/rover_msgs/msg'...
-- Up-to-date: /home/giorgio/Webots/install/rover_msgs/lib/python3.12/site-packages/rover_msgs/rover_msgs_s__rosidl_typesupport_fastrtps_c.so
-- Up-to-date: /home/giorgio/Webots/install/rover_msgs/lib/python3.12/site-packages/rover_msgs/rover_msgs_s__rosidl_typesupport_introspection_c.so
-- Up-to-date: /home/giorgio/Webots/install/rover_msgs/lib/python3.12/site-packages/rover_msgs/rover_msgs_s__rosidl_typesupport_c.so
-- Up-to-date: /home/giorgio/Webots/install/rover_msgs/lib/librover_msgs__rosidl_generator_py.so
-- Up-to-date: /home/giorgio/Webots/install/rover_msgs/share/rover_msgs/msg/RoverInfo.idl
-- Up-to-date: /home/giorgio/Webots/install/rover_msgs/share/rover_msgs/msg/EmergencyStop.idl
-- Up-to-date: /home/giorgio/Webots/install/rover_msgs/share/ament_index/resource_index/package_run_dependencies/rover_msgs
-- Up-to-date: /home/giorgio/Webots/install/rover_msgs/share/ament_index/resource_index/parent_prefix_path/rover_msgs
-- Up-to-date: /home/giorgio/Webots/install/rover_msgs/share/rover_msgs/environment/ament_prefix_path.sh
-- Up-to-date: /home/giorgio/Webots/install/rover_msgs/share/rover_msgs/environment/ament_prefix_path.dsv
-- Up-to-date: /home/giorgio/Webots/install/rover_msgs/share/rover_msgs/environment/path.sh
-- Up-to-date: /home/giorgio/Webots/install/rover_msgs/share/rover_msgs/environment/path.dsv
-- Up-to-date: /home/giorgio/Webots/install/rover_msgs/share/rover_msgs/local_setup.bash
-- Up-to-date: /home/giorgio/Webots/install/rover_msgs/share/rover_msgs/local_setup.sh
-- Up-to-date: /home/giorgio/Webots/install/rover_msgs/share/rover_msgs/local_setup.zsh
-- Up-to-date: /home/giorgio/Webots/install/rover_msgs/share/rover_msgs/local_setup.dsv
-- Installing: /home/giorgio/Webots/install/rover_msgs/share/rover_msgs/package.dsv
-- Up-to-date: /home/giorgio/Webots/install/rover_msgs/share/ament_index/resource_index/packages/rover_msgs
-- Up-to-date: /home/giorgio/Webots/install/rover_msgs/share/rover_msgs/cmake/export_rover_msgs__rosidl_generator_cExport.cmake
-- Up-to-date: /home/giorgio/Webots/install/rover_msgs/share/rover_msgs/cmake/export_rover_msgs__rosidl_generator_cExport-noconfig.cmake
-- Up-to-date: /home/giorgio/Webots/install/rover_msgs/share/rover_msgs/cmake/export_rover_msgs__rosidl_typesupport_fastrtps_cExport.cmake
-- Up-to-date: /home/giorgio/Webots/install/rover_msgs/share/rover_msgs/cmake/export_rover_msgs__rosidl_typesupport_fastrtps_cExport-noconfig.cmake
-- Up-to-date: /home/giorgio/Webots/install/rover_msgs/share/rover_msgs/cmake/rover_msgs__rosidl_typesupport_introspection_cExport.cmake
-- Up-to-date: /home/giorgio/Webots/install/rover_msgs/share/rover_msgs/cmake/rover_msgs__rosidl_typesupport_introspection_cExport-noconfig.cmake
-- Up-to-date: /home/giorgio/Webots/install/rover_msgs/share/rover_msgs/cmake/rover_msgs__rosidl_typesupport_cExport.cmake
-- Up-to-date: /home/giorgio/Webots/install/rover_msgs/share/rover_msgs/cmake/rover_msgs__rosidl_typesupport_cExport-noconfig.cmake
-- Up-to-date: /home/giorgio/Webots/install/rover_msgs/share/rover_msgs/cmake/export_rover_msgs__rosidl_generator_cppExport.cmake
-- Up-to-date: /home/giorgio/Webots/install/rover_msgs/share/rover_msgs/cmake/export_rover_msgs__rosidl_typesupport_fastrtps_cppExport.cmake
-- Up-to-date: /home/giorgio/Webots/install/rover_msgs/share/rover_msgs/cmake/export_rover_msgs__rosidl_typesupport_fastrtps_cppExport-noconfig.cmake
-- Up-to-date: /home/giorgio/Webots/install/rover_msgs/share/rover_msgs/cmake/rover_msgs__rosidl_typesupport_introspection_cppExport.cmake
-- Up-to-date: /home/giorgio/Webots/install/rover_msgs/share/rover_msgs/cmake/rover_msgs__rosidl_typesupport_introspection_cppExport-noconfig.cmake
-- Up-to-date: /home/giorgio/Webots/install/rover_msgs/share/rover_msgs/cmake/rover_msgs__rosidl_typesupport_cppExport.cmake
-- Up-to-date: /home/giorgio/Webots/install/rover_msgs/share/rover_msgs/cmake/rover_msgs__rosidl_typesupport_cppExport-noconfig.cmake
-- Up-to-date: /home/giorgio/Webots/install/rover_msgs/share/rover_msgs/cmake/export_rover_msgs__rosidl_generator_pyExport.cmake
-- Up-to-date: /home/giorgio/Webots/install/rover_msgs/share/rover_msgs/cmake/export_rover_msgs__rosidl_generator_pyExport-noconfig.cmake
-- Up-to-date: /home/giorgio/Webots/install/rover_msgs/share/rover_msgs/cmake/rosidl_cmake-extras.cmake
-- Up-to-date: /home/giorgio/Webots/install/rover_msgs/share/rover_msgs/cmake/ament_cmake_export_include_directories-extras.cmake
-- Up-to-date: /home/giorgio/Webots/install/rover_msgs/share/rover_msgs/cmake/ament_cmake_export_libraries-extras.cmake
-- Up-to-date: /home/giorgio/Webots/install/rover_msgs/share/rover_msgs/cmake/ament_cmake_export_targets-extras.cmake
-- Up-to-date: /home/giorgio/Webots/install/rover_msgs/share/rover_msgs/cmake/rosidl_cmake_export_typesupport_targets-extras.cmake
-- Up-to-date: /home/giorgio/Webots/install/rover_msgs/share/rover_msgs/cmake/ament_cmake_export_dependencies-extras.cmake
-- Up-to-date: /home/giorgio/Webots/install/rover_msgs/share/rover_msgs/cmake/rosidl_cmake_export_typesupport_libraries-extras.cmake
-- Up-to-date: /home/giorgio/Webots/install/rover_msgs/share/rover_msgs/cmake/rover_msgsConfig.cmake
-- Up-to-date: /home/giorgio/Webots/install/rover_msgs/share/rover_msgs/cmake/rover_msgsConfig-version.cmake
-- Up-to-date: /home/giorgio/Webots/install/rover_msgs/share/rover_msgs/package.xml
