[0.015s] Invoking command in '/home/giorgio/Webots/build/rover_msgs': CMAKE_PREFIX_PATH=${CMAKE_PREFIX_PATH}:/home/giorgio/Webots/install/webots_hospital_youbot:/home/giorgio/Webots/install/webots:/home/giorgio/Webots/install/util:/opt/ros/jazzy DEBUGINFOD_URLS=https://debuginfod.ubuntu.com /usr/bin/cmake --build /home/giorgio/Webots/build/rover_msgs -- -j2 -l2
[0.160s] [  2%] Built target rover_msgs__rosidl_generator_type_description
[0.192s] [  2%] Built target ament_cmake_python_copy_rover_msgs
[0.243s] [  4%] Built target rover_msgs__cpp
[0.277s] [ 22%] Built target rover_msgs__rosidl_generator_c
[0.364s] [ 31%] Built target rover_msgs__rosidl_typesupport_fastrtps_cpp
[0.432s] [ 40%] Built target rover_msgs__rosidl_typesupport_introspection_cpp
[0.519s] [ 50%] Built target rover_msgs__rosidl_typesupport_cpp
[0.598s] [ 59%] Built target rover_msgs__rosidl_typesupport_fastrtps_c
[0.704s] [ 68%] Built target rover_msgs__rosidl_typesupport_introspection_c
[0.783s] [ 77%] Built target rover_msgs__rosidl_typesupport_c
[0.869s] [ 77%] Built target rover_msgs
[0.869s] running egg_info
[0.951s] writing rover_msgs.egg-info/PKG-INFO
[0.951s] writing dependency_links to rover_msgs.egg-info/dependency_links.txt
[0.953s] writing top-level names to rover_msgs.egg-info/top_level.txt
[0.955s] [ 79%] Built target rover_msgs__py
[1.051s] [ 86%] Built target rover_msgs__rosidl_generator_py
[1.118s] reading manifest file 'rover_msgs.egg-info/SOURCES.txt'
[1.120s] writing manifest file 'rover_msgs.egg-info/SOURCES.txt'
[1.179s] [ 90%] Built target rover_msgs_s__rosidl_typesupport_fastrtps_c
[1.244s] [ 90%] Built target ament_cmake_python_build_rover_msgs_egg
[1.288s] [ 95%] Built target rover_msgs_s__rosidl_typesupport_introspection_c
[1.331s] [100%] Built target rover_msgs_s__rosidl_typesupport_c
[1.359s] Invoked command in '/home/giorgio/Webots/build/rover_msgs' returned '0': CMAKE_PREFIX_PATH=${CMAKE_PREFIX_PATH}:/home/giorgio/Webots/install/webots_hospital_youbot:/home/giorgio/Webots/install/webots:/home/giorgio/Webots/install/util:/opt/ros/jazzy DEBUGINFOD_URLS=https://debuginfod.ubuntu.com /usr/bin/cmake --build /home/giorgio/Webots/build/rover_msgs -- -j2 -l2
[1.374s] Invoking command in '/home/giorgio/Webots/build/rover_msgs': CMAKE_PREFIX_PATH=${CMAKE_PREFIX_PATH}:/home/giorgio/Webots/install/webots_hospital_youbot:/home/giorgio/Webots/install/webots:/home/giorgio/Webots/install/util:/opt/ros/jazzy DEBUGINFOD_URLS=https://debuginfod.ubuntu.com /usr/bin/cmake --install /home/giorgio/Webots/build/rover_msgs
[1.395s] -- Install configuration: ""
[1.395s] -- Up-to-date: /home/giorgio/Webots/install/rover_msgs/share/ament_index/resource_index/rosidl_interfaces/rover_msgs
[1.395s] -- Up-to-date: /home/giorgio/Webots/install/rover_msgs/share/rover_msgs/msg/RoverInfo.json
[1.395s] -- Up-to-date: /home/giorgio/Webots/install/rover_msgs/share/rover_msgs/msg/EmergencyStop.json
[1.395s] -- Up-to-date: /home/giorgio/Webots/install/rover_msgs/include/rover_msgs/rover_msgs
[1.395s] -- Up-to-date: /home/giorgio/Webots/install/rover_msgs/include/rover_msgs/rover_msgs/msg
[1.395s] -- Up-to-date: /home/giorgio/Webots/install/rover_msgs/include/rover_msgs/rover_msgs/msg/rosidl_generator_c__visibility_control.h
[1.395s] -- Up-to-date: /home/giorgio/Webots/install/rover_msgs/include/rover_msgs/rover_msgs/msg/emergency_stop.h
[1.395s] -- Up-to-date: /home/giorgio/Webots/install/rover_msgs/include/rover_msgs/rover_msgs/msg/detail
[1.395s] -- Up-to-date: /home/giorgio/Webots/install/rover_msgs/include/rover_msgs/rover_msgs/msg/detail/emergency_stop__struct.h
[1.395s] -- Installing: /home/giorgio/Webots/install/rover_msgs/include/rover_msgs/rover_msgs/msg/detail/emergency_stop__type_support.c
[1.396s] -- Up-to-date: /home/giorgio/Webots/install/rover_msgs/include/rover_msgs/rover_msgs/msg/detail/rover_info__functions.c
[1.396s] -- Up-to-date: /home/giorgio/Webots/install/rover_msgs/include/rover_msgs/rover_msgs/msg/detail/rover_info__functions.h
[1.396s] -- Up-to-date: /home/giorgio/Webots/install/rover_msgs/include/rover_msgs/rover_msgs/msg/detail/rover_info__struct.h
[1.396s] -- Up-to-date: /home/giorgio/Webots/install/rover_msgs/include/rover_msgs/rover_msgs/msg/detail/emergency_stop__description.c
[1.396s] -- Up-to-date: /home/giorgio/Webots/install/rover_msgs/include/rover_msgs/rover_msgs/msg/detail/rover_info__type_support.h
[1.396s] -- Up-to-date: /home/giorgio/Webots/install/rover_msgs/include/rover_msgs/rover_msgs/msg/detail/rover_info__description.c
[1.396s] -- Up-to-date: /home/giorgio/Webots/install/rover_msgs/include/rover_msgs/rover_msgs/msg/detail/emergency_stop__type_support.h
[1.396s] -- Installing: /home/giorgio/Webots/install/rover_msgs/include/rover_msgs/rover_msgs/msg/detail/rover_info__type_support.c
[1.396s] -- Up-to-date: /home/giorgio/Webots/install/rover_msgs/include/rover_msgs/rover_msgs/msg/detail/emergency_stop__functions.h
[1.400s] -- Up-to-date: /home/giorgio/Webots/install/rover_msgs/include/rover_msgs/rover_msgs/msg/detail/emergency_stop__functions.c
[1.400s] -- Up-to-date: /home/giorgio/Webots/install/rover_msgs/include/rover_msgs/rover_msgs/msg/rover_info.h
[1.400s] -- Up-to-date: /home/giorgio/Webots/install/rover_msgs/share/rover_msgs/environment/library_path.sh
[1.400s] -- Up-to-date: /home/giorgio/Webots/install/rover_msgs/share/rover_msgs/environment/library_path.dsv
[1.401s] -- Up-to-date: /home/giorgio/Webots/install/rover_msgs/lib/librover_msgs__rosidl_generator_c.so
[1.402s] -- Up-to-date: /home/giorgio/Webots/install/rover_msgs/include/rover_msgs/rover_msgs
[1.402s] -- Up-to-date: /home/giorgio/Webots/install/rover_msgs/include/rover_msgs/rover_msgs/msg
[1.402s] -- Up-to-date: /home/giorgio/Webots/install/rover_msgs/include/rover_msgs/rover_msgs/msg/detail
[1.404s] -- Up-to-date: /home/giorgio/Webots/install/rover_msgs/include/rover_msgs/rover_msgs/msg/detail/rover_info__rosidl_typesupport_fastrtps_c.h
[1.404s] -- Up-to-date: /home/giorgio/Webots/install/rover_msgs/include/rover_msgs/rover_msgs/msg/detail/emergency_stop__rosidl_typesupport_fastrtps_c.h
[1.404s] -- Up-to-date: /home/giorgio/Webots/install/rover_msgs/include/rover_msgs/rover_msgs/msg/rosidl_typesupport_fastrtps_c__visibility_control.h
[1.404s] -- Up-to-date: /home/giorgio/Webots/install/rover_msgs/lib/librover_msgs__rosidl_typesupport_fastrtps_c.so
[1.404s] -- Up-to-date: /home/giorgio/Webots/install/rover_msgs/include/rover_msgs/rover_msgs
[1.404s] -- Up-to-date: /home/giorgio/Webots/install/rover_msgs/include/rover_msgs/rover_msgs/msg
[1.404s] -- Up-to-date: /home/giorgio/Webots/install/rover_msgs/include/rover_msgs/rover_msgs/msg/rosidl_typesupport_introspection_c__visibility_control.h
[1.404s] -- Up-to-date: /home/giorgio/Webots/install/rover_msgs/include/rover_msgs/rover_msgs/msg/detail
[1.404s] -- Installing: /home/giorgio/Webots/install/rover_msgs/include/rover_msgs/rover_msgs/msg/detail/emergency_stop__type_support.c
[1.404s] -- Up-to-date: /home/giorgio/Webots/install/rover_msgs/include/rover_msgs/rover_msgs/msg/detail/rover_info__rosidl_typesupport_introspection_c.h
[1.404s] -- Installing: /home/giorgio/Webots/install/rover_msgs/include/rover_msgs/rover_msgs/msg/detail/rover_info__type_support.c
[1.404s] -- Up-to-date: /home/giorgio/Webots/install/rover_msgs/include/rover_msgs/rover_msgs/msg/detail/emergency_stop__rosidl_typesupport_introspection_c.h
[1.404s] -- Up-to-date: /home/giorgio/Webots/install/rover_msgs/lib/librover_msgs__rosidl_typesupport_introspection_c.so
[1.405s] -- Up-to-date: /home/giorgio/Webots/install/rover_msgs/lib/librover_msgs__rosidl_typesupport_c.so
[1.405s] -- Up-to-date: /home/giorgio/Webots/install/rover_msgs/include/rover_msgs/rover_msgs
[1.405s] -- Up-to-date: /home/giorgio/Webots/install/rover_msgs/include/rover_msgs/rover_msgs/msg
[1.405s] -- Up-to-date: /home/giorgio/Webots/install/rover_msgs/include/rover_msgs/rover_msgs/msg/detail
[1.405s] -- Up-to-date: /home/giorgio/Webots/install/rover_msgs/include/rover_msgs/rover_msgs/msg/detail/emergency_stop__struct.hpp
[1.405s] -- Up-to-date: /home/giorgio/Webots/install/rover_msgs/include/rover_msgs/rover_msgs/msg/detail/rover_info__struct.hpp
[1.405s] -- Up-to-date: /home/giorgio/Webots/install/rover_msgs/include/rover_msgs/rover_msgs/msg/detail/emergency_stop__builder.hpp
[1.406s] -- Up-to-date: /home/giorgio/Webots/install/rover_msgs/include/rover_msgs/rover_msgs/msg/detail/rover_info__builder.hpp
[1.406s] -- Up-to-date: /home/giorgio/Webots/install/rover_msgs/include/rover_msgs/rover_msgs/msg/detail/rover_info__traits.hpp
[1.406s] -- Up-to-date: /home/giorgio/Webots/install/rover_msgs/include/rover_msgs/rover_msgs/msg/detail/rover_info__type_support.hpp
[1.406s] -- Up-to-date: /home/giorgio/Webots/install/rover_msgs/include/rover_msgs/rover_msgs/msg/detail/emergency_stop__type_support.hpp
[1.408s] -- Up-to-date: /home/giorgio/Webots/install/rover_msgs/include/rover_msgs/rover_msgs/msg/detail/emergency_stop__traits.hpp
[1.408s] -- Up-to-date: /home/giorgio/Webots/install/rover_msgs/include/rover_msgs/rover_msgs/msg/rover_info.hpp
[1.408s] -- Up-to-date: /home/giorgio/Webots/install/rover_msgs/include/rover_msgs/rover_msgs/msg/emergency_stop.hpp
[1.408s] -- Up-to-date: /home/giorgio/Webots/install/rover_msgs/include/rover_msgs/rover_msgs/msg/rosidl_generator_cpp__visibility_control.hpp
[1.408s] -- Up-to-date: /home/giorgio/Webots/install/rover_msgs/include/rover_msgs/rover_msgs
[1.408s] -- Up-to-date: /home/giorgio/Webots/install/rover_msgs/include/rover_msgs/rover_msgs/msg
[1.408s] -- Up-to-date: /home/giorgio/Webots/install/rover_msgs/include/rover_msgs/rover_msgs/msg/detail
[1.408s] -- Up-to-date: /home/giorgio/Webots/install/rover_msgs/include/rover_msgs/rover_msgs/msg/detail/dds_fastrtps
[1.408s] -- Up-to-date: /home/giorgio/Webots/install/rover_msgs/include/rover_msgs/rover_msgs/msg/detail/emergency_stop__rosidl_typesupport_fastrtps_cpp.hpp
[1.408s] -- Up-to-date: /home/giorgio/Webots/install/rover_msgs/include/rover_msgs/rover_msgs/msg/detail/rover_info__rosidl_typesupport_fastrtps_cpp.hpp
[1.409s] -- Up-to-date: /home/giorgio/Webots/install/rover_msgs/include/rover_msgs/rover_msgs/msg/rosidl_typesupport_fastrtps_cpp__visibility_control.h
[1.409s] -- Up-to-date: /home/giorgio/Webots/install/rover_msgs/lib/librover_msgs__rosidl_typesupport_fastrtps_cpp.so
[1.409s] -- Up-to-date: /home/giorgio/Webots/install/rover_msgs/include/rover_msgs/rover_msgs
[1.409s] -- Up-to-date: /home/giorgio/Webots/install/rover_msgs/include/rover_msgs/rover_msgs/msg
[1.409s] -- Up-to-date: /home/giorgio/Webots/install/rover_msgs/include/rover_msgs/rover_msgs/msg/detail
[1.409s] -- Up-to-date: /home/giorgio/Webots/install/rover_msgs/include/rover_msgs/rover_msgs/msg/detail/emergency_stop__type_support.cpp
[1.409s] -- Up-to-date: /home/giorgio/Webots/install/rover_msgs/include/rover_msgs/rover_msgs/msg/detail/emergency_stop__rosidl_typesupport_introspection_cpp.hpp
[1.409s] -- Up-to-date: /home/giorgio/Webots/install/rover_msgs/include/rover_msgs/rover_msgs/msg/detail/rover_info__type_support.cpp
[1.409s] -- Up-to-date: /home/giorgio/Webots/install/rover_msgs/include/rover_msgs/rover_msgs/msg/detail/rover_info__rosidl_typesupport_introspection_cpp.hpp
[1.409s] -- Up-to-date: /home/giorgio/Webots/install/rover_msgs/lib/librover_msgs__rosidl_typesupport_introspection_cpp.so
[1.409s] -- Up-to-date: /home/giorgio/Webots/install/rover_msgs/lib/librover_msgs__rosidl_typesupport_cpp.so
[1.409s] -- Up-to-date: /home/giorgio/Webots/install/rover_msgs/share/rover_msgs/environment/pythonpath.sh
[1.410s] -- Up-to-date: /home/giorgio/Webots/install/rover_msgs/share/rover_msgs/environment/pythonpath.dsv
[1.410s] -- Up-to-date: /home/giorgio/Webots/install/rover_msgs/lib/python3.12/site-packages/rover_msgs-5.2.0-py3.12.egg-info
[1.412s] -- Installing: /home/giorgio/Webots/install/rover_msgs/lib/python3.12/site-packages/rover_msgs-5.2.0-py3.12.egg-info/PKG-INFO
[1.412s] -- Installing: /home/giorgio/Webots/install/rover_msgs/lib/python3.12/site-packages/rover_msgs-5.2.0-py3.12.egg-info/dependency_links.txt
[1.412s] -- Installing: /home/giorgio/Webots/install/rover_msgs/lib/python3.12/site-packages/rover_msgs-5.2.0-py3.12.egg-info/SOURCES.txt
[1.412s] -- Installing: /home/giorgio/Webots/install/rover_msgs/lib/python3.12/site-packages/rover_msgs-5.2.0-py3.12.egg-info/top_level.txt
[1.412s] -- Up-to-date: /home/giorgio/Webots/install/rover_msgs/lib/python3.12/site-packages/rover_msgs
[1.412s] -- Up-to-date: /home/giorgio/Webots/install/rover_msgs/lib/python3.12/site-packages/rover_msgs/rover_msgs_s__rosidl_typesupport_c.so
[1.412s] -- Up-to-date: /home/giorgio/Webots/install/rover_msgs/lib/python3.12/site-packages/rover_msgs/msg
[1.412s] -- Up-to-date: /home/giorgio/Webots/install/rover_msgs/lib/python3.12/site-packages/rover_msgs/msg/__init__.py
[1.412s] -- Up-to-date: /home/giorgio/Webots/install/rover_msgs/lib/python3.12/site-packages/rover_msgs/msg/_rover_info_s.c
[1.412s] -- Up-to-date: /home/giorgio/Webots/install/rover_msgs/lib/python3.12/site-packages/rover_msgs/msg/_emergency_stop_s.c
[1.412s] -- Up-to-date: /home/giorgio/Webots/install/rover_msgs/lib/python3.12/site-packages/rover_msgs/msg/_rover_info.py
[1.412s] -- Up-to-date: /home/giorgio/Webots/install/rover_msgs/lib/python3.12/site-packages/rover_msgs/msg/_emergency_stop.py
[1.412s] -- Up-to-date: /home/giorgio/Webots/install/rover_msgs/lib/python3.12/site-packages/rover_msgs/__init__.py
[1.412s] -- Up-to-date: /home/giorgio/Webots/install/rover_msgs/lib/python3.12/site-packages/rover_msgs/_rover_msgs_s.ep.rosidl_typesupport_introspection_c.c
[1.412s] -- Up-to-date: /home/giorgio/Webots/install/rover_msgs/lib/python3.12/site-packages/rover_msgs/rover_msgs_s__rosidl_typesupport_fastrtps_c.so
[1.413s] -- Up-to-date: /home/giorgio/Webots/install/rover_msgs/lib/python3.12/site-packages/rover_msgs/_rover_msgs_s.ep.rosidl_typesupport_c.c
[1.413s] -- Up-to-date: /home/giorgio/Webots/install/rover_msgs/lib/python3.12/site-packages/rover_msgs/rover_msgs_s__rosidl_typesupport_introspection_c.so
[1.413s] -- Up-to-date: /home/giorgio/Webots/install/rover_msgs/lib/python3.12/site-packages/rover_msgs/_rover_msgs_s.ep.rosidl_typesupport_fastrtps_c.c
[1.468s] Listing '/home/giorgio/Webots/install/rover_msgs/lib/python3.12/site-packages/rover_msgs'...
[1.468s] Listing '/home/giorgio/Webots/install/rover_msgs/lib/python3.12/site-packages/rover_msgs/msg'...
[1.482s] -- Up-to-date: /home/giorgio/Webots/install/rover_msgs/lib/python3.12/site-packages/rover_msgs/rover_msgs_s__rosidl_typesupport_fastrtps_c.so
[1.483s] -- Up-to-date: /home/giorgio/Webots/install/rover_msgs/lib/python3.12/site-packages/rover_msgs/rover_msgs_s__rosidl_typesupport_introspection_c.so
[1.483s] -- Up-to-date: /home/giorgio/Webots/install/rover_msgs/lib/python3.12/site-packages/rover_msgs/rover_msgs_s__rosidl_typesupport_c.so
[1.483s] -- Up-to-date: /home/giorgio/Webots/install/rover_msgs/lib/librover_msgs__rosidl_generator_py.so
[1.483s] -- Up-to-date: /home/giorgio/Webots/install/rover_msgs/share/rover_msgs/msg/RoverInfo.idl
[1.483s] -- Up-to-date: /home/giorgio/Webots/install/rover_msgs/share/rover_msgs/msg/EmergencyStop.idl
[1.483s] -- Up-to-date: /home/giorgio/Webots/install/rover_msgs/share/ament_index/resource_index/package_run_dependencies/rover_msgs
[1.483s] -- Up-to-date: /home/giorgio/Webots/install/rover_msgs/share/ament_index/resource_index/parent_prefix_path/rover_msgs
[1.484s] -- Up-to-date: /home/giorgio/Webots/install/rover_msgs/share/rover_msgs/environment/ament_prefix_path.sh
[1.484s] -- Up-to-date: /home/giorgio/Webots/install/rover_msgs/share/rover_msgs/environment/ament_prefix_path.dsv
[1.484s] -- Up-to-date: /home/giorgio/Webots/install/rover_msgs/share/rover_msgs/environment/path.sh
[1.484s] -- Up-to-date: /home/giorgio/Webots/install/rover_msgs/share/rover_msgs/environment/path.dsv
[1.484s] -- Up-to-date: /home/giorgio/Webots/install/rover_msgs/share/rover_msgs/local_setup.bash
[1.486s] -- Up-to-date: /home/giorgio/Webots/install/rover_msgs/share/rover_msgs/local_setup.sh
[1.488s] -- Up-to-date: /home/giorgio/Webots/install/rover_msgs/share/rover_msgs/local_setup.zsh
[1.488s] -- Up-to-date: /home/giorgio/Webots/install/rover_msgs/share/rover_msgs/local_setup.dsv
[1.488s] -- Installing: /home/giorgio/Webots/install/rover_msgs/share/rover_msgs/package.dsv
[1.488s] -- Up-to-date: /home/giorgio/Webots/install/rover_msgs/share/ament_index/resource_index/packages/rover_msgs
[1.488s] -- Up-to-date: /home/giorgio/Webots/install/rover_msgs/share/rover_msgs/cmake/export_rover_msgs__rosidl_generator_cExport.cmake
[1.488s] -- Up-to-date: /home/giorgio/Webots/install/rover_msgs/share/rover_msgs/cmake/export_rover_msgs__rosidl_generator_cExport-noconfig.cmake
[1.488s] -- Up-to-date: /home/giorgio/Webots/install/rover_msgs/share/rover_msgs/cmake/export_rover_msgs__rosidl_typesupport_fastrtps_cExport.cmake
[1.488s] -- Up-to-date: /home/giorgio/Webots/install/rover_msgs/share/rover_msgs/cmake/export_rover_msgs__rosidl_typesupport_fastrtps_cExport-noconfig.cmake
[1.488s] -- Up-to-date: /home/giorgio/Webots/install/rover_msgs/share/rover_msgs/cmake/rover_msgs__rosidl_typesupport_introspection_cExport.cmake
[1.488s] -- Up-to-date: /home/giorgio/Webots/install/rover_msgs/share/rover_msgs/cmake/rover_msgs__rosidl_typesupport_introspection_cExport-noconfig.cmake
[1.488s] -- Up-to-date: /home/giorgio/Webots/install/rover_msgs/share/rover_msgs/cmake/rover_msgs__rosidl_typesupport_cExport.cmake
[1.488s] -- Up-to-date: /home/giorgio/Webots/install/rover_msgs/share/rover_msgs/cmake/rover_msgs__rosidl_typesupport_cExport-noconfig.cmake
[1.488s] -- Up-to-date: /home/giorgio/Webots/install/rover_msgs/share/rover_msgs/cmake/export_rover_msgs__rosidl_generator_cppExport.cmake
[1.488s] -- Up-to-date: /home/giorgio/Webots/install/rover_msgs/share/rover_msgs/cmake/export_rover_msgs__rosidl_typesupport_fastrtps_cppExport.cmake
[1.488s] -- Up-to-date: /home/giorgio/Webots/install/rover_msgs/share/rover_msgs/cmake/export_rover_msgs__rosidl_typesupport_fastrtps_cppExport-noconfig.cmake
[1.489s] -- Up-to-date: /home/giorgio/Webots/install/rover_msgs/share/rover_msgs/cmake/rover_msgs__rosidl_typesupport_introspection_cppExport.cmake
[1.489s] -- Up-to-date: /home/giorgio/Webots/install/rover_msgs/share/rover_msgs/cmake/rover_msgs__rosidl_typesupport_introspection_cppExport-noconfig.cmake
[1.489s] -- Up-to-date: /home/giorgio/Webots/install/rover_msgs/share/rover_msgs/cmake/rover_msgs__rosidl_typesupport_cppExport.cmake
[1.489s] -- Up-to-date: /home/giorgio/Webots/install/rover_msgs/share/rover_msgs/cmake/rover_msgs__rosidl_typesupport_cppExport-noconfig.cmake
[1.489s] -- Up-to-date: /home/giorgio/Webots/install/rover_msgs/share/rover_msgs/cmake/export_rover_msgs__rosidl_generator_pyExport.cmake
[1.490s] -- Up-to-date: /home/giorgio/Webots/install/rover_msgs/share/rover_msgs/cmake/export_rover_msgs__rosidl_generator_pyExport-noconfig.cmake
[1.490s] -- Up-to-date: /home/giorgio/Webots/install/rover_msgs/share/rover_msgs/cmake/rosidl_cmake-extras.cmake
[1.490s] -- Up-to-date: /home/giorgio/Webots/install/rover_msgs/share/rover_msgs/cmake/ament_cmake_export_include_directories-extras.cmake
[1.490s] -- Up-to-date: /home/giorgio/Webots/install/rover_msgs/share/rover_msgs/cmake/ament_cmake_export_libraries-extras.cmake
[1.490s] -- Up-to-date: /home/giorgio/Webots/install/rover_msgs/share/rover_msgs/cmake/ament_cmake_export_targets-extras.cmake
[1.490s] -- Up-to-date: /home/giorgio/Webots/install/rover_msgs/share/rover_msgs/cmake/rosidl_cmake_export_typesupport_targets-extras.cmake
[1.490s] -- Up-to-date: /home/giorgio/Webots/install/rover_msgs/share/rover_msgs/cmake/ament_cmake_export_dependencies-extras.cmake
[1.490s] -- Up-to-date: /home/giorgio/Webots/install/rover_msgs/share/rover_msgs/cmake/rosidl_cmake_export_typesupport_libraries-extras.cmake
[1.490s] -- Up-to-date: /home/giorgio/Webots/install/rover_msgs/share/rover_msgs/cmake/rover_msgsConfig.cmake
[1.490s] -- Up-to-date: /home/giorgio/Webots/install/rover_msgs/share/rover_msgs/cmake/rover_msgsConfig-version.cmake
[1.490s] -- Up-to-date: /home/giorgio/Webots/install/rover_msgs/share/rover_msgs/package.xml
[1.496s] Invoked command in '/home/giorgio/Webots/build/rover_msgs' returned '0': CMAKE_PREFIX_PATH=${CMAKE_PREFIX_PATH}:/home/giorgio/Webots/install/webots_hospital_youbot:/home/giorgio/Webots/install/webots:/home/giorgio/Webots/install/util:/opt/ros/jazzy DEBUGINFOD_URLS=https://debuginfod.ubuntu.com /usr/bin/cmake --install /home/giorgio/Webots/build/rover_msgs
