[0.104s] DEBUG:colcon:Command line arguments: ['/usr/bin/colcon', 'build']
[0.104s] DEBUG:colcon:Parsed command line arguments: Namespace(log_base=None, log_level=None, verb_name='build', build_base='build', install_base='install', merge_install=False, symlink_install=False, test_result_base=None, continue_on_error=False, executor='parallel', parallel_workers=2, event_handlers=None, ignore_user_meta=False, metas=['./colcon.meta'], base_paths=['.'], packages_ignore=None, packages_ignore_regex=None, paths=None, packages_up_to=None, packages_up_to_regex=None, packages_above=None, packages_above_and_dependencies=None, packages_above_depth=None, packages_select_by_dep=None, packages_skip_by_dep=None, packages_skip_up_to=None, packages_select_build_failed=False, packages_skip_build_finished=False, packages_select_test_failures=False, packages_skip_test_passed=False, packages_select=None, packages_skip=None, packages_select_regex=None, packages_skip_regex=None, packages_start=None, packages_end=None, cmake_args=None, cmake_target=None, cmake_target_skip_unavailable=False, cmake_clean_cache=False, cmake_clean_first=False, cmake_force_configure=False, ament_cmake_args=None, catkin_cmake_args=None, catkin_skip_building_tests=False, verb_parser=<colcon_defaults.argument_parser.defaults.DefaultArgumentsDecorator object at 0x7661398c52b0>, verb_extension=<colcon_core.verb.build.BuildVerb object at 0x7661398c5130>, main=<bound method BuildVerb.main of <colcon_core.verb.build.BuildVerb object at 0x7661398c5130>>)
[0.145s] Level 1:colcon.colcon_core.package_discovery:discover_packages(colcon_meta) check parameters
[0.145s] Level 1:colcon.colcon_core.package_discovery:discover_packages(recursive) check parameters
[0.145s] Level 1:colcon.colcon_core.package_discovery:discover_packages(ignore) check parameters
[0.145s] Level 1:colcon.colcon_core.package_discovery:discover_packages(path) check parameters
[0.145s] Level 1:colcon.colcon_core.package_discovery:discover_packages(colcon_meta) discover
[0.145s] Level 1:colcon.colcon_core.package_discovery:discover_packages(recursive) discover
[0.145s] INFO:colcon.colcon_core.package_discovery:Crawling recursively for packages in '/home/giorgio/Webots'
[0.145s] Level 1:colcon.colcon_core.package_identification:_identify(.) by extensions ['ignore', 'ignore_ament_install']
[0.146s] Level 1:colcon.colcon_core.package_identification:_identify(.) by extension 'ignore'
[0.146s] Level 1:colcon.colcon_core.package_identification:_identify(.) by extension 'ignore_ament_install'
[0.146s] Level 1:colcon.colcon_core.package_identification:_identify(.) by extensions ['colcon_pkg']
[0.146s] Level 1:colcon.colcon_core.package_identification:_identify(.) by extension 'colcon_pkg'
[0.146s] Level 1:colcon.colcon_core.package_identification:_identify(.) by extensions ['colcon_meta']
[0.146s] Level 1:colcon.colcon_core.package_identification:_identify(.) by extension 'colcon_meta'
[0.146s] Level 1:colcon.colcon_core.package_identification:_identify(.) by extensions ['ros']
[0.146s] Level 1:colcon.colcon_core.package_identification:_identify(.) by extension 'ros'
[0.171s] Level 1:colcon.colcon_core.package_identification:_identify(.) by extensions ['cmake', 'python']
[0.171s] Level 1:colcon.colcon_core.package_identification:_identify(.) by extension 'cmake'
[0.171s] Level 1:colcon.colcon_core.package_identification:_identify(.) by extension 'python'
[0.171s] Level 1:colcon.colcon_core.package_identification:_identify(.) by extensions ['python_setup_py']
[0.171s] Level 1:colcon.colcon_core.package_identification:_identify(.) by extension 'python_setup_py'
[0.171s] Level 1:colcon.colcon_core.package_identification:_identify(build) by extensions ['ignore', 'ignore_ament_install']
[0.171s] Level 1:colcon.colcon_core.package_identification:_identify(build) by extension 'ignore'
[0.171s] Level 1:colcon.colcon_core.package_identification:_identify(build) ignored
[0.171s] Level 1:colcon.colcon_core.package_identification:_identify(install) by extensions ['ignore', 'ignore_ament_install']
[0.171s] Level 1:colcon.colcon_core.package_identification:_identify(install) by extension 'ignore'
[0.171s] Level 1:colcon.colcon_core.package_identification:_identify(install) ignored
[0.171s] Level 1:colcon.colcon_core.package_identification:_identify(log) by extensions ['ignore', 'ignore_ament_install']
[0.171s] Level 1:colcon.colcon_core.package_identification:_identify(log) by extension 'ignore'
[0.172s] Level 1:colcon.colcon_core.package_identification:_identify(log) ignored
[0.172s] Level 1:colcon.colcon_core.package_identification:_identify(src) by extensions ['ignore', 'ignore_ament_install']
[0.172s] Level 1:colcon.colcon_core.package_identification:_identify(src) by extension 'ignore'
[0.172s] Level 1:colcon.colcon_core.package_identification:_identify(src) by extension 'ignore_ament_install'
[0.172s] Level 1:colcon.colcon_core.package_identification:_identify(src) by extensions ['colcon_pkg']
[0.172s] Level 1:colcon.colcon_core.package_identification:_identify(src) by extension 'colcon_pkg'
[0.172s] Level 1:colcon.colcon_core.package_identification:_identify(src) by extensions ['colcon_meta']
[0.172s] Level 1:colcon.colcon_core.package_identification:_identify(src) by extension 'colcon_meta'
[0.172s] Level 1:colcon.colcon_core.package_identification:_identify(src) by extensions ['ros']
[0.172s] Level 1:colcon.colcon_core.package_identification:_identify(src) by extension 'ros'
[0.172s] Level 1:colcon.colcon_core.package_identification:_identify(src) by extensions ['cmake', 'python']
[0.172s] Level 1:colcon.colcon_core.package_identification:_identify(src) by extension 'cmake'
[0.172s] Level 1:colcon.colcon_core.package_identification:_identify(src) by extension 'python'
[0.172s] Level 1:colcon.colcon_core.package_identification:_identify(src) by extensions ['python_setup_py']
[0.172s] Level 1:colcon.colcon_core.package_identification:_identify(src) by extension 'python_setup_py'
[0.172s] Level 1:colcon.colcon_core.package_identification:_identify(src/aruco_msgs) by extensions ['ignore', 'ignore_ament_install']
[0.172s] Level 1:colcon.colcon_core.package_identification:_identify(src/aruco_msgs) by extension 'ignore'
[0.172s] Level 1:colcon.colcon_core.package_identification:_identify(src/aruco_msgs) by extension 'ignore_ament_install'
[0.172s] Level 1:colcon.colcon_core.package_identification:_identify(src/aruco_msgs) by extensions ['colcon_pkg']
[0.172s] Level 1:colcon.colcon_core.package_identification:_identify(src/aruco_msgs) by extension 'colcon_pkg'
[0.172s] Level 1:colcon.colcon_core.package_identification:_identify(src/aruco_msgs) by extensions ['colcon_meta']
[0.172s] Level 1:colcon.colcon_core.package_identification:_identify(src/aruco_msgs) by extension 'colcon_meta'
[0.172s] Level 1:colcon.colcon_core.package_identification:_identify(src/aruco_msgs) by extensions ['ros']
[0.172s] Level 1:colcon.colcon_core.package_identification:_identify(src/aruco_msgs) by extension 'ros'
[0.175s] DEBUG:colcon.colcon_core.package_identification:Package 'src/aruco_msgs' with type 'ros.ament_cmake' and name 'aruco_msgs'
[0.175s] Level 1:colcon.colcon_core.package_identification:_identify(src/aurora_msgs) by extensions ['ignore', 'ignore_ament_install']
[0.175s] Level 1:colcon.colcon_core.package_identification:_identify(src/aurora_msgs) by extension 'ignore'
[0.175s] Level 1:colcon.colcon_core.package_identification:_identify(src/aurora_msgs) by extension 'ignore_ament_install'
[0.175s] Level 1:colcon.colcon_core.package_identification:_identify(src/aurora_msgs) by extensions ['colcon_pkg']
[0.175s] Level 1:colcon.colcon_core.package_identification:_identify(src/aurora_msgs) by extension 'colcon_pkg'
[0.175s] Level 1:colcon.colcon_core.package_identification:_identify(src/aurora_msgs) by extensions ['colcon_meta']
[0.175s] Level 1:colcon.colcon_core.package_identification:_identify(src/aurora_msgs) by extension 'colcon_meta'
[0.175s] Level 1:colcon.colcon_core.package_identification:_identify(src/aurora_msgs) by extensions ['ros']
[0.175s] Level 1:colcon.colcon_core.package_identification:_identify(src/aurora_msgs) by extension 'ros'
[0.176s] DEBUG:colcon.colcon_core.package_identification:Package 'src/aurora_msgs' with type 'ros.ament_cmake' and name 'aurora_msgs'
[0.176s] Level 1:colcon.colcon_core.package_identification:_identify(src/cpp_pubsub) by extensions ['ignore', 'ignore_ament_install']
[0.176s] Level 1:colcon.colcon_core.package_identification:_identify(src/cpp_pubsub) by extension 'ignore'
[0.176s] Level 1:colcon.colcon_core.package_identification:_identify(src/cpp_pubsub) by extension 'ignore_ament_install'
[0.176s] Level 1:colcon.colcon_core.package_identification:_identify(src/cpp_pubsub) by extensions ['colcon_pkg']
[0.176s] Level 1:colcon.colcon_core.package_identification:_identify(src/cpp_pubsub) by extension 'colcon_pkg'
[0.176s] Level 1:colcon.colcon_core.package_identification:_identify(src/cpp_pubsub) by extensions ['colcon_meta']
[0.176s] Level 1:colcon.colcon_core.package_identification:_identify(src/cpp_pubsub) by extension 'colcon_meta'
[0.176s] Level 1:colcon.colcon_core.package_identification:_identify(src/cpp_pubsub) by extensions ['ros']
[0.176s] Level 1:colcon.colcon_core.package_identification:_identify(src/cpp_pubsub) by extension 'ros'
[0.176s] DEBUG:colcon.colcon_core.package_identification:Package 'src/cpp_pubsub' with type 'ros.ament_cmake' and name 'cpp_pubsub'
[0.176s] Level 1:colcon.colcon_core.package_identification:_identify(src/rover_msgs) by extensions ['ignore', 'ignore_ament_install']
[0.176s] Level 1:colcon.colcon_core.package_identification:_identify(src/rover_msgs) by extension 'ignore'
[0.176s] Level 1:colcon.colcon_core.package_identification:_identify(src/rover_msgs) by extension 'ignore_ament_install'
[0.176s] Level 1:colcon.colcon_core.package_identification:_identify(src/rover_msgs) by extensions ['colcon_pkg']
[0.176s] Level 1:colcon.colcon_core.package_identification:_identify(src/rover_msgs) by extension 'colcon_pkg'
[0.176s] Level 1:colcon.colcon_core.package_identification:_identify(src/rover_msgs) by extensions ['colcon_meta']
[0.176s] Level 1:colcon.colcon_core.package_identification:_identify(src/rover_msgs) by extension 'colcon_meta'
[0.176s] Level 1:colcon.colcon_core.package_identification:_identify(src/rover_msgs) by extensions ['ros']
[0.176s] Level 1:colcon.colcon_core.package_identification:_identify(src/rover_msgs) by extension 'ros'
[0.177s] DEBUG:colcon.colcon_core.package_identification:Package 'src/rover_msgs' with type 'ros.ament_cmake' and name 'rover_msgs'
[0.177s] Level 1:colcon.colcon_core.package_identification:_identify(src/util) by extensions ['ignore', 'ignore_ament_install']
[0.177s] Level 1:colcon.colcon_core.package_identification:_identify(src/util) by extension 'ignore'
[0.177s] Level 1:colcon.colcon_core.package_identification:_identify(src/util) by extension 'ignore_ament_install'
[0.177s] Level 1:colcon.colcon_core.package_identification:_identify(src/util) by extensions ['colcon_pkg']
[0.177s] Level 1:colcon.colcon_core.package_identification:_identify(src/util) by extension 'colcon_pkg'
[0.177s] Level 1:colcon.colcon_core.package_identification:_identify(src/util) by extensions ['colcon_meta']
[0.177s] Level 1:colcon.colcon_core.package_identification:_identify(src/util) by extension 'colcon_meta'
[0.177s] Level 1:colcon.colcon_core.package_identification:_identify(src/util) by extensions ['ros']
[0.177s] Level 1:colcon.colcon_core.package_identification:_identify(src/util) by extension 'ros'
[0.177s] DEBUG:colcon.colcon_core.package_identification:Package 'src/util' with type 'ros.ament_python' and name 'util'
[0.177s] Level 1:colcon.colcon_core.package_identification:_identify(src/webots_hospital_youbot) by extensions ['ignore', 'ignore_ament_install']
[0.177s] Level 1:colcon.colcon_core.package_identification:_identify(src/webots_hospital_youbot) by extension 'ignore'
[0.177s] Level 1:colcon.colcon_core.package_identification:_identify(src/webots_hospital_youbot) by extension 'ignore_ament_install'
[0.177s] Level 1:colcon.colcon_core.package_identification:_identify(src/webots_hospital_youbot) by extensions ['colcon_pkg']
[0.177s] Level 1:colcon.colcon_core.package_identification:_identify(src/webots_hospital_youbot) by extension 'colcon_pkg'
[0.177s] Level 1:colcon.colcon_core.package_identification:_identify(src/webots_hospital_youbot) by extensions ['colcon_meta']
[0.177s] Level 1:colcon.colcon_core.package_identification:_identify(src/webots_hospital_youbot) by extension 'colcon_meta'
[0.177s] Level 1:colcon.colcon_core.package_identification:_identify(src/webots_hospital_youbot) by extensions ['ros']
[0.178s] Level 1:colcon.colcon_core.package_identification:_identify(src/webots_hospital_youbot) by extension 'ros'
[0.178s] DEBUG:colcon.colcon_core.package_identification:Package 'src/webots_hospital_youbot' with type 'ros.ament_python' and name 'webots_hospital_youbot'
[0.178s] Level 1:colcon.colcon_core.package_identification:_identify(src/webots_tutorial) by extensions ['ignore', 'ignore_ament_install']
[0.178s] Level 1:colcon.colcon_core.package_identification:_identify(src/webots_tutorial) by extension 'ignore'
[0.178s] Level 1:colcon.colcon_core.package_identification:_identify(src/webots_tutorial) by extension 'ignore_ament_install'
[0.178s] Level 1:colcon.colcon_core.package_identification:_identify(src/webots_tutorial) by extensions ['colcon_pkg']
[0.178s] Level 1:colcon.colcon_core.package_identification:_identify(src/webots_tutorial) by extension 'colcon_pkg'
[0.178s] Level 1:colcon.colcon_core.package_identification:_identify(src/webots_tutorial) by extensions ['colcon_meta']
[0.178s] Level 1:colcon.colcon_core.package_identification:_identify(src/webots_tutorial) by extension 'colcon_meta'
[0.178s] Level 1:colcon.colcon_core.package_identification:_identify(src/webots_tutorial) by extensions ['ros']
[0.178s] Level 1:colcon.colcon_core.package_identification:_identify(src/webots_tutorial) by extension 'ros'
[0.179s] DEBUG:colcon.colcon_core.package_identification:Package 'src/webots_tutorial' with type 'ros.ament_python' and name 'webots'
[0.179s] Level 1:colcon.colcon_core.package_discovery:discover_packages(recursive) using defaults
[0.179s] Level 1:colcon.colcon_core.package_discovery:discover_packages(ignore) discover
[0.179s] Level 1:colcon.colcon_core.package_discovery:discover_packages(ignore) using defaults
[0.179s] Level 1:colcon.colcon_core.package_discovery:discover_packages(path) discover
[0.179s] Level 1:colcon.colcon_core.package_discovery:discover_packages(path) using defaults
[0.196s] Level 5:colcon.colcon_core.verb:set package 'aruco_msgs' build argument 'cmake_args' from command line to 'None'
[0.196s] Level 5:colcon.colcon_core.verb:set package 'aruco_msgs' build argument 'cmake_target' from command line to 'None'
[0.196s] Level 5:colcon.colcon_core.verb:set package 'aruco_msgs' build argument 'cmake_target_skip_unavailable' from command line to 'False'
[0.196s] Level 5:colcon.colcon_core.verb:set package 'aruco_msgs' build argument 'cmake_clean_cache' from command line to 'False'
[0.196s] Level 5:colcon.colcon_core.verb:set package 'aruco_msgs' build argument 'cmake_clean_first' from command line to 'False'
[0.196s] Level 5:colcon.colcon_core.verb:set package 'aruco_msgs' build argument 'cmake_force_configure' from command line to 'False'
[0.196s] Level 5:colcon.colcon_core.verb:set package 'aruco_msgs' build argument 'ament_cmake_args' from command line to 'None'
[0.196s] Level 5:colcon.colcon_core.verb:set package 'aruco_msgs' build argument 'catkin_cmake_args' from command line to 'None'
[0.196s] Level 5:colcon.colcon_core.verb:set package 'aruco_msgs' build argument 'catkin_skip_building_tests' from command line to 'False'
[0.196s] DEBUG:colcon.colcon_core.verb:Building package 'aruco_msgs' with the following arguments: {'ament_cmake_args': None, 'build_base': '/home/giorgio/Webots/build/aruco_msgs', 'catkin_cmake_args': None, 'catkin_skip_building_tests': False, 'cmake_args': None, 'cmake_clean_cache': False, 'cmake_clean_first': False, 'cmake_force_configure': False, 'cmake_target': None, 'cmake_target_skip_unavailable': False, 'install_base': '/home/giorgio/Webots/install/aruco_msgs', 'merge_install': False, 'path': '/home/giorgio/Webots/src/aruco_msgs', 'symlink_install': False, 'test_result_base': None}
[0.196s] Level 5:colcon.colcon_core.verb:set package 'aurora_msgs' build argument 'cmake_args' from command line to 'None'
[0.196s] Level 5:colcon.colcon_core.verb:set package 'aurora_msgs' build argument 'cmake_target' from command line to 'None'
[0.196s] Level 5:colcon.colcon_core.verb:set package 'aurora_msgs' build argument 'cmake_target_skip_unavailable' from command line to 'False'
[0.196s] Level 5:colcon.colcon_core.verb:set package 'aurora_msgs' build argument 'cmake_clean_cache' from command line to 'False'
[0.196s] Level 5:colcon.colcon_core.verb:set package 'aurora_msgs' build argument 'cmake_clean_first' from command line to 'False'
[0.196s] Level 5:colcon.colcon_core.verb:set package 'aurora_msgs' build argument 'cmake_force_configure' from command line to 'False'
[0.196s] Level 5:colcon.colcon_core.verb:set package 'aurora_msgs' build argument 'ament_cmake_args' from command line to 'None'
[0.196s] Level 5:colcon.colcon_core.verb:set package 'aurora_msgs' build argument 'catkin_cmake_args' from command line to 'None'
[0.196s] Level 5:colcon.colcon_core.verb:set package 'aurora_msgs' build argument 'catkin_skip_building_tests' from command line to 'False'
[0.196s] DEBUG:colcon.colcon_core.verb:Building package 'aurora_msgs' with the following arguments: {'ament_cmake_args': None, 'build_base': '/home/giorgio/Webots/build/aurora_msgs', 'catkin_cmake_args': None, 'catkin_skip_building_tests': False, 'cmake_args': None, 'cmake_clean_cache': False, 'cmake_clean_first': False, 'cmake_force_configure': False, 'cmake_target': None, 'cmake_target_skip_unavailable': False, 'install_base': '/home/giorgio/Webots/install/aurora_msgs', 'merge_install': False, 'path': '/home/giorgio/Webots/src/aurora_msgs', 'symlink_install': False, 'test_result_base': None}
[0.197s] Level 5:colcon.colcon_core.verb:set package 'cpp_pubsub' build argument 'cmake_args' from command line to 'None'
[0.197s] Level 5:colcon.colcon_core.verb:set package 'cpp_pubsub' build argument 'cmake_target' from command line to 'None'
[0.197s] Level 5:colcon.colcon_core.verb:set package 'cpp_pubsub' build argument 'cmake_target_skip_unavailable' from command line to 'False'
[0.197s] Level 5:colcon.colcon_core.verb:set package 'cpp_pubsub' build argument 'cmake_clean_cache' from command line to 'False'
[0.197s] Level 5:colcon.colcon_core.verb:set package 'cpp_pubsub' build argument 'cmake_clean_first' from command line to 'False'
[0.197s] Level 5:colcon.colcon_core.verb:set package 'cpp_pubsub' build argument 'cmake_force_configure' from command line to 'False'
[0.197s] Level 5:colcon.colcon_core.verb:set package 'cpp_pubsub' build argument 'ament_cmake_args' from command line to 'None'
[0.197s] Level 5:colcon.colcon_core.verb:set package 'cpp_pubsub' build argument 'catkin_cmake_args' from command line to 'None'
[0.197s] Level 5:colcon.colcon_core.verb:set package 'cpp_pubsub' build argument 'catkin_skip_building_tests' from command line to 'False'
[0.197s] DEBUG:colcon.colcon_core.verb:Building package 'cpp_pubsub' with the following arguments: {'ament_cmake_args': None, 'build_base': '/home/giorgio/Webots/build/cpp_pubsub', 'catkin_cmake_args': None, 'catkin_skip_building_tests': False, 'cmake_args': None, 'cmake_clean_cache': False, 'cmake_clean_first': False, 'cmake_force_configure': False, 'cmake_target': None, 'cmake_target_skip_unavailable': False, 'install_base': '/home/giorgio/Webots/install/cpp_pubsub', 'merge_install': False, 'path': '/home/giorgio/Webots/src/cpp_pubsub', 'symlink_install': False, 'test_result_base': None}
[0.197s] Level 5:colcon.colcon_core.verb:set package 'rover_msgs' build argument 'cmake_args' from command line to 'None'
[0.197s] Level 5:colcon.colcon_core.verb:set package 'rover_msgs' build argument 'cmake_target' from command line to 'None'
[0.197s] Level 5:colcon.colcon_core.verb:set package 'rover_msgs' build argument 'cmake_target_skip_unavailable' from command line to 'False'
[0.197s] Level 5:colcon.colcon_core.verb:set package 'rover_msgs' build argument 'cmake_clean_cache' from command line to 'False'
[0.197s] Level 5:colcon.colcon_core.verb:set package 'rover_msgs' build argument 'cmake_clean_first' from command line to 'False'
[0.197s] Level 5:colcon.colcon_core.verb:set package 'rover_msgs' build argument 'cmake_force_configure' from command line to 'False'
[0.197s] Level 5:colcon.colcon_core.verb:set package 'rover_msgs' build argument 'ament_cmake_args' from command line to 'None'
[0.197s] Level 5:colcon.colcon_core.verb:set package 'rover_msgs' build argument 'catkin_cmake_args' from command line to 'None'
[0.197s] Level 5:colcon.colcon_core.verb:set package 'rover_msgs' build argument 'catkin_skip_building_tests' from command line to 'False'
[0.197s] DEBUG:colcon.colcon_core.verb:Building package 'rover_msgs' with the following arguments: {'ament_cmake_args': None, 'build_base': '/home/giorgio/Webots/build/rover_msgs', 'catkin_cmake_args': None, 'catkin_skip_building_tests': False, 'cmake_args': None, 'cmake_clean_cache': False, 'cmake_clean_first': False, 'cmake_force_configure': False, 'cmake_target': None, 'cmake_target_skip_unavailable': False, 'install_base': '/home/giorgio/Webots/install/rover_msgs', 'merge_install': False, 'path': '/home/giorgio/Webots/src/rover_msgs', 'symlink_install': False, 'test_result_base': None}
[0.197s] Level 5:colcon.colcon_core.verb:set package 'util' build argument 'cmake_args' from command line to 'None'
[0.197s] Level 5:colcon.colcon_core.verb:set package 'util' build argument 'cmake_target' from command line to 'None'
[0.197s] Level 5:colcon.colcon_core.verb:set package 'util' build argument 'cmake_target_skip_unavailable' from command line to 'False'
[0.197s] Level 5:colcon.colcon_core.verb:set package 'util' build argument 'cmake_clean_cache' from command line to 'False'
[0.197s] Level 5:colcon.colcon_core.verb:set package 'util' build argument 'cmake_clean_first' from command line to 'False'
[0.197s] Level 5:colcon.colcon_core.verb:set package 'util' build argument 'cmake_force_configure' from command line to 'False'
[0.197s] Level 5:colcon.colcon_core.verb:set package 'util' build argument 'ament_cmake_args' from command line to 'None'
[0.197s] Level 5:colcon.colcon_core.verb:set package 'util' build argument 'catkin_cmake_args' from command line to 'None'
[0.197s] Level 5:colcon.colcon_core.verb:set package 'util' build argument 'catkin_skip_building_tests' from command line to 'False'
[0.197s] DEBUG:colcon.colcon_core.verb:Building package 'util' with the following arguments: {'ament_cmake_args': None, 'build_base': '/home/giorgio/Webots/build/util', 'catkin_cmake_args': None, 'catkin_skip_building_tests': False, 'cmake_args': None, 'cmake_clean_cache': False, 'cmake_clean_first': False, 'cmake_force_configure': False, 'cmake_target': None, 'cmake_target_skip_unavailable': False, 'install_base': '/home/giorgio/Webots/install/util', 'merge_install': False, 'path': '/home/giorgio/Webots/src/util', 'symlink_install': False, 'test_result_base': None}
[0.198s] Level 5:colcon.colcon_core.verb:set package 'webots' build argument 'cmake_args' from command line to 'None'
[0.198s] Level 5:colcon.colcon_core.verb:set package 'webots' build argument 'cmake_target' from command line to 'None'
[0.198s] Level 5:colcon.colcon_core.verb:set package 'webots' build argument 'cmake_target_skip_unavailable' from command line to 'False'
[0.198s] Level 5:colcon.colcon_core.verb:set package 'webots' build argument 'cmake_clean_cache' from command line to 'False'
[0.198s] Level 5:colcon.colcon_core.verb:set package 'webots' build argument 'cmake_clean_first' from command line to 'False'
[0.198s] Level 5:colcon.colcon_core.verb:set package 'webots' build argument 'cmake_force_configure' from command line to 'False'
[0.198s] Level 5:colcon.colcon_core.verb:set package 'webots' build argument 'ament_cmake_args' from command line to 'None'
[0.198s] Level 5:colcon.colcon_core.verb:set package 'webots' build argument 'catkin_cmake_args' from command line to 'None'
[0.198s] Level 5:colcon.colcon_core.verb:set package 'webots' build argument 'catkin_skip_building_tests' from command line to 'False'
[0.198s] DEBUG:colcon.colcon_core.verb:Building package 'webots' with the following arguments: {'ament_cmake_args': None, 'build_base': '/home/giorgio/Webots/build/webots', 'catkin_cmake_args': None, 'catkin_skip_building_tests': False, 'cmake_args': None, 'cmake_clean_cache': False, 'cmake_clean_first': False, 'cmake_force_configure': False, 'cmake_target': None, 'cmake_target_skip_unavailable': False, 'install_base': '/home/giorgio/Webots/install/webots', 'merge_install': False, 'path': '/home/giorgio/Webots/src/webots_tutorial', 'symlink_install': False, 'test_result_base': None}
[0.198s] Level 5:colcon.colcon_core.verb:set package 'webots_hospital_youbot' build argument 'cmake_args' from command line to 'None'
[0.198s] Level 5:colcon.colcon_core.verb:set package 'webots_hospital_youbot' build argument 'cmake_target' from command line to 'None'
[0.198s] Level 5:colcon.colcon_core.verb:set package 'webots_hospital_youbot' build argument 'cmake_target_skip_unavailable' from command line to 'False'
[0.198s] Level 5:colcon.colcon_core.verb:set package 'webots_hospital_youbot' build argument 'cmake_clean_cache' from command line to 'False'
[0.198s] Level 5:colcon.colcon_core.verb:set package 'webots_hospital_youbot' build argument 'cmake_clean_first' from command line to 'False'
[0.198s] Level 5:colcon.colcon_core.verb:set package 'webots_hospital_youbot' build argument 'cmake_force_configure' from command line to 'False'
[0.198s] Level 5:colcon.colcon_core.verb:set package 'webots_hospital_youbot' build argument 'ament_cmake_args' from command line to 'None'
[0.198s] Level 5:colcon.colcon_core.verb:set package 'webots_hospital_youbot' build argument 'catkin_cmake_args' from command line to 'None'
[0.198s] Level 5:colcon.colcon_core.verb:set package 'webots_hospital_youbot' build argument 'catkin_skip_building_tests' from command line to 'False'
[0.198s] DEBUG:colcon.colcon_core.verb:Building package 'webots_hospital_youbot' with the following arguments: {'ament_cmake_args': None, 'build_base': '/home/giorgio/Webots/build/webots_hospital_youbot', 'catkin_cmake_args': None, 'catkin_skip_building_tests': False, 'cmake_args': None, 'cmake_clean_cache': False, 'cmake_clean_first': False, 'cmake_force_configure': False, 'cmake_target': None, 'cmake_target_skip_unavailable': False, 'install_base': '/home/giorgio/Webots/install/webots_hospital_youbot', 'merge_install': False, 'path': '/home/giorgio/Webots/src/webots_hospital_youbot', 'symlink_install': False, 'test_result_base': None}
[0.198s] INFO:colcon.colcon_core.executor:Executing jobs using 'parallel' executor
[0.200s] DEBUG:colcon.colcon_parallel_executor.executor.parallel:run_until_complete
[0.200s] INFO:colcon.colcon_ros.task.ament_cmake.build:Building ROS package in '/home/giorgio/Webots/src/aurora_msgs' with build type 'ament_cmake'
[0.200s] INFO:colcon.colcon_cmake.task.cmake.build:Building CMake package in '/home/giorgio/Webots/src/aurora_msgs'
[0.203s] INFO:colcon.colcon_core.plugin_system:Skipping extension 'colcon_core.shell.bat': Not used on non-Windows systems
[0.204s] DEBUG:colcon.colcon_core.shell:Skip shell extension 'dsv' for command environment
[0.211s] INFO:colcon.colcon_ros.task.ament_cmake.build:Building ROS package in '/home/giorgio/Webots/src/rover_msgs' with build type 'ament_cmake'
[0.211s] INFO:colcon.colcon_cmake.task.cmake.build:Building CMake package in '/home/giorgio/Webots/src/rover_msgs'
[0.212s] DEBUG:colcon.colcon_core.shell:Skip shell extension 'dsv' for command environment
[0.235s] DEBUG:colcon.colcon_core.event_handler.log_command:Invoking command in '/home/giorgio/Webots/build/aurora_msgs': CMAKE_PREFIX_PATH=${CMAKE_PREFIX_PATH}:/home/giorgio/Webots/install/webots_hospital_youbot:/home/giorgio/Webots/install/webots:/home/giorgio/Webots/install/util:/opt/ros/jazzy DEBUGINFOD_URLS=https://debuginfod.ubuntu.com /usr/bin/cmake --build /home/giorgio/Webots/build/aurora_msgs -- -j2 -l2
[0.240s] DEBUG:colcon.colcon_core.event_handler.log_command:Invoking command in '/home/giorgio/Webots/build/rover_msgs': CMAKE_PREFIX_PATH=${CMAKE_PREFIX_PATH}:/home/giorgio/Webots/install/webots_hospital_youbot:/home/giorgio/Webots/install/webots:/home/giorgio/Webots/install/util:/opt/ros/jazzy DEBUGINFOD_URLS=https://debuginfod.ubuntu.com /usr/bin/cmake --build /home/giorgio/Webots/build/rover_msgs -- -j2 -l2
[1.544s] DEBUG:colcon.colcon_core.event_handler.log_command:Invoked command in '/home/giorgio/Webots/build/aurora_msgs' returned '0': CMAKE_PREFIX_PATH=${CMAKE_PREFIX_PATH}:/home/giorgio/Webots/install/webots_hospital_youbot:/home/giorgio/Webots/install/webots:/home/giorgio/Webots/install/util:/opt/ros/jazzy DEBUGINFOD_URLS=https://debuginfod.ubuntu.com /usr/bin/cmake --build /home/giorgio/Webots/build/aurora_msgs -- -j2 -l2
[1.557s] DEBUG:colcon.colcon_core.event_handler.log_command:Invoking command in '/home/giorgio/Webots/build/aurora_msgs': CMAKE_PREFIX_PATH=${CMAKE_PREFIX_PATH}:/home/giorgio/Webots/install/webots_hospital_youbot:/home/giorgio/Webots/install/webots:/home/giorgio/Webots/install/util:/opt/ros/jazzy DEBUGINFOD_URLS=https://debuginfod.ubuntu.com /usr/bin/cmake --install /home/giorgio/Webots/build/aurora_msgs
[1.561s] DEBUG:colcon.colcon_core.event_handler.log_command:Invoked command in '/home/giorgio/Webots/build/rover_msgs' returned '0': CMAKE_PREFIX_PATH=${CMAKE_PREFIX_PATH}:/home/giorgio/Webots/install/webots_hospital_youbot:/home/giorgio/Webots/install/webots:/home/giorgio/Webots/install/util:/opt/ros/jazzy DEBUGINFOD_URLS=https://debuginfod.ubuntu.com /usr/bin/cmake --build /home/giorgio/Webots/build/rover_msgs -- -j2 -l2
[1.561s] DEBUG:colcon.colcon_core.event_handler.log_command:Invoking command in '/home/giorgio/Webots/build/rover_msgs': CMAKE_PREFIX_PATH=${CMAKE_PREFIX_PATH}:/home/giorgio/Webots/install/webots_hospital_youbot:/home/giorgio/Webots/install/webots:/home/giorgio/Webots/install/util:/opt/ros/jazzy DEBUGINFOD_URLS=https://debuginfod.ubuntu.com /usr/bin/cmake --install /home/giorgio/Webots/build/rover_msgs
[1.692s] Level 1:colcon.colcon_core.environment:create_environment_scripts_only(aurora_msgs)
[1.698s] DEBUG:colcon.colcon_core.event_handler.log_command:Invoked command in '/home/giorgio/Webots/build/aurora_msgs' returned '0': CMAKE_PREFIX_PATH=${CMAKE_PREFIX_PATH}:/home/giorgio/Webots/install/webots_hospital_youbot:/home/giorgio/Webots/install/webots:/home/giorgio/Webots/install/util:/opt/ros/jazzy DEBUGINFOD_URLS=https://debuginfod.ubuntu.com /usr/bin/cmake --install /home/giorgio/Webots/build/aurora_msgs
[1.700s] Level 1:colcon.colcon_core.environment:checking '/home/giorgio/Webots/install/aurora_msgs' for CMake module files
[1.701s] Level 1:colcon.colcon_core.environment:checking '/home/giorgio/Webots/install/aurora_msgs' for CMake config files
[1.701s] Level 1:colcon.colcon_core.shell:create_environment_hook('aurora_msgs', 'cmake_prefix_path')
[1.701s] INFO:colcon.colcon_core.shell:Creating environment descriptor '/home/giorgio/Webots/install/aurora_msgs/share/aurora_msgs/hook/cmake_prefix_path.dsv'
[1.702s] INFO:colcon.colcon_core.shell:Creating environment hook '/home/giorgio/Webots/install/aurora_msgs/share/aurora_msgs/hook/cmake_prefix_path.sh'
[1.704s] Level 1:colcon.colcon_core.environment:checking '/home/giorgio/Webots/install/aurora_msgs/lib'
[1.704s] Level 1:colcon.colcon_core.shell:create_environment_hook('aurora_msgs', 'ld_library_path_lib')
[1.704s] INFO:colcon.colcon_core.shell:Creating environment descriptor '/home/giorgio/Webots/install/aurora_msgs/share/aurora_msgs/hook/ld_library_path_lib.dsv'
[1.705s] INFO:colcon.colcon_core.shell:Creating environment hook '/home/giorgio/Webots/install/aurora_msgs/share/aurora_msgs/hook/ld_library_path_lib.sh'
[1.705s] Level 1:colcon.colcon_core.environment:checking '/home/giorgio/Webots/install/aurora_msgs/bin'
[1.705s] Level 1:colcon.colcon_core.environment:checking '/home/giorgio/Webots/install/aurora_msgs/lib/pkgconfig/aurora_msgs.pc'
[1.707s] Level 1:colcon.colcon_core.environment:checking '/home/giorgio/Webots/install/aurora_msgs/lib/python3.12/site-packages'
[1.707s] Level 1:colcon.colcon_core.shell:create_environment_hook('aurora_msgs', 'pythonpath')
[1.708s] INFO:colcon.colcon_core.shell:Creating environment descriptor '/home/giorgio/Webots/install/aurora_msgs/share/aurora_msgs/hook/pythonpath.dsv'
[1.708s] INFO:colcon.colcon_core.shell:Creating environment hook '/home/giorgio/Webots/install/aurora_msgs/share/aurora_msgs/hook/pythonpath.sh'
[1.709s] Level 1:colcon.colcon_core.environment:checking '/home/giorgio/Webots/install/aurora_msgs/bin'
[1.709s] INFO:colcon.colcon_core.shell:Creating package descriptor '/home/giorgio/Webots/install/aurora_msgs/share/aurora_msgs/package.dsv'
[1.709s] INFO:colcon.colcon_core.shell:Creating package script '/home/giorgio/Webots/install/aurora_msgs/share/aurora_msgs/package.sh'
[1.710s] INFO:colcon.colcon_core.shell:Creating package script '/home/giorgio/Webots/install/aurora_msgs/share/aurora_msgs/package.bash'
[1.711s] INFO:colcon.colcon_core.shell:Creating package script '/home/giorgio/Webots/install/aurora_msgs/share/aurora_msgs/package.zsh'
[1.712s] Level 1:colcon.colcon_core.environment:create_file_with_runtime_dependencies(/home/giorgio/Webots/install/aurora_msgs/share/colcon-core/packages/aurora_msgs)
[1.713s] Level 1:colcon.colcon_core.environment:create_environment_scripts_only(aurora_msgs)
[1.714s] Level 1:colcon.colcon_core.environment:checking '/home/giorgio/Webots/install/aurora_msgs' for CMake module files
[1.714s] Level 1:colcon.colcon_core.environment:checking '/home/giorgio/Webots/install/aurora_msgs' for CMake config files
[1.714s] Level 1:colcon.colcon_core.shell:create_environment_hook('aurora_msgs', 'cmake_prefix_path')
[1.714s] INFO:colcon.colcon_core.shell:Creating environment descriptor '/home/giorgio/Webots/install/aurora_msgs/share/aurora_msgs/hook/cmake_prefix_path.dsv'
[1.715s] INFO:colcon.colcon_core.shell:Creating environment hook '/home/giorgio/Webots/install/aurora_msgs/share/aurora_msgs/hook/cmake_prefix_path.sh'
[1.716s] Level 1:colcon.colcon_core.environment:checking '/home/giorgio/Webots/install/aurora_msgs/lib'
[1.716s] Level 1:colcon.colcon_core.shell:create_environment_hook('aurora_msgs', 'ld_library_path_lib')
[1.716s] INFO:colcon.colcon_core.shell:Creating environment descriptor '/home/giorgio/Webots/install/aurora_msgs/share/aurora_msgs/hook/ld_library_path_lib.dsv'
[1.717s] INFO:colcon.colcon_core.shell:Creating environment hook '/home/giorgio/Webots/install/aurora_msgs/share/aurora_msgs/hook/ld_library_path_lib.sh'
[1.718s] Level 1:colcon.colcon_core.environment:checking '/home/giorgio/Webots/install/aurora_msgs/bin'
[1.718s] Level 1:colcon.colcon_core.environment:checking '/home/giorgio/Webots/install/aurora_msgs/lib/pkgconfig/aurora_msgs.pc'
[1.718s] Level 1:colcon.colcon_core.environment:checking '/home/giorgio/Webots/install/aurora_msgs/lib/python3.12/site-packages'
[1.718s] Level 1:colcon.colcon_core.shell:create_environment_hook('aurora_msgs', 'pythonpath')
[1.719s] INFO:colcon.colcon_core.shell:Creating environment descriptor '/home/giorgio/Webots/install/aurora_msgs/share/aurora_msgs/hook/pythonpath.dsv'
[1.719s] INFO:colcon.colcon_core.shell:Creating environment hook '/home/giorgio/Webots/install/aurora_msgs/share/aurora_msgs/hook/pythonpath.sh'
[1.720s] Level 1:colcon.colcon_core.environment:checking '/home/giorgio/Webots/install/aurora_msgs/bin'
[1.720s] INFO:colcon.colcon_core.shell:Creating package descriptor '/home/giorgio/Webots/install/aurora_msgs/share/aurora_msgs/package.dsv'
[1.721s] INFO:colcon.colcon_core.shell:Creating package script '/home/giorgio/Webots/install/aurora_msgs/share/aurora_msgs/package.sh'
[1.722s] INFO:colcon.colcon_core.shell:Creating package script '/home/giorgio/Webots/install/aurora_msgs/share/aurora_msgs/package.bash'
[1.722s] INFO:colcon.colcon_core.shell:Creating package script '/home/giorgio/Webots/install/aurora_msgs/share/aurora_msgs/package.zsh'
[1.723s] Level 1:colcon.colcon_core.environment:create_file_with_runtime_dependencies(/home/giorgio/Webots/install/aurora_msgs/share/colcon-core/packages/aurora_msgs)
[1.724s] INFO:colcon.colcon_ros.task.ament_cmake.build:Building ROS package in '/home/giorgio/Webots/src/aruco_msgs' with build type 'ament_cmake'
[1.724s] INFO:colcon.colcon_cmake.task.cmake.build:Building CMake package in '/home/giorgio/Webots/src/aruco_msgs'
[1.724s] DEBUG:colcon.colcon_core.shell:Skip shell extension 'dsv' for command environment
[1.730s] Level 1:colcon.colcon_core.environment:create_environment_scripts_only(rover_msgs)
[1.731s] Level 1:colcon.colcon_core.environment:checking '/home/giorgio/Webots/install/rover_msgs' for CMake module files
[1.731s] Level 1:colcon.colcon_core.environment:checking '/home/giorgio/Webots/install/rover_msgs' for CMake config files
[1.731s] Level 1:colcon.colcon_core.shell:create_environment_hook('rover_msgs', 'cmake_prefix_path')
[1.731s] INFO:colcon.colcon_core.shell:Creating environment descriptor '/home/giorgio/Webots/install/rover_msgs/share/rover_msgs/hook/cmake_prefix_path.dsv'
[1.732s] DEBUG:colcon.colcon_core.event_handler.log_command:Invoked command in '/home/giorgio/Webots/build/rover_msgs' returned '0': CMAKE_PREFIX_PATH=${CMAKE_PREFIX_PATH}:/home/giorgio/Webots/install/webots_hospital_youbot:/home/giorgio/Webots/install/webots:/home/giorgio/Webots/install/util:/opt/ros/jazzy DEBUGINFOD_URLS=https://debuginfod.ubuntu.com /usr/bin/cmake --install /home/giorgio/Webots/build/rover_msgs
[1.732s] INFO:colcon.colcon_core.shell:Creating environment hook '/home/giorgio/Webots/install/rover_msgs/share/rover_msgs/hook/cmake_prefix_path.sh'
[1.734s] Level 1:colcon.colcon_core.environment:checking '/home/giorgio/Webots/install/rover_msgs/lib'
[1.734s] Level 1:colcon.colcon_core.shell:create_environment_hook('rover_msgs', 'ld_library_path_lib')
[1.734s] INFO:colcon.colcon_core.shell:Creating environment descriptor '/home/giorgio/Webots/install/rover_msgs/share/rover_msgs/hook/ld_library_path_lib.dsv'
[1.735s] INFO:colcon.colcon_core.shell:Creating environment hook '/home/giorgio/Webots/install/rover_msgs/share/rover_msgs/hook/ld_library_path_lib.sh'
[1.735s] Level 1:colcon.colcon_core.environment:checking '/home/giorgio/Webots/install/rover_msgs/bin'
[1.735s] Level 1:colcon.colcon_core.environment:checking '/home/giorgio/Webots/install/rover_msgs/lib/pkgconfig/rover_msgs.pc'
[1.736s] Level 1:colcon.colcon_core.environment:checking '/home/giorgio/Webots/install/rover_msgs/lib/python3.12/site-packages'
[1.736s] Level 1:colcon.colcon_core.shell:create_environment_hook('rover_msgs', 'pythonpath')
[1.736s] INFO:colcon.colcon_core.shell:Creating environment descriptor '/home/giorgio/Webots/install/rover_msgs/share/rover_msgs/hook/pythonpath.dsv'
[1.737s] INFO:colcon.colcon_core.shell:Creating environment hook '/home/giorgio/Webots/install/rover_msgs/share/rover_msgs/hook/pythonpath.sh'
[1.738s] Level 1:colcon.colcon_core.environment:checking '/home/giorgio/Webots/install/rover_msgs/bin'
[1.738s] INFO:colcon.colcon_core.shell:Creating package descriptor '/home/giorgio/Webots/install/rover_msgs/share/rover_msgs/package.dsv'
[1.738s] INFO:colcon.colcon_core.shell:Creating package script '/home/giorgio/Webots/install/rover_msgs/share/rover_msgs/package.sh'
[1.739s] INFO:colcon.colcon_core.shell:Creating package script '/home/giorgio/Webots/install/rover_msgs/share/rover_msgs/package.bash'
[1.739s] INFO:colcon.colcon_core.shell:Creating package script '/home/giorgio/Webots/install/rover_msgs/share/rover_msgs/package.zsh'
[1.739s] Level 1:colcon.colcon_core.environment:create_file_with_runtime_dependencies(/home/giorgio/Webots/install/rover_msgs/share/colcon-core/packages/rover_msgs)
[1.740s] Level 1:colcon.colcon_core.environment:create_environment_scripts_only(rover_msgs)
[1.741s] Level 1:colcon.colcon_core.environment:checking '/home/giorgio/Webots/install/rover_msgs' for CMake module files
[1.741s] Level 1:colcon.colcon_core.environment:checking '/home/giorgio/Webots/install/rover_msgs' for CMake config files
[1.741s] Level 1:colcon.colcon_core.shell:create_environment_hook('rover_msgs', 'cmake_prefix_path')
[1.741s] INFO:colcon.colcon_core.shell:Creating environment descriptor '/home/giorgio/Webots/install/rover_msgs/share/rover_msgs/hook/cmake_prefix_path.dsv'
[1.742s] INFO:colcon.colcon_core.shell:Creating environment hook '/home/giorgio/Webots/install/rover_msgs/share/rover_msgs/hook/cmake_prefix_path.sh'
[1.743s] Level 1:colcon.colcon_core.environment:checking '/home/giorgio/Webots/install/rover_msgs/lib'
[1.743s] Level 1:colcon.colcon_core.shell:create_environment_hook('rover_msgs', 'ld_library_path_lib')
[1.743s] INFO:colcon.colcon_core.shell:Creating environment descriptor '/home/giorgio/Webots/install/rover_msgs/share/rover_msgs/hook/ld_library_path_lib.dsv'
[1.743s] INFO:colcon.colcon_core.shell:Creating environment hook '/home/giorgio/Webots/install/rover_msgs/share/rover_msgs/hook/ld_library_path_lib.sh'
[1.744s] Level 1:colcon.colcon_core.environment:checking '/home/giorgio/Webots/install/rover_msgs/bin'
[1.744s] Level 1:colcon.colcon_core.environment:checking '/home/giorgio/Webots/install/rover_msgs/lib/pkgconfig/rover_msgs.pc'
[1.744s] Level 1:colcon.colcon_core.environment:checking '/home/giorgio/Webots/install/rover_msgs/lib/python3.12/site-packages'
[1.744s] Level 1:colcon.colcon_core.shell:create_environment_hook('rover_msgs', 'pythonpath')
[1.745s] INFO:colcon.colcon_core.shell:Creating environment descriptor '/home/giorgio/Webots/install/rover_msgs/share/rover_msgs/hook/pythonpath.dsv'
[1.746s] INFO:colcon.colcon_core.shell:Creating environment hook '/home/giorgio/Webots/install/rover_msgs/share/rover_msgs/hook/pythonpath.sh'
[1.747s] Level 1:colcon.colcon_core.environment:checking '/home/giorgio/Webots/install/rover_msgs/bin'
[1.747s] INFO:colcon.colcon_core.shell:Creating package descriptor '/home/giorgio/Webots/install/rover_msgs/share/rover_msgs/package.dsv'
[1.749s] INFO:colcon.colcon_core.shell:Creating package script '/home/giorgio/Webots/install/rover_msgs/share/rover_msgs/package.sh'
[1.750s] INFO:colcon.colcon_core.shell:Creating package script '/home/giorgio/Webots/install/rover_msgs/share/rover_msgs/package.bash'
[1.751s] INFO:colcon.colcon_core.shell:Creating package script '/home/giorgio/Webots/install/rover_msgs/share/rover_msgs/package.zsh'
[1.751s] Level 1:colcon.colcon_core.environment:create_file_with_runtime_dependencies(/home/giorgio/Webots/install/rover_msgs/share/colcon-core/packages/rover_msgs)
[1.752s] INFO:colcon.colcon_ros.task.ament_cmake.build:Building ROS package in '/home/giorgio/Webots/src/cpp_pubsub' with build type 'ament_cmake'
[1.752s] INFO:colcon.colcon_cmake.task.cmake.build:Building CMake package in '/home/giorgio/Webots/src/cpp_pubsub'
[1.753s] DEBUG:colcon.colcon_core.shell:Skip shell extension 'dsv' for command environment
[1.761s] DEBUG:colcon.colcon_core.event_handler.log_command:Invoking command in '/home/giorgio/Webots/build/aruco_msgs': CMAKE_PREFIX_PATH=${CMAKE_PREFIX_PATH}:/home/giorgio/Webots/install/webots_hospital_youbot:/home/giorgio/Webots/install/webots:/home/giorgio/Webots/install/util:/opt/ros/jazzy DEBUGINFOD_URLS=https://debuginfod.ubuntu.com /usr/bin/cmake --build /home/giorgio/Webots/build/aruco_msgs -- -j2 -l2
[1.770s] DEBUG:colcon.colcon_core.event_handler.log_command:Invoking command in '/home/giorgio/Webots/build/cpp_pubsub': CMAKE_PREFIX_PATH=${CMAKE_PREFIX_PATH}:/home/giorgio/Webots/install/webots_hospital_youbot:/home/giorgio/Webots/install/webots:/home/giorgio/Webots/install/util:/opt/ros/jazzy DEBUGINFOD_URLS=https://debuginfod.ubuntu.com /usr/bin/cmake --build /home/giorgio/Webots/build/cpp_pubsub -- -j2 -l2
[1.993s] DEBUG:colcon.colcon_core.event_handler.log_command:Invoked command in '/home/giorgio/Webots/build/cpp_pubsub' returned '0': CMAKE_PREFIX_PATH=${CMAKE_PREFIX_PATH}:/home/giorgio/Webots/install/webots_hospital_youbot:/home/giorgio/Webots/install/webots:/home/giorgio/Webots/install/util:/opt/ros/jazzy DEBUGINFOD_URLS=https://debuginfod.ubuntu.com /usr/bin/cmake --build /home/giorgio/Webots/build/cpp_pubsub -- -j2 -l2
[1.994s] DEBUG:colcon.colcon_core.event_handler.log_command:Invoking command in '/home/giorgio/Webots/build/cpp_pubsub': CMAKE_PREFIX_PATH=${CMAKE_PREFIX_PATH}:/home/giorgio/Webots/install/webots_hospital_youbot:/home/giorgio/Webots/install/webots:/home/giorgio/Webots/install/util:/opt/ros/jazzy DEBUGINFOD_URLS=https://debuginfod.ubuntu.com /usr/bin/cmake --install /home/giorgio/Webots/build/cpp_pubsub
[2.013s] Level 1:colcon.colcon_core.environment:create_environment_scripts_only(cpp_pubsub)
[2.013s] Level 1:colcon.colcon_core.environment:checking '/home/giorgio/Webots/install/cpp_pubsub' for CMake module files
[2.014s] Level 1:colcon.colcon_core.environment:checking '/home/giorgio/Webots/install/cpp_pubsub' for CMake config files
[2.014s] Level 1:colcon.colcon_core.shell:create_environment_hook('cpp_pubsub', 'cmake_prefix_path')
[2.013s] DEBUG:colcon.colcon_core.event_handler.log_command:Invoked command in '/home/giorgio/Webots/build/cpp_pubsub' returned '0': CMAKE_PREFIX_PATH=${CMAKE_PREFIX_PATH}:/home/giorgio/Webots/install/webots_hospital_youbot:/home/giorgio/Webots/install/webots:/home/giorgio/Webots/install/util:/opt/ros/jazzy DEBUGINFOD_URLS=https://debuginfod.ubuntu.com /usr/bin/cmake --install /home/giorgio/Webots/build/cpp_pubsub
[2.017s] INFO:colcon.colcon_core.shell:Creating environment descriptor '/home/giorgio/Webots/install/cpp_pubsub/share/cpp_pubsub/hook/cmake_prefix_path.dsv'
[2.025s] INFO:colcon.colcon_core.shell:Creating environment hook '/home/giorgio/Webots/install/cpp_pubsub/share/cpp_pubsub/hook/cmake_prefix_path.sh'
[2.028s] Level 1:colcon.colcon_core.environment:checking '/home/giorgio/Webots/install/cpp_pubsub/lib'
[2.028s] Level 1:colcon.colcon_core.environment:checking '/home/giorgio/Webots/install/cpp_pubsub/bin'
[2.028s] Level 1:colcon.colcon_core.environment:checking '/home/giorgio/Webots/install/cpp_pubsub/lib/pkgconfig/cpp_pubsub.pc'
[2.030s] Level 1:colcon.colcon_core.environment:checking '/home/giorgio/Webots/install/cpp_pubsub/lib/python3.12/site-packages'
[2.030s] Level 1:colcon.colcon_core.environment:checking '/home/giorgio/Webots/install/cpp_pubsub/bin'
[2.030s] INFO:colcon.colcon_core.shell:Creating package descriptor '/home/giorgio/Webots/install/cpp_pubsub/share/cpp_pubsub/package.dsv'
[2.033s] INFO:colcon.colcon_core.shell:Creating package script '/home/giorgio/Webots/install/cpp_pubsub/share/cpp_pubsub/package.sh'
[2.034s] INFO:colcon.colcon_core.shell:Creating package script '/home/giorgio/Webots/install/cpp_pubsub/share/cpp_pubsub/package.bash'
[2.034s] INFO:colcon.colcon_core.shell:Creating package script '/home/giorgio/Webots/install/cpp_pubsub/share/cpp_pubsub/package.zsh'
[2.035s] Level 1:colcon.colcon_core.environment:create_file_with_runtime_dependencies(/home/giorgio/Webots/install/cpp_pubsub/share/colcon-core/packages/cpp_pubsub)
[2.036s] Level 1:colcon.colcon_core.environment:create_environment_scripts_only(cpp_pubsub)
[2.036s] Level 1:colcon.colcon_core.environment:checking '/home/giorgio/Webots/install/cpp_pubsub' for CMake module files
[2.037s] Level 1:colcon.colcon_core.environment:checking '/home/giorgio/Webots/install/cpp_pubsub' for CMake config files
[2.037s] Level 1:colcon.colcon_core.shell:create_environment_hook('cpp_pubsub', 'cmake_prefix_path')
[2.037s] INFO:colcon.colcon_core.shell:Creating environment descriptor '/home/giorgio/Webots/install/cpp_pubsub/share/cpp_pubsub/hook/cmake_prefix_path.dsv'
[2.038s] INFO:colcon.colcon_core.shell:Creating environment hook '/home/giorgio/Webots/install/cpp_pubsub/share/cpp_pubsub/hook/cmake_prefix_path.sh'
[2.039s] Level 1:colcon.colcon_core.environment:checking '/home/giorgio/Webots/install/cpp_pubsub/lib'
[2.039s] Level 1:colcon.colcon_core.environment:checking '/home/giorgio/Webots/install/cpp_pubsub/bin'
[2.039s] Level 1:colcon.colcon_core.environment:checking '/home/giorgio/Webots/install/cpp_pubsub/lib/pkgconfig/cpp_pubsub.pc'
[2.040s] Level 1:colcon.colcon_core.environment:checking '/home/giorgio/Webots/install/cpp_pubsub/lib/python3.12/site-packages'
[2.040s] Level 1:colcon.colcon_core.environment:checking '/home/giorgio/Webots/install/cpp_pubsub/bin'
[2.040s] INFO:colcon.colcon_core.shell:Creating package descriptor '/home/giorgio/Webots/install/cpp_pubsub/share/cpp_pubsub/package.dsv'
[2.041s] INFO:colcon.colcon_core.shell:Creating package script '/home/giorgio/Webots/install/cpp_pubsub/share/cpp_pubsub/package.sh'
[2.042s] INFO:colcon.colcon_core.shell:Creating package script '/home/giorgio/Webots/install/cpp_pubsub/share/cpp_pubsub/package.bash'
[2.043s] INFO:colcon.colcon_core.shell:Creating package script '/home/giorgio/Webots/install/cpp_pubsub/share/cpp_pubsub/package.zsh'
[2.044s] Level 1:colcon.colcon_core.environment:create_file_with_runtime_dependencies(/home/giorgio/Webots/install/cpp_pubsub/share/colcon-core/packages/cpp_pubsub)
[2.046s] INFO:colcon.colcon_ros.task.ament_python.build:Building ROS package in '/home/giorgio/Webots/src/util' with build type 'ament_python'
[2.046s] Level 1:colcon.colcon_core.shell:create_environment_hook('util', 'ament_prefix_path')
[2.046s] INFO:colcon.colcon_core.shell:Creating environment descriptor '/home/giorgio/Webots/install/util/share/util/hook/ament_prefix_path.dsv'
[2.047s] INFO:colcon.colcon_core.shell:Creating environment hook '/home/giorgio/Webots/install/util/share/util/hook/ament_prefix_path.sh'
[2.049s] DEBUG:colcon.colcon_core.shell:Skip shell extension 'dsv' for command environment
[2.496s] INFO:colcon.colcon_core.task.python.build:Building Python package in '/home/giorgio/Webots/src/util'
[2.497s] DEBUG:colcon.colcon_core.shell:Skip shell extension 'dsv' for command environment
[2.815s] DEBUG:colcon.colcon_core.event_handler.log_command:Invoked command in '/home/giorgio/Webots/build/aruco_msgs' returned '0': CMAKE_PREFIX_PATH=${CMAKE_PREFIX_PATH}:/home/giorgio/Webots/install/webots_hospital_youbot:/home/giorgio/Webots/install/webots:/home/giorgio/Webots/install/util:/opt/ros/jazzy DEBUGINFOD_URLS=https://debuginfod.ubuntu.com /usr/bin/cmake --build /home/giorgio/Webots/build/aruco_msgs -- -j2 -l2
[2.820s] DEBUG:colcon.colcon_core.event_handler.log_command:Invoking command in '/home/giorgio/Webots/build/aruco_msgs': CMAKE_PREFIX_PATH=${CMAKE_PREFIX_PATH}:/home/giorgio/Webots/install/webots_hospital_youbot:/home/giorgio/Webots/install/webots:/home/giorgio/Webots/install/util:/opt/ros/jazzy DEBUGINFOD_URLS=https://debuginfod.ubuntu.com /usr/bin/cmake --install /home/giorgio/Webots/build/aruco_msgs
[2.974s] Level 1:colcon.colcon_core.environment:create_environment_scripts_only(aruco_msgs)
[2.975s] Level 1:colcon.colcon_core.environment:checking '/home/giorgio/Webots/install/aruco_msgs' for CMake module files
[2.975s] DEBUG:colcon.colcon_core.event_handler.log_command:Invoked command in '/home/giorgio/Webots/build/aruco_msgs' returned '0': CMAKE_PREFIX_PATH=${CMAKE_PREFIX_PATH}:/home/giorgio/Webots/install/webots_hospital_youbot:/home/giorgio/Webots/install/webots:/home/giorgio/Webots/install/util:/opt/ros/jazzy DEBUGINFOD_URLS=https://debuginfod.ubuntu.com /usr/bin/cmake --install /home/giorgio/Webots/build/aruco_msgs
[2.978s] Level 1:colcon.colcon_core.environment:checking '/home/giorgio/Webots/install/aruco_msgs' for CMake config files
[2.982s] Level 1:colcon.colcon_core.shell:create_environment_hook('aruco_msgs', 'cmake_prefix_path')
[2.982s] INFO:colcon.colcon_core.shell:Creating environment descriptor '/home/giorgio/Webots/install/aruco_msgs/share/aruco_msgs/hook/cmake_prefix_path.dsv'
[2.983s] INFO:colcon.colcon_core.shell:Creating environment hook '/home/giorgio/Webots/install/aruco_msgs/share/aruco_msgs/hook/cmake_prefix_path.sh'
[2.985s] Level 1:colcon.colcon_core.environment:checking '/home/giorgio/Webots/install/aruco_msgs/lib'
[2.985s] Level 1:colcon.colcon_core.shell:create_environment_hook('aruco_msgs', 'ld_library_path_lib')
[2.986s] INFO:colcon.colcon_core.shell:Creating environment descriptor '/home/giorgio/Webots/install/aruco_msgs/share/aruco_msgs/hook/ld_library_path_lib.dsv'
[2.986s] INFO:colcon.colcon_core.shell:Creating environment hook '/home/giorgio/Webots/install/aruco_msgs/share/aruco_msgs/hook/ld_library_path_lib.sh'
[2.988s] Level 1:colcon.colcon_core.environment:checking '/home/giorgio/Webots/install/aruco_msgs/bin'
[2.988s] Level 1:colcon.colcon_core.environment:checking '/home/giorgio/Webots/install/aruco_msgs/lib/pkgconfig/aruco_msgs.pc'
[2.988s] Level 1:colcon.colcon_core.environment:checking '/home/giorgio/Webots/install/aruco_msgs/lib/python3.12/site-packages'
[2.988s] Level 1:colcon.colcon_core.shell:create_environment_hook('aruco_msgs', 'pythonpath')
[2.989s] INFO:colcon.colcon_core.shell:Creating environment descriptor '/home/giorgio/Webots/install/aruco_msgs/share/aruco_msgs/hook/pythonpath.dsv'
[2.990s] INFO:colcon.colcon_core.shell:Creating environment hook '/home/giorgio/Webots/install/aruco_msgs/share/aruco_msgs/hook/pythonpath.sh'
[2.992s] Level 1:colcon.colcon_core.environment:checking '/home/giorgio/Webots/install/aruco_msgs/bin'
[2.992s] INFO:colcon.colcon_core.shell:Creating package descriptor '/home/giorgio/Webots/install/aruco_msgs/share/aruco_msgs/package.dsv'
[2.993s] INFO:colcon.colcon_core.shell:Creating package script '/home/giorgio/Webots/install/aruco_msgs/share/aruco_msgs/package.sh'
[2.997s] INFO:colcon.colcon_core.shell:Creating package script '/home/giorgio/Webots/install/aruco_msgs/share/aruco_msgs/package.bash'
[2.997s] INFO:colcon.colcon_core.shell:Creating package script '/home/giorgio/Webots/install/aruco_msgs/share/aruco_msgs/package.zsh'
[2.998s] Level 1:colcon.colcon_core.environment:create_file_with_runtime_dependencies(/home/giorgio/Webots/install/aruco_msgs/share/colcon-core/packages/aruco_msgs)
[3.000s] Level 1:colcon.colcon_core.environment:create_environment_scripts_only(aruco_msgs)
[3.000s] Level 1:colcon.colcon_core.environment:checking '/home/giorgio/Webots/install/aruco_msgs' for CMake module files
[3.001s] Level 1:colcon.colcon_core.environment:checking '/home/giorgio/Webots/install/aruco_msgs' for CMake config files
[3.005s] Level 1:colcon.colcon_core.shell:create_environment_hook('aruco_msgs', 'cmake_prefix_path')
[3.006s] INFO:colcon.colcon_core.shell:Creating environment descriptor '/home/giorgio/Webots/install/aruco_msgs/share/aruco_msgs/hook/cmake_prefix_path.dsv'
[3.007s] INFO:colcon.colcon_core.shell:Creating environment hook '/home/giorgio/Webots/install/aruco_msgs/share/aruco_msgs/hook/cmake_prefix_path.sh'
[3.008s] Level 1:colcon.colcon_core.environment:checking '/home/giorgio/Webots/install/aruco_msgs/lib'
[3.008s] Level 1:colcon.colcon_core.shell:create_environment_hook('aruco_msgs', 'ld_library_path_lib')
[3.008s] INFO:colcon.colcon_core.shell:Creating environment descriptor '/home/giorgio/Webots/install/aruco_msgs/share/aruco_msgs/hook/ld_library_path_lib.dsv'
[3.008s] INFO:colcon.colcon_core.shell:Creating environment hook '/home/giorgio/Webots/install/aruco_msgs/share/aruco_msgs/hook/ld_library_path_lib.sh'
[3.010s] Level 1:colcon.colcon_core.environment:checking '/home/giorgio/Webots/install/aruco_msgs/bin'
[3.013s] Level 1:colcon.colcon_core.environment:checking '/home/giorgio/Webots/install/aruco_msgs/lib/pkgconfig/aruco_msgs.pc'
[3.014s] Level 1:colcon.colcon_core.environment:checking '/home/giorgio/Webots/install/aruco_msgs/lib/python3.12/site-packages'
[3.014s] Level 1:colcon.colcon_core.shell:create_environment_hook('aruco_msgs', 'pythonpath')
[3.014s] INFO:colcon.colcon_core.shell:Creating environment descriptor '/home/giorgio/Webots/install/aruco_msgs/share/aruco_msgs/hook/pythonpath.dsv'
[3.015s] INFO:colcon.colcon_core.shell:Creating environment hook '/home/giorgio/Webots/install/aruco_msgs/share/aruco_msgs/hook/pythonpath.sh'
[3.018s] Level 1:colcon.colcon_core.environment:checking '/home/giorgio/Webots/install/aruco_msgs/bin'
[3.019s] INFO:colcon.colcon_core.shell:Creating package descriptor '/home/giorgio/Webots/install/aruco_msgs/share/aruco_msgs/package.dsv'
[3.024s] INFO:colcon.colcon_core.shell:Creating package script '/home/giorgio/Webots/install/aruco_msgs/share/aruco_msgs/package.sh'
[3.028s] INFO:colcon.colcon_core.shell:Creating package script '/home/giorgio/Webots/install/aruco_msgs/share/aruco_msgs/package.bash'
[3.034s] INFO:colcon.colcon_core.shell:Creating package script '/home/giorgio/Webots/install/aruco_msgs/share/aruco_msgs/package.zsh'
[3.035s] Level 1:colcon.colcon_core.environment:create_file_with_runtime_dependencies(/home/giorgio/Webots/install/aruco_msgs/share/colcon-core/packages/aruco_msgs)
[3.044s] INFO:colcon.colcon_ros.task.ament_python.build:Building ROS package in '/home/giorgio/Webots/src/webots_tutorial' with build type 'ament_python'
[3.044s] Level 1:colcon.colcon_core.shell:create_environment_hook('webots', 'ament_prefix_path')
[3.045s] INFO:colcon.colcon_core.shell:Creating environment descriptor '/home/giorgio/Webots/install/webots/share/webots/hook/ament_prefix_path.dsv'
[3.047s] INFO:colcon.colcon_core.shell:Creating environment hook '/home/giorgio/Webots/install/webots/share/webots/hook/ament_prefix_path.sh'
[3.050s] DEBUG:colcon.colcon_core.shell:Skip shell extension 'dsv' for command environment
[3.387s] INFO:colcon.colcon_core.task.python.build:Building Python package in '/home/giorgio/Webots/src/webots_tutorial'
[3.387s] DEBUG:colcon.colcon_core.shell:Skip shell extension 'dsv' for command environment
[3.394s] DEBUG:colcon.colcon_core.event_handler.log_command:Invoking command in '/home/giorgio/Webots/src/util': DEBUGINFOD_URLS=https://debuginfod.ubuntu.com PYTHONPATH=/home/giorgio/Webots/build/util/prefix_override:/usr/lib/python3/dist-packages/colcon_core/task/python/colcon_distutils_commands:/home/giorgio/Webots/install/util/lib/python3.12/site-packages:${PYTHONPATH} /usr/bin/python3 -W ignore:setup.py install is deprecated -W ignore:easy_install command is deprecated setup.py egg_info --egg-base ../../build/util build --build-base /home/giorgio/Webots/build/util/build install --record /home/giorgio/Webots/build/util/install.log --single-version-externally-managed install_data
[4.222s] Level 1:colcon.colcon_core.environment:checking '/home/giorgio/Webots/install/util' for CMake module files
[4.223s] DEBUG:colcon.colcon_core.event_handler.log_command:Invoked command in '/home/giorgio/Webots/src/util' returned '0': DEBUGINFOD_URLS=https://debuginfod.ubuntu.com PYTHONPATH=/home/giorgio/Webots/build/util/prefix_override:/usr/lib/python3/dist-packages/colcon_core/task/python/colcon_distutils_commands:/home/giorgio/Webots/install/util/lib/python3.12/site-packages:${PYTHONPATH} /usr/bin/python3 -W ignore:setup.py install is deprecated -W ignore:easy_install command is deprecated setup.py egg_info --egg-base ../../build/util build --build-base /home/giorgio/Webots/build/util/build install --record /home/giorgio/Webots/build/util/install.log --single-version-externally-managed install_data
[4.223s] Level 1:colcon.colcon_core.environment:checking '/home/giorgio/Webots/install/util' for CMake config files
[4.224s] Level 1:colcon.colcon_core.environment:checking '/home/giorgio/Webots/install/util/lib'
[4.224s] Level 1:colcon.colcon_core.environment:checking '/home/giorgio/Webots/install/util/bin'
[4.225s] Level 1:colcon.colcon_core.environment:checking '/home/giorgio/Webots/install/util/lib/pkgconfig/util.pc'
[4.225s] Level 1:colcon.colcon_core.environment:checking '/home/giorgio/Webots/install/util/lib/python3.12/site-packages'
[4.225s] Level 1:colcon.colcon_core.shell:create_environment_hook('util', 'pythonpath')
[4.226s] INFO:colcon.colcon_core.shell:Creating environment descriptor '/home/giorgio/Webots/install/util/share/util/hook/pythonpath.dsv'
[4.227s] INFO:colcon.colcon_core.shell:Creating environment hook '/home/giorgio/Webots/install/util/share/util/hook/pythonpath.sh'
[4.227s] Level 1:colcon.colcon_core.environment:checking '/home/giorgio/Webots/install/util/bin'
[4.228s] Level 1:colcon.colcon_core.environment:create_environment_scripts_only(util)
[4.228s] INFO:colcon.colcon_core.shell:Creating package descriptor '/home/giorgio/Webots/install/util/share/util/package.dsv'
[4.230s] INFO:colcon.colcon_core.shell:Creating package script '/home/giorgio/Webots/install/util/share/util/package.sh'
[4.231s] INFO:colcon.colcon_core.shell:Creating package script '/home/giorgio/Webots/install/util/share/util/package.bash'
[4.231s] INFO:colcon.colcon_core.shell:Creating package script '/home/giorgio/Webots/install/util/share/util/package.zsh'
[4.232s] Level 1:colcon.colcon_core.environment:create_file_with_runtime_dependencies(/home/giorgio/Webots/install/util/share/colcon-core/packages/util)
[4.233s] INFO:colcon.colcon_ros.task.ament_python.build:Building ROS package in '/home/giorgio/Webots/src/webots_hospital_youbot' with build type 'ament_python'
[4.234s] Level 1:colcon.colcon_core.shell:create_environment_hook('webots_hospital_youbot', 'ament_prefix_path')
[4.234s] INFO:colcon.colcon_core.shell:Creating environment descriptor '/home/giorgio/Webots/install/webots_hospital_youbot/share/webots_hospital_youbot/hook/ament_prefix_path.dsv'
[4.235s] INFO:colcon.colcon_core.shell:Creating environment hook '/home/giorgio/Webots/install/webots_hospital_youbot/share/webots_hospital_youbot/hook/ament_prefix_path.sh'
[4.237s] DEBUG:colcon.colcon_core.shell:Skip shell extension 'dsv' for command environment
[4.244s] DEBUG:colcon.colcon_core.event_handler.log_command:Invoking command in '/home/giorgio/Webots/src/webots_tutorial': DEBUGINFOD_URLS=https://debuginfod.ubuntu.com PYTHONPATH=/home/giorgio/Webots/build/webots/prefix_override:/usr/lib/python3/dist-packages/colcon_core/task/python/colcon_distutils_commands:/home/giorgio/Webots/install/webots/lib/python3.12/site-packages:${PYTHONPATH} /usr/bin/python3 -W ignore:setup.py install is deprecated -W ignore:easy_install command is deprecated setup.py egg_info --egg-base ../../build/webots build --build-base /home/giorgio/Webots/build/webots/build install --record /home/giorgio/Webots/build/webots/install.log --single-version-externally-managed install_data
[4.530s] INFO:colcon.colcon_core.task.python.build:Building Python package in '/home/giorgio/Webots/src/webots_hospital_youbot'
[4.531s] DEBUG:colcon.colcon_core.shell:Skip shell extension 'dsv' for command environment
[5.019s] Level 1:colcon.colcon_core.environment:checking '/home/giorgio/Webots/install/webots' for CMake module files
[5.020s] DEBUG:colcon.colcon_core.event_handler.log_command:Invoked command in '/home/giorgio/Webots/src/webots_tutorial' returned '0': DEBUGINFOD_URLS=https://debuginfod.ubuntu.com PYTHONPATH=/home/giorgio/Webots/build/webots/prefix_override:/usr/lib/python3/dist-packages/colcon_core/task/python/colcon_distutils_commands:/home/giorgio/Webots/install/webots/lib/python3.12/site-packages:${PYTHONPATH} /usr/bin/python3 -W ignore:setup.py install is deprecated -W ignore:easy_install command is deprecated setup.py egg_info --egg-base ../../build/webots build --build-base /home/giorgio/Webots/build/webots/build install --record /home/giorgio/Webots/build/webots/install.log --single-version-externally-managed install_data
[5.022s] Level 1:colcon.colcon_core.environment:checking '/home/giorgio/Webots/install/webots' for CMake config files
[5.026s] Level 1:colcon.colcon_core.environment:checking '/home/giorgio/Webots/install/webots/lib'
[5.026s] Level 1:colcon.colcon_core.environment:checking '/home/giorgio/Webots/install/webots/bin'
[5.028s] Level 1:colcon.colcon_core.environment:checking '/home/giorgio/Webots/install/webots/lib/pkgconfig/webots.pc'
[5.029s] Level 1:colcon.colcon_core.environment:checking '/home/giorgio/Webots/install/webots/lib/python3.12/site-packages'
[5.029s] Level 1:colcon.colcon_core.shell:create_environment_hook('webots', 'pythonpath')
[5.029s] INFO:colcon.colcon_core.shell:Creating environment descriptor '/home/giorgio/Webots/install/webots/share/webots/hook/pythonpath.dsv'
[5.029s] INFO:colcon.colcon_core.shell:Creating environment hook '/home/giorgio/Webots/install/webots/share/webots/hook/pythonpath.sh'
[5.037s] Level 1:colcon.colcon_core.environment:checking '/home/giorgio/Webots/install/webots/bin'
[5.037s] Level 1:colcon.colcon_core.environment:create_environment_scripts_only(webots)
[5.038s] INFO:colcon.colcon_core.shell:Creating package descriptor '/home/giorgio/Webots/install/webots/share/webots/package.dsv'
[5.038s] INFO:colcon.colcon_core.shell:Creating package script '/home/giorgio/Webots/install/webots/share/webots/package.sh'
[5.039s] INFO:colcon.colcon_core.shell:Creating package script '/home/giorgio/Webots/install/webots/share/webots/package.bash'
[5.039s] INFO:colcon.colcon_core.shell:Creating package script '/home/giorgio/Webots/install/webots/share/webots/package.zsh'
[5.039s] Level 1:colcon.colcon_core.environment:create_file_with_runtime_dependencies(/home/giorgio/Webots/install/webots/share/colcon-core/packages/webots)
[5.375s] DEBUG:colcon.colcon_core.event_handler.log_command:Invoking command in '/home/giorgio/Webots/src/webots_hospital_youbot': CMAKE_PREFIX_PATH=/home/giorgio/Webots/install/rover_msgs:/home/giorgio/Webots/install/aurora_msgs:/home/giorgio/Webots/install/cpp_pubsub:/home/giorgio/Webots/install/aruco_msgs:/opt/ros/jazzy/opt/sdformat_vendor:/opt/ros/jazzy/opt/gz_math_vendor:/opt/ros/jazzy/opt/gz_utils_vendor:/opt/ros/jazzy/opt/gz_tools_vendor:/opt/ros/jazzy/opt/gz_cmake_vendor DEBUGINFOD_URLS=https://debuginfod.ubuntu.com PYTHONPATH=/home/giorgio/Webots/build/webots_hospital_youbot/prefix_override:/usr/lib/python3/dist-packages/colcon_core/task/python/colcon_distutils_commands:/home/giorgio/Webots/install/webots_hospital_youbot/lib/python3.12/site-packages:/home/giorgio/Webots/install/rover_msgs/lib/python3.12/site-packages:/home/giorgio/Webots/install/aurora_msgs/lib/python3.12/site-packages:/home/serl/.local/share/pipx/venvs/pytransform3d/lib/python3.12/site-packages:/home/serl/.local/share/pipx/venvs/pyquaternion/lib/python3.12/site-packages:/home/giorgio/Webots/install/webots_hospital_youbot/lib/python3.12/site-packages:/home/giorgio/Webots/install/webots/lib/python3.12/site-packages:/home/giorgio/Webots/install/util/lib/python3.12/site-packages:/home/giorgio/Webots/install/aruco_msgs/lib/python3.12/site-packages:/home/serl/.local/share/pipx/venvs/pytransform3d/lib/python3.12/site-packages:/home/serl/.local/share/pipx/venvs/pyquaternion/lib/python3.12/site-packages:/opt/ros/jazzy/lib/python3.12/site-packages /usr/bin/python3 -W ignore:setup.py install is deprecated -W ignore:easy_install command is deprecated setup.py egg_info --egg-base ../../build/webots_hospital_youbot build --build-base /home/giorgio/Webots/build/webots_hospital_youbot/build install --record /home/giorgio/Webots/build/webots_hospital_youbot/install.log --single-version-externally-managed install_data
[5.949s] Level 1:colcon.colcon_core.environment:checking '/home/giorgio/Webots/install/webots_hospital_youbot' for CMake module files
[5.949s] Level 1:colcon.colcon_core.environment:checking '/home/giorgio/Webots/install/webots_hospital_youbot' for CMake config files
[5.950s] Level 1:colcon.colcon_core.environment:checking '/home/giorgio/Webots/install/webots_hospital_youbot/lib'
[5.950s] Level 1:colcon.colcon_core.environment:checking '/home/giorgio/Webots/install/webots_hospital_youbot/bin'
[5.950s] Level 1:colcon.colcon_core.environment:checking '/home/giorgio/Webots/install/webots_hospital_youbot/lib/pkgconfig/webots_hospital_youbot.pc'
[5.950s] Level 1:colcon.colcon_core.environment:checking '/home/giorgio/Webots/install/webots_hospital_youbot/lib/python3.12/site-packages'
[5.950s] Level 1:colcon.colcon_core.shell:create_environment_hook('webots_hospital_youbot', 'pythonpath')
[5.951s] INFO:colcon.colcon_core.shell:Creating environment descriptor '/home/giorgio/Webots/install/webots_hospital_youbot/share/webots_hospital_youbot/hook/pythonpath.dsv'
[5.951s] DEBUG:colcon.colcon_core.event_handler.log_command:Invoked command in '/home/giorgio/Webots/src/webots_hospital_youbot' returned '0': CMAKE_PREFIX_PATH=/home/giorgio/Webots/install/rover_msgs:/home/giorgio/Webots/install/aurora_msgs:/home/giorgio/Webots/install/cpp_pubsub:/home/giorgio/Webots/install/aruco_msgs:/opt/ros/jazzy/opt/sdformat_vendor:/opt/ros/jazzy/opt/gz_math_vendor:/opt/ros/jazzy/opt/gz_utils_vendor:/opt/ros/jazzy/opt/gz_tools_vendor:/opt/ros/jazzy/opt/gz_cmake_vendor DEBUGINFOD_URLS=https://debuginfod.ubuntu.com PYTHONPATH=/home/giorgio/Webots/build/webots_hospital_youbot/prefix_override:/usr/lib/python3/dist-packages/colcon_core/task/python/colcon_distutils_commands:/home/giorgio/Webots/install/webots_hospital_youbot/lib/python3.12/site-packages:/home/giorgio/Webots/install/rover_msgs/lib/python3.12/site-packages:/home/giorgio/Webots/install/aurora_msgs/lib/python3.12/site-packages:/home/serl/.local/share/pipx/venvs/pytransform3d/lib/python3.12/site-packages:/home/serl/.local/share/pipx/venvs/pyquaternion/lib/python3.12/site-packages:/home/giorgio/Webots/install/webots_hospital_youbot/lib/python3.12/site-packages:/home/giorgio/Webots/install/webots/lib/python3.12/site-packages:/home/giorgio/Webots/install/util/lib/python3.12/site-packages:/home/giorgio/Webots/install/aruco_msgs/lib/python3.12/site-packages:/home/serl/.local/share/pipx/venvs/pytransform3d/lib/python3.12/site-packages:/home/serl/.local/share/pipx/venvs/pyquaternion/lib/python3.12/site-packages:/opt/ros/jazzy/lib/python3.12/site-packages /usr/bin/python3 -W ignore:setup.py install is deprecated -W ignore:easy_install command is deprecated setup.py egg_info --egg-base ../../build/webots_hospital_youbot build --build-base /home/giorgio/Webots/build/webots_hospital_youbot/build install --record /home/giorgio/Webots/build/webots_hospital_youbot/install.log --single-version-externally-managed install_data
[5.952s] INFO:colcon.colcon_core.shell:Creating environment hook '/home/giorgio/Webots/install/webots_hospital_youbot/share/webots_hospital_youbot/hook/pythonpath.sh'
[5.953s] Level 1:colcon.colcon_core.environment:checking '/home/giorgio/Webots/install/webots_hospital_youbot/bin'
[5.953s] Level 1:colcon.colcon_core.environment:create_environment_scripts_only(webots_hospital_youbot)
[5.953s] INFO:colcon.colcon_core.shell:Creating package descriptor '/home/giorgio/Webots/install/webots_hospital_youbot/share/webots_hospital_youbot/package.dsv'
[5.953s] INFO:colcon.colcon_core.shell:Creating package script '/home/giorgio/Webots/install/webots_hospital_youbot/share/webots_hospital_youbot/package.sh'
[5.954s] INFO:colcon.colcon_core.shell:Creating package script '/home/giorgio/Webots/install/webots_hospital_youbot/share/webots_hospital_youbot/package.bash'
[5.954s] INFO:colcon.colcon_core.shell:Creating package script '/home/giorgio/Webots/install/webots_hospital_youbot/share/webots_hospital_youbot/package.zsh'
[5.955s] Level 1:colcon.colcon_core.environment:create_file_with_runtime_dependencies(/home/giorgio/Webots/install/webots_hospital_youbot/share/colcon-core/packages/webots_hospital_youbot)
[5.955s] DEBUG:colcon.colcon_parallel_executor.executor.parallel:closing loop
[5.956s] DEBUG:colcon.colcon_parallel_executor.executor.parallel:loop closed
[5.956s] DEBUG:colcon.colcon_parallel_executor.executor.parallel:run_until_complete finished with '0'
[5.956s] DEBUG:colcon.colcon_core.event_reactor:joining thread
[5.967s] INFO:colcon.colcon_core.plugin_system:Skipping extension 'colcon_notification.desktop_notification.terminal_notifier': Not used on non-Darwin systems
[5.967s] INFO:colcon.colcon_core.plugin_system:Skipping extension 'colcon_notification.desktop_notification.win32': Not used on non-Windows systems
[5.968s] INFO:colcon.colcon_notification.desktop_notification:Sending desktop notification using 'notify2'
[6.027s] DEBUG:colcon.colcon_core.event_reactor:joined thread
[6.027s] INFO:colcon.colcon_core.shell:Creating prefix script '/home/giorgio/Webots/install/local_setup.sh'
[6.028s] INFO:colcon.colcon_core.shell:Creating prefix util module '/home/giorgio/Webots/install/_local_setup_util_sh.py'
[6.030s] INFO:colcon.colcon_core.shell:Creating prefix chain script '/home/giorgio/Webots/install/setup.sh'
[6.031s] INFO:colcon.colcon_core.shell:Creating prefix script '/home/giorgio/Webots/install/local_setup.bash'
[6.031s] INFO:colcon.colcon_core.shell:Creating prefix chain script '/home/giorgio/Webots/install/setup.bash'
[6.033s] INFO:colcon.colcon_core.shell:Creating prefix script '/home/giorgio/Webots/install/local_setup.zsh'
[6.033s] INFO:colcon.colcon_core.shell:Creating prefix chain script '/home/giorgio/Webots/install/setup.zsh'
