[0.010s] Invoking command in '/home/giorgio/Webots/build/cpp_pubsub': CMAKE_PREFIX_PATH=${CMAKE_PREFIX_PATH}:/opt/ros/jazzy DEBUGINFOD_URLS=https://debuginfod.ubuntu.com /usr/bin/cmake /home/giorgio/Webots/src/cpp_pubsub -DCMAKE_INSTALL_PREFIX=/home/giorgio/Webots/install/cpp_pubsub
[0.063s] -- The C compiler identification is GNU 13.3.0
[0.113s] -- The CXX compiler identification is GNU 13.3.0
[0.132s] -- Detecting C compiler ABI info
[0.211s] -- Detecting C compiler ABI info - done
[0.218s] -- Check for working C compiler: /usr/bin/cc - skipped
[0.219s] -- Detecting C compile features
[0.219s] -- Detecting C compile features - done
[0.227s] -- Detecting CXX compiler ABI info
[0.313s] -- Detecting CXX compiler ABI info - done
[0.320s] -- Check for working CXX compiler: /usr/bin/c++ - skipped
[0.320s] -- Detecting CXX compile features
[0.321s] -- Detecting CXX compile features - done
[0.324s] -- Found ament_cmake: 2.5.4 (/opt/ros/jazzy/share/ament_cmake/cmake)
[0.440s] -- Found Python3: /usr/bin/python3 (found version "3.12.3") found components: Interpreter 
[0.524s] -- Found rclcpp: 28.1.12 (/opt/ros/jazzy/share/rclcpp/cmake)
[0.555s] -- Found rosidl_generator_c: 4.6.6 (/opt/ros/jazzy/share/rosidl_generator_c/cmake)
[0.565s] -- Found rosidl_generator_cpp: 4.6.6 (/opt/ros/jazzy/share/rosidl_generator_cpp/cmake)
[0.577s] -- Using all available rosidl_typesupport_c: rosidl_typesupport_fastrtps_c;rosidl_typesupport_introspection_c
[0.593s] -- Using all available rosidl_typesupport_cpp: rosidl_typesupport_fastrtps_cpp;rosidl_typesupport_introspection_cpp
[0.680s] -- Found rmw_implementation_cmake: 7.3.2 (/opt/ros/jazzy/share/rmw_implementation_cmake/cmake)
[0.689s] -- Found rmw_fastrtps_cpp: 8.4.3 (/opt/ros/jazzy/share/rmw_fastrtps_cpp/cmake)
[0.783s] -- Found OpenSSL: /usr/lib/x86_64-linux-gnu/libcrypto.so (found version "3.0.13")  
[0.801s] -- Found FastRTPS: /opt/ros/jazzy/include (Required is at least version "2.13") 
[0.822s] -- Using RMW implementation 'rmw_fastrtps_cpp' as default
[0.909s] -- Found std_msgs: 5.3.6 (/opt/ros/jazzy/share/std_msgs/cmake)
[0.992s] -- Configuring done (1.0s)
[1.005s] -- Generating done (0.0s)
[1.009s] -- Build files have been written to: /home/giorgio/Webots/build/cpp_pubsub
[1.015s] Invoked command in '/home/giorgio/Webots/build/cpp_pubsub' returned '0': CMAKE_PREFIX_PATH=${CMAKE_PREFIX_PATH}:/opt/ros/jazzy DEBUGINFOD_URLS=https://debuginfod.ubuntu.com /usr/bin/cmake /home/giorgio/Webots/src/cpp_pubsub -DCMAKE_INSTALL_PREFIX=/home/giorgio/Webots/install/cpp_pubsub
[1.016s] Invoking command in '/home/giorgio/Webots/build/cpp_pubsub': CMAKE_PREFIX_PATH=${CMAKE_PREFIX_PATH}:/opt/ros/jazzy DEBUGINFOD_URLS=https://debuginfod.ubuntu.com /usr/bin/cmake --build /home/giorgio/Webots/build/cpp_pubsub -- -j2 -l2
[1.067s] [ 25%] [32mBuilding CXX object CMakeFiles/talker.dir/src/publisher_member_function.cpp.o[0m
[1.075s] [ 50%] [32mBuilding CXX object CMakeFiles/listener.dir/src/subscriber_member_function.cpp.o[0m
[9.066s] [ 75%] [32m[1mLinking CXX executable talker[0m
[9.445s] [ 75%] Built target talker
[11.661s] [100%] [32m[1mLinking CXX executable listener[0m
[11.882s] [100%] Built target listener
[11.960s] Invoked command in '/home/giorgio/Webots/build/cpp_pubsub' returned '0': CMAKE_PREFIX_PATH=${CMAKE_PREFIX_PATH}:/opt/ros/jazzy DEBUGINFOD_URLS=https://debuginfod.ubuntu.com /usr/bin/cmake --build /home/giorgio/Webots/build/cpp_pubsub -- -j2 -l2
[11.961s] Invoking command in '/home/giorgio/Webots/build/cpp_pubsub': CMAKE_PREFIX_PATH=${CMAKE_PREFIX_PATH}:/opt/ros/jazzy DEBUGINFOD_URLS=https://debuginfod.ubuntu.com /usr/bin/cmake --install /home/giorgio/Webots/build/cpp_pubsub
[11.969s] -- Install configuration: ""
[11.969s] -- Installing: /home/giorgio/Webots/install/cpp_pubsub/lib/cpp_pubsub/talker
[11.970s] -- Set non-toolchain portion of runtime path of "/home/giorgio/Webots/install/cpp_pubsub/lib/cpp_pubsub/talker" to ""
[11.970s] -- Installing: /home/giorgio/Webots/install/cpp_pubsub/lib/cpp_pubsub/listener
[11.975s] -- Set non-toolchain portion of runtime path of "/home/giorgio/Webots/install/cpp_pubsub/lib/cpp_pubsub/listener" to ""
[11.975s] -- Installing: /home/giorgio/Webots/install/cpp_pubsub/share/ament_index/resource_index/package_run_dependencies/cpp_pubsub
[11.976s] -- Installing: /home/giorgio/Webots/install/cpp_pubsub/share/ament_index/resource_index/parent_prefix_path/cpp_pubsub
[11.976s] -- Installing: /home/giorgio/Webots/install/cpp_pubsub/share/cpp_pubsub/environment/ament_prefix_path.sh
[11.976s] -- Installing: /home/giorgio/Webots/install/cpp_pubsub/share/cpp_pubsub/environment/ament_prefix_path.dsv
[11.977s] -- Installing: /home/giorgio/Webots/install/cpp_pubsub/share/cpp_pubsub/environment/path.sh
[11.977s] -- Installing: /home/giorgio/Webots/install/cpp_pubsub/share/cpp_pubsub/environment/path.dsv
[11.977s] -- Installing: /home/giorgio/Webots/install/cpp_pubsub/share/cpp_pubsub/local_setup.bash
[11.977s] -- Installing: /home/giorgio/Webots/install/cpp_pubsub/share/cpp_pubsub/local_setup.sh
[11.977s] -- Installing: /home/giorgio/Webots/install/cpp_pubsub/share/cpp_pubsub/local_setup.zsh
[11.977s] -- Installing: /home/giorgio/Webots/install/cpp_pubsub/share/cpp_pubsub/local_setup.dsv
[11.977s] -- Installing: /home/giorgio/Webots/install/cpp_pubsub/share/cpp_pubsub/package.dsv
[11.977s] -- Installing: /home/giorgio/Webots/install/cpp_pubsub/share/ament_index/resource_index/packages/cpp_pubsub
[11.977s] -- Installing: /home/giorgio/Webots/install/cpp_pubsub/share/cpp_pubsub/cmake/cpp_pubsubConfig.cmake
[11.977s] -- Installing: /home/giorgio/Webots/install/cpp_pubsub/share/cpp_pubsub/cmake/cpp_pubsubConfig-version.cmake
[11.977s] -- Installing: /home/giorgio/Webots/install/cpp_pubsub/share/cpp_pubsub/package.xml
[11.980s] Invoked command in '/home/giorgio/Webots/build/cpp_pubsub' returned '0': CMAKE_PREFIX_PATH=${CMAKE_PREFIX_PATH}:/opt/ros/jazzy DEBUGINFOD_URLS=https://debuginfod.ubuntu.com /usr/bin/cmake --install /home/giorgio/Webots/build/cpp_pubsub
